
2025-09-16 13:36:39,954 - app - INFO - Starting sync process with notification support...
2025-09-16 13:36:40,000 - app - INFO - Created notifications.json file
2025-09-16 13:36:40,005 - app - INFO - Checking for changes...
2025-09-16 13:36:43,864 - app - INFO - Starting sync process with notification support...
2025-09-16 13:36:43,866 - app - INFO - Checking for changes...
2025-09-16 13:36:43,967 - app - INFO - Found 70 new changes.
2025-09-16 13:36:43,968 - app - WARNING - Could not determine table for change data: {"message":"Application started up"}. Skipping.
2025-09-16 13:36:43,968 - app - WARNING - Could not determine table for change data: {"message":"Application started up"}. Skipping.
2025-09-16 13:36:43,969 - app - WARNING - Could not determine table for change data: {"message":"Application started up"}. Skipping.
2025-09-16 13:36:43,969 - app - WARNING - Could not determine table for change data: {"message":"Application started up"}. Skipping.
2025-09-16 13:36:43,969 - app - WARNING - Could not determine table for change data: {"message":"Application started up"}. Skipping.
2025-09-16 13:36:43,970 - app - WARNING - Could not determine table for change data: {"message":"Application started up"}. Skipping.
2025-09-16 13:36:43,970 - app - WARNING - Could not determine table for change data: {"message":"Application started up"}. Skipping.
2025-09-16 13:36:43,971 - app - WARNING - Could not determine table for change data: {"message":"Application started up"}. Skipping.
2025-09-16 13:36:43,971 - app - WARNING - Could not determine table for change data: {"message":"Application started up"}. Skipping.
2025-09-16 13:36:43,971 - app - WARNING - Could not determine table for change data: {"message":"Application started up"}. Skipping.
2025-09-16 13:36:43,972 - app - WARNING - Could not determine table for change data: {"message":"Application started up"}. Skipping.
2025-09-16 13:36:43,973 - app - WARNING - Could not determine table for change data: {"message":"Application started up"}. Skipping.
2025-09-16 13:36:43,974 - app - WARNING - Could not determine table for change data: {"message":"Application started up"}. Skipping.
2025-09-16 13:36:43,974 - app - WARNING - Could not determine table for change data: {"message":"Application started up"}. Skipping.
2025-09-16 13:36:43,975 - app - WARNING - Could not determine table for change data: {"message":"Application started up"}. Skipping.
2025-09-16 13:36:43,976 - app - WARNING - Could not determine table for change data: {"message":"Application started up"}. Skipping.
2025-09-16 13:36:43,976 - app - WARNING - Could not determine table for change data: {"message":"Application started up"}. Skipping.
2025-09-16 13:36:43,977 - app - WARNING - Could not determine table for change data: {"message":"Application started up"}. Skipping.
2025-09-16 13:36:43,978 - app - WARNING - Could not determine table for change data: {"message":"Application started up"}. Skipping.
2025-09-16 13:36:43,979 - app - WARNING - Could not determine table for change data: {"userId":"2"}. Skipping.
2025-09-16 13:36:44,030 - app - WARNING - Could not determine table for change data: {"userId":"2"}. Skipping.
2025-09-16 13:36:44,030 - app - WARNING - Could not determine table for change data: {"userId":"2"}. Skipping.
2025-09-16 13:36:44,037 - app - WARNING - Could not determine table for change data: {"message":"Application started up"}. Skipping.
2025-09-16 13:36:44,038 - app - WARNING - Could not determine table for change data: {"userId":"2"}. Skipping.
2025-09-16 13:36:44,038 - app - WARNING - Could not determine table for change data: {"userId":"2"}. Skipping.
2025-09-16 13:36:44,038 - app - WARNING - Could not determine table for change data: {"userId":"2"}. Skipping.
2025-09-16 13:36:44,043 - app - WARNING - Could not determine table for change data: {"userId":"2"}. Skipping.
2025-09-16 13:36:44,077 - app - WARNING - Could not determine table for change data: {"message":"Application started up"}. Skipping.
2025-09-16 13:36:44,081 - app - WARNING - Could not determine table for change data: {"message":"Application started up"}. Skipping.
2025-09-16 13:36:44,082 - app - WARNING - Could not determine table for change data: {"userId":"2"}. Skipping.
2025-09-16 13:36:44,083 - app - WARNING - Could not determine table for change data: {"userId":"2"}. Skipping.
2025-09-16 13:36:44,084 - app - WARNING - Could not determine table for change data: {"userId":"2"}. Skipping.
2025-09-16 13:36:44,085 - app - WARNING - Could not determine table for change data: {"userId":"2"}. Skipping.
2025-09-16 13:36:44,090 - app - WARNING - Could not determine table for change data: {"userId":"2"}. Skipping.
2025-09-16 13:36:44,093 - app - WARNING - Could not determine table for change data: {"userId":"2"}. Skipping.
2025-09-16 13:36:44,098 - app - WARNING - Could not determine table for change data: {"message":"Application started up"}. Skipping.
2025-09-16 13:36:44,110 - app - WARNING - Could not determine table for change data: {"message":"Application started up"}. Skipping.
2025-09-16 13:36:44,111 - app - WARNING - Could not determine table for change data: {"message":"Application started up"}. Skipping.
2025-09-16 13:36:44,123 - app - WARNING - Could not determine table for change data: {"userId":"2"}. Skipping.
2025-09-16 13:36:44,131 - app - WARNING - Could not determine table for change data: {"message":"Application started up"}. Skipping.
2025-09-16 13:36:44,131 - app - WARNING - Could not determine table for change data: {"message":"Application started up"}. Skipping.
2025-09-16 13:36:44,132 - app - WARNING - Could not determine table for change data: {"message":"Application started up"}. Skipping.
2025-09-16 13:36:44,723 - app - INFO - Record 1757757797332 added to product.json.
2025-09-16 13:36:44,731 - app - ERROR - Error processing change for product.json: Object of type Decimal is not JSON serializable
2025-09-16 13:36:44,732 - app - ERROR - Error processing change for product.json: Expecting value: line 5 column 14 (char 71)
2025-09-16 13:36:44,732 - app - ERROR - Error processing change for product.json: Expecting value: line 5 column 14 (char 71)
2025-09-16 13:36:44,733 - app - ERROR - Error processing change for product.json: Expecting value: line 5 column 14 (char 71)
2025-09-16 13:36:44,734 - app - WARNING - Could not determine table for change data: {"id": "test_id", "name": "Test Item"}. Skipping.
2025-09-16 13:36:44,740 - app - WARNING - Could not determine table for change data: {"id": "test_id", "name": "Test Item"}. Skipping.
2025-09-16 13:36:44,740 - app - WARNING - Could not determine table for change data: {"id": "test_id", "name": "Test Item"}. Skipping.
2025-09-16 13:36:44,748 - app - WARNING - Could not determine table for change data: {"id": "test_id", "name": "Test Item"}. Skipping.
2025-09-16 13:36:44,753 - app - WARNING - Could not determine table for change data: {"id": "test_id", "name": "Test Item"}. Skipping.
2025-09-16 13:36:44,756 - app - WARNING - Could not determine table for change data: {"id": "test_id", "name": "Test Item"}. Skipping.
2025-09-16 13:36:44,756 - app - WARNING - Could not determine table for change data: {"id": "test_id", "name": "Test Item"}. Skipping.
2025-09-16 13:36:44,756 - app - WARNING - Could not determine table for change data: {"id": "test_id", "name": "Test Item"}. Skipping.
2025-09-16 13:36:44,757 - app - WARNING - Could not determine table for change data: {"id": "test_id", "name": "Test Item"}. Skipping.
2025-09-16 13:36:44,764 - app - WARNING - Could not determine table for change data: {"id": "test_id", "name": "Test Item"}. Skipping.
2025-09-16 13:36:44,776 - app - WARNING - Could not determine table for change data: {"id": "test_id", "name": "Test Item"}. Skipping.
2025-09-16 13:36:44,777 - app - WARNING - Could not determine table for change data: {"id": "test_id", "name": "Test Item"}. Skipping.
2025-09-16 13:36:44,777 - app - WARNING - Could not determine table for change data: {"id": "test_id", "name": "Test Item"}. Skipping.
2025-09-16 13:36:44,778 - app - WARNING - Could not determine table for change data: {"id": "test_id", "name": "Test Item"}. Skipping.
2025-09-16 13:36:44,778 - app - WARNING - Could not determine table for change data: {"id": "test_id", "name": "Test Item"}. Skipping.
2025-09-16 13:36:44,779 - app - WARNING - Could not determine table for change data: {"id": "test_id", "name": "Test Item"}. Skipping.
2025-09-16 13:36:44,779 - app - WARNING - Could not determine table for change data: {"id": "test_id", "name": "Test Item"}. Skipping.
2025-09-16 13:36:44,798 - app - WARNING - Could not determine table for change data: {"id": "test_id", "name": "Test Item"}. Skipping.
2025-09-16 13:36:44,801 - app - WARNING - Could not determine table for change data: {"id": "test_id", "name": "Test Item"}. Skipping.
2025-09-16 13:36:44,802 - app - WARNING - Could not determine table for change data: {"id": "test_id", "name": "Test Item"}. Skipping.
2025-09-16 13:36:44,815 - app - WARNING - Could not determine table for change data: {"id": "test_id", "name": "Test Item"}. Skipping.
2025-09-16 13:36:44,820 - app - WARNING - Could not determine table for change data: {"id": "test_id", "name": "Test Item"}. Skipping.
2025-09-16 13:36:44,821 - app - WARNING - Could not determine table for change data: {"id": "test_id", "name": "Test Item"}. Skipping.
2025-09-16 13:36:44,830 - app - WARNING - Could not determine table for change data: {"id": "test_id", "name": "Test Item"}. Skipping.
2025-09-16 13:36:45,114 - app - INFO - [MySQL] Sync table check successful at 2025-09-16T13:36:45.114365
2025-09-16 13:36:45,896 - app - INFO - Found 70 new changes.
2025-09-16 13:36:45,925 - app - WARNING - Could not determine table for change data: {"message":"Application started up"}. Skipping.
2025-09-16 13:36:45,930 - app - WARNING - Could not determine table for change data: {"message":"Application started up"}. Skipping.
2025-09-16 13:36:45,930 - app - WARNING - Could not determine table for change data: {"message":"Application started up"}. Skipping.
2025-09-16 13:36:45,931 - app - WARNING - Could not determine table for change data: {"message":"Application started up"}. Skipping.
2025-09-16 13:36:45,979 - app - WARNING - Could not determine table for change data: {"message":"Application started up"}. Skipping.
2025-09-16 13:36:45,980 - app - WARNING - Could not determine table for change data: {"message":"Application started up"}. Skipping.
2025-09-16 13:36:45,981 - app - WARNING - Could not determine table for change data: {"message":"Application started up"}. Skipping.
2025-09-16 13:36:45,981 - app - WARNING - Could not determine table for change data: {"message":"Application started up"}. Skipping.
2025-09-16 13:36:45,981 - app - WARNING - Could not determine table for change data: {"message":"Application started up"}. Skipping.
2025-09-16 13:36:45,982 - app - WARNING - Could not determine table for change data: {"message":"Application started up"}. Skipping.
2025-09-16 13:36:46,000 - app - WARNING - Could not determine table for change data: {"message":"Application started up"}. Skipping.
2025-09-16 13:36:46,000 - app - WARNING - Could not determine table for change data: {"message":"Application started up"}. Skipping.
2025-09-16 13:36:46,001 - app - WARNING - Could not determine table for change data: {"message":"Application started up"}. Skipping.
2025-09-16 13:36:46,001 - app - WARNING - Could not determine table for change data: {"message":"Application started up"}. Skipping.
2025-09-16 13:36:46,001 - app - WARNING - Could not determine table for change data: {"message":"Application started up"}. Skipping.
2025-09-16 13:36:46,002 - app - WARNING - Could not determine table for change data: {"message":"Application started up"}. Skipping.
2025-09-16 13:36:46,003 - app - WARNING - Could not determine table for change data: {"message":"Application started up"}. Skipping.
2025-09-16 13:36:46,003 - app - WARNING - Could not determine table for change data: {"message":"Application started up"}. Skipping.
2025-09-16 13:36:46,004 - app - WARNING - Could not determine table for change data: {"message":"Application started up"}. Skipping.
2025-09-16 13:36:46,009 - app - WARNING - Could not determine table for change data: {"userId":"2"}. Skipping.
2025-09-16 13:36:46,010 - app - WARNING - Could not determine table for change data: {"userId":"2"}. Skipping.
2025-09-16 13:36:46,011 - app - WARNING - Could not determine table for change data: {"userId":"2"}. Skipping.
2025-09-16 13:36:46,013 - app - WARNING - Could not determine table for change data: {"message":"Application started up"}. Skipping.
2025-09-16 13:36:46,013 - app - WARNING - Could not determine table for change data: {"userId":"2"}. Skipping.
2025-09-16 13:36:46,014 - app - WARNING - Could not determine table for change data: {"userId":"2"}. Skipping.
2025-09-16 13:36:46,015 - app - WARNING - Could not determine table for change data: {"userId":"2"}. Skipping.
2025-09-16 13:36:46,017 - app - WARNING - Could not determine table for change data: {"userId":"2"}. Skipping.
2025-09-16 13:36:46,018 - app - WARNING - Could not determine table for change data: {"message":"Application started up"}. Skipping.
2025-09-16 13:36:46,019 - app - WARNING - Could not determine table for change data: {"message":"Application started up"}. Skipping.
2025-09-16 13:36:46,021 - app - WARNING - Could not determine table for change data: {"userId":"2"}. Skipping.
2025-09-16 13:36:46,052 - app - WARNING - Could not determine table for change data: {"userId":"2"}. Skipping.
2025-09-16 13:36:46,053 - app - WARNING - Could not determine table for change data: {"userId":"2"}. Skipping.
2025-09-16 13:36:46,053 - app - WARNING - Could not determine table for change data: {"userId":"2"}. Skipping.
2025-09-16 13:36:46,053 - app - WARNING - Could not determine table for change data: {"userId":"2"}. Skipping.
2025-09-16 13:36:46,054 - app - WARNING - Could not determine table for change data: {"userId":"2"}. Skipping.
2025-09-16 13:36:46,054 - app - WARNING - Could not determine table for change data: {"message":"Application started up"}. Skipping.
2025-09-16 13:36:46,054 - app - WARNING - Could not determine table for change data: {"message":"Application started up"}. Skipping.
2025-09-16 13:36:46,054 - app - WARNING - Could not determine table for change data: {"message":"Application started up"}. Skipping.
2025-09-16 13:36:46,054 - app - WARNING - Could not determine table for change data: {"userId":"2"}. Skipping.
2025-09-16 13:36:46,054 - app - WARNING - Could not determine table for change data: {"message":"Application started up"}. Skipping.
2025-09-16 13:36:46,055 - app - WARNING - Could not determine table for change data: {"message":"Application started up"}. Skipping.
2025-09-16 13:36:46,055 - app - WARNING - Could not determine table for change data: {"message":"Application started up"}. Skipping.
2025-09-16 13:36:46,060 - app - ERROR - Error processing change for product.json: Expecting value: line 5 column 14 (char 71)
2025-09-16 13:36:46,060 - app - ERROR - Error processing change for product.json: Expecting value: line 5 column 14 (char 71)
2025-09-16 13:36:46,061 - app - ERROR - Error processing change for product.json: Expecting value: line 5 column 14 (char 71)
2025-09-16 13:36:46,063 - app - ERROR - Error processing change for product.json: Expecting value: line 5 column 14 (char 71)
2025-09-16 13:36:46,065 - app - WARNING - Could not determine table for change data: {"id": "test_id", "name": "Test Item"}. Skipping.
2025-09-16 13:36:46,067 - app - WARNING - Could not determine table for change data: {"id": "test_id", "name": "Test Item"}. Skipping.
2025-09-16 13:36:46,067 - app - WARNING - Could not determine table for change data: {"id": "test_id", "name": "Test Item"}. Skipping.
2025-09-16 13:36:46,067 - app - WARNING - Could not determine table for change data: {"id": "test_id", "name": "Test Item"}. Skipping.
2025-09-16 13:36:46,069 - app - WARNING - Could not determine table for change data: {"id": "test_id", "name": "Test Item"}. Skipping.
2025-09-16 13:36:46,070 - app - WARNING - Could not determine table for change data: {"id": "test_id", "name": "Test Item"}. Skipping.
2025-09-16 13:36:46,070 - app - WARNING - Could not determine table for change data: {"id": "test_id", "name": "Test Item"}. Skipping.
2025-09-16 13:36:46,071 - app - WARNING - Could not determine table for change data: {"id": "test_id", "name": "Test Item"}. Skipping.
2025-09-16 13:36:46,071 - app - WARNING - Could not determine table for change data: {"id": "test_id", "name": "Test Item"}. Skipping.
2025-09-16 13:36:46,071 - app - WARNING - Could not determine table for change data: {"id": "test_id", "name": "Test Item"}. Skipping.
2025-09-16 13:36:46,071 - app - WARNING - Could not determine table for change data: {"id": "test_id", "name": "Test Item"}. Skipping.
2025-09-16 13:36:46,071 - app - WARNING - Could not determine table for change data: {"id": "test_id", "name": "Test Item"}. Skipping.
2025-09-16 13:36:46,160 - app - WARNING - Could not determine table for change data: {"id": "test_id", "name": "Test Item"}. Skipping.
2025-09-16 13:36:46,160 - app - WARNING - Could not determine table for change data: {"id": "test_id", "name": "Test Item"}. Skipping.
2025-09-16 13:36:46,161 - app - WARNING - Could not determine table for change data: {"id": "test_id", "name": "Test Item"}. Skipping.
2025-09-16 13:36:46,163 - app - WARNING - Could not determine table for change data: {"id": "test_id", "name": "Test Item"}. Skipping.
2025-09-16 13:36:46,163 - app - WARNING - Could not determine table for change data: {"id": "test_id", "name": "Test Item"}. Skipping.
2025-09-16 13:36:46,163 - app - WARNING - Could not determine table for change data: {"id": "test_id", "name": "Test Item"}. Skipping.
2025-09-16 13:36:46,163 - app - WARNING - Could not determine table for change data: {"id": "test_id", "name": "Test Item"}. Skipping.
2025-09-16 13:36:46,168 - app - WARNING - Could not determine table for change data: {"id": "test_id", "name": "Test Item"}. Skipping.
2025-09-16 13:36:46,171 - app - WARNING - Could not determine table for change data: {"id": "test_id", "name": "Test Item"}. Skipping.
2025-09-16 13:36:46,174 - app - WARNING - Could not determine table for change data: {"id": "test_id", "name": "Test Item"}. Skipping.
2025-09-16 13:36:46,174 - app - WARNING - Could not determine table for change data: {"id": "test_id", "name": "Test Item"}. Skipping.
2025-09-16 13:36:46,176 - app - WARNING - Could not determine table for change data: {"id": "test_id", "name": "Test Item"}. Skipping.
2025-09-16 13:36:46,467 - app - INFO - [MySQL] Sync table check successful at 2025-09-16T13:36:46.467723
2025-09-16 13:51:45,030 - app - INFO - Checking for changes...
2025-09-16 13:51:45,613 - app - INFO - No new changes found.
2025-09-16 13:51:46,284 - app - INFO - [MySQL] Sync table check successful at 2025-09-16T13:51:46.283978
2025-09-16 13:51:46,381 - app - INFO - Checking for changes...
2025-09-16 13:51:47,114 - app - INFO - No new changes found.
2025-09-16 13:51:47,665 - app - INFO - [MySQL] Sync table check successful at 2025-09-16T13:51:47.665002
2025-09-16 13:53:08,855 - app - INFO - Starting sync process with notification support...
2025-09-16 13:53:08,860 - app - INFO - Checking for changes...
2025-09-16 13:53:12,326 - app - INFO - No new changes found.
2025-09-16 13:53:12,836 - app - INFO - [MySQL] Sync table check successful at 2025-09-16T13:53:12.836163
2025-09-16 14:06:46,512 - app - INFO - Checking for changes...
2025-09-16 14:06:47,467 - app - INFO - No new changes found.
2025-09-16 14:06:48,465 - app - INFO - [MySQL] Sync table check successful at 2025-09-16T14:06:48.462526
2025-09-16 14:29:57,716 - app - INFO - Starting sync process with notification support...
2025-09-16 14:29:57,718 - app - INFO - Checking for changes...
2025-09-16 14:29:58,579 - app - INFO - Starting sync process with notification support...
2025-09-16 14:29:58,580 - app - INFO - Checking for changes...
2025-09-16 14:29:59,675 - app - INFO - No new changes found.
2025-09-16 14:30:00,012 - app - INFO - [MySQL] Sync table check successful at 2025-09-16T14:30:00.012227
2025-09-16 14:30:00,324 - app - INFO - No new changes found.
2025-09-16 14:30:00,614 - app - INFO - [MySQL] Sync table check successful at 2025-09-16T14:30:00.614116
2025-09-16 14:32:09,315 - app - INFO - Starting sync process with notification support...
2025-09-16 14:32:09,318 - app - INFO - Checking for changes...
2025-09-16 14:32:09,806 - app - INFO - Starting sync process with notification support...
2025-09-16 14:32:09,819 - app - INFO - Checking for changes...
2025-09-16 14:32:11,142 - app - INFO - No new changes found.
2025-09-16 14:32:11,425 - app - INFO - [MySQL] Sync table check successful at 2025-09-16T14:32:11.425507
2025-09-16 14:32:11,471 - app - INFO - No new changes found.
2025-09-16 14:32:11,793 - app - INFO - [MySQL] Sync table check successful at 2025-09-16T14:32:11.793754
2025-09-16 14:33:28,104 - app - INFO - Starting sync process with notification support...
2025-09-16 14:33:28,110 - app - INFO - Checking for changes...
2025-09-16 14:33:29,112 - app - INFO - Starting sync process with notification support...
2025-09-16 14:33:29,113 - app - INFO - Checking for changes...
2025-09-16 14:33:30,333 - app - INFO - No new changes found.
2025-09-16 14:33:30,679 - app - INFO - [MySQL] Sync table check successful at 2025-09-16T14:33:30.679755
2025-09-16 14:33:31,041 - app - INFO - No new changes found.
2025-09-16 14:33:31,400 - app - INFO - [MySQL] Sync table check successful at 2025-09-16T14:33:31.400811
2025-09-16 14:34:48,009 - app - INFO - Starting sync process with notification support...
2025-09-16 14:34:48,012 - app - INFO - Checking for changes...
2025-09-16 14:34:51,332 - app - INFO - Starting sync process with notification support...
2025-09-16 14:34:51,334 - app - INFO - Checking for changes...
2025-09-16 14:34:51,560 - app - INFO - No new changes found.
2025-09-16 14:34:51,881 - app - INFO - [MySQL] Sync table check successful at 2025-09-16T14:34:51.881300
2025-09-16 14:34:53,683 - app - INFO - No new changes found.
2025-09-16 14:34:54,012 - app - INFO - [MySQL] Sync table check successful at 2025-09-16T14:34:54.012456
2025-09-16 14:45:10,457 - app - INFO - API: Sync check triggered manually.
2025-09-16 14:45:10,637 - app - INFO - Starting sync process with notification support...
2025-09-16 14:45:10,637 - app - INFO - Checking for changes...
2025-09-16 14:45:13,500 - app - INFO - No new changes found.
2025-09-16 14:45:13,836 - app - INFO - [MySQL] Sync table check successful at 2025-09-16T14:45:13.836111
2025-09-16 14:50:14,446 - app - INFO - Running sync check once as requested...
2025-09-16 14:50:14,765 - app - INFO - Starting sync process with notification support...
2025-09-16 14:50:14,767 - app - INFO - Checking for changes...
2025-09-16 14:50:17,814 - app - INFO - No new changes found.
2025-09-16 14:50:18,105 - app - INFO - [MySQL] Sync table check successful at 2025-09-16T14:50:18.105583
2025-09-16 15:05:18,147 - app - INFO - Checking for changes...
2025-09-16 15:05:19,218 - app - INFO - No new changes found.
2025-09-16 15:05:20,032 - app - INFO - [MySQL] Sync table check successful at 2025-09-16T15:05:20.032618
2025-09-16 15:05:50,250 - app - INFO - Starting sync process with notification support...
2025-09-16 15:05:50,252 - app - INFO - Checking for changes...
2025-09-16 15:05:51,440 - app - INFO - Starting sync process with notification support...
2025-09-16 15:05:51,442 - app - INFO - Checking for changes...
2025-09-16 15:05:52,046 - app - INFO - No new changes found.
2025-09-16 15:05:52,329 - app - INFO - [MySQL] Sync table check successful at 2025-09-16T15:05:52.329341
2025-09-16 15:05:53,132 - app - INFO - No new changes found.
2025-09-16 15:05:53,422 - app - INFO - [MySQL] Sync table check successful at 2025-09-16T15:05:53.422109
2025-09-16 15:15:12,446 - app - INFO - Starting sync process with notification support...
2025-09-16 15:15:12,450 - app - INFO - Checking for changes...
2025-09-16 15:15:17,663 - app - INFO - No new changes found.
2025-09-16 15:15:17,990 - app - INFO - [MySQL] Sync table check successful at 2025-09-16T15:15:17.990330
2025-09-16 15:15:20,912 - app - INFO - Starting sync process with notification support...
2025-09-16 15:15:20,913 - app - INFO - Checking for changes...
2025-09-16 15:15:24,110 - app - INFO - No new changes found.
2025-09-16 15:15:24,454 - app - INFO - [MySQL] Sync table check successful at 2025-09-16T15:15:24.454361
2025-09-16 15:20:20,032 - app - INFO - Checking for changes...
2025-09-16 15:20:20,797 - app - INFO - No new changes found.
2025-09-16 15:20:21,430 - app - INFO - [MySQL] Sync table check successful at 2025-09-16T15:20:21.429473
2025-09-16 15:35:21,436 - app - INFO - Checking for changes...
2025-09-16 15:35:22,627 - app - INFO - No new changes found.
2025-09-16 15:35:23,816 - app - INFO - [MySQL] Sync table check successful at 2025-09-16T15:35:23.816908
2025-09-16 15:50:23,824 - app - INFO - Checking for changes...
2025-09-16 15:50:24,581 - app - INFO - No new changes found.
2025-09-16 15:50:25,353 - app - INFO - [MySQL] Sync table check successful at 2025-09-16T15:50:25.353551
2025-09-16 16:05:25,401 - app - INFO - Checking for changes...
2025-09-16 16:05:26,103 - app - INFO - No new changes found.
2025-09-16 16:05:26,829 - app - INFO - [MySQL] Sync table check successful at 2025-09-16T16:05:26.829105
2025-09-16 16:20:26,816 - app - INFO - Checking for changes...
2025-09-16 16:20:27,779 - app - INFO - No new changes found.
2025-09-16 16:20:28,484 - app - INFO - [MySQL] Sync table check successful at 2025-09-16T16:20:28.484623
2025-09-16 16:35:28,523 - app - INFO - Checking for changes...
2025-09-16 16:35:29,245 - app - INFO - No new changes found.
2025-09-16 16:35:29,913 - app - INFO - [MySQL] Sync table check successful at 2025-09-16T16:35:29.913036
2025-09-16 16:50:29,950 - app - INFO - Checking for changes...
2025-09-16 16:50:30,685 - app - INFO - No new changes found.
2025-09-16 16:50:31,314 - app - INFO - [MySQL] Sync table check successful at 2025-09-16T16:50:31.314298
2025-09-16 17:05:31,315 - app - INFO - Checking for changes...
2025-09-16 17:05:32,360 - app - INFO - No new changes found.
2025-09-16 17:05:33,059 - app - INFO - [MySQL] Sync table check successful at 2025-09-16T17:05:33.059137
2025-09-16 18:03:08,184 - app - INFO - Checking for changes...
2025-09-16 18:03:13,629 - app - INFO - No new changes found.
2025-09-16 18:03:19,681 - app - INFO - [MySQL] Sync table check successful at 2025-09-16T18:03:19.680878
2025-09-16 19:04:15,835 - app - INFO - Checking for changes...
2025-09-16 19:04:16,905 - app - INFO - No new changes found.
2025-09-16 19:04:17,573 - app - INFO - [MySQL] Sync table check successful at 2025-09-16T19:04:17.573811
2025-09-16 19:19:17,655 - app - INFO - Checking for changes...
2025-09-16 19:19:18,943 - app - INFO - No new changes found.
2025-09-16 19:19:19,657 - app - INFO - [MySQL] Sync table check successful at 2025-09-16T19:19:19.656608
2025-09-16 19:34:19,653 - app - INFO - Checking for changes...
2025-09-16 19:34:20,270 - app - INFO - No new changes found.
2025-09-16 19:34:20,853 - app - INFO - [MySQL] Sync table check successful at 2025-09-16T19:34:20.853088
2025-09-16 19:39:52,030 - app - INFO - Starting sync process with notification support...
2025-09-16 19:39:52,037 - app - INFO - Checking for changes...
2025-09-16 19:39:52,661 - app - INFO - Starting sync process with notification support...
2025-09-16 19:39:52,664 - app - INFO - Checking for changes...
2025-09-16 19:39:53,758 - app - INFO - No new changes found.
2025-09-16 19:39:54,033 - app - INFO - [MySQL] Sync table check successful at 2025-09-16T19:39:54.033026
2025-09-16 19:39:54,355 - app - INFO - No new changes found.
2025-09-16 19:39:54,657 - app - INFO - [MySQL] Sync table check successful at 2025-09-16T19:39:54.657869
2025-09-16 19:45:35,079 - app - INFO - Starting sync process with notification support...
2025-09-16 19:45:35,084 - app - INFO - Checking for changes...
2025-09-16 19:45:37,173 - app - INFO - No new changes found.
2025-09-16 19:45:37,473 - app - INFO - [MySQL] Sync table check successful at 2025-09-16T19:45:37.473183
2025-09-16 19:46:33,513 - app - INFO - Starting sync process with notification support...
2025-09-16 19:46:33,515 - app - INFO - Checking for changes...
2025-09-16 19:46:35,630 - app - INFO - No new changes found.
2025-09-16 19:46:35,931 - app - INFO - [MySQL] Sync table check successful at 2025-09-16T19:46:35.931208
2025-09-16 19:49:20,858 - app - INFO - Checking for changes...
2025-09-16 19:49:21,451 - app - INFO - No new changes found.
2025-09-16 19:49:22,032 - app - INFO - [MySQL] Sync table check successful at 2025-09-16T19:49:22.032420
2025-09-16 19:50:33,705 - app - INFO - Starting sync process with notification support...
2025-09-16 19:50:33,711 - app - INFO - Checking for changes...
2025-09-16 19:50:34,742 - app - INFO - Starting sync process with notification support...
2025-09-16 19:50:34,744 - app - INFO - Checking for changes...
2025-09-16 19:50:35,528 - app - INFO - No new changes found.
2025-09-16 19:50:35,826 - app - INFO - [MySQL] Sync table check successful at 2025-09-16T19:50:35.826183
2025-09-16 19:50:36,388 - app - INFO - No new changes found.
2025-09-16 19:50:36,735 - app - INFO - [MySQL] Sync table check successful at 2025-09-16T19:50:36.735889
2025-09-16 19:55:58,288 - app - INFO - Starting sync process with notification support...
2025-09-16 19:55:58,302 - app - INFO - Checking for changes...
2025-09-16 19:56:00,514 - app - INFO - No new changes found.
2025-09-16 19:56:00,815 - app - INFO - [MySQL] Sync table check successful at 2025-09-16T19:56:00.815604
2025-09-16 20:04:22,040 - app - INFO - Checking for changes...
2025-09-16 20:04:22,853 - app - INFO - No new changes found.
2025-09-16 20:04:23,466 - app - INFO - [MySQL] Sync table check successful at 2025-09-16T20:04:23.466528
2025-09-16 20:05:35,847 - app - INFO - Checking for changes...
2025-09-16 20:05:36,600 - app - INFO - No new changes found.
2025-09-16 20:05:37,267 - app - INFO - [MySQL] Sync table check successful at 2025-09-16T20:05:37.267570
2025-09-16 20:12:42,284 - app - INFO - Checking for changes...
2025-09-16 20:12:43,141 - app - INFO - No new changes found.
2025-09-16 20:12:43,724 - app - INFO - [MySQL] Sync table check successful at 2025-09-16T20:12:43.724097
2025-09-16 20:21:04,331 - app - INFO - Starting sync process with notification support...
2025-09-16 20:21:04,334 - app - INFO - Checking for changes...
2025-09-16 20:21:04,983 - app - INFO - Checking for changes...
2025-09-16 20:21:05,684 - app - INFO - No new changes found.
2025-09-16 20:21:06,171 - app - INFO - Starting sync process with notification support...
2025-09-16 20:21:06,173 - app - INFO - Checking for changes...
2025-09-16 20:21:06,281 - app - INFO - [MySQL] Sync table check successful at 2025-09-16T20:21:06.281046
2025-09-16 20:21:06,470 - app - INFO - No new changes found.
2025-09-16 20:21:06,840 - app - INFO - [MySQL] Sync table check successful at 2025-09-16T20:21:06.840140
2025-09-16 20:21:08,193 - app - INFO - No new changes found.
2025-09-16 20:21:08,494 - app - INFO - [MySQL] Sync table check successful at 2025-09-16T20:21:08.493987
2025-09-16 20:23:57,574 - app - INFO - Starting sync process with notification support...
2025-09-16 20:23:57,575 - app - INFO - Checking for changes...
2025-09-16 20:23:59,576 - app - INFO - No new changes found.
2025-09-16 20:23:59,870 - app - INFO - [MySQL] Sync table check successful at 2025-09-16T20:23:59.869952
2025-09-16 20:36:06,572 - app - INFO - Checking for changes...
2025-09-16 20:36:07,144 - app - INFO - Checking for changes...
2025-09-16 20:36:07,257 - app - INFO - No new changes found.
2025-09-16 20:36:07,797 - app - INFO - No new changes found.
2025-09-16 20:36:07,832 - app - INFO - [MySQL] Sync table check successful at 2025-09-16T20:36:07.832111
2025-09-16 20:36:08,348 - app - INFO - [MySQL] Sync table check successful at 2025-09-16T20:36:08.346527
2025-09-16 20:39:00,150 - app - INFO - Checking for changes...
2025-09-16 20:39:00,885 - app - INFO - No new changes found.
2025-09-16 20:39:01,496 - app - INFO - [MySQL] Sync table check successful at 2025-09-16T20:39:01.495234
2025-09-16 20:50:21,894 - app - INFO - Starting sync process with notification support...
2025-09-16 20:50:21,897 - app - INFO - Checking for changes...
2025-09-16 20:50:24,254 - app - INFO - No new changes found.
2025-09-16 20:50:24,582 - app - INFO - [MySQL] Sync table check successful at 2025-09-16T20:50:24.582816
2025-09-16 20:51:07,826 - app - INFO - Checking for changes...
2025-09-16 20:51:08,340 - app - INFO - Checking for changes...
2025-09-16 20:51:08,551 - app - INFO - No new changes found.
2025-09-16 20:51:09,072 - app - INFO - No new changes found.
2025-09-16 20:51:09,302 - app - INFO - [MySQL] Sync table check successful at 2025-09-16T20:51:09.297076
2025-09-16 20:51:09,791 - app - INFO - [MySQL] Sync table check successful at 2025-09-16T20:51:09.790270
2025-09-16 21:05:24,584 - app - INFO - Checking for changes...
2025-09-16 21:05:25,520 - app - INFO - No new changes found.
2025-09-16 21:05:26,223 - app - INFO - [MySQL] Sync table check successful at 2025-09-16T21:05:26.223258
2025-09-16 21:06:09,296 - app - INFO - Checking for changes...
2025-09-16 21:06:09,781 - app - INFO - Checking for changes...
2025-09-16 21:06:10,121 - app - INFO - No new changes found.
2025-09-16 21:06:10,570 - app - INFO - No new changes found.
2025-09-16 21:06:10,760 - app - INFO - [MySQL] Sync table check successful at 2025-09-16T21:06:10.759998
2025-09-16 21:06:11,322 - app - INFO - [MySQL] Sync table check successful at 2025-09-16T21:06:11.321694
2025-09-16 21:20:26,270 - app - INFO - Checking for changes...
2025-09-16 21:20:26,880 - app - INFO - No new changes found.
2025-09-16 21:20:27,482 - app - INFO - [MySQL] Sync table check successful at 2025-09-16T21:20:27.482484
2025-09-16 21:21:10,813 - app - INFO - Checking for changes...
2025-09-16 21:21:11,392 - app - INFO - No new changes found.
2025-09-16 21:21:11,414 - app - INFO - Checking for changes...
2025-09-16 21:21:12,007 - app - INFO - [MySQL] Sync table check successful at 2025-09-16T21:21:12.007145
2025-09-16 21:21:12,084 - app - INFO - No new changes found.
2025-09-16 21:21:12,654 - app - INFO - [MySQL] Sync table check successful at 2025-09-16T21:21:12.654169
2025-09-16 23:14:07,741 - app - INFO - Starting sync process with notification support...
2025-09-16 23:14:07,743 - app - INFO - Checking for changes...
2025-09-16 23:14:08,219 - app - INFO - Starting sync process with notification support...
2025-09-16 23:14:08,221 - app - INFO - Checking for changes...
2025-09-16 23:14:09,629 - app - INFO - Found 2 new changes.
2025-09-16 23:14:09,630 - app - ERROR - Error checking for changes: 'bytes' object has no attribute 'get'
2025-09-16 23:14:10,725 - app - INFO - Found 2 new changes.
2025-09-16 23:14:10,725 - app - ERROR - Error checking for changes: 'bytes' object has no attribute 'get'
2025-09-16 23:14:10,728 - app - INFO - [MySQL] Sync table check successful at 2025-09-16T23:14:10.728470
2025-09-16 23:14:12,495 - app - INFO - [MySQL] Sync table check successful at 2025-09-16T23:14:12.495571
2025-09-16 23:14:57,991 - app - INFO - Starting sync process with notification support...
2025-09-16 23:14:57,997 - app - INFO - Checking for changes...
2025-09-16 23:15:01,376 - app - INFO - Found 2 new changes.
2025-09-16 23:15:01,377 - app - ERROR - Error checking for changes: 'bytes' object has no attribute 'get'
2025-09-16 23:15:03,163 - app - INFO - [MySQL] Sync table check successful at 2025-09-16T23:15:03.163226
2025-09-16 23:15:10,004 - app - INFO - Starting sync process with notification support...
2025-09-16 23:15:10,005 - app - INFO - Checking for changes...
2025-09-16 23:15:11,823 - app - INFO - Found 2 new changes.
2025-09-16 23:15:13,670 - app - WARNING - Record STR-1758042415183 not found in database for table Users. Skipping JSON update.
2025-09-16 23:15:15,512 - app - INFO - Record e0d02ce4-d0c6-4132-b858-9dcc26434f20 added to user.json.
2025-09-16 23:15:15,514 - app - INFO - Updated user.json for ID: e0d02ce4-d0c6-4132-b858-9dcc26434f20
2025-09-16 23:15:15,958 - app - INFO - [MySQL] Sync table check successful at 2025-09-16T23:15:15.958617
2025-09-16 23:18:58,203 - app - INFO - Logged to sync_table: Products - DELETE - 98d1e40a-e336-4c50-9197-476145a7a53c
2025-09-16 23:18:58,866 - app - INFO - DELETE - Products - ID: 98d1e40a-e336-4c50-9197-476145a7a53c
2025-09-16 23:29:10,738 - app - INFO - Checking for changes...
2025-09-16 23:29:12,606 - app - INFO - Found 1 new changes.
2025-09-16 23:29:12,608 - app - ERROR - Error checking for changes: 'bytes' object has no attribute 'get'
2025-09-16 23:29:13,529 - app - INFO - [MySQL] Sync table check successful at 2025-09-16T23:29:13.529574
2025-09-16 23:30:15,967 - app - INFO - Checking for changes...
2025-09-16 23:30:16,764 - app - INFO - Found 1 new changes.
2025-09-16 23:30:16,774 - app - WARNING - Could not determine table for change data: b'{}'. Skipping.
2025-09-16 23:30:17,644 - app - INFO - [MySQL] Sync table check successful at 2025-09-16T23:30:17.644273
2025-09-16 23:34:45,311 - app - INFO - Logged to sync_table: Products - CREATE - 864a1ae2-6194-44cb-a69a-020903858ef7
2025-09-16 23:34:45,820 - app - INFO - CREATE - Products - ID: 864a1ae2-6194-44cb-a69a-020903858ef7 - Data: {'name': 'Mycontact form', 'price': 250, 'stock': 10, 'tax': 2, 'id': '864a1ae2-6194-44cb-a69a-020903858ef7', 'createdAt': '2025-09-16T23:34:44.826335', 'updatedAt': '2025-09-16T23:34:44.826335'}
2025-09-16 23:34:45,912 - app - INFO - CREATE - ProductBarcodes - ProductID: 864a1ae2-6194-44cb-a69a-020903858ef7, Barcode: 1758045883780966
2025-09-16 23:35:09,643 - app - INFO - Logged to sync_table: Products - DELETE - 864a1ae2-6194-44cb-a69a-020903858ef7
2025-09-16 23:35:09,981 - app - INFO - DELETE - Products - ID: 864a1ae2-6194-44cb-a69a-020903858ef7
2025-09-16 23:44:13,532 - app - INFO - Checking for changes...
2025-09-16 23:44:17,951 - app - ERROR - Error checking for changes: Can not reconnect to MySQL after 1 attempt(s): 1226 (42000): User 'u408450631_siri' has exceeded the 'max_user_connections' resource (current value: 50)
2025-09-16 23:44:22,343 - app - ERROR - [MySQL] Sync table check failed: Can not reconnect to MySQL after 1 attempt(s): 1226 (42000): User 'u408450631_siri' has exceeded the 'max_user_connections' resource (current value: 50)
2025-09-16 23:45:17,727 - app - INFO - Checking for changes...
2025-09-16 23:45:22,130 - app - ERROR - Error checking for changes: Can not reconnect to MySQL after 1 attempt(s): 1226 (42000): User 'u408450631_siri' has exceeded the 'max_user_connections' resource (current value: 50)
2025-09-16 23:45:26,502 - app - ERROR - [MySQL] Sync table check failed: Can not reconnect to MySQL after 1 attempt(s): 1226 (42000): User 'u408450631_siri' has exceeded the 'max_user_connections' resource (current value: 50)
2025-09-16 23:47:05,698 - app - INFO - Starting sync process with notification support...
2025-09-16 23:47:05,699 - app - INFO - Checking for changes...
2025-09-16 23:47:10,043 - app - ERROR - Error checking for changes: 1226 (42000): User 'u408450631_siri' has exceeded the 'max_user_connections' resource (current value: 50)
2025-09-16 23:47:14,382 - app - ERROR - [MySQL] Sync table check failed: 1226 (42000): User 'u408450631_siri' has exceeded the 'max_user_connections' resource (current value: 50)
2025-09-16 23:47:41,622 - app - INFO - Starting sync process with notification support...
2025-09-16 23:47:41,624 - app - INFO - Checking for changes...
2025-09-16 23:47:45,997 - app - ERROR - Error checking for changes: 1226 (42000): User 'u408450631_siri' has exceeded the 'max_user_connections' resource (current value: 50)
2025-09-16 23:47:50,344 - app - ERROR - [MySQL] Sync table check failed: 1226 (42000): User 'u408450631_siri' has exceeded the 'max_user_connections' resource (current value: 50)
2025-09-16 23:57:10,802 - app - INFO - Starting sync process with notification support...
2025-09-16 23:57:10,803 - app - INFO - Checking for changes...
2025-09-16 23:57:15,171 - app - ERROR - Error checking for changes: 1226 (42000): User 'u408450631_siri' has exceeded the 'max_user_connections' resource (current value: 50)
2025-09-16 23:57:19,529 - app - ERROR - [MySQL] Sync table check failed: 1226 (42000): User 'u408450631_siri' has exceeded the 'max_user_connections' resource (current value: 50)
2025-09-16 23:58:58,703 - app - INFO - Starting sync process with notification support...
2025-09-16 23:58:58,704 - app - INFO - Checking for changes...
2025-09-16 23:58:59,089 - app - INFO - Starting sync process with notification support...
2025-09-16 23:58:59,091 - app - INFO - Checking for changes...
2025-09-16 23:59:03,056 - app - ERROR - Error checking for changes: 1226 (42000): User 'u408450631_siri' has exceeded the 'max_user_connections' resource (current value: 50)
2025-09-16 23:59:03,449 - app - ERROR - Error checking for changes: 1226 (42000): User 'u408450631_siri' has exceeded the 'max_user_connections' resource (current value: 50)
2025-09-16 23:59:07,406 - app - ERROR - [MySQL] Sync table check failed: 1226 (42000): User 'u408450631_siri' has exceeded the 'max_user_connections' resource (current value: 50)
2025-09-16 23:59:07,795 - app - ERROR - [MySQL] Sync table check failed: 1226 (42000): User 'u408450631_siri' has exceeded the 'max_user_connections' resource (current value: 50)
2025-09-17 00:13:08,591 - app - INFO - Starting sync process with notification support...
2025-09-17 00:13:08,591 - app - INFO - Checking for changes...
2025-09-17 00:13:08,943 - app - INFO - Starting sync process with notification support...
2025-09-17 00:13:08,945 - app - INFO - Checking for changes...
2025-09-17 00:13:09,977 - app - INFO - Found 2 new changes.
2025-09-17 00:13:09,985 - app - ERROR - Error processing change for product.json: Expecting value: line 5 column 14 (char 71)
2025-09-17 00:13:09,985 - app - WARNING - Could not determine table for change data: b'{}'. Skipping.
2025-09-17 00:13:10,330 - app - INFO - Found 2 new changes.
2025-09-17 00:13:10,330 - app - ERROR - Error processing change for product.json: Expecting value: line 5 column 14 (char 71)
2025-09-17 00:13:10,330 - app - WARNING - Could not determine table for change data: b'{}'. Skipping.
2025-09-17 00:13:10,418 - app - INFO - [MySQL] Sync table check successful at 2025-09-17T00:13:10.418012
2025-09-17 00:13:10,746 - app - INFO - [MySQL] Sync table check successful at 2025-09-17T00:13:10.745418
2025-09-17 00:17:20,312 - app - INFO - Starting sync process with notification support...
2025-09-17 00:17:20,316 - app - INFO - Checking for changes...
2025-09-17 00:17:24,321 - app - ERROR - Error checking for changes: Connection configuration not valid: Unsupported argument 'use_pure'
2025-09-17 00:17:28,340 - app - ERROR - [MySQL] Sync table check failed: Connection configuration not valid: Unsupported argument 'use_pure'
2025-09-17 01:26:52,044 - app - INFO - Starting sync process with notification support...
2025-09-17 01:26:52,045 - app - INFO - Checking for changes...
2025-09-17 01:26:52,407 - app - INFO - Starting sync process with notification support...
2025-09-17 01:26:52,408 - app - INFO - Checking for changes...
2025-09-17 01:26:53,382 - app - INFO - No new changes found.
2025-09-17 01:26:53,791 - app - INFO - [MySQL] Sync table check successful at 2025-09-17T01:26:53.791847
2025-09-17 01:26:53,799 - app - INFO - No new changes found.
2025-09-17 01:26:54,197 - app - INFO - [MySQL] Sync table check successful at 2025-09-17T01:26:54.197323
2025-09-17 10:30:03,792 - app - INFO - Starting sync process with notification support...
2025-09-17 10:30:03,794 - app - INFO - Checking for changes...
2025-09-17 10:30:06,784 - app - INFO - Starting sync process with notification support...
2025-09-17 10:30:06,784 - app - INFO - Checking for changes...
2025-09-17 10:30:07,346 - app - INFO - No new changes found.
2025-09-17 10:30:07,879 - app - INFO - [MySQL] Sync table check successful at 2025-09-17T10:30:07.879490
2025-09-17 10:30:08,598 - app - INFO - No new changes found.
2025-09-17 10:30:09,102 - app - INFO - [MySQL] Sync table check successful at 2025-09-17T10:30:09.102481
2025-09-17 10:45:07,667 - app - INFO - Checking for changes...
2025-09-17 10:45:08,562 - app - INFO - No new changes found.
2025-09-17 10:45:08,845 - app - INFO - Checking for changes...
2025-09-17 10:45:09,207 - app - INFO - [MySQL] Sync table check successful at 2025-09-17T10:45:09.207403
2025-09-17 10:45:09,580 - app - INFO - No new changes found.
2025-09-17 10:45:10,215 - app - INFO - [MySQL] Sync table check successful at 2025-09-17T10:45:10.215114
