2025-12-03 15:51:52,045 - app - INFO - app.py:162 - Application started - Log file: D:\Siri-apps\billing-app\backend\data\logs\app-log-2025-12-03.log
2025-12-03 15:51:52,045 - app - INFO - app.py:163 - BASE_DIR: D:\Siri-apps\billing-app\backend
2025-12-03 15:51:52,045 - app - INFO - app.py:164 - JSON_DIR: D:\Siri-apps\billing-app\backend\data\json
2025-12-03 15:51:52,045 - app - INFO - app.py:165 - LOGS_DIR: D:\Siri-apps\billing-app\backend\data\logs
2025-12-03 15:51:52,045 - app - INFO - app.py:192 - Starting log file cleanup. Keeping files for 30 days.
2025-12-03 15:51:52,045 - app - INFO - app.py:209 - Log cleanup completed. Deleted 0 old log files.
2025-12-03 15:51:52,045 - app - DEBUG - app.py:187 - Directory already exists: D:\Siri-apps\billing-app\backend\data
2025-12-03 15:51:52,045 - app - INFO - app.py:183 - Created directory: D:\Siri-apps\billing-app\backend\data\json
2025-12-03 15:51:52,045 - app - DEBUG - app.py:187 - Directory already exists: D:\Siri-apps\billing-app\backend\data\logs
2025-12-03 15:51:52,045 - app - INFO - app.py:77 - Enhanced sync manager initialized
2025-12-03 15:51:55,753 - app - INFO - app.py:220 - Initial data export from Supabase completed successfully.
2025-12-03 15:51:55,753 - app - INFO - app.py:230 - Starting Flask server on port 8080 (debug=False)
2025-12-03 15:51:58,046 - app - INFO - app.py:101 - Incoming Request: Method=GET, Path=/api/sync/status, Origin=http://localhost:3000
2025-12-03 15:52:05,043 - app - INFO - app.py:101 - Incoming Request: Method=GET, Path=/api/sync/status, Origin=http://localhost:3000
2025-12-03 15:52:54,283 - app - INFO - app.py:101 - Incoming Request: Method=GET, Path=/api/sync/status, Origin=http://localhost:3000
2025-12-03 15:52:55,837 - app - INFO - app.py:101 - Incoming Request: Method=OPTIONS, Path=/api/auth/login, Origin=http://localhost:3000
2025-12-03 15:52:55,841 - app - INFO - app.py:101 - Incoming Request: Method=POST, Path=/api/auth/login, Origin=http://localhost:3000
2025-12-03 15:52:56,845 - app - INFO - app.py:101 - Incoming Request: Method=POST, Path=/api/auth/login, Origin=http://localhost:3000
2025-12-03 15:52:57,806 - app - INFO - app.py:101 - Incoming Request: Method=GET, Path=/api/sync/status, Origin=http://localhost:3000
2025-12-03 15:53:02,802 - app - INFO - app.py:101 - Incoming Request: Method=GET, Path=/api/sync/status, Origin=http://localhost:3000
2025-12-03 15:53:03,998 - app - INFO - app.py:101 - Incoming Request: Method=GET, Path=/api/sync/status, Origin=http://localhost:3000
2025-12-03 15:53:09,010 - app - INFO - app.py:101 - Incoming Request: Method=GET, Path=/api/sync/status, Origin=http://localhost:3000
2025-12-03 15:53:11,199 - app - INFO - app.py:101 - Incoming Request: Method=OPTIONS, Path=/api/auth/login, Origin=http://localhost:3000
2025-12-03 15:53:11,203 - app - INFO - app.py:101 - Incoming Request: Method=POST, Path=/api/auth/login, Origin=http://localhost:3000
2025-12-03 15:53:14,037 - app - INFO - app.py:101 - Incoming Request: Method=GET, Path=/api/sync/status, Origin=http://localhost:3000
2025-12-03 15:53:19,037 - app - INFO - app.py:101 - Incoming Request: Method=GET, Path=/api/sync/status, Origin=http://localhost:3000
2025-12-03 15:53:24,043 - app - INFO - app.py:101 - Incoming Request: Method=GET, Path=/api/sync/status, Origin=http://localhost:3000
2025-12-03 15:53:29,030 - app - INFO - app.py:101 - Incoming Request: Method=GET, Path=/api/sync/status, Origin=http://localhost:3000
2025-12-03 15:53:34,041 - app - INFO - app.py:101 - Incoming Request: Method=GET, Path=/api/sync/status, Origin=http://localhost:3000
2025-12-03 15:53:39,045 - app - INFO - app.py:101 - Incoming Request: Method=GET, Path=/api/sync/status, Origin=http://localhost:3000
2025-12-03 15:53:44,038 - app - INFO - app.py:101 - Incoming Request: Method=GET, Path=/api/sync/status, Origin=http://localhost:3000
2025-12-03 15:53:49,043 - app - INFO - app.py:101 - Incoming Request: Method=GET, Path=/api/sync/status, Origin=http://localhost:3000
2025-12-03 15:53:54,037 - app - INFO - app.py:101 - Incoming Request: Method=GET, Path=/api/sync/status, Origin=http://localhost:3000
2025-12-03 15:53:59,048 - app - INFO - app.py:101 - Incoming Request: Method=GET, Path=/api/sync/status, Origin=http://localhost:3000
2025-12-03 15:54:04,037 - app - INFO - app.py:101 - Incoming Request: Method=GET, Path=/api/sync/status, Origin=http://localhost:3000
2025-12-03 15:54:09,034 - app - INFO - app.py:101 - Incoming Request: Method=GET, Path=/api/sync/status, Origin=http://localhost:3000
2025-12-03 15:54:23,036 - app - INFO - app.py:101 - Incoming Request: Method=GET, Path=/api/sync/status, Origin=http://localhost:3000
2025-12-03 15:54:23,869 - app - INFO - app.py:101 - Incoming Request: Method=OPTIONS, Path=/api/auth/login, Origin=http://localhost:3000
2025-12-03 15:54:23,873 - app - INFO - app.py:101 - Incoming Request: Method=POST, Path=/api/auth/login, Origin=http://localhost:3000
2025-12-03 15:54:24,014 - app - INFO - app.py:101 - Incoming Request: Method=GET, Path=/api/sync/status, Origin=http://localhost:3000
2025-12-03 15:54:29,004 - app - INFO - app.py:101 - Incoming Request: Method=GET, Path=/api/sync/status, Origin=http://localhost:3000
2025-12-03 15:54:30,886 - app - INFO - app.py:101 - Incoming Request: Method=OPTIONS, Path=/api/auth/login, Origin=http://localhost:3000
2025-12-03 15:54:30,889 - app - INFO - app.py:101 - Incoming Request: Method=POST, Path=/api/auth/login, Origin=http://localhost:3000
2025-12-03 15:54:34,014 - app - INFO - app.py:101 - Incoming Request: Method=GET, Path=/api/sync/status, Origin=http://localhost:3000
2025-12-03 15:54:39,003 - app - INFO - app.py:101 - Incoming Request: Method=GET, Path=/api/sync/status, Origin=http://localhost:3000
2025-12-03 15:54:44,003 - app - INFO - app.py:101 - Incoming Request: Method=GET, Path=/api/sync/status, Origin=http://localhost:3000
2025-12-03 15:54:49,037 - app - INFO - app.py:101 - Incoming Request: Method=GET, Path=/api/sync/status, Origin=http://localhost:3000
2025-12-03 15:54:54,037 - app - INFO - app.py:101 - Incoming Request: Method=GET, Path=/api/sync/status, Origin=http://localhost:3000
2025-12-03 15:54:59,042 - app - INFO - app.py:101 - Incoming Request: Method=GET, Path=/api/sync/status, Origin=http://localhost:3000
2025-12-03 15:55:04,037 - app - INFO - app.py:101 - Incoming Request: Method=GET, Path=/api/sync/status, Origin=http://localhost:3000
2025-12-03 15:55:09,046 - app - INFO - app.py:101 - Incoming Request: Method=GET, Path=/api/sync/status, Origin=http://localhost:3000
2025-12-03 15:55:14,043 - app - INFO - app.py:101 - Incoming Request: Method=GET, Path=/api/sync/status, Origin=http://localhost:3000
2025-12-03 15:55:19,031 - app - INFO - app.py:101 - Incoming Request: Method=GET, Path=/api/sync/status, Origin=http://localhost:3000
2025-12-03 15:55:24,030 - app - INFO - app.py:101 - Incoming Request: Method=GET, Path=/api/sync/status, Origin=http://localhost:3000
2025-12-03 15:55:29,034 - app - INFO - app.py:101 - Incoming Request: Method=GET, Path=/api/sync/status, Origin=http://localhost:3000
2025-12-03 15:55:34,030 - app - INFO - app.py:101 - Incoming Request: Method=GET, Path=/api/sync/status, Origin=http://localhost:3000
2025-12-03 15:55:39,036 - app - INFO - app.py:101 - Incoming Request: Method=GET, Path=/api/sync/status, Origin=http://localhost:3000
2025-12-03 15:55:44,056 - app - INFO - app.py:101 - Incoming Request: Method=GET, Path=/api/sync/status, Origin=http://localhost:3000
2025-12-03 15:55:49,044 - app - INFO - app.py:101 - Incoming Request: Method=GET, Path=/api/sync/status, Origin=http://localhost:3000
2025-12-03 15:56:05,037 - app - INFO - app.py:101 - Incoming Request: Method=GET, Path=/api/sync/status, Origin=http://localhost:3000
2025-12-03 15:56:09,003 - app - INFO - app.py:101 - Incoming Request: Method=GET, Path=/api/sync/status, Origin=http://localhost:3000
2025-12-03 15:56:14,044 - app - INFO - app.py:101 - Incoming Request: Method=GET, Path=/api/sync/status, Origin=http://localhost:3000
2025-12-03 15:56:19,035 - app - INFO - app.py:101 - Incoming Request: Method=GET, Path=/api/sync/status, Origin=http://localhost:3000
2025-12-03 15:56:24,036 - app - INFO - app.py:101 - Incoming Request: Method=GET, Path=/api/sync/status, Origin=http://localhost:3000
2025-12-03 15:56:29,045 - app - INFO - app.py:101 - Incoming Request: Method=GET, Path=/api/sync/status, Origin=http://localhost:3000
2025-12-03 15:56:34,041 - app - INFO - app.py:101 - Incoming Request: Method=GET, Path=/api/sync/status, Origin=http://localhost:3000
2025-12-03 15:56:39,036 - app - INFO - app.py:101 - Incoming Request: Method=GET, Path=/api/sync/status, Origin=http://localhost:3000
2025-12-03 15:56:44,046 - app - INFO - app.py:101 - Incoming Request: Method=GET, Path=/api/sync/status, Origin=http://localhost:3000
2025-12-03 15:56:49,041 - app - INFO - app.py:101 - Incoming Request: Method=GET, Path=/api/sync/status, Origin=http://localhost:3000
2025-12-03 15:56:54,050 - app - INFO - app.py:101 - Incoming Request: Method=GET, Path=/api/sync/status, Origin=http://localhost:3000
2025-12-03 15:56:59,036 - app - INFO - app.py:101 - Incoming Request: Method=GET, Path=/api/sync/status, Origin=http://localhost:3000
2025-12-03 15:57:04,042 - app - INFO - app.py:101 - Incoming Request: Method=GET, Path=/api/sync/status, Origin=http://localhost:3000
2025-12-03 15:57:09,043 - app - INFO - app.py:101 - Incoming Request: Method=GET, Path=/api/sync/status, Origin=http://localhost:3000
2025-12-03 15:58:05,033 - app - INFO - app.py:101 - Incoming Request: Method=GET, Path=/api/sync/status, Origin=http://localhost:3000
2025-12-03 15:59:05,028 - app - INFO - app.py:101 - Incoming Request: Method=GET, Path=/api/sync/status, Origin=http://localhost:3000
2025-12-03 16:00:05,035 - app - INFO - app.py:101 - Incoming Request: Method=GET, Path=/api/sync/status, Origin=http://localhost:3000
2025-12-03 16:00:11,065 - app - INFO - app.py:101 - Incoming Request: Method=GET, Path=/api/sync/status, Origin=http://localhost:3000
2025-12-03 16:01:53,701 - app - INFO - app.py:162 - Application started - Log file: D:\Siri-apps\billing-app\backend\data\logs\app-log-2025-12-03.log
2025-12-03 16:01:53,701 - app - INFO - app.py:163 - BASE_DIR: D:\Siri-apps\billing-app\backend
2025-12-03 16:01:53,701 - app - INFO - app.py:164 - JSON_DIR: D:\Siri-apps\billing-app\backend\data\json
2025-12-03 16:01:53,701 - app - INFO - app.py:165 - LOGS_DIR: D:\Siri-apps\billing-app\backend\data\logs
2025-12-03 16:01:53,701 - app - INFO - app.py:192 - Starting log file cleanup. Keeping files for 30 days.
2025-12-03 16:01:53,701 - app - INFO - app.py:209 - Log cleanup completed. Deleted 0 old log files.
2025-12-03 16:01:53,701 - app - DEBUG - app.py:187 - Directory already exists: D:\Siri-apps\billing-app\backend\data
2025-12-03 16:01:53,701 - app - DEBUG - app.py:187 - Directory already exists: D:\Siri-apps\billing-app\backend\data\json
2025-12-03 16:01:53,701 - app - DEBUG - app.py:187 - Directory already exists: D:\Siri-apps\billing-app\backend\data\logs
2025-12-03 16:01:53,701 - app - INFO - app.py:77 - Enhanced sync manager initialized
2025-12-03 16:01:58,537 - app - INFO - app.py:220 - Initial data export from Supabase completed successfully.
2025-12-03 16:01:58,537 - app - INFO - app.py:230 - Starting Flask server on port 8080 (debug=False)
2025-12-03 16:01:58,771 - app - INFO - app.py:101 - Incoming Request: Method=OPTIONS, Path=/api/auth/login, Origin=http://localhost:3000
2025-12-03 16:01:58,778 - app - INFO - app.py:101 - Incoming Request: Method=POST, Path=/api/auth/login, Origin=http://localhost:3000
2025-12-03 16:01:58,995 - app - INFO - app.py:101 - Incoming Request: Method=GET, Path=/api/sync/status, Origin=http://localhost:3000
2025-12-03 16:02:02,341 - app - INFO - app.py:101 - Incoming Request: Method=GET, Path=/api/notifications, Origin=http://localhost:3000
2025-12-03 16:02:02,344 - app - INFO - app.py:101 - Incoming Request: Method=GET, Path=/api/bills, Origin=http://localhost:3000
2025-12-03 16:02:02,347 - app - INFO - app.py:101 - Incoming Request: Method=GET, Path=/api/products, Origin=http://localhost:3000
2025-12-03 16:02:02,351 - app - INFO - app.py:101 - Incoming Request: Method=GET, Path=/api/stores, Origin=http://localhost:3000
2025-12-03 16:02:02,353 - app - INFO - app.py:101 - Incoming Request: Method=GET, Path=/api/users, Origin=http://localhost:3000
2025-12-03 16:02:02,904 - app - INFO - app.py:101 - Incoming Request: Method=GET, Path=/api/notifications, Origin=http://localhost:3000
2025-12-03 16:02:02,915 - app - INFO - app.py:101 - Incoming Request: Method=GET, Path=/api/products, Origin=http://localhost:3000
2025-12-03 16:02:02,919 - app - INFO - app.py:101 - Incoming Request: Method=GET, Path=/api/stores, Origin=http://localhost:3000
2025-12-03 16:02:02,928 - app - INFO - app.py:101 - Incoming Request: Method=GET, Path=/api/bills, Origin=http://localhost:3000
2025-12-03 16:02:03,645 - app - INFO - app.py:101 - Incoming Request: Method=GET, Path=/api/users, Origin=http://localhost:3000
2025-12-03 16:02:04,006 - app - INFO - app.py:101 - Incoming Request: Method=GET, Path=/api/sync/status, Origin=http://localhost:3000
2025-12-03 16:02:09,045 - app - INFO - app.py:101 - Incoming Request: Method=GET, Path=/api/sync/status, Origin=http://localhost:3000
2025-12-03 16:02:14,048 - app - INFO - app.py:101 - Incoming Request: Method=GET, Path=/api/sync/status, Origin=http://localhost:3000
2025-12-03 16:02:19,046 - app - INFO - app.py:101 - Incoming Request: Method=GET, Path=/api/sync/status, Origin=http://localhost:3000
2025-12-03 16:02:24,045 - app - INFO - app.py:101 - Incoming Request: Method=GET, Path=/api/sync/status, Origin=http://localhost:3000
2025-12-03 16:02:29,052 - app - INFO - app.py:101 - Incoming Request: Method=GET, Path=/api/sync/status, Origin=http://localhost:3000
2025-12-03 16:02:33,044 - app - INFO - app.py:101 - Incoming Request: Method=GET, Path=/api/notifications, Origin=http://localhost:3000
2025-12-03 16:02:34,042 - app - INFO - app.py:101 - Incoming Request: Method=GET, Path=/api/sync/status, Origin=http://localhost:3000
2025-12-03 16:02:39,046 - app - INFO - app.py:101 - Incoming Request: Method=GET, Path=/api/sync/status, Origin=http://localhost:3000
2025-12-03 16:02:44,049 - app - INFO - app.py:101 - Incoming Request: Method=GET, Path=/api/sync/status, Origin=http://localhost:3000
2025-12-03 16:02:49,035 - app - INFO - app.py:101 - Incoming Request: Method=GET, Path=/api/sync/status, Origin=http://localhost:3000
2025-12-03 16:02:54,070 - app - INFO - app.py:101 - Incoming Request: Method=GET, Path=/api/sync/status, Origin=http://localhost:3000
2025-12-03 16:02:59,043 - app - INFO - app.py:101 - Incoming Request: Method=GET, Path=/api/sync/status, Origin=http://localhost:3000
2025-12-03 16:03:03,050 - app - INFO - app.py:101 - Incoming Request: Method=GET, Path=/api/notifications, Origin=http://localhost:3000
2025-12-03 16:03:04,042 - app - INFO - app.py:101 - Incoming Request: Method=GET, Path=/api/sync/status, Origin=http://localhost:3000
2025-12-03 16:03:33,101 - app - INFO - app.py:101 - Incoming Request: Method=GET, Path=/api/notifications, Origin=http://localhost:3000
2025-12-03 16:03:38,038 - app - INFO - app.py:101 - Incoming Request: Method=GET, Path=/api/sync/status, Origin=http://localhost:3000
2025-12-03 16:03:39,052 - app - INFO - app.py:101 - Incoming Request: Method=GET, Path=/api/sync/status, Origin=http://localhost:3000
2025-12-03 16:03:44,723 - app - INFO - app.py:162 - Application started - Log file: D:\Siri-apps\billing-app\backend\data\logs\app-log-2025-12-03.log
2025-12-03 16:03:44,723 - app - INFO - app.py:163 - BASE_DIR: D:\Siri-apps\billing-app\backend
2025-12-03 16:03:44,724 - app - INFO - app.py:164 - JSON_DIR: D:\Siri-apps\billing-app\backend\data\json
2025-12-03 16:03:44,724 - app - INFO - app.py:165 - LOGS_DIR: D:\Siri-apps\billing-app\backend\data\logs
2025-12-03 16:03:44,724 - app - INFO - app.py:192 - Starting log file cleanup. Keeping files for 30 days.
2025-12-03 16:03:44,724 - app - INFO - app.py:209 - Log cleanup completed. Deleted 0 old log files.
2025-12-03 16:03:44,725 - app - DEBUG - app.py:187 - Directory already exists: D:\Siri-apps\billing-app\backend\data
2025-12-03 16:03:44,725 - app - DEBUG - app.py:187 - Directory already exists: D:\Siri-apps\billing-app\backend\data\json
2025-12-03 16:03:44,725 - app - DEBUG - app.py:187 - Directory already exists: D:\Siri-apps\billing-app\backend\data\logs
2025-12-03 16:03:44,725 - app - INFO - app.py:77 - Enhanced sync manager initialized
2025-12-03 16:03:49,389 - app - INFO - app.py:220 - Initial data export from Supabase completed successfully.
2025-12-03 16:03:49,390 - app - INFO - app.py:230 - Starting Flask server on port 8080 (debug=True)
2025-12-03 16:03:50,816 - app - INFO - app.py:162 - Application started - Log file: D:\Siri-apps\billing-app\backend\data\logs\app-log-2025-12-03.log
2025-12-03 16:03:50,816 - app - INFO - app.py:163 - BASE_DIR: D:\Siri-apps\billing-app\backend
2025-12-03 16:03:50,817 - app - INFO - app.py:164 - JSON_DIR: D:\Siri-apps\billing-app\backend\data\json
2025-12-03 16:03:50,817 - app - INFO - app.py:165 - LOGS_DIR: D:\Siri-apps\billing-app\backend\data\logs
2025-12-03 16:03:50,817 - app - INFO - app.py:192 - Starting log file cleanup. Keeping files for 30 days.
2025-12-03 16:03:50,817 - app - INFO - app.py:209 - Log cleanup completed. Deleted 0 old log files.
2025-12-03 16:03:50,818 - app - DEBUG - app.py:187 - Directory already exists: D:\Siri-apps\billing-app\backend\data
2025-12-03 16:03:50,818 - app - DEBUG - app.py:187 - Directory already exists: D:\Siri-apps\billing-app\backend\data\json
2025-12-03 16:03:50,818 - app - DEBUG - app.py:187 - Directory already exists: D:\Siri-apps\billing-app\backend\data\logs
2025-12-03 16:03:50,820 - app - INFO - app.py:77 - Enhanced sync manager initialized
2025-12-03 16:03:55,128 - app - INFO - app.py:220 - Initial data export from Supabase completed successfully.
2025-12-03 16:03:55,128 - app - INFO - app.py:230 - Starting Flask server on port 8080 (debug=True)
2025-12-03 16:03:55,172 - app - INFO - app.py:101 - Incoming Request: Method=GET, Path=/api/sync/status, Origin=http://localhost:3000
2025-12-03 16:03:55,177 - app - INFO - app.py:101 - Incoming Request: Method=GET, Path=/api/sync/status, Origin=http://localhost:3000
2025-12-03 16:04:03,139 - app - INFO - app.py:101 - Incoming Request: Method=GET, Path=/api/notifications, Origin=http://localhost:3000
2025-12-03 16:04:05,133 - app - INFO - app.py:101 - Incoming Request: Method=GET, Path=/api/sync/status, Origin=http://localhost:3000
2025-12-03 16:04:13,190 - app - INFO - app.py:162 - Application started - Log file: D:\Siri-apps\billing-app\backend\data\logs\app-log-2025-12-03.log
2025-12-03 16:04:13,193 - app - INFO - app.py:163 - BASE_DIR: D:\Siri-apps\billing-app\backend
2025-12-03 16:04:13,193 - app - INFO - app.py:164 - JSON_DIR: D:\Siri-apps\billing-app\backend\data\json
2025-12-03 16:04:13,194 - app - INFO - app.py:165 - LOGS_DIR: D:\Siri-apps\billing-app\backend\data\logs
2025-12-03 16:04:13,194 - app - INFO - app.py:192 - Starting log file cleanup. Keeping files for 30 days.
2025-12-03 16:04:13,194 - app - INFO - app.py:209 - Log cleanup completed. Deleted 0 old log files.
2025-12-03 16:04:13,197 - app - DEBUG - app.py:187 - Directory already exists: D:\Siri-apps\billing-app\backend\data
2025-12-03 16:04:13,197 - app - DEBUG - app.py:187 - Directory already exists: D:\Siri-apps\billing-app\backend\data\json
2025-12-03 16:04:13,197 - app - DEBUG - app.py:187 - Directory already exists: D:\Siri-apps\billing-app\backend\data\logs
2025-12-03 16:04:13,197 - app - INFO - app.py:77 - Enhanced sync manager initialized
2025-12-03 16:04:17,336 - app - INFO - app.py:220 - Initial data export from Supabase completed successfully.
2025-12-03 16:04:17,336 - app - INFO - app.py:231 - Starting Flask server on port 8080 (debug=True)
2025-12-03 16:04:17,396 - app - INFO - app.py:101 - Incoming Request: Method=GET, Path=/api/sync/status, Origin=http://localhost:3000
2025-12-03 16:04:17,402 - app - INFO - app.py:101 - Incoming Request: Method=GET, Path=/api/sync/status, Origin=http://localhost:3000
2025-12-03 16:04:19,044 - app - INFO - app.py:101 - Incoming Request: Method=GET, Path=/api/sync/status, Origin=http://localhost:3000
2025-12-03 16:04:33,042 - app - INFO - app.py:101 - Incoming Request: Method=GET, Path=/api/notifications, Origin=http://localhost:3000
2025-12-03 16:05:03,049 - app - INFO - app.py:101 - Incoming Request: Method=GET, Path=/api/notifications, Origin=http://localhost:3000
2025-12-03 16:05:05,036 - app - INFO - app.py:101 - Incoming Request: Method=GET, Path=/api/sync/status, Origin=http://localhost:3000
2025-12-03 16:05:57,155 - app - INFO - app.py:101 - Incoming Request: Method=GET, Path=/api/sync/status, Origin=http://localhost:3000
2025-12-03 16:05:57,185 - app - INFO - app.py:101 - Incoming Request: Method=GET, Path=/api/notifications, Origin=http://localhost:3000
2025-12-03 16:05:59,009 - app - INFO - app.py:101 - Incoming Request: Method=GET, Path=/api/sync/status, Origin=http://localhost:3000
2025-12-03 16:06:02,197 - app - INFO - app.py:101 - Incoming Request: Method=GET, Path=/api/batches, Origin=http://localhost:3000
2025-12-03 16:06:02,200 - app - INFO - app.py:101 - Incoming Request: Method=GET, Path=/api/products, Origin=http://localhost:3000
2025-12-03 16:06:02,202 - app - INFO - app.py:101 - Incoming Request: Method=GET, Path=/api/notifications, Origin=http://localhost:3000
2025-12-03 16:06:02,439 - app - INFO - app.py:101 - Incoming Request: Method=GET, Path=/api/notifications, Origin=http://localhost:3000
2025-12-03 16:06:04,014 - app - INFO - app.py:101 - Incoming Request: Method=GET, Path=/api/sync/status, Origin=http://localhost:3000
2025-12-03 16:06:08,940 - app - INFO - app.py:101 - Incoming Request: Method=GET, Path=/api/notifications, Origin=http://localhost:3000
2025-12-03 16:06:09,033 - app - INFO - app.py:101 - Incoming Request: Method=GET, Path=/api/sync/status, Origin=http://localhost:3000
2025-12-03 16:06:09,239 - app - INFO - app.py:101 - Incoming Request: Method=GET, Path=/api/settings, Origin=http://localhost:3000
2025-12-03 16:06:09,240 - app - INFO - app.py:101 - Incoming Request: Method=GET, Path=/api/admin-users, Origin=http://localhost:3000
2025-12-03 16:06:09,331 - app - INFO - app.py:101 - Incoming Request: Method=GET, Path=/api/notifications, Origin=http://localhost:3000
2025-12-03 16:06:09,725 - app - INFO - app.py:101 - Incoming Request: Method=GET, Path=/api/notifications, Origin=http://localhost:3000
2025-12-03 16:06:09,900 - app - INFO - app.py:101 - Incoming Request: Method=GET, Path=/api/settings, Origin=http://localhost:3000
2025-12-03 16:06:10,079 - app - INFO - app.py:101 - Incoming Request: Method=GET, Path=/api/notifications, Origin=http://localhost:3000
2025-12-03 16:06:10,294 - app - INFO - app.py:101 - Incoming Request: Method=GET, Path=/api/admin-users, Origin=http://localhost:3000
2025-12-03 16:06:14,042 - app - INFO - app.py:101 - Incoming Request: Method=GET, Path=/api/sync/status, Origin=http://localhost:3000
2025-12-03 16:06:19,030 - app - INFO - app.py:101 - Incoming Request: Method=GET, Path=/api/sync/status, Origin=http://localhost:3000
2025-12-03 16:06:24,049 - app - INFO - app.py:101 - Incoming Request: Method=GET, Path=/api/sync/status, Origin=http://localhost:3000
2025-12-03 16:06:29,044 - app - INFO - app.py:101 - Incoming Request: Method=GET, Path=/api/sync/status, Origin=http://localhost:3000
2025-12-03 16:06:34,037 - app - INFO - app.py:101 - Incoming Request: Method=GET, Path=/api/sync/status, Origin=http://localhost:3000
2025-12-03 16:06:39,037 - app - INFO - app.py:101 - Incoming Request: Method=GET, Path=/api/sync/status, Origin=http://localhost:3000
2025-12-03 16:06:40,032 - app - INFO - app.py:101 - Incoming Request: Method=GET, Path=/api/notifications, Origin=http://localhost:3000
2025-12-03 16:06:44,033 - app - INFO - app.py:101 - Incoming Request: Method=GET, Path=/api/sync/status, Origin=http://localhost:3000
2025-12-03 16:06:49,041 - app - INFO - app.py:101 - Incoming Request: Method=GET, Path=/api/sync/status, Origin=http://localhost:3000
2025-12-03 16:06:54,039 - app - INFO - app.py:101 - Incoming Request: Method=GET, Path=/api/sync/status, Origin=http://localhost:3000
2025-12-03 16:06:59,035 - app - INFO - app.py:101 - Incoming Request: Method=GET, Path=/api/sync/status, Origin=http://localhost:3000
2025-12-03 16:07:04,034 - app - INFO - app.py:101 - Incoming Request: Method=GET, Path=/api/sync/status, Origin=http://localhost:3000
2025-12-03 16:07:09,042 - app - INFO - app.py:101 - Incoming Request: Method=GET, Path=/api/sync/status, Origin=http://localhost:3000
2025-12-03 16:07:10,036 - app - INFO - app.py:101 - Incoming Request: Method=GET, Path=/api/notifications, Origin=http://localhost:3000
2025-12-03 16:07:40,042 - app - INFO - app.py:101 - Incoming Request: Method=GET, Path=/api/notifications, Origin=http://localhost:3000
2025-12-03 16:08:05,044 - app - INFO - app.py:101 - Incoming Request: Method=GET, Path=/api/sync/status, Origin=http://localhost:3000
2025-12-03 16:08:10,037 - app - INFO - app.py:101 - Incoming Request: Method=GET, Path=/api/notifications, Origin=http://localhost:3000
2025-12-03 16:08:40,035 - app - INFO - app.py:101 - Incoming Request: Method=GET, Path=/api/notifications, Origin=http://localhost:3000
2025-12-03 16:09:05,041 - app - INFO - app.py:101 - Incoming Request: Method=GET, Path=/api/sync/status, Origin=http://localhost:3000
2025-12-03 16:09:10,044 - app - INFO - app.py:101 - Incoming Request: Method=GET, Path=/api/notifications, Origin=http://localhost:3000
2025-12-03 16:10:05,038 - app - INFO - app.py:101 - Incoming Request: Method=GET, Path=/api/sync/status, Origin=http://localhost:3000
2025-12-03 16:10:05,040 - app - INFO - app.py:101 - Incoming Request: Method=GET, Path=/api/notifications, Origin=http://localhost:3000
2025-12-03 16:11:05,039 - app - INFO - app.py:101 - Incoming Request: Method=GET, Path=/api/sync/status, Origin=http://localhost:3000
2025-12-03 16:11:05,044 - app - INFO - app.py:101 - Incoming Request: Method=GET, Path=/api/notifications, Origin=http://localhost:3000
2025-12-03 16:12:05,044 - app - INFO - app.py:101 - Incoming Request: Method=GET, Path=/api/sync/status, Origin=http://localhost:3000
2025-12-03 16:12:05,044 - app - INFO - app.py:101 - Incoming Request: Method=GET, Path=/api/notifications, Origin=http://localhost:3000
2025-12-03 16:12:21,711 - app - INFO - app.py:162 - Application started - Log file: D:\Siri-apps\billing-app\backend\data\logs\app-log-2025-12-03.log
2025-12-03 16:12:21,713 - app - INFO - app.py:163 - BASE_DIR: D:\Siri-apps\billing-app\backend
2025-12-03 16:12:21,713 - app - INFO - app.py:164 - JSON_DIR: D:\Siri-apps\billing-app\backend\data\json
2025-12-03 16:12:21,713 - app - INFO - app.py:165 - LOGS_DIR: D:\Siri-apps\billing-app\backend\data\logs
2025-12-03 16:12:21,713 - app - INFO - app.py:192 - Starting log file cleanup. Keeping files for 30 days.
2025-12-03 16:12:21,713 - app - INFO - app.py:209 - Log cleanup completed. Deleted 0 old log files.
2025-12-03 16:12:21,713 - app - DEBUG - app.py:187 - Directory already exists: D:\Siri-apps\billing-app\backend\data
2025-12-03 16:12:21,713 - app - DEBUG - app.py:187 - Directory already exists: D:\Siri-apps\billing-app\backend\data\json
2025-12-03 16:12:21,716 - app - DEBUG - app.py:187 - Directory already exists: D:\Siri-apps\billing-app\backend\data\logs
2025-12-03 16:12:21,716 - app - INFO - app.py:77 - Enhanced sync manager initialized
2025-12-03 16:12:35,619 - app - INFO - app.py:220 - Initial data export from Supabase completed successfully.
2025-12-03 16:12:35,620 - app - INFO - app.py:231 - Starting Flask server on port 8080 (debug=True)
2025-12-03 16:12:35,704 - app - INFO - app.py:101 - Incoming Request: Method=GET, Path=/api/sync/status, Origin=http://localhost:3000
2025-12-03 16:12:35,713 - app - INFO - app.py:101 - Incoming Request: Method=GET, Path=/api/notifications, Origin=http://localhost:3000
2025-12-03 16:12:35,730 - app - INFO - app.py:101 - Incoming Request: Method=GET, Path=/api/sync/status, Origin=http://localhost:3000
2025-12-03 16:13:05,052 - app - INFO - app.py:101 - Incoming Request: Method=GET, Path=/api/sync/status, Origin=http://localhost:3000
2025-12-03 16:13:05,056 - app - INFO - app.py:101 - Incoming Request: Method=GET, Path=/api/notifications, Origin=http://localhost:3000
2025-12-03 16:14:03,367 - app - INFO - app.py:101 - Incoming Request: Method=GET, Path=/api/sync/status, Origin=http://localhost:3000
2025-12-03 16:14:03,374 - app - INFO - app.py:101 - Incoming Request: Method=GET, Path=/api/notifications, Origin=http://localhost:3000
2025-12-03 16:14:04,009 - app - INFO - app.py:101 - Incoming Request: Method=GET, Path=/api/sync/status, Origin=http://localhost:3000
2025-12-03 16:14:09,005 - app - INFO - app.py:101 - Incoming Request: Method=GET, Path=/api/sync/status, Origin=http://localhost:3000
2025-12-03 16:14:09,358 - app - INFO - app.py:101 - Incoming Request: Method=GET, Path=/api/notifications, Origin=http://localhost:3000
2025-12-03 16:14:14,000 - app - INFO - app.py:101 - Incoming Request: Method=GET, Path=/api/sync/status, Origin=http://localhost:3000
2025-12-03 16:14:16,701 - app - INFO - app.py:101 - Incoming Request: Method=GET, Path=/api/sync/status, Origin=http://localhost:3000
2025-12-03 16:14:16,719 - app - INFO - app.py:101 - Incoming Request: Method=GET, Path=/api/settings, Origin=http://localhost:3000
2025-12-03 16:14:16,720 - app - INFO - app.py:101 - Incoming Request: Method=GET, Path=/api/admin-users, Origin=http://localhost:3000
2025-12-03 16:14:16,957 - app - INFO - app.py:101 - Incoming Request: Method=GET, Path=/api/notifications, Origin=http://localhost:3000
2025-12-03 16:14:17,238 - app - INFO - app.py:101 - Incoming Request: Method=GET, Path=/api/notifications, Origin=http://localhost:3000
2025-12-03 16:14:21,695 - app - INFO - app.py:101 - Incoming Request: Method=GET, Path=/api/sync/status, Origin=http://localhost:3000
2025-12-03 16:14:27,048 - app - INFO - app.py:101 - Incoming Request: Method=GET, Path=/api/sync/status, Origin=http://localhost:3000
2025-12-03 16:14:32,050 - app - INFO - app.py:101 - Incoming Request: Method=GET, Path=/api/sync/status, Origin=http://localhost:3000
2025-12-03 16:14:37,050 - app - INFO - app.py:101 - Incoming Request: Method=GET, Path=/api/sync/status, Origin=http://localhost:3000
2025-12-03 16:14:42,041 - app - INFO - app.py:101 - Incoming Request: Method=GET, Path=/api/sync/status, Origin=http://localhost:3000
2025-12-03 16:14:47,043 - app - INFO - app.py:101 - Incoming Request: Method=GET, Path=/api/sync/status, Origin=http://localhost:3000
2025-12-03 16:14:47,043 - app - INFO - app.py:101 - Incoming Request: Method=GET, Path=/api/notifications, Origin=http://localhost:3000
2025-12-03 16:14:52,036 - app - INFO - app.py:101 - Incoming Request: Method=GET, Path=/api/sync/status, Origin=http://localhost:3000
2025-12-03 16:14:57,040 - app - INFO - app.py:101 - Incoming Request: Method=GET, Path=/api/sync/status, Origin=http://localhost:3000
2025-12-03 16:15:01,685 - app - INFO - app.py:101 - Incoming Request: Method=GET, Path=/api/sync/status, Origin=http://localhost:3000
2025-12-03 16:15:05,782 - app - INFO - app.py:101 - Incoming Request: Method=GET, Path=/api/sync/status, Origin=http://localhost:3000
2025-12-03 16:15:05,833 - app - INFO - app.py:101 - Incoming Request: Method=GET, Path=/api/settings, Origin=http://localhost:3000
2025-12-03 16:15:05,837 - app - INFO - app.py:101 - Incoming Request: Method=GET, Path=/api/admin-users, Origin=http://localhost:3000
2025-12-03 16:15:06,062 - app - INFO - app.py:101 - Incoming Request: Method=GET, Path=/api/notifications, Origin=http://localhost:3000
2025-12-03 16:15:06,477 - app - INFO - app.py:101 - Incoming Request: Method=GET, Path=/api/notifications, Origin=http://localhost:3000
2025-12-03 16:15:10,775 - app - INFO - app.py:101 - Incoming Request: Method=GET, Path=/api/sync/status, Origin=http://localhost:3000
2025-12-03 16:15:16,044 - app - INFO - app.py:101 - Incoming Request: Method=GET, Path=/api/sync/status, Origin=http://localhost:3000
2025-12-03 16:15:20,783 - app - INFO - app.py:101 - Incoming Request: Method=GET, Path=/api/sync/status, Origin=http://localhost:3000
2025-12-03 16:15:26,046 - app - INFO - app.py:101 - Incoming Request: Method=GET, Path=/api/sync/status, Origin=http://localhost:3000
2025-12-03 16:15:31,042 - app - INFO - app.py:101 - Incoming Request: Method=GET, Path=/api/sync/status, Origin=http://localhost:3000
2025-12-03 16:15:36,044 - app - INFO - app.py:101 - Incoming Request: Method=GET, Path=/api/sync/status, Origin=http://localhost:3000
2025-12-03 16:15:37,037 - app - INFO - app.py:101 - Incoming Request: Method=GET, Path=/api/notifications, Origin=http://localhost:3000
2025-12-03 16:15:41,031 - app - INFO - app.py:101 - Incoming Request: Method=GET, Path=/api/sync/status, Origin=http://localhost:3000
2025-12-03 16:15:46,043 - app - INFO - app.py:101 - Incoming Request: Method=GET, Path=/api/sync/status, Origin=http://localhost:3000
2025-12-03 16:15:51,046 - app - INFO - app.py:101 - Incoming Request: Method=GET, Path=/api/sync/status, Origin=http://localhost:3000
2025-12-03 16:15:56,042 - app - INFO - app.py:101 - Incoming Request: Method=GET, Path=/api/sync/status, Origin=http://localhost:3000
2025-12-03 16:16:01,049 - app - INFO - app.py:101 - Incoming Request: Method=GET, Path=/api/sync/status, Origin=http://localhost:3000
2025-12-03 16:16:06,052 - app - INFO - app.py:101 - Incoming Request: Method=GET, Path=/api/sync/status, Origin=http://localhost:3000
2025-12-03 16:16:07,048 - app - INFO - app.py:101 - Incoming Request: Method=GET, Path=/api/notifications, Origin=http://localhost:3000
2025-12-03 16:16:11,040 - app - INFO - app.py:101 - Incoming Request: Method=GET, Path=/api/sync/status, Origin=http://localhost:3000
2025-12-03 16:16:16,042 - app - INFO - app.py:101 - Incoming Request: Method=GET, Path=/api/sync/status, Origin=http://localhost:3000
2025-12-03 16:16:21,046 - app - INFO - app.py:101 - Incoming Request: Method=GET, Path=/api/sync/status, Origin=http://localhost:3000
2025-12-03 16:16:37,032 - app - INFO - app.py:101 - Incoming Request: Method=GET, Path=/api/notifications, Origin=http://localhost:3000
2025-12-03 16:17:05,033 - app - INFO - app.py:101 - Incoming Request: Method=GET, Path=/api/sync/status, Origin=http://localhost:3000
2025-12-03 16:17:07,040 - app - INFO - app.py:101 - Incoming Request: Method=GET, Path=/api/notifications, Origin=http://localhost:3000
2025-12-03 16:17:37,037 - app - INFO - app.py:101 - Incoming Request: Method=GET, Path=/api/notifications, Origin=http://localhost:3000
2025-12-03 16:18:05,044 - app - INFO - app.py:101 - Incoming Request: Method=GET, Path=/api/sync/status, Origin=http://localhost:3000
2025-12-03 16:18:07,038 - app - INFO - app.py:101 - Incoming Request: Method=GET, Path=/api/notifications, Origin=http://localhost:3000
2025-12-03 16:18:26,436 - app - INFO - app.py:162 - Application started - Log file: D:\Siri-apps\billing-app\backend\data\logs\app-log-2025-12-03.log
2025-12-03 16:18:26,436 - app - INFO - app.py:163 - BASE_DIR: D:\Siri-apps\billing-app\backend
2025-12-03 16:18:26,436 - app - INFO - app.py:164 - JSON_DIR: D:\Siri-apps\billing-app\backend\data\json
2025-12-03 16:18:26,438 - app - INFO - app.py:165 - LOGS_DIR: D:\Siri-apps\billing-app\backend\data\logs
2025-12-03 16:18:26,438 - app - INFO - app.py:192 - Starting log file cleanup. Keeping files for 30 days.
2025-12-03 16:18:26,438 - app - INFO - app.py:209 - Log cleanup completed. Deleted 0 old log files.
2025-12-03 16:18:26,438 - app - DEBUG - app.py:187 - Directory already exists: D:\Siri-apps\billing-app\backend\data
2025-12-03 16:18:26,438 - app - DEBUG - app.py:187 - Directory already exists: D:\Siri-apps\billing-app\backend\data\json
2025-12-03 16:18:26,438 - app - DEBUG - app.py:187 - Directory already exists: D:\Siri-apps\billing-app\backend\data\logs
2025-12-03 16:18:26,438 - app - INFO - app.py:77 - Enhanced sync manager initialized
2025-12-03 16:18:31,342 - app - INFO - app.py:220 - Initial data export from Supabase completed successfully.
2025-12-03 16:18:31,342 - app - INFO - app.py:231 - Starting Flask server on port 8080 (debug=True)
2025-12-03 16:18:31,406 - app - INFO - app.py:101 - Incoming Request: Method=GET, Path=/api/sync/status, Origin=http://localhost:3000
2025-12-03 16:18:31,413 - app - INFO - app.py:101 - Incoming Request: Method=GET, Path=/api/sync/status, Origin=http://localhost:3000
2025-12-03 16:19:05,046 - app - INFO - app.py:101 - Incoming Request: Method=GET, Path=/api/sync/status, Origin=http://localhost:3000
2025-12-03 16:19:05,053 - app - INFO - app.py:101 - Incoming Request: Method=GET, Path=/api/notifications, Origin=http://localhost:3000
2025-12-03 16:19:35,850 - app - INFO - app.py:162 - Application started - Log file: D:\Siri-apps\billing-app\backend\data\logs\app-log-2025-12-03.log
2025-12-03 16:19:35,850 - app - INFO - app.py:163 - BASE_DIR: D:\Siri-apps\billing-app\backend
2025-12-03 16:19:35,850 - app - INFO - app.py:164 - JSON_DIR: D:\Siri-apps\billing-app\backend\data\json
2025-12-03 16:19:35,850 - app - INFO - app.py:165 - LOGS_DIR: D:\Siri-apps\billing-app\backend\data\logs
2025-12-03 16:19:35,850 - app - INFO - app.py:192 - Starting log file cleanup. Keeping files for 30 days.
2025-12-03 16:19:35,856 - app - INFO - app.py:209 - Log cleanup completed. Deleted 0 old log files.
2025-12-03 16:19:35,856 - app - DEBUG - app.py:187 - Directory already exists: D:\Siri-apps\billing-app\backend\data
2025-12-03 16:19:35,856 - app - DEBUG - app.py:187 - Directory already exists: D:\Siri-apps\billing-app\backend\data\json
2025-12-03 16:19:35,856 - app - DEBUG - app.py:187 - Directory already exists: D:\Siri-apps\billing-app\backend\data\logs
2025-12-03 16:19:35,856 - app - INFO - app.py:77 - Enhanced sync manager initialized
2025-12-03 16:19:39,507 - app - INFO - app.py:220 - Initial data export from Supabase completed successfully.
2025-12-03 16:19:39,509 - app - INFO - app.py:231 - Starting Flask server on port 8080 (debug=True)
2025-12-03 16:19:39,571 - app - INFO - app.py:101 - Incoming Request: Method=GET, Path=/api/sync/status, Origin=http://localhost:3000
2025-12-03 16:19:39,573 - app - INFO - app.py:101 - Incoming Request: Method=GET, Path=/api/notifications, Origin=http://localhost:3000
2025-12-03 16:19:39,576 - app - INFO - app.py:101 - Incoming Request: Method=GET, Path=/api/sync/status, Origin=http://localhost:3000
2025-12-03 16:19:41,040 - app - INFO - app.py:101 - Incoming Request: Method=GET, Path=/api/sync/status, Origin=http://localhost:3000
2025-12-03 16:20:05,036 - app - INFO - app.py:101 - Incoming Request: Method=GET, Path=/api/sync/status, Origin=http://localhost:3000
2025-12-03 16:20:18,214 - app - INFO - app.py:101 - Incoming Request: Method=GET, Path=/api/sync/status, Origin=http://localhost:3000
2025-12-03 16:20:18,215 - app - INFO - app.py:101 - Incoming Request: Method=GET, Path=/api/notifications, Origin=http://localhost:3000
2025-12-03 16:20:20,790 - app - INFO - app.py:101 - Incoming Request: Method=GET, Path=/api/sync/status, Origin=http://localhost:3000
2025-12-03 16:20:23,173 - app - INFO - app.py:101 - Incoming Request: Method=GET, Path=/api/sync/status, Origin=http://localhost:3000
2025-12-03 16:20:23,207 - app - INFO - app.py:101 - Incoming Request: Method=GET, Path=/api/settings, Origin=http://localhost:3000
2025-12-03 16:20:23,215 - app - INFO - app.py:101 - Incoming Request: Method=GET, Path=/api/admin-users, Origin=http://localhost:3000
2025-12-03 16:20:23,441 - app - INFO - app.py:101 - Incoming Request: Method=GET, Path=/api/notifications, Origin=http://localhost:3000
2025-12-03 16:20:23,646 - app - INFO - app.py:101 - Incoming Request: Method=GET, Path=/api/notifications, Origin=http://localhost:3000
2025-12-03 16:20:28,183 - app - INFO - app.py:101 - Incoming Request: Method=GET, Path=/api/sync/status, Origin=http://localhost:3000
2025-12-03 16:20:34,034 - app - INFO - app.py:101 - Incoming Request: Method=GET, Path=/api/sync/status, Origin=http://localhost:3000
2025-12-03 16:20:39,035 - app - INFO - app.py:101 - Incoming Request: Method=GET, Path=/api/sync/status, Origin=http://localhost:3000
2025-12-03 16:20:44,039 - app - INFO - app.py:101 - Incoming Request: Method=GET, Path=/api/sync/status, Origin=http://localhost:3000
2025-12-03 16:20:49,040 - app - INFO - app.py:101 - Incoming Request: Method=GET, Path=/api/sync/status, Origin=http://localhost:3000
2025-12-03 16:20:54,035 - app - INFO - app.py:101 - Incoming Request: Method=GET, Path=/api/sync/status, Origin=http://localhost:3000
2025-12-03 16:20:54,037 - app - INFO - app.py:101 - Incoming Request: Method=GET, Path=/api/notifications, Origin=http://localhost:3000
2025-12-03 16:20:59,091 - app - INFO - app.py:101 - Incoming Request: Method=GET, Path=/api/sync/status, Origin=http://localhost:3000
2025-12-03 16:21:04,041 - app - INFO - app.py:101 - Incoming Request: Method=GET, Path=/api/sync/status, Origin=http://localhost:3000
2025-12-03 16:21:09,039 - app - INFO - app.py:101 - Incoming Request: Method=GET, Path=/api/sync/status, Origin=http://localhost:3000
2025-12-03 16:21:14,036 - app - INFO - app.py:101 - Incoming Request: Method=GET, Path=/api/sync/status, Origin=http://localhost:3000
2025-12-03 16:21:19,039 - app - INFO - app.py:101 - Incoming Request: Method=GET, Path=/api/sync/status, Origin=http://localhost:3000
2025-12-03 16:21:24,041 - app - INFO - app.py:101 - Incoming Request: Method=GET, Path=/api/sync/status, Origin=http://localhost:3000
2025-12-03 16:21:24,045 - app - INFO - app.py:101 - Incoming Request: Method=GET, Path=/api/notifications, Origin=http://localhost:3000
2025-12-03 16:21:29,028 - app - INFO - app.py:101 - Incoming Request: Method=GET, Path=/api/sync/status, Origin=http://localhost:3000
2025-12-03 16:21:54,050 - app - INFO - app.py:101 - Incoming Request: Method=GET, Path=/api/notifications, Origin=http://localhost:3000
2025-12-03 16:22:05,041 - app - INFO - app.py:101 - Incoming Request: Method=GET, Path=/api/sync/status, Origin=http://localhost:3000
2025-12-03 16:22:24,040 - app - INFO - app.py:101 - Incoming Request: Method=GET, Path=/api/notifications, Origin=http://localhost:3000
2025-12-03 16:22:54,046 - app - INFO - app.py:101 - Incoming Request: Method=GET, Path=/api/notifications, Origin=http://localhost:3000
2025-12-03 16:23:05,036 - app - INFO - app.py:101 - Incoming Request: Method=GET, Path=/api/sync/status, Origin=http://localhost:3000
2025-12-03 16:23:24,034 - app - INFO - app.py:101 - Incoming Request: Method=GET, Path=/api/notifications, Origin=http://localhost:3000
2025-12-03 16:23:46,469 - app - INFO - app.py:101 - Incoming Request: Method=GET, Path=/api/sync/status, Origin=http://localhost:3000
2025-12-03 16:23:48,191 - app - INFO - app.py:101 - Incoming Request: Method=GET, Path=/api/sync/status, Origin=http://localhost:3000
2025-12-03 16:23:51,319 - app - INFO - app.py:101 - Incoming Request: Method=GET, Path=/api/sync/status, Origin=http://localhost:3000
2025-12-03 16:23:51,341 - app - INFO - app.py:101 - Incoming Request: Method=GET, Path=/api/settings, Origin=http://localhost:3000
2025-12-03 16:23:51,341 - app - INFO - app.py:101 - Incoming Request: Method=GET, Path=/api/admin-users, Origin=http://localhost:3000
2025-12-03 16:23:51,539 - app - INFO - app.py:101 - Incoming Request: Method=GET, Path=/api/notifications, Origin=http://localhost:3000
2025-12-03 16:23:51,994 - app - INFO - app.py:101 - Incoming Request: Method=GET, Path=/api/notifications, Origin=http://localhost:3000
2025-12-03 16:23:56,317 - app - INFO - app.py:101 - Incoming Request: Method=GET, Path=/api/sync/status, Origin=http://localhost:3000
2025-12-03 16:24:01,319 - app - INFO - app.py:101 - Incoming Request: Method=GET, Path=/api/sync/status, Origin=http://localhost:3000
2025-12-03 16:24:06,318 - app - INFO - app.py:101 - Incoming Request: Method=GET, Path=/api/sync/status, Origin=http://localhost:3000
2025-12-03 16:24:12,037 - app - INFO - app.py:101 - Incoming Request: Method=GET, Path=/api/sync/status, Origin=http://localhost:3000
2025-12-03 16:24:17,043 - app - INFO - app.py:101 - Incoming Request: Method=GET, Path=/api/sync/status, Origin=http://localhost:3000
2025-12-03 16:24:22,038 - app - INFO - app.py:101 - Incoming Request: Method=GET, Path=/api/sync/status, Origin=http://localhost:3000
2025-12-03 16:24:22,040 - app - INFO - app.py:101 - Incoming Request: Method=GET, Path=/api/notifications, Origin=http://localhost:3000
2025-12-03 16:24:27,044 - app - INFO - app.py:101 - Incoming Request: Method=GET, Path=/api/sync/status, Origin=http://localhost:3000
2025-12-03 16:24:32,043 - app - INFO - app.py:101 - Incoming Request: Method=GET, Path=/api/sync/status, Origin=http://localhost:3000
2025-12-03 16:24:37,045 - app - INFO - app.py:101 - Incoming Request: Method=GET, Path=/api/sync/status, Origin=http://localhost:3000
2025-12-03 16:24:42,053 - app - INFO - app.py:101 - Incoming Request: Method=GET, Path=/api/sync/status, Origin=http://localhost:3000
2025-12-03 16:24:46,317 - app - INFO - app.py:101 - Incoming Request: Method=GET, Path=/api/sync/status, Origin=http://localhost:3000
2025-12-03 16:24:52,097 - app - INFO - app.py:101 - Incoming Request: Method=GET, Path=/api/sync/status, Origin=http://localhost:3000
2025-12-03 16:24:52,097 - app - INFO - app.py:101 - Incoming Request: Method=GET, Path=/api/notifications, Origin=http://localhost:3000
2025-12-03 16:24:57,045 - app - INFO - app.py:101 - Incoming Request: Method=GET, Path=/api/sync/status, Origin=http://localhost:3000
2025-12-03 16:25:02,041 - app - INFO - app.py:101 - Incoming Request: Method=GET, Path=/api/sync/status, Origin=http://localhost:3000
2025-12-03 16:25:07,031 - app - INFO - app.py:101 - Incoming Request: Method=GET, Path=/api/sync/status, Origin=http://localhost:3000
2025-12-03 16:25:12,049 - app - INFO - app.py:101 - Incoming Request: Method=GET, Path=/api/sync/status, Origin=http://localhost:3000
2025-12-03 16:25:17,053 - app - INFO - app.py:101 - Incoming Request: Method=GET, Path=/api/sync/status, Origin=http://localhost:3000
2025-12-03 16:25:22,048 - app - INFO - app.py:101 - Incoming Request: Method=GET, Path=/api/sync/status, Origin=http://localhost:3000
2025-12-03 16:25:22,050 - app - INFO - app.py:101 - Incoming Request: Method=GET, Path=/api/notifications, Origin=http://localhost:3000
2025-12-03 16:25:27,048 - app - INFO - app.py:101 - Incoming Request: Method=GET, Path=/api/sync/status, Origin=http://localhost:3000
2025-12-03 16:25:32,051 - app - INFO - app.py:101 - Incoming Request: Method=GET, Path=/api/sync/status, Origin=http://localhost:3000
2025-12-03 16:25:37,046 - app - INFO - app.py:101 - Incoming Request: Method=GET, Path=/api/sync/status, Origin=http://localhost:3000
2025-12-03 16:25:42,052 - app - INFO - app.py:101 - Incoming Request: Method=GET, Path=/api/sync/status, Origin=http://localhost:3000
2025-12-03 16:25:47,046 - app - INFO - app.py:101 - Incoming Request: Method=GET, Path=/api/sync/status, Origin=http://localhost:3000
2025-12-03 16:25:52,042 - app - INFO - app.py:101 - Incoming Request: Method=GET, Path=/api/notifications, Origin=http://localhost:3000
2025-12-03 16:26:05,052 - app - INFO - app.py:101 - Incoming Request: Method=GET, Path=/api/sync/status, Origin=http://localhost:3000
2025-12-03 16:26:22,045 - app - INFO - app.py:101 - Incoming Request: Method=GET, Path=/api/notifications, Origin=http://localhost:3000
2025-12-03 16:26:23,659 - app - INFO - app.py:101 - Incoming Request: Method=GET, Path=/api/settings, Origin=http://localhost:3000
2025-12-03 16:26:23,663 - app - INFO - app.py:101 - Incoming Request: Method=GET, Path=/api/admin-users, Origin=http://localhost:3000
2025-12-03 16:26:24,008 - app - INFO - app.py:101 - Incoming Request: Method=GET, Path=/api/notifications, Origin=http://localhost:3000
2025-12-03 16:26:24,517 - app - INFO - app.py:101 - Incoming Request: Method=GET, Path=/api/notifications, Origin=http://localhost:3000
2025-12-03 16:26:26,052 - app - INFO - app.py:101 - Incoming Request: Method=GET, Path=/api/sync/status, Origin=http://localhost:3000
2025-12-03 16:26:27,052 - app - INFO - app.py:101 - Incoming Request: Method=GET, Path=/api/sync/status, Origin=http://localhost:3000
2025-12-03 16:26:54,054 - app - INFO - app.py:101 - Incoming Request: Method=GET, Path=/api/notifications, Origin=http://localhost:3000
2025-12-03 16:27:05,032 - app - INFO - app.py:101 - Incoming Request: Method=GET, Path=/api/sync/status, Origin=http://localhost:3000
2025-12-03 16:27:24,161 - app - INFO - app.py:101 - Incoming Request: Method=GET, Path=/api/notifications, Origin=http://localhost:3000
2025-12-03 16:29:24,581 - app - INFO - app.py:101 - Incoming Request: Method=GET, Path=/api/sync/status, Origin=http://localhost:3000
2025-12-03 16:29:24,639 - app - INFO - app.py:101 - Incoming Request: Method=GET, Path=/api/settings, Origin=http://localhost:3000
2025-12-03 16:29:24,639 - app - INFO - app.py:101 - Incoming Request: Method=GET, Path=/api/admin-users, Origin=http://localhost:3000
2025-12-03 16:29:24,942 - app - INFO - app.py:101 - Incoming Request: Method=GET, Path=/api/notifications, Origin=http://localhost:3000
2025-12-03 16:29:25,437 - app - INFO - app.py:101 - Incoming Request: Method=GET, Path=/api/notifications, Origin=http://localhost:3000
2025-12-03 16:29:30,054 - app - INFO - app.py:101 - Incoming Request: Method=GET, Path=/api/sync/status, Origin=http://localhost:3000
2025-12-03 16:29:35,035 - app - INFO - app.py:101 - Incoming Request: Method=GET, Path=/api/sync/status, Origin=http://localhost:3000
2025-12-03 16:29:40,036 - app - INFO - app.py:101 - Incoming Request: Method=GET, Path=/api/sync/status, Origin=http://localhost:3000
2025-12-03 16:29:45,041 - app - INFO - app.py:101 - Incoming Request: Method=GET, Path=/api/sync/status, Origin=http://localhost:3000
2025-12-03 16:29:50,032 - app - INFO - app.py:101 - Incoming Request: Method=GET, Path=/api/sync/status, Origin=http://localhost:3000
2025-12-03 16:29:55,031 - app - INFO - app.py:101 - Incoming Request: Method=GET, Path=/api/sync/status, Origin=http://localhost:3000
2025-12-03 16:29:55,031 - app - INFO - app.py:101 - Incoming Request: Method=GET, Path=/api/notifications, Origin=http://localhost:3000
2025-12-03 16:30:00,044 - app - INFO - app.py:101 - Incoming Request: Method=GET, Path=/api/sync/status, Origin=http://localhost:3000
2025-12-03 16:30:05,032 - app - INFO - app.py:101 - Incoming Request: Method=GET, Path=/api/sync/status, Origin=http://localhost:3000
2025-12-03 16:30:10,034 - app - INFO - app.py:101 - Incoming Request: Method=GET, Path=/api/sync/status, Origin=http://localhost:3000
2025-12-03 16:30:15,038 - app - INFO - app.py:101 - Incoming Request: Method=GET, Path=/api/sync/status, Origin=http://localhost:3000
2025-12-03 16:30:25,033 - app - INFO - app.py:101 - Incoming Request: Method=GET, Path=/api/notifications, Origin=http://localhost:3000
2025-12-03 16:30:55,035 - app - INFO - app.py:101 - Incoming Request: Method=GET, Path=/api/notifications, Origin=http://localhost:3000
2025-12-03 16:31:05,045 - app - INFO - app.py:101 - Incoming Request: Method=GET, Path=/api/sync/status, Origin=http://localhost:3000
2025-12-03 16:31:25,037 - app - INFO - app.py:101 - Incoming Request: Method=GET, Path=/api/notifications, Origin=http://localhost:3000
2025-12-03 16:31:55,052 - app - INFO - app.py:101 - Incoming Request: Method=GET, Path=/api/notifications, Origin=http://localhost:3000
2025-12-03 16:32:05,042 - app - INFO - app.py:101 - Incoming Request: Method=GET, Path=/api/sync/status, Origin=http://localhost:3000
2025-12-03 16:32:25,049 - app - INFO - app.py:101 - Incoming Request: Method=GET, Path=/api/notifications, Origin=http://localhost:3000
2025-12-03 16:32:50,044 - app - INFO - app.py:101 - Incoming Request: Method=GET, Path=/api/sync/status, Origin=http://localhost:3000
2025-12-03 16:33:05,042 - app - INFO - app.py:101 - Incoming Request: Method=GET, Path=/api/sync/status, Origin=http://localhost:3000
2025-12-03 16:33:05,044 - app - INFO - app.py:101 - Incoming Request: Method=GET, Path=/api/notifications, Origin=http://localhost:3000
2025-12-03 16:34:05,051 - app - INFO - app.py:101 - Incoming Request: Method=GET, Path=/api/sync/status, Origin=http://localhost:3000
2025-12-03 16:34:05,052 - app - INFO - app.py:101 - Incoming Request: Method=GET, Path=/api/notifications, Origin=http://localhost:3000
2025-12-03 16:35:05,040 - app - INFO - app.py:101 - Incoming Request: Method=GET, Path=/api/sync/status, Origin=http://localhost:3000
2025-12-03 16:35:05,047 - app - INFO - app.py:101 - Incoming Request: Method=GET, Path=/api/notifications, Origin=http://localhost:3000
2025-12-03 16:36:05,050 - app - INFO - app.py:101 - Incoming Request: Method=GET, Path=/api/sync/status, Origin=http://localhost:3000
2025-12-03 16:36:05,056 - app - INFO - app.py:101 - Incoming Request: Method=GET, Path=/api/notifications, Origin=http://localhost:3000
2025-12-03 16:37:05,045 - app - INFO - app.py:101 - Incoming Request: Method=GET, Path=/api/sync/status, Origin=http://localhost:3000
2025-12-03 16:37:05,045 - app - INFO - app.py:101 - Incoming Request: Method=GET, Path=/api/notifications, Origin=http://localhost:3000
2025-12-03 16:38:05,091 - app - INFO - app.py:101 - Incoming Request: Method=GET, Path=/api/sync/status, Origin=http://localhost:3000
2025-12-03 16:38:05,099 - app - INFO - app.py:101 - Incoming Request: Method=GET, Path=/api/notifications, Origin=http://localhost:3000
2025-12-03 16:38:15,681 - app - INFO - app.py:101 - Incoming Request: Method=GET, Path=/api/sync/status, Origin=http://localhost:3000
2025-12-03 16:38:19,566 - app - INFO - app.py:101 - Incoming Request: Method=GET, Path=/api/sync/status, Origin=http://localhost:3000
2025-12-03 16:38:19,601 - app - INFO - app.py:101 - Incoming Request: Method=GET, Path=/api/settings, Origin=http://localhost:3000
2025-12-03 16:38:19,608 - app - INFO - app.py:101 - Incoming Request: Method=GET, Path=/api/admin-users, Origin=http://localhost:3000
2025-12-03 16:38:19,754 - app - INFO - app.py:101 - Incoming Request: Method=GET, Path=/api/notifications, Origin=http://localhost:3000
2025-12-03 16:38:20,093 - app - INFO - app.py:101 - Incoming Request: Method=GET, Path=/api/notifications, Origin=http://localhost:3000
2025-12-03 16:38:24,576 - app - INFO - app.py:101 - Incoming Request: Method=GET, Path=/api/sync/status, Origin=http://localhost:3000
2025-12-03 16:38:30,030 - app - INFO - app.py:101 - Incoming Request: Method=GET, Path=/api/sync/status, Origin=http://localhost:3000
2025-12-03 16:38:35,035 - app - INFO - app.py:101 - Incoming Request: Method=GET, Path=/api/sync/status, Origin=http://localhost:3000
2025-12-03 16:38:40,059 - app - INFO - app.py:101 - Incoming Request: Method=GET, Path=/api/sync/status, Origin=http://localhost:3000
2025-12-03 16:38:45,045 - app - INFO - app.py:101 - Incoming Request: Method=GET, Path=/api/sync/status, Origin=http://localhost:3000
2025-12-03 16:38:50,045 - app - INFO - app.py:101 - Incoming Request: Method=GET, Path=/api/sync/status, Origin=http://localhost:3000
2025-12-03 16:38:50,047 - app - INFO - app.py:101 - Incoming Request: Method=GET, Path=/api/notifications, Origin=http://localhost:3000
2025-12-03 16:38:55,044 - app - INFO - app.py:101 - Incoming Request: Method=GET, Path=/api/sync/status, Origin=http://localhost:3000
2025-12-03 16:39:00,045 - app - INFO - app.py:101 - Incoming Request: Method=GET, Path=/api/sync/status, Origin=http://localhost:3000
2025-12-03 16:39:05,035 - app - INFO - app.py:101 - Incoming Request: Method=GET, Path=/api/sync/status, Origin=http://localhost:3000
2025-12-03 16:39:10,043 - app - INFO - app.py:101 - Incoming Request: Method=GET, Path=/api/sync/status, Origin=http://localhost:3000
2025-12-03 16:39:14,853 - app - INFO - app.py:101 - Incoming Request: Method=GET, Path=/api/sync/status, Origin=http://localhost:3000
2025-12-03 16:39:19,617 - app - INFO - app.py:101 - Incoming Request: Method=GET, Path=/api/sync/status, Origin=http://localhost:3000
2025-12-03 16:39:19,652 - app - INFO - app.py:101 - Incoming Request: Method=GET, Path=/api/settings, Origin=http://localhost:3000
2025-12-03 16:39:19,669 - app - INFO - app.py:101 - Incoming Request: Method=GET, Path=/api/admin-users, Origin=http://localhost:3000
2025-12-03 16:39:19,763 - app - INFO - app.py:101 - Incoming Request: Method=GET, Path=/api/notifications, Origin=http://localhost:3000
2025-12-03 16:39:20,131 - app - INFO - app.py:101 - Incoming Request: Method=GET, Path=/api/notifications, Origin=http://localhost:3000
2025-12-03 16:39:24,556 - app - INFO - app.py:101 - Incoming Request: Method=GET, Path=/api/sync/status, Origin=http://localhost:3000
2025-12-03 16:39:29,561 - app - INFO - app.py:101 - Incoming Request: Method=GET, Path=/api/sync/status, Origin=http://localhost:3000
2025-12-03 16:39:34,569 - app - INFO - app.py:101 - Incoming Request: Method=GET, Path=/api/sync/status, Origin=http://localhost:3000
2025-12-03 16:39:39,560 - app - INFO - app.py:101 - Incoming Request: Method=GET, Path=/api/sync/status, Origin=http://localhost:3000
2025-12-03 16:39:44,571 - app - INFO - app.py:101 - Incoming Request: Method=GET, Path=/api/sync/status, Origin=http://localhost:3000
2025-12-03 16:39:49,553 - app - INFO - app.py:101 - Incoming Request: Method=GET, Path=/api/sync/status, Origin=http://localhost:3000
2025-12-03 16:39:49,781 - app - INFO - app.py:101 - Incoming Request: Method=GET, Path=/api/notifications, Origin=http://localhost:3000
2025-12-03 16:39:54,570 - app - INFO - app.py:101 - Incoming Request: Method=GET, Path=/api/sync/status, Origin=http://localhost:3000
2025-12-03 16:39:59,563 - app - INFO - app.py:101 - Incoming Request: Method=GET, Path=/api/sync/status, Origin=http://localhost:3000
2025-12-03 16:40:04,557 - app - INFO - app.py:101 - Incoming Request: Method=GET, Path=/api/sync/status, Origin=http://localhost:3000
2025-12-03 16:40:09,564 - app - INFO - app.py:101 - Incoming Request: Method=GET, Path=/api/sync/status, Origin=http://localhost:3000
2025-12-03 16:40:09,993 - app - INFO - app.py:101 - Incoming Request: Method=GET, Path=/api/batches, Origin=http://localhost:3000
2025-12-03 16:40:14,567 - app - INFO - app.py:101 - Incoming Request: Method=GET, Path=/api/sync/status, Origin=http://localhost:3000
2025-12-03 16:40:19,562 - app - INFO - app.py:101 - Incoming Request: Method=GET, Path=/api/sync/status, Origin=http://localhost:3000
2025-12-03 16:40:19,777 - app - INFO - app.py:101 - Incoming Request: Method=GET, Path=/api/notifications, Origin=http://localhost:3000
2025-12-03 16:40:24,563 - app - INFO - app.py:101 - Incoming Request: Method=GET, Path=/api/sync/status, Origin=http://localhost:3000
2025-12-03 16:40:30,034 - app - INFO - app.py:101 - Incoming Request: Method=GET, Path=/api/sync/status, Origin=http://localhost:3000
2025-12-03 16:40:35,035 - app - INFO - app.py:101 - Incoming Request: Method=GET, Path=/api/sync/status, Origin=http://localhost:3000
2025-12-03 16:40:40,038 - app - INFO - app.py:101 - Incoming Request: Method=GET, Path=/api/sync/status, Origin=http://localhost:3000
2025-12-03 16:40:45,038 - app - INFO - app.py:101 - Incoming Request: Method=GET, Path=/api/sync/status, Origin=http://localhost:3000
2025-12-03 16:40:50,039 - app - INFO - app.py:101 - Incoming Request: Method=GET, Path=/api/sync/status, Origin=http://localhost:3000
2025-12-03 16:40:50,046 - app - INFO - app.py:101 - Incoming Request: Method=GET, Path=/api/notifications, Origin=http://localhost:3000
2025-12-03 16:40:55,035 - app - INFO - app.py:101 - Incoming Request: Method=GET, Path=/api/sync/status, Origin=http://localhost:3000
2025-12-03 16:40:58,504 - app - INFO - app.py:162 - Application started - Log file: D:\Siri-apps\billing-app\backend\data\logs\app-log-2025-12-03.log
2025-12-03 16:40:58,511 - app - INFO - app.py:163 - BASE_DIR: D:\Siri-apps\billing-app\backend
2025-12-03 16:40:58,511 - app - INFO - app.py:164 - JSON_DIR: D:\Siri-apps\billing-app\backend\data\json
2025-12-03 16:40:58,511 - app - INFO - app.py:165 - LOGS_DIR: D:\Siri-apps\billing-app\backend\data\logs
2025-12-03 16:40:58,512 - app - INFO - app.py:192 - Starting log file cleanup. Keeping files for 30 days.
2025-12-03 16:40:58,512 - app - INFO - app.py:209 - Log cleanup completed. Deleted 0 old log files.
2025-12-03 16:40:58,512 - app - DEBUG - app.py:187 - Directory already exists: D:\Siri-apps\billing-app\backend\data
2025-12-03 16:40:58,512 - app - DEBUG - app.py:187 - Directory already exists: D:\Siri-apps\billing-app\backend\data\json
2025-12-03 16:40:58,512 - app - DEBUG - app.py:187 - Directory already exists: D:\Siri-apps\billing-app\backend\data\logs
2025-12-03 16:40:58,512 - app - INFO - app.py:77 - Enhanced sync manager initialized
2025-12-03 16:41:02,582 - app - INFO - app.py:220 - Initial data export from Supabase completed successfully.
2025-12-03 16:41:02,582 - app - INFO - app.py:231 - Starting Flask server on port 8080 (debug=True)
2025-12-03 16:41:02,648 - app - INFO - app.py:101 - Incoming Request: Method=GET, Path=/api/sync/status, Origin=http://localhost:3000
2025-12-03 16:41:05,034 - app - INFO - app.py:101 - Incoming Request: Method=GET, Path=/api/sync/status, Origin=http://localhost:3000
2025-12-03 16:41:10,043 - app - INFO - app.py:101 - Incoming Request: Method=GET, Path=/api/sync/status, Origin=http://localhost:3000
2025-12-03 16:41:15,031 - app - INFO - app.py:101 - Incoming Request: Method=GET, Path=/api/sync/status, Origin=http://localhost:3000
2025-12-03 16:41:20,051 - app - INFO - app.py:101 - Incoming Request: Method=GET, Path=/api/sync/status, Origin=http://localhost:3000
2025-12-03 16:41:20,052 - app - INFO - app.py:101 - Incoming Request: Method=GET, Path=/api/notifications, Origin=http://localhost:3000
2025-12-03 16:41:25,034 - app - INFO - app.py:101 - Incoming Request: Method=GET, Path=/api/sync/status, Origin=http://localhost:3000
2025-12-03 16:41:50,030 - app - INFO - app.py:101 - Incoming Request: Method=GET, Path=/api/notifications, Origin=http://localhost:3000
2025-12-03 16:42:05,052 - app - INFO - app.py:101 - Incoming Request: Method=GET, Path=/api/sync/status, Origin=http://localhost:3000
2025-12-03 16:42:20,042 - app - INFO - app.py:101 - Incoming Request: Method=GET, Path=/api/notifications, Origin=http://localhost:3000
2025-12-03 16:42:55,105 - app - INFO - app.py:101 - Incoming Request: Method=GET, Path=/api/sync/status, Origin=http://localhost:3000
2025-12-03 16:42:55,106 - app - INFO - app.py:101 - Incoming Request: Method=GET, Path=/api/notifications, Origin=http://localhost:3000
2025-12-03 16:42:59,555 - app - INFO - app.py:101 - Incoming Request: Method=GET, Path=/api/sync/status, Origin=http://localhost:3000
2025-12-03 16:43:04,554 - app - INFO - app.py:101 - Incoming Request: Method=GET, Path=/api/sync/status, Origin=http://localhost:3000
2025-12-03 16:43:10,033 - app - INFO - app.py:101 - Incoming Request: Method=GET, Path=/api/sync/status, Origin=http://localhost:3000
2025-12-03 16:43:15,040 - app - INFO - app.py:101 - Incoming Request: Method=GET, Path=/api/sync/status, Origin=http://localhost:3000
2025-12-03 16:43:20,045 - app - INFO - app.py:101 - Incoming Request: Method=GET, Path=/api/sync/status, Origin=http://localhost:3000
2025-12-03 16:43:20,051 - app - INFO - app.py:101 - Incoming Request: Method=GET, Path=/api/notifications, Origin=http://localhost:3000
2025-12-03 16:43:25,032 - app - INFO - app.py:101 - Incoming Request: Method=GET, Path=/api/sync/status, Origin=http://localhost:3000
2025-12-03 16:43:30,040 - app - INFO - app.py:101 - Incoming Request: Method=GET, Path=/api/sync/status, Origin=http://localhost:3000
2025-12-03 16:43:35,039 - app - INFO - app.py:101 - Incoming Request: Method=GET, Path=/api/sync/status, Origin=http://localhost:3000
2025-12-03 16:43:40,038 - app - INFO - app.py:101 - Incoming Request: Method=GET, Path=/api/sync/status, Origin=http://localhost:3000
2025-12-03 16:43:45,034 - app - INFO - app.py:101 - Incoming Request: Method=GET, Path=/api/sync/status, Origin=http://localhost:3000
2025-12-03 16:43:50,040 - app - INFO - app.py:101 - Incoming Request: Method=GET, Path=/api/sync/status, Origin=http://localhost:3000
2025-12-03 16:43:50,042 - app - INFO - app.py:101 - Incoming Request: Method=GET, Path=/api/notifications, Origin=http://localhost:3000
2025-12-03 16:43:55,034 - app - INFO - app.py:101 - Incoming Request: Method=GET, Path=/api/sync/status, Origin=http://localhost:3000
2025-12-03 16:44:00,039 - app - INFO - app.py:101 - Incoming Request: Method=GET, Path=/api/sync/status, Origin=http://localhost:3000
2025-12-03 16:44:05,053 - app - INFO - app.py:101 - Incoming Request: Method=GET, Path=/api/sync/status, Origin=http://localhost:3000
2025-12-03 16:44:16,459 - app - INFO - app.py:101 - Incoming Request: Method=GET, Path=/api/settings, Origin=http://localhost:3000
2025-12-03 16:44:16,473 - app - INFO - app.py:101 - Incoming Request: Method=GET, Path=/api/admin-users, Origin=http://localhost:3000
2025-12-03 16:44:17,766 - app - INFO - app.py:101 - Incoming Request: Method=GET, Path=/api/notifications, Origin=http://localhost:3000
2025-12-03 16:44:17,972 - app - INFO - app.py:101 - Incoming Request: Method=GET, Path=/api/notifications, Origin=http://localhost:3000
2025-12-03 16:44:44,197 - app - INFO - app.py:101 - Incoming Request: Method=GET, Path=/api/batches, Origin=http://localhost:3000
2025-12-03 16:44:44,207 - app - INFO - app.py:101 - Incoming Request: Method=GET, Path=/api/sync/status, Origin=http://localhost:3000
2025-12-03 16:44:44,556 - app - INFO - app.py:101 - Incoming Request: Method=GET, Path=/api/sync/status, Origin=http://localhost:3000
2025-12-03 16:44:47,798 - app - INFO - app.py:101 - Incoming Request: Method=GET, Path=/api/notifications, Origin=http://localhost:3000
2025-12-03 16:44:50,039 - app - INFO - app.py:101 - Incoming Request: Method=GET, Path=/api/sync/status, Origin=http://localhost:3000
