2025-12-21 21:36:59,165 - app - INFO - app.py:188 - Application started - Log file: D:\Siri-apps\billing-app\backend\data\logs\app-log-2025-12-21.log
2025-12-21 21:36:59,165 - app - INFO - app.py:189 - BASE_DIR: D:\Siri-apps\billing-app\backend
2025-12-21 21:36:59,165 - app - INFO - app.py:190 - JSON_DIR: D:\Siri-apps\billing-app\backend\data\json
2025-12-21 21:36:59,165 - app - INFO - app.py:191 - LOGS_DIR: D:\Siri-apps\billing-app\backend\data\logs
2025-12-21 21:36:59,165 - app - INFO - app.py:218 - Starting log file cleanup. Keeping files for 30 days.
2025-12-21 21:36:59,169 - app - INFO - app.py:235 - Log cleanup completed. Deleted 0 old log files.
2025-12-21 21:36:59,169 - app - DEBUG - app.py:213 - Directory already exists: D:\Siri-apps\billing-app\backend\data
2025-12-21 21:36:59,170 - app - INFO - app.py:209 - Created directory: D:\Siri-apps\billing-app\backend\data\json
2025-12-21 21:36:59,170 - app - DEBUG - app.py:213 - Directory already exists: D:\Siri-apps\billing-app\backend\data\logs
2025-12-21 21:36:59,170 - app - INFO - app.py:79 - Enhanced sync manager initialized
2025-12-21 21:37:03,198 - app - INFO - app.py:246 - Initial data export from Supabase completed successfully.
2025-12-21 21:37:03,198 - app - INFO - app.py:257 - Starting Flask server on port 8080 (debug=True)
2025-12-21 21:37:04,353 - app - INFO - app.py:188 - Application started - Log file: D:\Siri-apps\billing-app\backend\data\logs\app-log-2025-12-21.log
2025-12-21 21:37:04,354 - app - INFO - app.py:189 - BASE_DIR: D:\Siri-apps\billing-app\backend
2025-12-21 21:37:04,354 - app - INFO - app.py:190 - JSON_DIR: D:\Siri-apps\billing-app\backend\data\json
2025-12-21 21:37:04,354 - app - INFO - app.py:191 - LOGS_DIR: D:\Siri-apps\billing-app\backend\data\logs
2025-12-21 21:37:04,354 - app - INFO - app.py:218 - Starting log file cleanup. Keeping files for 30 days.
2025-12-21 21:37:04,355 - app - INFO - app.py:235 - Log cleanup completed. Deleted 0 old log files.
2025-12-21 21:37:04,355 - app - DEBUG - app.py:213 - Directory already exists: D:\Siri-apps\billing-app\backend\data
2025-12-21 21:37:04,355 - app - DEBUG - app.py:213 - Directory already exists: D:\Siri-apps\billing-app\backend\data\json
2025-12-21 21:37:04,356 - app - DEBUG - app.py:213 - Directory already exists: D:\Siri-apps\billing-app\backend\data\logs
2025-12-21 21:37:04,357 - app - INFO - app.py:79 - Enhanced sync manager initialized
2025-12-21 21:37:07,635 - app - INFO - app.py:246 - Initial data export from Supabase completed successfully.
2025-12-21 21:37:07,651 - app - INFO - app.py:257 - Starting Flask server on port 8080 (debug=True)
2025-12-21 21:39:06,429 - app - INFO - app.py:188 - Application started - Log file: D:\Siri-apps\billing-app\backend\data\logs\app-log-2025-12-21.log
2025-12-21 21:39:06,429 - app - INFO - app.py:189 - BASE_DIR: D:\Siri-apps\billing-app\backend
2025-12-21 21:39:06,429 - app - INFO - app.py:190 - JSON_DIR: D:\Siri-apps\billing-app\backend\data\json
2025-12-21 21:39:06,429 - app - INFO - app.py:191 - LOGS_DIR: D:\Siri-apps\billing-app\backend\data\logs
2025-12-21 21:39:06,429 - app - INFO - app.py:218 - Starting log file cleanup. Keeping files for 30 days.
2025-12-21 21:39:06,429 - app - INFO - app.py:235 - Log cleanup completed. Deleted 0 old log files.
2025-12-21 21:39:06,429 - app - DEBUG - app.py:213 - Directory already exists: D:\Siri-apps\billing-app\backend\data
2025-12-21 21:39:06,431 - app - DEBUG - app.py:213 - Directory already exists: D:\Siri-apps\billing-app\backend\data\json
2025-12-21 21:39:06,431 - app - DEBUG - app.py:213 - Directory already exists: D:\Siri-apps\billing-app\backend\data\logs
2025-12-21 21:39:06,431 - app - INFO - app.py:79 - Enhanced sync manager initialized
2025-12-21 21:39:09,984 - app - INFO - app.py:246 - Initial data export from Supabase completed successfully.
2025-12-21 21:39:09,985 - app - INFO - app.py:257 - Starting Flask server on port 8080 (debug=True)
2025-12-21 21:53:50,986 - app - INFO - app.py:188 - Application started - Log file: D:\Siri-apps\billing-app\backend\data\logs\app-log-2025-12-21.log
2025-12-21 21:53:50,986 - app - INFO - app.py:189 - BASE_DIR: D:\Siri-apps\billing-app\backend
2025-12-21 21:53:50,986 - app - INFO - app.py:190 - JSON_DIR: D:\Siri-apps\billing-app\backend\data\json
2025-12-21 21:53:50,986 - app - INFO - app.py:191 - LOGS_DIR: D:\Siri-apps\billing-app\backend\data\logs
2025-12-21 21:53:50,986 - app - INFO - app.py:218 - Starting log file cleanup. Keeping files for 30 days.
2025-12-21 21:53:50,986 - app - INFO - app.py:235 - Log cleanup completed. Deleted 0 old log files.
2025-12-21 21:53:50,986 - app - DEBUG - app.py:213 - Directory already exists: D:\Siri-apps\billing-app\backend\data
2025-12-21 21:53:50,989 - app - DEBUG - app.py:213 - Directory already exists: D:\Siri-apps\billing-app\backend\data\json
2025-12-21 21:53:50,989 - app - DEBUG - app.py:213 - Directory already exists: D:\Siri-apps\billing-app\backend\data\logs
2025-12-21 21:53:50,989 - app - INFO - app.py:79 - Enhanced sync manager initialized
2025-12-21 21:53:55,479 - app - INFO - app.py:246 - Initial data export from Supabase completed successfully.
2025-12-21 21:53:55,480 - app - INFO - app.py:257 - Starting Flask server on port 8080 (debug=True)
