2026-01-10 14:44:41,932 - app - INFO - app.py:198 - Application started - Log file: D:\Siri-apps\billing-app\backend\data\logs\app-log-2026-01-10.log
2026-01-10 14:44:41,935 - app - INFO - app.py:199 - BASE_DIR: D:\Siri-apps\billing-app\backend
2026-01-10 14:44:41,936 - app - INFO - app.py:200 - JSON_DIR: D:\Siri-apps\billing-app\backend\data\json
2026-01-10 14:44:41,939 - app - INFO - app.py:201 - LOGS_DIR: D:\Siri-apps\billing-app\backend\data\logs
2026-01-10 14:44:41,939 - app - INFO - app.py:228 - Starting log file cleanup. Keeping files for 30 days.
2026-01-10 14:44:41,942 - app - INFO - app.py:245 - Log cleanup completed. Deleted 0 old log files.
2026-01-10 14:44:41,942 - app - DEBUG - app.py:223 - Directory already exists: D:\Siri-apps\billing-app\backend\data
2026-01-10 14:44:41,944 - app - DEBUG - app.py:223 - Directory already exists: D:\Siri-apps\billing-app\backend\data\json
2026-01-10 14:44:41,944 - app - DEBUG - app.py:223 - Directory already exists: D:\Siri-apps\billing-app\backend\data\logs
2026-01-10 14:44:41,945 - app - INFO - app.py:79 - Enhanced sync manager initialized
2026-01-10 14:44:47,972 - app - INFO - app.py:256 - Initial data export from Supabase completed successfully.
2026-01-10 14:44:48,002 - app - INFO - app.py:267 - Starting Flask server on port 8080 (debug=True)
2026-01-10 14:44:52,679 - app - INFO - app.py:198 - Application started - Log file: D:\Siri-apps\billing-app\backend\data\logs\app-log-2026-01-10.log
2026-01-10 14:44:52,680 - app - INFO - app.py:199 - BASE_DIR: D:\Siri-apps\billing-app\backend
2026-01-10 14:44:52,680 - app - INFO - app.py:200 - JSON_DIR: D:\Siri-apps\billing-app\backend\data\json
2026-01-10 14:44:52,681 - app - INFO - app.py:201 - LOGS_DIR: D:\Siri-apps\billing-app\backend\data\logs
2026-01-10 14:44:52,681 - app - INFO - app.py:228 - Starting log file cleanup. Keeping files for 30 days.
2026-01-10 14:44:52,682 - app - INFO - app.py:245 - Log cleanup completed. Deleted 0 old log files.
2026-01-10 14:44:52,683 - app - DEBUG - app.py:223 - Directory already exists: D:\Siri-apps\billing-app\backend\data
2026-01-10 14:44:52,683 - app - DEBUG - app.py:223 - Directory already exists: D:\Siri-apps\billing-app\backend\data\json
2026-01-10 14:44:52,684 - app - DEBUG - app.py:223 - Directory already exists: D:\Siri-apps\billing-app\backend\data\logs
2026-01-10 14:44:52,684 - app - INFO - app.py:79 - Enhanced sync manager initialized
2026-01-10 14:44:56,593 - app - INFO - app.py:256 - Initial data export from Supabase completed successfully.
2026-01-10 14:44:56,595 - app - INFO - app.py:267 - Starting Flask server on port 8080 (debug=True)
2026-01-10 14:45:51,561 - app - INFO - app.py:103 - Incoming Request: Method=OPTIONS, Path=/api/sync/status, Origin=http://localhost:3000
2026-01-10 14:45:51,570 - app - INFO - app.py:103 - Incoming Request: Method=GET, Path=/api/sync/status, Origin=http://localhost:3000
2026-01-10 14:45:57,034 - app - INFO - app.py:103 - Incoming Request: Method=OPTIONS, Path=/api/sync/status, Origin=http://localhost:3000
2026-01-10 14:45:57,039 - app - INFO - app.py:103 - Incoming Request: Method=GET, Path=/api/sync/status, Origin=http://localhost:3000
2026-01-10 14:46:02,039 - app - INFO - app.py:103 - Incoming Request: Method=GET, Path=/api/sync/status, Origin=http://localhost:3000
2026-01-10 14:46:07,040 - app - INFO - app.py:103 - Incoming Request: Method=OPTIONS, Path=/api/sync/status, Origin=http://localhost:3000
2026-01-10 14:46:07,046 - app - INFO - app.py:103 - Incoming Request: Method=GET, Path=/api/sync/status, Origin=http://localhost:3000
2026-01-10 14:46:12,181 - app - INFO - app.py:103 - Incoming Request: Method=OPTIONS, Path=/api/sync/status, Origin=http://localhost:3000
2026-01-10 14:46:12,188 - app - INFO - app.py:103 - Incoming Request: Method=GET, Path=/api/sync/status, Origin=http://localhost:3000
2026-01-10 14:46:16,572 - app - INFO - app.py:103 - Incoming Request: Method=GET, Path=/api/sync/status, Origin=http://localhost:3000
2026-01-10 14:46:21,572 - app - INFO - app.py:103 - Incoming Request: Method=OPTIONS, Path=/api/sync/status, Origin=http://localhost:3000
2026-01-10 14:46:21,577 - app - INFO - app.py:103 - Incoming Request: Method=GET, Path=/api/sync/status, Origin=http://localhost:3000
2026-01-10 14:46:25,819 - app - INFO - app.py:103 - Incoming Request: Method=OPTIONS, Path=/api/auth/login, Origin=http://localhost:3000
2026-01-10 14:46:25,825 - app - INFO - app.py:103 - Incoming Request: Method=POST, Path=/api/auth/login, Origin=http://localhost:3000
2026-01-10 14:46:26,569 - app - INFO - app.py:103 - Incoming Request: Method=GET, Path=/api/sync/status, Origin=http://localhost:3000
2026-01-10 14:46:31,579 - app - INFO - app.py:103 - Incoming Request: Method=OPTIONS, Path=/api/sync/status, Origin=http://localhost:3000
2026-01-10 14:46:31,599 - app - INFO - app.py:103 - Incoming Request: Method=GET, Path=/api/sync/status, Origin=http://localhost:3000
2026-01-10 14:46:33,795 - app - INFO - app.py:103 - Incoming Request: Method=GET, Path=/api/notifications, Origin=http://localhost:3000
2026-01-10 14:46:33,801 - app - INFO - app.py:103 - Incoming Request: Method=GET, Path=/api/bills, Origin=http://localhost:3000
2026-01-10 14:46:33,804 - app - INFO - app.py:103 - Incoming Request: Method=GET, Path=/api/products, Origin=http://localhost:3000
2026-01-10 14:46:33,807 - app - INFO - app.py:103 - Incoming Request: Method=GET, Path=/api/stores, Origin=http://localhost:3000
2026-01-10 14:46:33,811 - app - INFO - app.py:103 - Incoming Request: Method=GET, Path=/api/users, Origin=http://localhost:3000
2026-01-10 14:46:34,679 - app - INFO - app.py:103 - Incoming Request: Method=GET, Path=/api/products, Origin=http://localhost:3000
2026-01-10 14:46:34,995 - app - INFO - app.py:103 - Incoming Request: Method=GET, Path=/api/notifications, Origin=http://localhost:3000
2026-01-10 14:46:35,215 - app - INFO - app.py:103 - Incoming Request: Method=GET, Path=/api/bills, Origin=http://localhost:3000
2026-01-10 14:46:35,425 - app - INFO - app.py:103 - Incoming Request: Method=GET, Path=/api/users, Origin=http://localhost:3000
2026-01-10 14:46:36,565 - app - INFO - app.py:103 - Incoming Request: Method=GET, Path=/api/sync/status, Origin=http://localhost:3000
2026-01-10 14:46:38,344 - app - INFO - app.py:103 - Incoming Request: Method=GET, Path=/api/stores, Origin=http://localhost:3000
2026-01-10 14:46:41,568 - app - INFO - app.py:103 - Incoming Request: Method=OPTIONS, Path=/api/sync/status, Origin=http://localhost:3000
2026-01-10 14:46:41,575 - app - INFO - app.py:103 - Incoming Request: Method=GET, Path=/api/sync/status, Origin=http://localhost:3000
2026-01-10 14:46:46,559 - app - INFO - app.py:103 - Incoming Request: Method=GET, Path=/api/sync/status, Origin=http://localhost:3000
2026-01-10 14:46:51,572 - app - INFO - app.py:103 - Incoming Request: Method=OPTIONS, Path=/api/sync/status, Origin=http://localhost:3000
2026-01-10 14:46:51,582 - app - INFO - app.py:103 - Incoming Request: Method=GET, Path=/api/sync/status, Origin=http://localhost:3000
2026-01-10 14:46:53,112 - app - INFO - app.py:103 - Incoming Request: Method=GET, Path=/api/batches, Origin=http://localhost:3000
2026-01-10 14:46:53,120 - app - INFO - app.py:103 - Incoming Request: Method=GET, Path=/api/products, Origin=http://localhost:3000
2026-01-10 14:46:53,123 - app - INFO - app.py:103 - Incoming Request: Method=GET, Path=/api/notifications, Origin=http://localhost:3000
2026-01-10 14:46:53,470 - app - INFO - app.py:103 - Incoming Request: Method=GET, Path=/api/notifications, Origin=http://localhost:3000
2026-01-10 14:46:56,571 - app - INFO - app.py:103 - Incoming Request: Method=GET, Path=/api/sync/status, Origin=http://localhost:3000
2026-01-10 14:46:56,810 - app - INFO - app.py:103 - Incoming Request: Method=GET, Path=/api/printers, Origin=http://localhost:3000
2026-01-10 14:46:59,087 - app - INFO - app.py:103 - Incoming Request: Method=OPTIONS, Path=/api/print-label, Origin=http://localhost:3000
2026-01-10 14:46:59,092 - app - INFO - app.py:103 - Incoming Request: Method=POST, Path=/api/print-label, Origin=http://localhost:3000
2026-01-10 14:47:00,366 - app - INFO - app.py:103 - Incoming Request: Method=GET, Path=/api/batches, Origin=http://localhost:3000
2026-01-10 14:47:01,559 - app - INFO - app.py:103 - Incoming Request: Method=OPTIONS, Path=/api/sync/status, Origin=http://localhost:3000
2026-01-10 14:47:01,565 - app - INFO - app.py:103 - Incoming Request: Method=GET, Path=/api/sync/status, Origin=http://localhost:3000
2026-01-10 14:47:07,037 - app - INFO - app.py:103 - Incoming Request: Method=OPTIONS, Path=/api/sync/status, Origin=http://localhost:3000
2026-01-10 14:47:07,045 - app - INFO - app.py:103 - Incoming Request: Method=GET, Path=/api/sync/status, Origin=http://localhost:3000
2026-01-10 14:47:12,208 - app - INFO - app.py:103 - Incoming Request: Method=OPTIONS, Path=/api/sync/status, Origin=http://localhost:3000
2026-01-10 14:47:12,220 - app - INFO - app.py:103 - Incoming Request: Method=GET, Path=/api/sync/status, Origin=http://localhost:3000
2026-01-10 14:47:17,039 - app - INFO - app.py:103 - Incoming Request: Method=GET, Path=/api/sync/status, Origin=http://localhost:3000
2026-01-10 14:47:22,041 - app - INFO - app.py:103 - Incoming Request: Method=OPTIONS, Path=/api/sync/status, Origin=http://localhost:3000
2026-01-10 14:47:22,047 - app - INFO - app.py:103 - Incoming Request: Method=GET, Path=/api/sync/status, Origin=http://localhost:3000
2026-01-10 14:47:24,040 - app - INFO - app.py:103 - Incoming Request: Method=GET, Path=/api/notifications, Origin=http://localhost:3000
2026-01-10 14:47:27,030 - app - INFO - app.py:103 - Incoming Request: Method=GET, Path=/api/sync/status, Origin=http://localhost:3000
2026-01-10 14:47:32,040 - app - INFO - app.py:103 - Incoming Request: Method=OPTIONS, Path=/api/sync/status, Origin=http://localhost:3000
2026-01-10 14:47:32,045 - app - INFO - app.py:103 - Incoming Request: Method=GET, Path=/api/sync/status, Origin=http://localhost:3000
2026-01-10 14:47:37,034 - app - INFO - app.py:103 - Incoming Request: Method=GET, Path=/api/sync/status, Origin=http://localhost:3000
2026-01-10 14:47:42,033 - app - INFO - app.py:103 - Incoming Request: Method=OPTIONS, Path=/api/sync/status, Origin=http://localhost:3000
2026-01-10 14:47:42,042 - app - INFO - app.py:103 - Incoming Request: Method=GET, Path=/api/sync/status, Origin=http://localhost:3000
2026-01-10 14:47:47,039 - app - INFO - app.py:103 - Incoming Request: Method=OPTIONS, Path=/api/sync/status, Origin=http://localhost:3000
2026-01-10 14:47:47,044 - app - INFO - app.py:103 - Incoming Request: Method=GET, Path=/api/sync/status, Origin=http://localhost:3000
2026-01-10 14:47:52,353 - app - INFO - app.py:103 - Incoming Request: Method=OPTIONS, Path=/api/sync/status, Origin=http://localhost:3000
2026-01-10 14:47:52,362 - app - INFO - app.py:103 - Incoming Request: Method=GET, Path=/api/sync/status, Origin=http://localhost:3000
2026-01-10 14:47:54,051 - app - INFO - app.py:103 - Incoming Request: Method=GET, Path=/api/notifications, Origin=http://localhost:3000
2026-01-10 14:47:57,035 - app - INFO - app.py:103 - Incoming Request: Method=GET, Path=/api/sync/status, Origin=http://localhost:3000
2026-01-10 14:48:02,037 - app - INFO - app.py:103 - Incoming Request: Method=OPTIONS, Path=/api/sync/status, Origin=http://localhost:3000
2026-01-10 14:48:02,039 - app - INFO - app.py:103 - Incoming Request: Method=GET, Path=/api/sync/status, Origin=http://localhost:3000
2026-01-10 14:48:24,033 - app - INFO - app.py:103 - Incoming Request: Method=GET, Path=/api/notifications, Origin=http://localhost:3000
2026-01-10 14:48:31,029 - app - INFO - app.py:103 - Incoming Request: Method=OPTIONS, Path=/api/sync/status, Origin=http://localhost:3000
2026-01-10 14:48:31,034 - app - INFO - app.py:103 - Incoming Request: Method=GET, Path=/api/sync/status, Origin=http://localhost:3000
2026-01-10 14:48:54,039 - app - INFO - app.py:103 - Incoming Request: Method=GET, Path=/api/notifications, Origin=http://localhost:3000
2026-01-10 14:49:24,032 - app - INFO - app.py:103 - Incoming Request: Method=GET, Path=/api/notifications, Origin=http://localhost:3000
2026-01-10 14:49:31,031 - app - INFO - app.py:103 - Incoming Request: Method=OPTIONS, Path=/api/sync/status, Origin=http://localhost:3000
2026-01-10 14:49:31,035 - app - INFO - app.py:103 - Incoming Request: Method=GET, Path=/api/sync/status, Origin=http://localhost:3000
2026-01-10 14:50:31,052 - app - INFO - app.py:103 - Incoming Request: Method=OPTIONS, Path=/api/sync/status, Origin=http://localhost:3000
2026-01-10 14:50:31,056 - app - INFO - app.py:103 - Incoming Request: Method=GET, Path=/api/notifications, Origin=http://localhost:3000
2026-01-10 14:50:31,067 - app - INFO - app.py:103 - Incoming Request: Method=GET, Path=/api/sync/status, Origin=http://localhost:3000
2026-01-10 14:51:31,029 - app - INFO - app.py:103 - Incoming Request: Method=OPTIONS, Path=/api/sync/status, Origin=http://localhost:3000
2026-01-10 14:51:31,031 - app - INFO - app.py:103 - Incoming Request: Method=GET, Path=/api/notifications, Origin=http://localhost:3000
2026-01-10 14:51:31,034 - app - INFO - app.py:103 - Incoming Request: Method=GET, Path=/api/sync/status, Origin=http://localhost:3000
2026-01-10 14:52:31,032 - app - INFO - app.py:103 - Incoming Request: Method=OPTIONS, Path=/api/sync/status, Origin=http://localhost:3000
2026-01-10 14:52:31,033 - app - INFO - app.py:103 - Incoming Request: Method=GET, Path=/api/notifications, Origin=http://localhost:3000
2026-01-10 14:52:31,036 - app - INFO - app.py:103 - Incoming Request: Method=GET, Path=/api/sync/status, Origin=http://localhost:3000
2026-01-10 14:53:31,031 - app - INFO - app.py:103 - Incoming Request: Method=OPTIONS, Path=/api/sync/status, Origin=http://localhost:3000
2026-01-10 14:53:31,035 - app - INFO - app.py:103 - Incoming Request: Method=GET, Path=/api/notifications, Origin=http://localhost:3000
2026-01-10 14:53:31,039 - app - INFO - app.py:103 - Incoming Request: Method=GET, Path=/api/sync/status, Origin=http://localhost:3000
2026-01-10 14:54:31,035 - app - INFO - app.py:103 - Incoming Request: Method=OPTIONS, Path=/api/sync/status, Origin=http://localhost:3000
2026-01-10 14:54:31,037 - app - INFO - app.py:103 - Incoming Request: Method=GET, Path=/api/notifications, Origin=http://localhost:3000
2026-01-10 14:54:31,041 - app - INFO - app.py:103 - Incoming Request: Method=GET, Path=/api/sync/status, Origin=http://localhost:3000
2026-01-10 14:55:31,042 - app - INFO - app.py:103 - Incoming Request: Method=OPTIONS, Path=/api/sync/status, Origin=http://localhost:3000
2026-01-10 14:55:31,049 - app - INFO - app.py:103 - Incoming Request: Method=GET, Path=/api/notifications, Origin=http://localhost:3000
2026-01-10 14:55:31,078 - app - INFO - app.py:103 - Incoming Request: Method=GET, Path=/api/sync/status, Origin=http://localhost:3000
2026-01-10 14:56:31,043 - app - INFO - app.py:103 - Incoming Request: Method=OPTIONS, Path=/api/sync/status, Origin=http://localhost:3000
2026-01-10 14:56:31,045 - app - INFO - app.py:103 - Incoming Request: Method=GET, Path=/api/notifications, Origin=http://localhost:3000
2026-01-10 14:56:31,050 - app - INFO - app.py:103 - Incoming Request: Method=GET, Path=/api/sync/status, Origin=http://localhost:3000
2026-01-10 14:57:31,033 - app - INFO - app.py:103 - Incoming Request: Method=OPTIONS, Path=/api/sync/status, Origin=http://localhost:3000
2026-01-10 14:57:31,037 - app - INFO - app.py:103 - Incoming Request: Method=GET, Path=/api/notifications, Origin=http://localhost:3000
2026-01-10 14:57:31,042 - app - INFO - app.py:103 - Incoming Request: Method=GET, Path=/api/sync/status, Origin=http://localhost:3000
2026-01-10 14:58:31,031 - app - INFO - app.py:103 - Incoming Request: Method=OPTIONS, Path=/api/sync/status, Origin=http://localhost:3000
2026-01-10 14:58:31,034 - app - INFO - app.py:103 - Incoming Request: Method=GET, Path=/api/notifications, Origin=http://localhost:3000
2026-01-10 14:58:31,037 - app - INFO - app.py:103 - Incoming Request: Method=GET, Path=/api/sync/status, Origin=http://localhost:3000
2026-01-10 14:59:31,036 - app - INFO - app.py:103 - Incoming Request: Method=OPTIONS, Path=/api/sync/status, Origin=http://localhost:3000
2026-01-10 14:59:31,043 - app - INFO - app.py:103 - Incoming Request: Method=GET, Path=/api/notifications, Origin=http://localhost:3000
2026-01-10 14:59:31,059 - app - INFO - app.py:103 - Incoming Request: Method=GET, Path=/api/sync/status, Origin=http://localhost:3000
2026-01-10 15:00:31,058 - app - INFO - app.py:103 - Incoming Request: Method=OPTIONS, Path=/api/sync/status, Origin=http://localhost:3000
2026-01-10 15:00:31,064 - app - INFO - app.py:103 - Incoming Request: Method=GET, Path=/api/notifications, Origin=http://localhost:3000
2026-01-10 15:00:31,071 - app - INFO - app.py:103 - Incoming Request: Method=GET, Path=/api/sync/status, Origin=http://localhost:3000
2026-01-10 15:01:31,029 - app - INFO - app.py:103 - Incoming Request: Method=OPTIONS, Path=/api/sync/status, Origin=http://localhost:3000
2026-01-10 15:01:31,031 - app - INFO - app.py:103 - Incoming Request: Method=GET, Path=/api/notifications, Origin=http://localhost:3000
2026-01-10 15:01:31,035 - app - INFO - app.py:103 - Incoming Request: Method=GET, Path=/api/sync/status, Origin=http://localhost:3000
2026-01-10 15:02:31,029 - app - INFO - app.py:103 - Incoming Request: Method=OPTIONS, Path=/api/sync/status, Origin=http://localhost:3000
2026-01-10 15:02:31,031 - app - INFO - app.py:103 - Incoming Request: Method=GET, Path=/api/notifications, Origin=http://localhost:3000
2026-01-10 15:02:31,031 - app - INFO - app.py:103 - Incoming Request: Method=GET, Path=/api/sync/status, Origin=http://localhost:3000
2026-01-10 15:03:31,035 - app - INFO - app.py:103 - Incoming Request: Method=OPTIONS, Path=/api/sync/status, Origin=http://localhost:3000
2026-01-10 15:03:31,064 - app - INFO - app.py:103 - Incoming Request: Method=GET, Path=/api/sync/status, Origin=http://localhost:3000
2026-01-10 15:03:31,067 - app - INFO - app.py:103 - Incoming Request: Method=GET, Path=/api/notifications, Origin=http://localhost:3000
2026-01-10 15:04:31,027 - app - INFO - app.py:103 - Incoming Request: Method=OPTIONS, Path=/api/sync/status, Origin=http://localhost:3000
2026-01-10 15:04:31,033 - app - INFO - app.py:103 - Incoming Request: Method=GET, Path=/api/notifications, Origin=http://localhost:3000
2026-01-10 15:04:31,035 - app - INFO - app.py:103 - Incoming Request: Method=GET, Path=/api/sync/status, Origin=http://localhost:3000
2026-01-10 15:05:31,030 - app - INFO - app.py:103 - Incoming Request: Method=OPTIONS, Path=/api/sync/status, Origin=http://localhost:3000
2026-01-10 15:05:31,036 - app - INFO - app.py:103 - Incoming Request: Method=GET, Path=/api/notifications, Origin=http://localhost:3000
2026-01-10 15:05:31,044 - app - INFO - app.py:103 - Incoming Request: Method=GET, Path=/api/sync/status, Origin=http://localhost:3000
2026-01-10 15:06:31,043 - app - INFO - app.py:103 - Incoming Request: Method=OPTIONS, Path=/api/sync/status, Origin=http://localhost:3000
2026-01-10 15:06:31,045 - app - INFO - app.py:103 - Incoming Request: Method=GET, Path=/api/notifications, Origin=http://localhost:3000
2026-01-10 15:06:31,050 - app - INFO - app.py:103 - Incoming Request: Method=GET, Path=/api/sync/status, Origin=http://localhost:3000
2026-01-10 15:07:31,029 - app - INFO - app.py:103 - Incoming Request: Method=OPTIONS, Path=/api/sync/status, Origin=http://localhost:3000
2026-01-10 15:07:31,034 - app - INFO - app.py:103 - Incoming Request: Method=GET, Path=/api/notifications, Origin=http://localhost:3000
2026-01-10 15:07:31,037 - app - INFO - app.py:103 - Incoming Request: Method=GET, Path=/api/sync/status, Origin=http://localhost:3000
2026-01-10 15:08:31,035 - app - INFO - app.py:103 - Incoming Request: Method=OPTIONS, Path=/api/sync/status, Origin=http://localhost:3000
2026-01-10 15:08:31,039 - app - INFO - app.py:103 - Incoming Request: Method=GET, Path=/api/notifications, Origin=http://localhost:3000
2026-01-10 15:08:31,041 - app - INFO - app.py:103 - Incoming Request: Method=GET, Path=/api/sync/status, Origin=http://localhost:3000
2026-01-10 15:09:31,033 - app - INFO - app.py:103 - Incoming Request: Method=OPTIONS, Path=/api/sync/status, Origin=http://localhost:3000
2026-01-10 15:09:31,039 - app - INFO - app.py:103 - Incoming Request: Method=GET, Path=/api/notifications, Origin=http://localhost:3000
2026-01-10 15:09:31,041 - app - INFO - app.py:103 - Incoming Request: Method=GET, Path=/api/sync/status, Origin=http://localhost:3000
2026-01-10 15:10:31,035 - app - INFO - app.py:103 - Incoming Request: Method=OPTIONS, Path=/api/sync/status, Origin=http://localhost:3000
2026-01-10 15:10:31,038 - app - INFO - app.py:103 - Incoming Request: Method=GET, Path=/api/notifications, Origin=http://localhost:3000
2026-01-10 15:10:31,040 - app - INFO - app.py:103 - Incoming Request: Method=GET, Path=/api/sync/status, Origin=http://localhost:3000
2026-01-10 15:11:31,041 - app - INFO - app.py:103 - Incoming Request: Method=OPTIONS, Path=/api/sync/status, Origin=http://localhost:3000
2026-01-10 15:11:31,048 - app - INFO - app.py:103 - Incoming Request: Method=GET, Path=/api/notifications, Origin=http://localhost:3000
2026-01-10 15:11:31,061 - app - INFO - app.py:103 - Incoming Request: Method=GET, Path=/api/sync/status, Origin=http://localhost:3000
2026-01-10 15:12:31,029 - app - INFO - app.py:103 - Incoming Request: Method=OPTIONS, Path=/api/sync/status, Origin=http://localhost:3000
2026-01-10 15:12:31,040 - app - INFO - app.py:103 - Incoming Request: Method=GET, Path=/api/notifications, Origin=http://localhost:3000
2026-01-10 15:12:31,053 - app - INFO - app.py:103 - Incoming Request: Method=GET, Path=/api/sync/status, Origin=http://localhost:3000
2026-01-10 15:13:31,040 - app - INFO - app.py:103 - Incoming Request: Method=OPTIONS, Path=/api/sync/status, Origin=http://localhost:3000
2026-01-10 15:13:31,043 - app - INFO - app.py:103 - Incoming Request: Method=GET, Path=/api/notifications, Origin=http://localhost:3000
2026-01-10 15:13:31,048 - app - INFO - app.py:103 - Incoming Request: Method=GET, Path=/api/sync/status, Origin=http://localhost:3000
2026-01-10 15:14:31,034 - app - INFO - app.py:103 - Incoming Request: Method=OPTIONS, Path=/api/sync/status, Origin=http://localhost:3000
2026-01-10 15:14:31,046 - app - INFO - app.py:103 - Incoming Request: Method=GET, Path=/api/notifications, Origin=http://localhost:3000
2026-01-10 15:14:31,059 - app - INFO - app.py:103 - Incoming Request: Method=GET, Path=/api/sync/status, Origin=http://localhost:3000
2026-01-10 15:15:31,042 - app - INFO - app.py:103 - Incoming Request: Method=OPTIONS, Path=/api/sync/status, Origin=http://localhost:3000
2026-01-10 15:15:31,048 - app - INFO - app.py:103 - Incoming Request: Method=GET, Path=/api/notifications, Origin=http://localhost:3000
2026-01-10 15:15:31,061 - app - INFO - app.py:103 - Incoming Request: Method=GET, Path=/api/sync/status, Origin=http://localhost:3000
2026-01-10 15:16:07,029 - app - INFO - app.py:103 - Incoming Request: Method=OPTIONS, Path=/api/sync/status, Origin=http://localhost:3000
2026-01-10 15:16:07,030 - app - INFO - app.py:103 - Incoming Request: Method=GET, Path=/api/notifications, Origin=http://localhost:3000
2026-01-10 15:16:07,034 - app - INFO - app.py:103 - Incoming Request: Method=GET, Path=/api/sync/status, Origin=http://localhost:3000
2026-01-10 15:16:31,046 - app - INFO - app.py:103 - Incoming Request: Method=OPTIONS, Path=/api/sync/status, Origin=http://localhost:3000
2026-01-10 15:16:31,057 - app - INFO - app.py:103 - Incoming Request: Method=GET, Path=/api/notifications, Origin=http://localhost:3000
2026-01-10 15:16:31,061 - app - INFO - app.py:103 - Incoming Request: Method=GET, Path=/api/sync/status, Origin=http://localhost:3000
2026-01-10 15:17:31,029 - app - INFO - app.py:103 - Incoming Request: Method=OPTIONS, Path=/api/sync/status, Origin=http://localhost:3000
2026-01-10 15:17:31,037 - app - INFO - app.py:103 - Incoming Request: Method=GET, Path=/api/notifications, Origin=http://localhost:3000
2026-01-10 15:17:31,042 - app - INFO - app.py:103 - Incoming Request: Method=GET, Path=/api/sync/status, Origin=http://localhost:3000
2026-01-10 15:18:31,032 - app - INFO - app.py:103 - Incoming Request: Method=OPTIONS, Path=/api/sync/status, Origin=http://localhost:3000
2026-01-10 15:18:31,035 - app - INFO - app.py:103 - Incoming Request: Method=GET, Path=/api/notifications, Origin=http://localhost:3000
2026-01-10 15:18:31,039 - app - INFO - app.py:103 - Incoming Request: Method=GET, Path=/api/sync/status, Origin=http://localhost:3000
2026-01-10 15:19:31,031 - app - INFO - app.py:103 - Incoming Request: Method=OPTIONS, Path=/api/sync/status, Origin=http://localhost:3000
2026-01-10 15:19:31,031 - app - INFO - app.py:103 - Incoming Request: Method=GET, Path=/api/notifications, Origin=http://localhost:3000
2026-01-10 15:19:31,031 - app - INFO - app.py:103 - Incoming Request: Method=GET, Path=/api/sync/status, Origin=http://localhost:3000
2026-01-10 15:20:31,055 - app - INFO - app.py:103 - Incoming Request: Method=OPTIONS, Path=/api/sync/status, Origin=http://localhost:3000
2026-01-10 15:20:31,056 - app - INFO - app.py:103 - Incoming Request: Method=GET, Path=/api/notifications, Origin=http://localhost:3000
2026-01-10 15:20:31,059 - app - INFO - app.py:103 - Incoming Request: Method=GET, Path=/api/sync/status, Origin=http://localhost:3000
2026-01-10 15:21:18,036 - app - INFO - app.py:103 - Incoming Request: Method=OPTIONS, Path=/api/sync/status, Origin=http://localhost:3000
2026-01-10 15:21:18,038 - app - INFO - app.py:103 - Incoming Request: Method=GET, Path=/api/notifications, Origin=http://localhost:3000
2026-01-10 15:21:18,044 - app - INFO - app.py:103 - Incoming Request: Method=GET, Path=/api/sync/status, Origin=http://localhost:3000
2026-01-10 15:21:31,034 - app - INFO - app.py:103 - Incoming Request: Method=OPTIONS, Path=/api/sync/status, Origin=http://localhost:3000
2026-01-10 15:21:31,036 - app - INFO - app.py:103 - Incoming Request: Method=GET, Path=/api/notifications, Origin=http://localhost:3000
2026-01-10 15:21:31,040 - app - INFO - app.py:103 - Incoming Request: Method=GET, Path=/api/sync/status, Origin=http://localhost:3000
2026-01-10 15:22:31,037 - app - INFO - app.py:103 - Incoming Request: Method=OPTIONS, Path=/api/sync/status, Origin=http://localhost:3000
2026-01-10 15:22:31,042 - app - INFO - app.py:103 - Incoming Request: Method=GET, Path=/api/notifications, Origin=http://localhost:3000
2026-01-10 15:22:31,050 - app - INFO - app.py:103 - Incoming Request: Method=GET, Path=/api/sync/status, Origin=http://localhost:3000
2026-01-10 15:23:31,030 - app - INFO - app.py:103 - Incoming Request: Method=OPTIONS, Path=/api/sync/status, Origin=http://localhost:3000
2026-01-10 15:23:31,031 - app - INFO - app.py:103 - Incoming Request: Method=GET, Path=/api/notifications, Origin=http://localhost:3000
2026-01-10 15:23:31,035 - app - INFO - app.py:103 - Incoming Request: Method=GET, Path=/api/sync/status, Origin=http://localhost:3000
2026-01-10 15:24:31,045 - app - INFO - app.py:103 - Incoming Request: Method=OPTIONS, Path=/api/sync/status, Origin=http://localhost:3000
2026-01-10 15:24:31,045 - app - INFO - app.py:103 - Incoming Request: Method=GET, Path=/api/notifications, Origin=http://localhost:3000
2026-01-10 15:24:31,048 - app - INFO - app.py:103 - Incoming Request: Method=GET, Path=/api/sync/status, Origin=http://localhost:3000
2026-01-10 15:25:31,042 - app - INFO - app.py:103 - Incoming Request: Method=OPTIONS, Path=/api/sync/status, Origin=http://localhost:3000
2026-01-10 15:25:31,045 - app - INFO - app.py:103 - Incoming Request: Method=GET, Path=/api/notifications, Origin=http://localhost:3000
2026-01-10 15:25:31,048 - app - INFO - app.py:103 - Incoming Request: Method=GET, Path=/api/sync/status, Origin=http://localhost:3000
2026-01-10 15:26:31,045 - app - INFO - app.py:103 - Incoming Request: Method=OPTIONS, Path=/api/sync/status, Origin=http://localhost:3000
2026-01-10 15:26:31,049 - app - INFO - app.py:103 - Incoming Request: Method=GET, Path=/api/notifications, Origin=http://localhost:3000
2026-01-10 15:26:31,056 - app - INFO - app.py:103 - Incoming Request: Method=GET, Path=/api/sync/status, Origin=http://localhost:3000
2026-01-10 15:27:31,033 - app - INFO - app.py:103 - Incoming Request: Method=OPTIONS, Path=/api/sync/status, Origin=http://localhost:3000
2026-01-10 15:27:31,036 - app - INFO - app.py:103 - Incoming Request: Method=GET, Path=/api/notifications, Origin=http://localhost:3000
2026-01-10 15:27:31,042 - app - INFO - app.py:103 - Incoming Request: Method=GET, Path=/api/sync/status, Origin=http://localhost:3000
2026-01-10 15:28:31,044 - app - INFO - app.py:103 - Incoming Request: Method=OPTIONS, Path=/api/sync/status, Origin=http://localhost:3000
2026-01-10 15:28:31,045 - app - INFO - app.py:103 - Incoming Request: Method=GET, Path=/api/notifications, Origin=http://localhost:3000
2026-01-10 15:28:31,048 - app - INFO - app.py:103 - Incoming Request: Method=GET, Path=/api/sync/status, Origin=http://localhost:3000
2026-01-10 15:29:31,034 - app - INFO - app.py:103 - Incoming Request: Method=OPTIONS, Path=/api/sync/status, Origin=http://localhost:3000
2026-01-10 15:29:31,041 - app - INFO - app.py:103 - Incoming Request: Method=GET, Path=/api/notifications, Origin=http://localhost:3000
2026-01-10 15:29:31,053 - app - INFO - app.py:103 - Incoming Request: Method=GET, Path=/api/sync/status, Origin=http://localhost:3000
2026-01-10 15:30:28,040 - app - INFO - app.py:103 - Incoming Request: Method=OPTIONS, Path=/api/sync/status, Origin=http://localhost:3000
2026-01-10 15:30:28,043 - app - INFO - app.py:103 - Incoming Request: Method=GET, Path=/api/notifications, Origin=http://localhost:3000
2026-01-10 15:30:28,053 - app - INFO - app.py:103 - Incoming Request: Method=GET, Path=/api/sync/status, Origin=http://localhost:3000
2026-01-10 15:31:31,034 - app - INFO - app.py:103 - Incoming Request: Method=OPTIONS, Path=/api/sync/status, Origin=http://localhost:3000
2026-01-10 15:31:31,035 - app - INFO - app.py:103 - Incoming Request: Method=GET, Path=/api/notifications, Origin=http://localhost:3000
2026-01-10 15:31:31,039 - app - INFO - app.py:103 - Incoming Request: Method=GET, Path=/api/sync/status, Origin=http://localhost:3000
2026-01-10 15:32:06,034 - app - INFO - app.py:103 - Incoming Request: Method=OPTIONS, Path=/api/sync/status, Origin=http://localhost:3000
2026-01-10 15:32:06,035 - app - INFO - app.py:103 - Incoming Request: Method=GET, Path=/api/notifications, Origin=http://localhost:3000
2026-01-10 15:32:06,038 - app - INFO - app.py:103 - Incoming Request: Method=GET, Path=/api/sync/status, Origin=http://localhost:3000
2026-01-10 15:32:07,032 - app - INFO - app.py:103 - Incoming Request: Method=GET, Path=/api/sync/status, Origin=http://localhost:3000
2026-01-10 15:32:31,041 - app - INFO - app.py:103 - Incoming Request: Method=OPTIONS, Path=/api/sync/status, Origin=http://localhost:3000
2026-01-10 15:32:31,042 - app - INFO - app.py:103 - Incoming Request: Method=GET, Path=/api/notifications, Origin=http://localhost:3000
2026-01-10 15:32:31,045 - app - INFO - app.py:103 - Incoming Request: Method=GET, Path=/api/sync/status, Origin=http://localhost:3000
2026-01-10 15:33:31,033 - app - INFO - app.py:103 - Incoming Request: Method=OPTIONS, Path=/api/sync/status, Origin=http://localhost:3000
2026-01-10 15:33:31,034 - app - INFO - app.py:103 - Incoming Request: Method=GET, Path=/api/notifications, Origin=http://localhost:3000
2026-01-10 15:33:31,038 - app - INFO - app.py:103 - Incoming Request: Method=GET, Path=/api/sync/status, Origin=http://localhost:3000
2026-01-10 15:34:29,031 - app - INFO - app.py:103 - Incoming Request: Method=OPTIONS, Path=/api/sync/status, Origin=http://localhost:3000
2026-01-10 15:34:29,036 - app - INFO - app.py:103 - Incoming Request: Method=GET, Path=/api/notifications, Origin=http://localhost:3000
2026-01-10 15:34:29,041 - app - INFO - app.py:103 - Incoming Request: Method=GET, Path=/api/sync/status, Origin=http://localhost:3000
2026-01-10 15:34:31,862 - app - INFO - app.py:103 - Incoming Request: Method=GET, Path=/api/sync/status, Origin=http://localhost:3000
2026-01-10 15:34:48,060 - app - INFO - app.py:103 - Incoming Request: Method=OPTIONS, Path=/api/sync/status, Origin=http://localhost:3000
2026-01-10 15:34:48,068 - app - INFO - app.py:103 - Incoming Request: Method=GET, Path=/api/sync/status, Origin=http://localhost:3000
2026-01-10 15:35:31,046 - app - INFO - app.py:103 - Incoming Request: Method=OPTIONS, Path=/api/sync/status, Origin=http://localhost:3000
2026-01-10 15:35:31,048 - app - INFO - app.py:103 - Incoming Request: Method=GET, Path=/api/notifications, Origin=http://localhost:3000
2026-01-10 15:35:31,051 - app - INFO - app.py:103 - Incoming Request: Method=GET, Path=/api/sync/status, Origin=http://localhost:3000
2026-01-10 15:36:04,039 - app - INFO - app.py:103 - Incoming Request: Method=OPTIONS, Path=/api/sync/status, Origin=http://localhost:3000
2026-01-10 15:36:04,042 - app - INFO - app.py:103 - Incoming Request: Method=GET, Path=/api/notifications, Origin=http://localhost:3000
2026-01-10 15:36:04,044 - app - INFO - app.py:103 - Incoming Request: Method=GET, Path=/api/sync/status, Origin=http://localhost:3000
2026-01-10 15:36:31,041 - app - INFO - app.py:103 - Incoming Request: Method=OPTIONS, Path=/api/sync/status, Origin=http://localhost:3000
2026-01-10 15:36:31,044 - app - INFO - app.py:103 - Incoming Request: Method=GET, Path=/api/notifications, Origin=http://localhost:3000
2026-01-10 15:36:31,049 - app - INFO - app.py:103 - Incoming Request: Method=GET, Path=/api/sync/status, Origin=http://localhost:3000
2026-01-10 15:37:31,033 - app - INFO - app.py:103 - Incoming Request: Method=OPTIONS, Path=/api/sync/status, Origin=http://localhost:3000
2026-01-10 15:37:31,035 - app - INFO - app.py:103 - Incoming Request: Method=GET, Path=/api/notifications, Origin=http://localhost:3000
2026-01-10 15:37:31,038 - app - INFO - app.py:103 - Incoming Request: Method=GET, Path=/api/sync/status, Origin=http://localhost:3000
2026-01-10 15:38:31,042 - app - INFO - app.py:103 - Incoming Request: Method=OPTIONS, Path=/api/sync/status, Origin=http://localhost:3000
2026-01-10 15:38:31,046 - app - INFO - app.py:103 - Incoming Request: Method=GET, Path=/api/notifications, Origin=http://localhost:3000
2026-01-10 15:38:31,053 - app - INFO - app.py:103 - Incoming Request: Method=GET, Path=/api/sync/status, Origin=http://localhost:3000
2026-01-10 15:38:43,136 - app - INFO - app.py:103 - Incoming Request: Method=OPTIONS, Path=/api/sync/status, Origin=http://localhost:3000
2026-01-10 15:38:43,140 - app - INFO - app.py:103 - Incoming Request: Method=GET, Path=/api/sync/status, Origin=http://localhost:3000
2026-01-10 15:38:47,223 - app - INFO - app.py:103 - Incoming Request: Method=GET, Path=/api/batches, Origin=http://localhost:3000
2026-01-10 15:38:47,224 - app - INFO - app.py:103 - Incoming Request: Method=GET, Path=/api/sync/status, Origin=http://localhost:3000
2026-01-10 15:38:49,087 - app - INFO - app.py:103 - Incoming Request: Method=GET, Path=/api/printers, Origin=http://localhost:3000
2026-01-10 15:38:51,561 - app - INFO - app.py:103 - Incoming Request: Method=OPTIONS, Path=/api/sync/status, Origin=http://localhost:3000
2026-01-10 15:38:51,575 - app - INFO - app.py:103 - Incoming Request: Method=GET, Path=/api/sync/status, Origin=http://localhost:3000
2026-01-10 15:38:53,117 - app - INFO - app.py:103 - Incoming Request: Method=GET, Path=/api/notifications, Origin=http://localhost:3000
2026-01-10 15:38:56,559 - app - INFO - app.py:103 - Incoming Request: Method=GET, Path=/api/sync/status, Origin=http://localhost:3000
2026-01-10 15:38:57,274 - app - INFO - app.py:103 - Incoming Request: Method=OPTIONS, Path=/api/print-label, Origin=http://localhost:3000
2026-01-10 15:38:57,276 - app - INFO - app.py:103 - Incoming Request: Method=POST, Path=/api/print-label, Origin=http://localhost:3000
2026-01-10 15:38:59,080 - app - INFO - app.py:103 - Incoming Request: Method=GET, Path=/api/batches, Origin=http://localhost:3000
2026-01-10 15:39:01,564 - app - INFO - app.py:103 - Incoming Request: Method=OPTIONS, Path=/api/sync/status, Origin=http://localhost:3000
2026-01-10 15:39:01,576 - app - INFO - app.py:103 - Incoming Request: Method=GET, Path=/api/sync/status, Origin=http://localhost:3000
2026-01-10 15:39:06,560 - app - INFO - app.py:103 - Incoming Request: Method=GET, Path=/api/sync/status, Origin=http://localhost:3000
2026-01-10 15:39:11,561 - app - INFO - app.py:103 - Incoming Request: Method=OPTIONS, Path=/api/sync/status, Origin=http://localhost:3000
2026-01-10 15:39:11,581 - app - INFO - app.py:103 - Incoming Request: Method=GET, Path=/api/sync/status, Origin=http://localhost:3000
2026-01-10 15:39:14,165 - app - INFO - app.py:103 - Incoming Request: Method=GET, Path=/api/batches, Origin=http://localhost:3000
2026-01-10 15:39:16,574 - app - INFO - app.py:103 - Incoming Request: Method=GET, Path=/api/sync/status, Origin=http://localhost:3000
2026-01-10 15:39:17,912 - app - INFO - app.py:103 - Incoming Request: Method=GET, Path=/api/printers, Origin=http://localhost:3000
2026-01-10 15:39:21,557 - app - INFO - app.py:103 - Incoming Request: Method=OPTIONS, Path=/api/sync/status, Origin=http://localhost:3000
2026-01-10 15:39:21,557 - app - INFO - app.py:103 - Incoming Request: Method=GET, Path=/api/sync/status, Origin=http://localhost:3000
2026-01-10 15:39:23,121 - app - INFO - app.py:103 - Incoming Request: Method=GET, Path=/api/notifications, Origin=http://localhost:3000
2026-01-10 15:39:24,087 - app - INFO - app.py:103 - Incoming Request: Method=GET, Path=/api/batches, Origin=http://localhost:3000
2026-01-10 15:39:27,038 - app - INFO - app.py:103 - Incoming Request: Method=OPTIONS, Path=/api/sync/status, Origin=http://localhost:3000
2026-01-10 15:39:27,052 - app - INFO - app.py:103 - Incoming Request: Method=GET, Path=/api/sync/status, Origin=http://localhost:3000
2026-01-10 15:39:32,033 - app - INFO - app.py:103 - Incoming Request: Method=GET, Path=/api/sync/status, Origin=http://localhost:3000
2026-01-10 15:39:37,041 - app - INFO - app.py:103 - Incoming Request: Method=OPTIONS, Path=/api/sync/status, Origin=http://localhost:3000
2026-01-10 15:39:37,054 - app - INFO - app.py:103 - Incoming Request: Method=GET, Path=/api/sync/status, Origin=http://localhost:3000
2026-01-10 15:39:42,033 - app - INFO - app.py:103 - Incoming Request: Method=GET, Path=/api/sync/status, Origin=http://localhost:3000
2026-01-10 15:39:47,040 - app - INFO - app.py:103 - Incoming Request: Method=OPTIONS, Path=/api/sync/status, Origin=http://localhost:3000
2026-01-10 15:39:47,058 - app - INFO - app.py:103 - Incoming Request: Method=GET, Path=/api/sync/status, Origin=http://localhost:3000
2026-01-10 15:39:52,027 - app - INFO - app.py:103 - Incoming Request: Method=GET, Path=/api/sync/status, Origin=http://localhost:3000
2026-01-10 15:39:54,040 - app - INFO - app.py:103 - Incoming Request: Method=GET, Path=/api/notifications, Origin=http://localhost:3000
2026-01-10 15:39:57,049 - app - INFO - app.py:103 - Incoming Request: Method=OPTIONS, Path=/api/sync/status, Origin=http://localhost:3000
2026-01-10 15:39:57,062 - app - INFO - app.py:103 - Incoming Request: Method=GET, Path=/api/sync/status, Origin=http://localhost:3000
2026-01-10 15:40:02,039 - app - INFO - app.py:103 - Incoming Request: Method=GET, Path=/api/sync/status, Origin=http://localhost:3000
2026-01-10 15:40:07,030 - app - INFO - app.py:103 - Incoming Request: Method=OPTIONS, Path=/api/sync/status, Origin=http://localhost:3000
2026-01-10 15:40:07,047 - app - INFO - app.py:103 - Incoming Request: Method=GET, Path=/api/sync/status, Origin=http://localhost:3000
2026-01-10 15:40:12,041 - app - INFO - app.py:103 - Incoming Request: Method=GET, Path=/api/sync/status, Origin=http://localhost:3000
2026-01-10 15:40:17,034 - app - INFO - app.py:103 - Incoming Request: Method=OPTIONS, Path=/api/sync/status, Origin=http://localhost:3000
2026-01-10 15:40:17,040 - app - INFO - app.py:103 - Incoming Request: Method=GET, Path=/api/sync/status, Origin=http://localhost:3000
2026-01-10 15:40:22,046 - app - INFO - app.py:103 - Incoming Request: Method=OPTIONS, Path=/api/sync/status, Origin=http://localhost:3000
2026-01-10 15:40:22,058 - app - INFO - app.py:103 - Incoming Request: Method=GET, Path=/api/sync/status, Origin=http://localhost:3000
2026-01-10 15:40:24,037 - app - INFO - app.py:103 - Incoming Request: Method=GET, Path=/api/notifications, Origin=http://localhost:3000
2026-01-10 15:40:30,369 - app - INFO - app.py:103 - Incoming Request: Method=OPTIONS, Path=/api/sync/status, Origin=http://localhost:3000
2026-01-10 15:40:30,372 - app - INFO - app.py:103 - Incoming Request: Method=GET, Path=/api/batches, Origin=http://localhost:3000
2026-01-10 15:40:30,381 - app - INFO - app.py:103 - Incoming Request: Method=GET, Path=/api/sync/status, Origin=http://localhost:3000
2026-01-10 15:40:31,678 - app - INFO - app.py:103 - Incoming Request: Method=GET, Path=/api/sync/status, Origin=http://localhost:3000
2026-01-10 15:40:37,029 - app - INFO - app.py:103 - Incoming Request: Method=OPTIONS, Path=/api/sync/status, Origin=http://localhost:3000
2026-01-10 15:40:37,032 - app - INFO - app.py:103 - Incoming Request: Method=GET, Path=/api/sync/status, Origin=http://localhost:3000
2026-01-10 15:40:42,035 - app - INFO - app.py:103 - Incoming Request: Method=GET, Path=/api/sync/status, Origin=http://localhost:3000
2026-01-10 15:40:47,029 - app - INFO - app.py:103 - Incoming Request: Method=OPTIONS, Path=/api/sync/status, Origin=http://localhost:3000
2026-01-10 15:40:47,032 - app - INFO - app.py:103 - Incoming Request: Method=GET, Path=/api/sync/status, Origin=http://localhost:3000
2026-01-10 15:40:52,033 - app - INFO - app.py:103 - Incoming Request: Method=OPTIONS, Path=/api/sync/status, Origin=http://localhost:3000
2026-01-10 15:40:52,036 - app - INFO - app.py:103 - Incoming Request: Method=GET, Path=/api/sync/status, Origin=http://localhost:3000
2026-01-10 15:40:54,040 - app - INFO - app.py:103 - Incoming Request: Method=GET, Path=/api/notifications, Origin=http://localhost:3000
