2025-12-25 16:04:19,761 - app - INFO - app.py:198 - Application started - Log file: D:\Siri-apps\billing-app\backend\data\logs\app-log-2025-12-25.log
2025-12-25 16:04:19,761 - app - INFO - app.py:199 - BASE_DIR: D:\Siri-apps\billing-app\backend
2025-12-25 16:04:19,761 - app - INFO - app.py:200 - JSON_DIR: D:\Siri-apps\billing-app\backend\data\json
2025-12-25 16:04:19,761 - app - INFO - app.py:201 - LOGS_DIR: D:\Siri-apps\billing-app\backend\data\logs
2025-12-25 16:04:19,761 - app - INFO - app.py:228 - Starting log file cleanup. Keeping files for 30 days.
2025-12-25 16:04:19,761 - app - INFO - app.py:245 - Log cleanup completed. Deleted 0 old log files.
2025-12-25 16:04:19,761 - app - DEBUG - app.py:223 - Directory already exists: D:\Siri-apps\billing-app\backend\data
2025-12-25 16:04:19,761 - app - DEBUG - app.py:223 - Directory already exists: D:\Siri-apps\billing-app\backend\data\json
2025-12-25 16:04:19,761 - app - DEBUG - app.py:223 - Directory already exists: D:\Siri-apps\billing-app\backend\data\logs
2025-12-25 16:04:19,771 - app - INFO - app.py:79 - Enhanced sync manager initialized
2025-12-25 16:04:25,056 - app - INFO - app.py:256 - Initial data export from Supabase completed successfully.
2025-12-25 16:04:25,056 - app - INFO - app.py:267 - Starting Flask server on port 8080 (debug=True)
2025-12-25 16:04:26,631 - app - INFO - app.py:198 - Application started - Log file: D:\Siri-apps\billing-app\backend\data\logs\app-log-2025-12-25.log
2025-12-25 16:04:26,631 - app - INFO - app.py:199 - BASE_DIR: D:\Siri-apps\billing-app\backend
2025-12-25 16:04:26,631 - app - INFO - app.py:200 - JSON_DIR: D:\Siri-apps\billing-app\backend\data\json
2025-12-25 16:04:26,631 - app - INFO - app.py:201 - LOGS_DIR: D:\Siri-apps\billing-app\backend\data\logs
2025-12-25 16:04:26,631 - app - INFO - app.py:228 - Starting log file cleanup. Keeping files for 30 days.
2025-12-25 16:04:26,633 - app - INFO - app.py:245 - Log cleanup completed. Deleted 0 old log files.
2025-12-25 16:04:26,633 - app - DEBUG - app.py:223 - Directory already exists: D:\Siri-apps\billing-app\backend\data
2025-12-25 16:04:26,633 - app - DEBUG - app.py:223 - Directory already exists: D:\Siri-apps\billing-app\backend\data\json
2025-12-25 16:04:26,633 - app - DEBUG - app.py:223 - Directory already exists: D:\Siri-apps\billing-app\backend\data\logs
2025-12-25 16:04:26,633 - app - INFO - app.py:79 - Enhanced sync manager initialized
2025-12-25 16:04:30,067 - app - INFO - app.py:256 - Initial data export from Supabase completed successfully.
2025-12-25 16:04:30,067 - app - INFO - app.py:267 - Starting Flask server on port 8080 (debug=True)
