[2025-10-26 19:37:33,599] INFO in app: APP_BASE_DIR: E:\Siri-apps\billing-app\backend
[2025-10-26 19:37:33,599] INFO in app: APP_BASE_DIR: E:\Siri-apps\billing-app\backend
2025-10-26 19:37:33,599 - app - INFO - app.py:144 - APP_BASE_DIR: E:\Siri-apps\billing-app\backend
[2025-10-26 19:37:33,599] INFO in app: JSON_DIR: E:\Siri-apps\billing-app\backend\data\json
[2025-10-26 19:37:33,599] INFO in app: JSON_DIR: E:\Siri-apps\billing-app\backend\data\json
2025-10-26 19:37:33,599 - app - INFO - app.py:145 - JSON_DIR: E:\Siri-apps\billing-app\backend\data\json
[2025-10-26 19:37:33,599] INFO in app: LOGS_DIR: E:\Siri-apps\billing-app\backend\data\logs
[2025-10-26 19:37:33,599] INFO in app: LOGS_DIR: E:\Siri-apps\billing-app\backend\data\logs
2025-10-26 19:37:33,599 - app - INFO - app.py:146 - LOGS_DIR: E:\Siri-apps\billing-app\backend\data\logs
MySQL connection pool created successfully with hardcoded values.
Table 'batch' checked/created successfully.
[2025-10-26 19:37:35,730] INFO in app: Enhanced background sync process started successfully
[2025-10-26 19:37:35,730] INFO in app: Enhanced background sync process started successfully
2025-10-26 19:37:35,730 - app - INFO - app.py:1991 - Enhanced background sync process started successfully
 * Serving Flask app 'app'
 * Debug mode: on
WARNING: This is a development server. Do not use it in a production deployment. Use a production WSGI server instead.WARNING: This is a development server. Do not use it in a production deployment. Use a production WSGI server instead.
 * Running on http://127.0.0.1:8080

 * Running on http://127.0.0.1:8080
Press CTRL+C to quitPress CTRL+C to quit

 * Restarting with stat
 * Restarting with stat
[2025-10-26 19:37:36,421] INFO in app: APP_BASE_DIR: E:\Siri-apps\billing-app\backend
[2025-10-26 19:37:36,421] INFO in app: APP_BASE_DIR: E:\Siri-apps\billing-app\backend
2025-10-26 19:37:36,421 - app - INFO - app.py:144 - APP_BASE_DIR: E:\Siri-apps\billing-app\backend
[2025-10-26 19:37:36,421] INFO in app: JSON_DIR: E:\Siri-apps\billing-app\backend\data\json
[2025-10-26 19:37:36,421] INFO in app: JSON_DIR: E:\Siri-apps\billing-app\backend\data\json
2025-10-26 19:37:36,421 - app - INFO - app.py:145 - JSON_DIR: E:\Siri-apps\billing-app\backend\data\json
[2025-10-26 19:37:36,421] INFO in app: LOGS_DIR: E:\Siri-apps\billing-app\backend\data\logs
[2025-10-26 19:37:36,421] INFO in app: LOGS_DIR: E:\Siri-apps\billing-app\backend\data\logs
2025-10-26 19:37:36,421 - app - INFO - app.py:146 - LOGS_DIR: E:\Siri-apps\billing-app\backend\data\logs
MySQL connection pool created successfully with hardcoded values.
Table 'batch' checked/created successfully.
[2025-10-26 19:37:38,336] INFO in app: Enhanced background sync process started successfully
[2025-10-26 19:37:38,336] INFO in app: Enhanced background sync process started successfully
2025-10-26 19:37:38,336 - app - INFO - app.py:1991 - Enhanced background sync process started successfully
 * Debugger is active!
 * Debugger is active!
 * Debugger PIN: 110-481-538
 * Debugger PIN: 110-481-538
[2025-10-26 22:19:47,950] INFO in app: Incoming Request: Method=OPTIONS, Path=/api/auth/login, Origin=http://localhost:3000
[2025-10-26 22:19:47,950] INFO in app: Incoming Request: Method=OPTIONS, Path=/api/auth/login, Origin=http://localhost:3000
2025-10-26 22:19:47,950 - app - INFO - app.py:69 - Incoming Request: Method=OPTIONS, Path=/api/auth/login, Origin=http://localhost:3000
127.0.0.1 - - [26/Oct/2025 22:19:47] "OPTIONS /api/auth/login HTTP/1.1" 200 -
127.0.0.1 - - [26/Oct/2025 22:19:47] "OPTIONS /api/auth/login HTTP/1.1" 200 -
[2025-10-26 22:19:47,954] INFO in app: Incoming Request: Method=POST, Path=/api/auth/login, Origin=http://localhost:3000
[2025-10-26 22:19:47,954] INFO in app: Incoming Request: Method=POST, Path=/api/auth/login, Origin=http://localhost:3000
2025-10-26 22:19:47,954 - app - INFO - app.py:69 - Incoming Request: Method=POST, Path=/api/auth/login, Origin=http://localhost:3000
127.0.0.1 - - [26/Oct/2025 22:19:47] "POST /api/auth/login HTTP/1.1" 200 -
127.0.0.1 - - [26/Oct/2025 22:19:47] "POST /api/auth/login HTTP/1.1" 200 -
[2025-10-26 22:19:49,227] INFO in app: Incoming Request: Method=GET, Path=/api/notifications, Origin=http://localhost:3000
[2025-10-26 22:19:49,227] INFO in app: Incoming Request: Method=GET, Path=/api/notifications, Origin=http://localhost:3000
2025-10-26 22:19:49,227 - app - INFO - app.py:69 - Incoming Request: Method=GET, Path=/api/notifications, Origin=http://localhost:3000
127.0.0.1 - - [26/Oct/2025 22:19:49] "GET /api/notifications?limit=20 HTTP/1.1" 200 -
127.0.0.1 - - [26/Oct/2025 22:19:49] "GET /api/notifications?limit=20 HTTP/1.1" 200 -
[2025-10-26 22:19:49,238] INFO in app: Incoming Request: Method=GET, Path=/api/products, Origin=http://localhost:3000
[2025-10-26 22:19:49,238] INFO in app: Incoming Request: Method=GET, Path=/api/products, Origin=http://localhost:3000
2025-10-26 22:19:49,238 - app - INFO - app.py:69 - Incoming Request: Method=GET, Path=/api/products, Origin=http://localhost:3000
[2025-10-26 22:19:49,241] INFO in app: Incoming Request: Method=GET, Path=/api/bills, Origin=http://localhost:3000
[2025-10-26 22:19:49,241] INFO in app: Incoming Request: Method=GET, Path=/api/bills, Origin=http://localhost:3000
[2025-10-26 22:19:49,242] INFO in app: Incoming Request: Method=GET, Path=/api/stores, Origin=http://localhost:3000
[2025-10-26 22:19:49,242] INFO in app: Incoming Request: Method=GET, Path=/api/stores, Origin=http://localhost:3000
[2025-10-26 22:19:49,244] INFO in app: Incoming Request: Method=GET, Path=/api/users, Origin=http://localhost:3000
[2025-10-26 22:19:49,244] INFO in app: Incoming Request: Method=GET, Path=/api/users, Origin=http://localhost:3000
2025-10-26 22:19:49,241 - app - INFO - app.py:69 - Incoming Request: Method=GET, Path=/api/bills, Origin=http://localhost:3000
2025-10-26 22:19:49,242 - app - INFO - app.py:69 - Incoming Request: Method=GET, Path=/api/stores, Origin=http://localhost:3000
2025-10-26 22:19:49,244 - app - INFO - app.py:69 - Incoming Request: Method=GET, Path=/api/users, Origin=http://localhost:3000
127.0.0.1 - - [26/Oct/2025 22:19:49] "GET /api/bills HTTP/1.1" 200 -
127.0.0.1 - - [26/Oct/2025 22:19:49] "GET /api/bills HTTP/1.1" 200 -
127.0.0.1 - - [26/Oct/2025 22:19:49] "GET /api/users HTTP/1.1" 200 -
127.0.0.1 - - [26/Oct/2025 22:19:49] "GET /api/users HTTP/1.1" 200 -
[2025-10-26 22:19:49,249] INFO in app: Incoming Request: Method=GET, Path=/api/notifications, Origin=http://localhost:3000
[2025-10-26 22:19:49,249] INFO in app: Incoming Request: Method=GET, Path=/api/notifications, Origin=http://localhost:3000
2025-10-26 22:19:49,249 - app - INFO - app.py:69 - Incoming Request: Method=GET, Path=/api/notifications, Origin=http://localhost:3000
127.0.0.1 - - [26/Oct/2025 22:19:49] "GET /api/notifications?limit=20 HTTP/1.1" 200 -
127.0.0.1 - - [26/Oct/2025 22:19:49] "GET /api/notifications?limit=20 HTTP/1.1" 200 -
[2025-10-26 22:19:49,256] INFO in app: Incoming Request: Method=GET, Path=/api/bills, Origin=http://localhost:3000
[2025-10-26 22:19:49,256] INFO in app: Incoming Request: Method=GET, Path=/api/bills, Origin=http://localhost:3000
2025-10-26 22:19:49,256 - app - INFO - app.py:69 - Incoming Request: Method=GET, Path=/api/bills, Origin=http://localhost:3000
127.0.0.1 - - [26/Oct/2025 22:19:49] "GET /api/bills HTTP/1.1" 200 -
127.0.0.1 - - [26/Oct/2025 22:19:49] "GET /api/bills HTTP/1.1" 200 -
[2025-10-26 22:19:49,261] INFO in app: Incoming Request: Method=GET, Path=/api/users, Origin=http://localhost:3000
[2025-10-26 22:19:49,261] INFO in app: Incoming Request: Method=GET, Path=/api/users, Origin=http://localhost:3000
2025-10-26 22:19:49,261 - app - INFO - app.py:69 - Incoming Request: Method=GET, Path=/api/users, Origin=http://localhost:3000
127.0.0.1 - - [26/Oct/2025 22:19:49] "GET /api/stores HTTP/1.1" 200 -
127.0.0.1 - - [26/Oct/2025 22:19:49] "GET /api/stores HTTP/1.1" 200 -
127.0.0.1 - - [26/Oct/2025 22:19:49] "GET /api/users HTTP/1.1" 200 -
127.0.0.1 - - [26/Oct/2025 22:19:49] "GET /api/users HTTP/1.1" 200 -
127.0.0.1 - - [26/Oct/2025 22:19:49] "GET /api/products HTTP/1.1" 200 -
127.0.0.1 - - [26/Oct/2025 22:19:49] "GET /api/products HTTP/1.1" 200 -
[2025-10-26 22:19:49,295] INFO in app: Incoming Request: Method=GET, Path=/api/stores, Origin=http://localhost:3000
[2025-10-26 22:19:49,295] INFO in app: Incoming Request: Method=GET, Path=/api/stores, Origin=http://localhost:3000
2025-10-26 22:19:49,295 - app - INFO - app.py:69 - Incoming Request: Method=GET, Path=/api/stores, Origin=http://localhost:3000
127.0.0.1 - - [26/Oct/2025 22:19:49] "GET /api/stores HTTP/1.1" 200 -
127.0.0.1 - - [26/Oct/2025 22:19:49] "GET /api/stores HTTP/1.1" 200 -
[2025-10-26 22:19:49,296] INFO in app: Incoming Request: Method=GET, Path=/api/products, Origin=http://localhost:3000
[2025-10-26 22:19:49,296] INFO in app: Incoming Request: Method=GET, Path=/api/products, Origin=http://localhost:3000
2025-10-26 22:19:49,296 - app - INFO - app.py:69 - Incoming Request: Method=GET, Path=/api/products, Origin=http://localhost:3000
127.0.0.1 - - [26/Oct/2025 22:19:49] "GET /api/products HTTP/1.1" 200 -
127.0.0.1 - - [26/Oct/2025 22:19:49] "GET /api/products HTTP/1.1" 200 -
[2025-10-26 22:19:52,450] INFO in app: Incoming Request: Method=GET, Path=/api/notifications, Origin=http://localhost:3000
[2025-10-26 22:19:52,450] INFO in app: Incoming Request: Method=GET, Path=/api/notifications, Origin=http://localhost:3000
2025-10-26 22:19:52,450 - app - INFO - app.py:69 - Incoming Request: Method=GET, Path=/api/notifications, Origin=http://localhost:3000
127.0.0.1 - - [26/Oct/2025 22:19:52] "GET /api/notifications?limit=20 HTTP/1.1" 200 -
127.0.0.1 - - [26/Oct/2025 22:19:52] "GET /api/notifications?limit=20 HTTP/1.1" 200 -
[2025-10-26 22:19:52,456] INFO in app: Incoming Request: Method=GET, Path=/api/notifications, Origin=http://localhost:3000
[2025-10-26 22:19:52,456] INFO in app: Incoming Request: Method=GET, Path=/api/notifications, Origin=http://localhost:3000
2025-10-26 22:19:52,456 - app - INFO - app.py:69 - Incoming Request: Method=GET, Path=/api/notifications, Origin=http://localhost:3000
127.0.0.1 - - [26/Oct/2025 22:19:52] "GET /api/notifications?limit=20 HTTP/1.1" 200 -
127.0.0.1 - - [26/Oct/2025 22:19:52] "GET /api/notifications?limit=20 HTTP/1.1" 200 -
[2025-10-26 22:19:52,740] INFO in app: Incoming Request: Method=GET, Path=/api/settings, Origin=http://localhost:3000
[2025-10-26 22:19:52,740] INFO in app: Incoming Request: Method=GET, Path=/api/settings, Origin=http://localhost:3000
2025-10-26 22:19:52,740 - app - INFO - app.py:69 - Incoming Request: Method=GET, Path=/api/settings, Origin=http://localhost:3000
[2025-10-26 22:19:52,742] INFO in app: Incoming Request: Method=GET, Path=/api/admin-users, Origin=http://localhost:3000
[2025-10-26 22:19:52,742] INFO in app: Incoming Request: Method=GET, Path=/api/admin-users, Origin=http://localhost:3000
2025-10-26 22:19:52,742 - app - INFO - app.py:69 - Incoming Request: Method=GET, Path=/api/admin-users, Origin=http://localhost:3000
127.0.0.1 - - [26/Oct/2025 22:19:52] "GET /api/admin-users HTTP/1.1" 200 -
127.0.0.1 - - [26/Oct/2025 22:19:52] "GET /api/admin-users HTTP/1.1" 200 -
[2025-10-26 22:19:52,746] INFO in app: Incoming Request: Method=GET, Path=/api/admin-users, Origin=http://localhost:3000
[2025-10-26 22:19:52,746] INFO in app: Incoming Request: Method=GET, Path=/api/admin-users, Origin=http://localhost:3000
2025-10-26 22:19:52,746 - app - INFO - app.py:69 - Incoming Request: Method=GET, Path=/api/admin-users, Origin=http://localhost:3000
127.0.0.1 - - [26/Oct/2025 22:19:52] "GET /api/admin-users HTTP/1.1" 200 -
127.0.0.1 - - [26/Oct/2025 22:19:52] "GET /api/admin-users HTTP/1.1" 200 -
127.0.0.1 - - [26/Oct/2025 22:19:52] "GET /api/settings HTTP/1.1" 200 -
127.0.0.1 - - [26/Oct/2025 22:19:52] "GET /api/settings HTTP/1.1" 200 -
[2025-10-26 22:19:52,764] INFO in app: Incoming Request: Method=GET, Path=/api/settings, Origin=http://localhost:3000
[2025-10-26 22:19:52,764] INFO in app: Incoming Request: Method=GET, Path=/api/settings, Origin=http://localhost:3000
2025-10-26 22:19:52,764 - app - INFO - app.py:69 - Incoming Request: Method=GET, Path=/api/settings, Origin=http://localhost:3000
127.0.0.1 - - [26/Oct/2025 22:19:52] "GET /api/settings HTTP/1.1" 200 -
127.0.0.1 - - [26/Oct/2025 22:19:52] "GET /api/settings HTTP/1.1" 200 -
[2025-10-26 22:19:52,792] INFO in app: Incoming Request: Method=GET, Path=/api/notifications, Origin=http://localhost:3000
[2025-10-26 22:19:52,792] INFO in app: Incoming Request: Method=GET, Path=/api/notifications, Origin=http://localhost:3000
2025-10-26 22:19:52,792 - app - INFO - app.py:69 - Incoming Request: Method=GET, Path=/api/notifications, Origin=http://localhost:3000
127.0.0.1 - - [26/Oct/2025 22:19:52] "GET /api/notifications?limit=20 HTTP/1.1" 200 -
127.0.0.1 - - [26/Oct/2025 22:19:52] "GET /api/notifications?limit=20 HTTP/1.1" 200 -
[2025-10-26 22:19:52,797] INFO in app: Incoming Request: Method=GET, Path=/api/notifications, Origin=http://localhost:3000
[2025-10-26 22:19:52,797] INFO in app: Incoming Request: Method=GET, Path=/api/notifications, Origin=http://localhost:3000
2025-10-26 22:19:52,797 - app - INFO - app.py:69 - Incoming Request: Method=GET, Path=/api/notifications, Origin=http://localhost:3000
127.0.0.1 - - [26/Oct/2025 22:19:52] "GET /api/notifications?limit=20 HTTP/1.1" 200 -
127.0.0.1 - - [26/Oct/2025 22:19:52] "GET /api/notifications?limit=20 HTTP/1.1" 200 -
[2025-11-05 17:09:59,896] INFO in app: APP_BASE_DIR: E:\Siri-apps\billing-app\backend
[2025-11-05 17:09:59,896] INFO in app: APP_BASE_DIR: E:\Siri-apps\billing-app\backend
2025-11-05 17:09:59,896 - app - INFO - app.py:170 - APP_BASE_DIR: E:\Siri-apps\billing-app\backend
[2025-11-05 17:09:59,910] INFO in app: JSON_DIR: E:\Siri-apps\billing-app\backend\data\json
[2025-11-05 17:09:59,910] INFO in app: JSON_DIR: E:\Siri-apps\billing-app\backend\data\json
2025-11-05 17:09:59,910 - app - INFO - app.py:171 - JSON_DIR: E:\Siri-apps\billing-app\backend\data\json
[2025-11-05 17:09:59,910] INFO in app: LOGS_DIR: E:\Siri-apps\billing-app\backend\data\logs
[2025-11-05 17:09:59,910] INFO in app: LOGS_DIR: E:\Siri-apps\billing-app\backend\data\logs
2025-11-05 17:09:59,910 - app - INFO - app.py:172 - LOGS_DIR: E:\Siri-apps\billing-app\backend\data\logs
MySQL connection pool created successfully with hardcoded values.
Table 'batch' checked/created successfully.
Table 'ProductBarcodes' checked/created successfully.
Table 'Users' checked/created successfully.
Ensured 'password' column in 'Users' table is NOT NULL.
Table 'UserStores' checked/created successfully.
Table 'Bills' checked/created successfully.
[2025-11-05 17:10:05,831] INFO in app: BILLS_FILE: E:\Siri-apps\billing-app\backend\data\json\bills.json, Exists: True, Size: 2 bytes
[2025-11-05 17:10:05,831] INFO in app: BILLS_FILE: E:\Siri-apps\billing-app\backend\data\json\bills.json, Exists: True, Size: 2 bytes
2025-11-05 17:10:05,831 - app - INFO - app.py:2758 - BILLS_FILE: E:\Siri-apps\billing-app\backend\data\json\bills.json, Exists: True, Size: 2 bytes
[2025-11-05 17:10:05,835] INFO in app: Enhanced background sync process started successfully
[2025-11-05 17:10:05,835] INFO in app: Enhanced background sync process started successfully
2025-11-05 17:10:05,835 - app - INFO - app.py:2665 - Enhanced background sync process started successfully
 * Serving Flask app 'app'
 * Debug mode: on
WARNING: This is a development server. Do not use it in a production deployment. Use a production WSGI server instead.WARNING: This is a development server. Do not use it in a production deployment. Use a production WSGI server instead.
 * Running on http://127.0.0.1:8080

 * Running on http://127.0.0.1:8080
Press CTRL+C to quitPress CTRL+C to quit

 * Restarting with stat
 * Restarting with stat
[2025-11-05 17:10:06,830] INFO in app: APP_BASE_DIR: E:\Siri-apps\billing-app\backend
[2025-11-05 17:10:06,830] INFO in app: APP_BASE_DIR: E:\Siri-apps\billing-app\backend
2025-11-05 17:10:06,830 - app - INFO - app.py:170 - APP_BASE_DIR: E:\Siri-apps\billing-app\backend
[2025-11-05 17:10:06,833] INFO in app: JSON_DIR: E:\Siri-apps\billing-app\backend\data\json
[2025-11-05 17:10:06,833] INFO in app: JSON_DIR: E:\Siri-apps\billing-app\backend\data\json
2025-11-05 17:10:06,833 - app - INFO - app.py:171 - JSON_DIR: E:\Siri-apps\billing-app\backend\data\json
[2025-11-05 17:10:06,833] INFO in app: LOGS_DIR: E:\Siri-apps\billing-app\backend\data\logs
[2025-11-05 17:10:06,833] INFO in app: LOGS_DIR: E:\Siri-apps\billing-app\backend\data\logs
2025-11-05 17:10:06,833 - app - INFO - app.py:172 - LOGS_DIR: E:\Siri-apps\billing-app\backend\data\logs
MySQL connection pool created successfully with hardcoded values.
Table 'batch' checked/created successfully.
Table 'ProductBarcodes' checked/created successfully.
Table 'Users' checked/created successfully.
Ensured 'password' column in 'Users' table is NOT NULL.
Table 'UserStores' checked/created successfully.
Table 'Bills' checked/created successfully.
[2025-11-05 17:10:11,658] INFO in app: BILLS_FILE: E:\Siri-apps\billing-app\backend\data\json\bills.json, Exists: True, Size: 1747 bytes
[2025-11-05 17:10:11,658] INFO in app: BILLS_FILE: E:\Siri-apps\billing-app\backend\data\json\bills.json, Exists: True, Size: 1747 bytes
2025-11-05 17:10:11,658 - app - INFO - app.py:2758 - BILLS_FILE: E:\Siri-apps\billing-app\backend\data\json\bills.json, Exists: True, Size: 1747 bytes
[2025-11-05 17:10:11,659] INFO in app: Enhanced background sync process started successfully
[2025-11-05 17:10:11,659] INFO in app: Enhanced background sync process started successfully
2025-11-05 17:10:11,659 - app - INFO - app.py:2665 - Enhanced background sync process started successfully
 * Debugger is active!
 * Debugger is active!
 * Debugger PIN: 110-481-538
 * Debugger PIN: 110-481-538
Exception in thread Exception in thread Thread-2 (serve_forever)Thread-2 (serve_forever):
:
Traceback (most recent call last):
Traceback (most recent call last):
  File "C:\Users\Dell\AppData\Local\Programs\Python\Python312\Lib\threading.py", line 1075, in _bootstrap_inner
  File "C:\Users\Dell\AppData\Local\Programs\Python\Python312\Lib\threading.py", line 1075, in _bootstrap_inner
        self.run()self.run()

  File "C:\Users\Dell\AppData\Local\Programs\Python\Python312\Lib\threading.py", line 1012, in run
  File "C:\Users\Dell\AppData\Local\Programs\Python\Python312\Lib\threading.py", line 1012, in run
        self._target(*self._args, **self._kwargs)self._target(*self._args, **self._kwargs)

  File "E:\Siri-apps\billing-app\backend\.venv\Lib\site-packages\werkzeug\serving.py", line 819, in serve_forever
  File "E:\Siri-apps\billing-app\backend\.venv\Lib\site-packages\werkzeug\serving.py", line 819, in serve_forever
        super().serve_forever(poll_interval=poll_interval)super().serve_forever(poll_interval=poll_interval)

  File "C:\Users\Dell\AppData\Local\Programs\Python\Python312\Lib\socketserver.py", line 235, in serve_forever
  File "C:\Users\Dell\AppData\Local\Programs\Python\Python312\Lib\socketserver.py", line 235, in serve_forever
        ready = selector.select(poll_interval)ready = selector.select(poll_interval)

                        ^^^^^^^^^^^^^^^^^^^^^^^^^^^^^^^^^^^^^^^^^^^^^^^^^^^^^^^^^^^^

  File "C:\Users\Dell\AppData\Local\Programs\Python\Python312\Lib\selectors.py", line 323, in select
  File "C:\Users\Dell\AppData\Local\Programs\Python\Python312\Lib\selectors.py", line 323, in select
        r, w, _ = self._select(self._readers, self._writers, [], timeout)r, w, _ = self._select(self._readers, self._writers, [], timeout)

                            ^^^^^^^^^^^^^^^^^^^^^^^^^^^^^^^^^^^^^^^^^^^^^^^^^^^^^^^^^^^^^^^^^^^^^^^^^^^^^^^^^^^^^^^^^^^^^^^^^^^^^^^^^^^^^^

  File "C:\Users\Dell\AppData\Local\Programs\Python\Python312\Lib\selectors.py", line 314, in _select
  File "C:\Users\Dell\AppData\Local\Programs\Python\Python312\Lib\selectors.py", line 314, in _select
        r, w, x = select.select(r, w, w, timeout)r, w, x = select.select(r, w, w, timeout)

                            ^^^^^^^^^^^^^^^^^^^^^^^^^^^^^^^^^^^^^^^^^^^^^^^^^^^^^^^^^^^^^^

OSErrorOSError: : [WinError 10038] An operation was attempted on something that is not a socket[WinError 10038] An operation was attempted on something that is not a socket

[2025-11-05 17:12:31,086] INFO in app: Enhanced sync manager stopped gracefully
[2025-11-05 17:12:31,086] INFO in app: Enhanced sync manager stopped gracefully
2025-11-05 17:12:31,086 - app - INFO - app.py:2842 - Enhanced sync manager stopped gracefully
[2025-11-05 17:12:36,218] INFO in app: Enhanced sync manager stopped gracefully
[2025-11-05 17:12:36,218] INFO in app: Enhanced sync manager stopped gracefully
2025-11-05 17:12:36,218 - app - INFO - app.py:2842 - Enhanced sync manager stopped gracefully
