2025-11-07 22:00:20,179 - scripts.sync_manager - INFO - Created directory: E:\Siri-apps\billing-app\backend\data\json
2025-11-07 22:00:25,961 - scripts.sync_manager - INFO - Starting background sync scheduler
2025-11-07 22:00:25,961 - scripts.sync_manager - INFO - Sync scheduler thread started
2025-11-07 22:00:25,961 - scripts.sync_manager - INFO - Background sync started successfully
2025-11-07 22:00:25,961 - scripts.sync_manager - INFO - Performing initial sync and immediate cleanup
2025-11-07 22:00:25,972 - scripts.sync_manager - INFO - Cleaning up logs older than 2025-10-08T22:00:25.972164
2025-11-07 22:00:26,166 - scripts.sync_manager - INFO - MySQL sync_table cleanup: 0 entries removed
2025-11-07 22:00:26,356 - scripts.sync_manager - INFO - === Starting scheduled sync cycle ===
2025-11-07 22:00:26,356 - scripts.sync_manager - INFO - Step 1: Pushing pending logs to MySQL
2025-11-07 22:00:26,356 - scripts.sync_manager - INFO - No pending sync logs to process
2025-11-07 22:00:26,356 - scripts.sync_manager - INFO - Push result: {'status': 'success', 'message': 'No pending logs', 'processed': 0, 'failed': 0}
2025-11-07 22:00:26,358 - scripts.sync_manager - INFO - Step 2: Pulling remote changes from MySQL
2025-11-07 22:00:26,476 - scripts.sync_manager - INFO - Pulling from MySQL sync_table. Last sync: 2025-11-07T22:00:25.782736. Table: All, Full Pull: False
2025-11-07 22:00:26,514 - scripts.sync_manager - INFO - No new changes to pull
2025-11-07 22:00:26,701 - scripts.sync_manager - INFO - Pull result: {'status': 'success', 'message': 'No new entries', 'pulled': 0}
2025-11-07 22:00:26,701 - scripts.sync_manager - INFO - === Scheduled sync cycle completed successfully ===
2025-11-07 22:00:30,939 - scripts.sync_manager - INFO - Starting background sync scheduler
2025-11-07 22:00:30,939 - scripts.sync_manager - INFO - Sync scheduler thread started
2025-11-07 22:00:30,939 - scripts.sync_manager - INFO - Background sync started successfully
2025-11-07 22:00:30,939 - scripts.sync_manager - INFO - Performing initial sync and immediate cleanup
2025-11-07 22:00:30,946 - scripts.sync_manager - INFO - Cleaning up logs older than 2025-10-08T22:00:30.946817
2025-11-07 22:00:31,148 - scripts.sync_manager - INFO - MySQL sync_table cleanup: 0 entries removed
2025-11-07 22:00:31,337 - scripts.sync_manager - INFO - === Starting scheduled sync cycle ===
2025-11-07 22:00:31,338 - scripts.sync_manager - INFO - Step 1: Pushing pending logs to MySQL
2025-11-07 22:00:31,340 - scripts.sync_manager - INFO - No pending sync logs to process
2025-11-07 22:00:31,340 - scripts.sync_manager - INFO - Push result: {'status': 'success', 'message': 'No pending logs', 'processed': 0, 'failed': 0}
2025-11-07 22:00:31,342 - scripts.sync_manager - INFO - Step 2: Pulling remote changes from MySQL
2025-11-07 22:00:31,449 - scripts.sync_manager - INFO - Pulling from MySQL sync_table. Last sync: 2025-11-07T22:00:25.782736. Table: All, Full Pull: False
2025-11-07 22:00:31,500 - scripts.sync_manager - INFO - No new changes to pull
2025-11-07 22:00:31,688 - scripts.sync_manager - INFO - Pull result: {'status': 'success', 'message': 'No new entries', 'pulled': 0}
2025-11-07 22:00:31,703 - scripts.sync_manager - INFO - === Scheduled sync cycle completed successfully ===
2025-11-07 22:02:34,953 - scripts.sync_manager - INFO - Pulling from MySQL sync_table. Last sync: 2025-11-07T22:00:25.782736. Table: All, Full Pull: False
2025-11-07 22:02:34,989 - scripts.sync_manager - INFO - No new changes to pull
2025-11-07 22:02:47,109 - scripts.sync_manager - INFO - Pulling from MySQL sync_table. Last sync: 2025-11-07T22:00:25.782736. Table: All, Full Pull: False
2025-11-07 22:02:47,138 - scripts.sync_manager - INFO - No new changes to pull
2025-11-07 22:03:39,087 - scripts.sync_manager - INFO - Logged CRUD operation: Notifications - UPDATE - all
2025-11-07 22:06:27,993 - scripts.sync_manager - INFO - Pulling from MySQL sync_table. Last sync: 2025-11-07T22:00:25.782736. Table: All, Full Pull: False
2025-11-07 22:06:28,031 - scripts.sync_manager - INFO - No new changes to pull
2025-11-07 22:06:29,557 - scripts.sync_manager - INFO - Pulling from MySQL sync_table. Last sync: 2025-11-07T22:00:25.782736. Table: All, Full Pull: False
2025-11-07 22:06:29,599 - scripts.sync_manager - INFO - No new changes to pull
2025-11-07 22:07:17,728 - scripts.sync_manager - INFO - Pulling from MySQL sync_table. Last sync: 2025-11-07T22:00:25.782736. Table: All, Full Pull: False
2025-11-07 22:07:17,773 - scripts.sync_manager - INFO - No new changes to pull
2025-11-07 22:07:19,236 - scripts.sync_manager - INFO - Pulling from MySQL sync_table. Last sync: 2025-11-07T22:00:25.782736. Table: All, Full Pull: False
2025-11-07 22:07:19,284 - scripts.sync_manager - INFO - No new changes to pull
2025-11-07 22:07:24,068 - scripts.sync_manager - INFO - Pulling from MySQL sync_table. Last sync: 2025-11-07T22:00:25.782736. Table: All, Full Pull: False
2025-11-07 22:07:24,068 - scripts.sync_manager - INFO - Pulling from MySQL sync_table. Last sync: 2025-11-07T22:00:25.782736. Table: All, Full Pull: False
2025-11-07 22:07:24,107 - scripts.sync_manager - INFO - No new changes to pull
2025-11-07 22:07:24,144 - scripts.sync_manager - INFO - No new changes to pull
2025-11-07 22:07:24,495 - scripts.sync_manager - INFO - Pulling from MySQL sync_table. Last sync: 2025-11-07T22:00:25.782736. Table: All, Full Pull: False
2025-11-07 22:07:24,541 - scripts.sync_manager - INFO - No new changes to pull
2025-11-07 22:07:25,594 - scripts.sync_manager - INFO - Pulling from MySQL sync_table. Last sync: 2025-11-07T22:00:25.782736. Table: All, Full Pull: False
2025-11-07 22:07:25,646 - scripts.sync_manager - INFO - No new changes to pull
2025-11-07 22:08:13,844 - scripts.sync_manager - INFO - Pulling from MySQL sync_table. Last sync: 2025-11-07T22:00:25.782736. Table: All, Full Pull: False
2025-11-07 22:08:13,880 - scripts.sync_manager - INFO - No new changes to pull
2025-11-07 22:08:14,549 - scripts.sync_manager - INFO - Pulling from MySQL sync_table. Last sync: 2025-11-07T22:00:25.782736. Table: All, Full Pull: False
2025-11-07 22:08:14,592 - scripts.sync_manager - INFO - No new changes to pull
2025-11-07 22:09:17,412 - scripts.sync_manager - INFO - Pulling from MySQL sync_table. Last sync: 2025-11-07T22:00:25.782736. Table: All, Full Pull: False
2025-11-07 22:09:17,448 - scripts.sync_manager - INFO - No new changes to pull
2025-11-07 22:09:18,106 - scripts.sync_manager - INFO - Pulling from MySQL sync_table. Last sync: 2025-11-07T22:00:25.782736. Table: All, Full Pull: False
2025-11-07 22:09:18,137 - scripts.sync_manager - INFO - No new changes to pull
2025-11-07 22:09:51,136 - scripts.sync_manager - INFO - Pulling from MySQL sync_table. Last sync: 2025-11-07T22:00:25.782736. Table: All, Full Pull: False
2025-11-07 22:09:51,166 - scripts.sync_manager - INFO - No new changes to pull
2025-11-07 22:09:51,813 - scripts.sync_manager - INFO - Pulling from MySQL sync_table. Last sync: 2025-11-07T22:00:25.782736. Table: All, Full Pull: False
2025-11-07 22:09:51,847 - scripts.sync_manager - INFO - No new changes to pull
2025-11-07 22:10:19,282 - scripts.sync_manager - INFO - Pulling from MySQL sync_table. Last sync: 2025-11-07T22:00:25.782736. Table: All, Full Pull: False
2025-11-07 22:10:19,316 - scripts.sync_manager - INFO - No new changes to pull
2025-11-07 22:10:19,949 - scripts.sync_manager - INFO - Pulling from MySQL sync_table. Last sync: 2025-11-07T22:00:25.782736. Table: All, Full Pull: False
2025-11-07 22:10:19,982 - scripts.sync_manager - INFO - No new changes to pull
2025-11-07 22:11:21,364 - scripts.sync_manager - INFO - Pulling from MySQL sync_table. Last sync: 2025-11-07T22:00:25.782736. Table: All, Full Pull: False
2025-11-07 22:11:21,398 - scripts.sync_manager - INFO - No new changes to pull
2025-11-07 22:11:22,037 - scripts.sync_manager - INFO - Pulling from MySQL sync_table. Last sync: 2025-11-07T22:00:25.782736. Table: All, Full Pull: False
2025-11-07 22:11:22,083 - scripts.sync_manager - INFO - No new changes to pull
2025-11-07 22:12:22,721 - scripts.sync_manager - INFO - Pulling from MySQL sync_table. Last sync: 2025-11-07T22:00:25.782736. Table: All, Full Pull: False
2025-11-07 22:12:22,758 - scripts.sync_manager - INFO - No new changes to pull
2025-11-07 22:12:23,378 - scripts.sync_manager - INFO - Pulling from MySQL sync_table. Last sync: 2025-11-07T22:00:25.782736. Table: All, Full Pull: False
2025-11-07 22:12:23,416 - scripts.sync_manager - INFO - No new changes to pull
2025-11-07 22:13:06,636 - scripts.sync_manager - INFO - Pulling from MySQL sync_table. Last sync: 2025-11-07T22:00:25.782736. Table: All, Full Pull: False
2025-11-07 22:13:06,683 - scripts.sync_manager - INFO - No new changes to pull
2025-11-07 22:13:07,337 - scripts.sync_manager - INFO - Pulling from MySQL sync_table. Last sync: 2025-11-07T22:00:25.782736. Table: All, Full Pull: False
2025-11-07 22:13:07,374 - scripts.sync_manager - INFO - No new changes to pull
2025-11-07 22:15:26,724 - scripts.sync_manager - INFO - === Starting scheduled sync cycle ===
2025-11-07 22:15:26,724 - scripts.sync_manager - INFO - Step 1: Pushing pending logs to MySQL
2025-11-07 22:15:26,725 - scripts.sync_manager - INFO - Processing 1 pending sync logs
2025-11-07 22:15:26,725 - scripts.sync_manager - INFO - Processing log ID 1: Notifications - UPDATE - all
2025-11-07 22:15:27,223 - scripts.sync_manager - INFO - UPDATE operation on Notifications for all successful
2025-11-07 22:15:27,453 - scripts.sync_manager - INFO - Successfully processed log ID 1
2025-11-07 22:15:27,453 - scripts.sync_manager - INFO - Finished processing: 1 processed, 0 failed
2025-11-07 22:15:27,453 - scripts.sync_manager - INFO - Push result: {'status': 'success', 'message': 'Processed 1 logs, 0 failed', 'processed': 1, 'failed': 0}
2025-11-07 22:15:27,455 - scripts.sync_manager - INFO - Step 2: Pulling remote changes from MySQL
2025-11-07 22:15:27,823 - scripts.sync_manager - INFO - Pulling from MySQL sync_table. Last sync: 2025-11-07T22:00:25.782736. Table: All, Full Pull: False
2025-11-07 22:15:27,875 - scripts.sync_manager - INFO - No new changes to pull
2025-11-07 22:15:28,059 - scripts.sync_manager - INFO - Pull result: {'status': 'success', 'message': 'No new entries', 'pulled': 0}
2025-11-07 22:15:28,088 - scripts.sync_manager - INFO - === Scheduled sync cycle completed successfully ===
2025-11-07 22:15:28,110 - scripts.sync_manager - INFO - No failed logs to retry
2025-11-07 22:15:30,129 - scripts.sync_manager - INFO - Pulling from MySQL sync_table. Last sync: 2025-11-07T22:00:25.782736. Table: All, Full Pull: False
2025-11-07 22:15:30,169 - scripts.sync_manager - INFO - No new changes to pull
2025-11-07 22:15:30,820 - scripts.sync_manager - INFO - Pulling from MySQL sync_table. Last sync: 2025-11-07T22:00:25.782736. Table: All, Full Pull: False
2025-11-07 22:15:30,858 - scripts.sync_manager - INFO - No new changes to pull
2025-11-07 22:15:31,726 - scripts.sync_manager - INFO - === Starting scheduled sync cycle ===
2025-11-07 22:15:31,726 - scripts.sync_manager - INFO - Step 1: Pushing pending logs to MySQL
2025-11-07 22:15:31,727 - scripts.sync_manager - INFO - No pending sync logs to process
2025-11-07 22:15:31,727 - scripts.sync_manager - INFO - Push result: {'status': 'success', 'message': 'No pending logs', 'processed': 0, 'failed': 0}
2025-11-07 22:15:31,729 - scripts.sync_manager - INFO - Step 2: Pulling remote changes from MySQL
2025-11-07 22:15:32,124 - scripts.sync_manager - INFO - Pulling from MySQL sync_table. Last sync: 2025-11-07T22:00:25.782736. Table: All, Full Pull: False
2025-11-07 22:15:32,170 - scripts.sync_manager - INFO - No new changes to pull
2025-11-07 22:15:32,353 - scripts.sync_manager - INFO - Pull result: {'status': 'success', 'message': 'No new entries', 'pulled': 0}
2025-11-07 22:15:32,369 - scripts.sync_manager - INFO - === Scheduled sync cycle completed successfully ===
2025-11-07 22:15:32,370 - scripts.sync_manager - INFO - No failed logs to retry
2025-11-07 22:15:34,222 - scripts.sync_manager - INFO - Pulling from MySQL sync_table. Last sync: 2025-11-07T22:00:25.782736. Table: All, Full Pull: False
2025-11-07 22:15:34,258 - scripts.sync_manager - INFO - No new changes to pull
2025-11-07 22:15:34,615 - scripts.sync_manager - INFO - Pulling from MySQL sync_table. Last sync: 2025-11-07T22:00:25.782736. Table: All, Full Pull: False
2025-11-07 22:15:34,655 - scripts.sync_manager - INFO - No new changes to pull
2025-11-07 22:30:27,056 - scripts.sync_manager - INFO - Pulling from MySQL sync_table. Last sync: 2025-11-07T22:00:25.782736. Table: All, Full Pull: False
2025-11-07 22:30:27,094 - scripts.sync_manager - INFO - No new changes to pull
2025-11-07 22:30:27,778 - scripts.sync_manager - INFO - Pulling from MySQL sync_table. Last sync: 2025-11-07T22:00:25.782736. Table: All, Full Pull: False
2025-11-07 22:30:27,817 - scripts.sync_manager - INFO - No new changes to pull
2025-11-07 22:30:28,124 - scripts.sync_manager - INFO - === Starting scheduled sync cycle ===
2025-11-07 22:30:28,124 - scripts.sync_manager - INFO - Step 1: Pushing pending logs to MySQL
2025-11-07 22:30:28,126 - scripts.sync_manager - INFO - No pending sync logs to process
2025-11-07 22:30:28,128 - scripts.sync_manager - INFO - Push result: {'status': 'success', 'message': 'No pending logs', 'processed': 0, 'failed': 0}
2025-11-07 22:30:28,128 - scripts.sync_manager - INFO - Step 2: Pulling remote changes from MySQL
2025-11-07 22:30:28,517 - scripts.sync_manager - INFO - Pulling from MySQL sync_table. Last sync: 2025-11-07T22:00:25.782736. Table: All, Full Pull: False
2025-11-07 22:30:28,552 - scripts.sync_manager - INFO - No new changes to pull
2025-11-07 22:30:28,731 - scripts.sync_manager - INFO - Pull result: {'status': 'success', 'message': 'No new entries', 'pulled': 0}
2025-11-07 22:30:28,779 - scripts.sync_manager - INFO - === Scheduled sync cycle completed successfully ===
2025-11-07 22:30:28,779 - scripts.sync_manager - INFO - No failed logs to retry
2025-11-07 22:30:32,386 - scripts.sync_manager - INFO - === Starting scheduled sync cycle ===
2025-11-07 22:30:32,386 - scripts.sync_manager - INFO - Step 1: Pushing pending logs to MySQL
2025-11-07 22:30:32,386 - scripts.sync_manager - INFO - No pending sync logs to process
2025-11-07 22:30:32,386 - scripts.sync_manager - INFO - Push result: {'status': 'success', 'message': 'No pending logs', 'processed': 0, 'failed': 0}
2025-11-07 22:30:32,387 - scripts.sync_manager - INFO - Step 2: Pulling remote changes from MySQL
2025-11-07 22:30:32,791 - scripts.sync_manager - INFO - Pulling from MySQL sync_table. Last sync: 2025-11-07T22:00:25.782736. Table: All, Full Pull: False
2025-11-07 22:30:32,841 - scripts.sync_manager - INFO - No new changes to pull
2025-11-07 22:30:33,020 - scripts.sync_manager - INFO - Pull result: {'status': 'success', 'message': 'No new entries', 'pulled': 0}
2025-11-07 22:30:33,059 - scripts.sync_manager - INFO - === Scheduled sync cycle completed successfully ===
2025-11-07 22:30:33,062 - scripts.sync_manager - INFO - No failed logs to retry
2025-11-07 22:31:27,656 - scripts.sync_manager - INFO - Pulling from MySQL sync_table. Last sync: 2025-11-07T22:00:25.782736. Table: All, Full Pull: False
2025-11-07 22:31:27,695 - scripts.sync_manager - INFO - No new changes to pull
2025-11-07 22:31:28,279 - scripts.sync_manager - INFO - Pulling from MySQL sync_table. Last sync: 2025-11-07T22:00:25.782736. Table: All, Full Pull: False
2025-11-07 22:31:28,318 - scripts.sync_manager - INFO - No new changes to pull
2025-11-07 22:32:27,031 - scripts.sync_manager - INFO - Pulling from MySQL sync_table. Last sync: 2025-11-07T22:00:25.782736. Table: All, Full Pull: False
2025-11-07 22:32:27,066 - scripts.sync_manager - INFO - No new changes to pull
2025-11-07 22:32:27,665 - scripts.sync_manager - INFO - Pulling from MySQL sync_table. Last sync: 2025-11-07T22:00:25.782736. Table: All, Full Pull: False
2025-11-07 22:32:27,703 - scripts.sync_manager - INFO - No new changes to pull
2025-11-07 22:33:27,033 - scripts.sync_manager - INFO - Pulling from MySQL sync_table. Last sync: 2025-11-07T22:00:25.782736. Table: All, Full Pull: False
2025-11-07 22:33:27,085 - scripts.sync_manager - INFO - No new changes to pull
2025-11-07 22:33:27,764 - scripts.sync_manager - INFO - Pulling from MySQL sync_table. Last sync: 2025-11-07T22:00:25.782736. Table: All, Full Pull: False
2025-11-07 22:33:27,810 - scripts.sync_manager - INFO - No new changes to pull
2025-11-07 22:34:27,003 - scripts.sync_manager - INFO - Pulling from MySQL sync_table. Last sync: 2025-11-07T22:00:25.782736. Table: All, Full Pull: False
2025-11-07 22:34:27,037 - scripts.sync_manager - INFO - No new changes to pull
2025-11-07 22:34:27,712 - scripts.sync_manager - INFO - Pulling from MySQL sync_table. Last sync: 2025-11-07T22:00:25.782736. Table: All, Full Pull: False
2025-11-07 22:34:27,748 - scripts.sync_manager - INFO - No new changes to pull
2025-11-07 22:35:27,038 - scripts.sync_manager - INFO - Pulling from MySQL sync_table. Last sync: 2025-11-07T22:00:25.782736. Table: All, Full Pull: False
2025-11-07 22:35:27,090 - scripts.sync_manager - INFO - No new changes to pull
2025-11-07 22:35:27,755 - scripts.sync_manager - INFO - Pulling from MySQL sync_table. Last sync: 2025-11-07T22:00:25.782736. Table: All, Full Pull: False
2025-11-07 22:35:27,790 - scripts.sync_manager - INFO - No new changes to pull
2025-11-07 22:36:27,021 - scripts.sync_manager - INFO - Pulling from MySQL sync_table. Last sync: 2025-11-07T22:00:25.782736. Table: All, Full Pull: False
2025-11-07 22:36:27,069 - scripts.sync_manager - INFO - No new changes to pull
2025-11-07 22:36:27,693 - scripts.sync_manager - INFO - Pulling from MySQL sync_table. Last sync: 2025-11-07T22:00:25.782736. Table: All, Full Pull: False
2025-11-07 22:36:27,718 - scripts.sync_manager - INFO - No new changes to pull
2025-11-07 22:37:27,660 - scripts.sync_manager - INFO - Pulling from MySQL sync_table. Last sync: 2025-11-07T22:00:25.782736. Table: All, Full Pull: False
2025-11-07 22:37:27,694 - scripts.sync_manager - INFO - No new changes to pull
2025-11-07 22:37:28,373 - scripts.sync_manager - INFO - Pulling from MySQL sync_table. Last sync: 2025-11-07T22:00:25.782736. Table: All, Full Pull: False
2025-11-07 22:37:28,410 - scripts.sync_manager - INFO - No new changes to pull
2025-11-07 22:38:29,642 - scripts.sync_manager - INFO - Pulling from MySQL sync_table. Last sync: 2025-11-07T22:00:25.782736. Table: All, Full Pull: False
2025-11-07 22:38:29,675 - scripts.sync_manager - INFO - No new changes to pull
2025-11-07 22:38:30,305 - scripts.sync_manager - INFO - Pulling from MySQL sync_table. Last sync: 2025-11-07T22:00:25.782736. Table: All, Full Pull: False
2025-11-07 22:38:30,339 - scripts.sync_manager - INFO - No new changes to pull
2025-11-07 22:39:29,643 - scripts.sync_manager - INFO - Pulling from MySQL sync_table. Last sync: 2025-11-07T22:00:25.782736. Table: All, Full Pull: False
2025-11-07 22:39:29,683 - scripts.sync_manager - INFO - No new changes to pull
2025-11-07 22:39:30,303 - scripts.sync_manager - INFO - Pulling from MySQL sync_table. Last sync: 2025-11-07T22:00:25.782736. Table: All, Full Pull: False
2025-11-07 22:39:30,338 - scripts.sync_manager - INFO - No new changes to pull
2025-11-07 22:40:29,885 - scripts.sync_manager - INFO - Pulling from MySQL sync_table. Last sync: 2025-11-07T22:00:25.782736. Table: All, Full Pull: False
2025-11-07 22:40:29,925 - scripts.sync_manager - INFO - No new changes to pull
2025-11-07 22:40:30,636 - scripts.sync_manager - INFO - Pulling from MySQL sync_table. Last sync: 2025-11-07T22:00:25.782736. Table: All, Full Pull: False
2025-11-07 22:40:30,673 - scripts.sync_manager - INFO - No new changes to pull
2025-11-07 22:41:20,012 - scripts.sync_manager - INFO - Pulling from MySQL sync_table. Last sync: 2025-11-07T22:00:25.782736. Table: All, Full Pull: False
2025-11-07 22:41:20,050 - scripts.sync_manager - INFO - No new changes to pull
2025-11-07 22:41:20,670 - scripts.sync_manager - INFO - Pulling from MySQL sync_table. Last sync: 2025-11-07T22:00:25.782736. Table: All, Full Pull: False
2025-11-07 22:41:20,709 - scripts.sync_manager - INFO - No new changes to pull
2025-11-07 22:42:19,662 - scripts.sync_manager - INFO - Pulling from MySQL sync_table. Last sync: 2025-11-07T22:00:25.782736. Table: All, Full Pull: False
2025-11-07 22:42:19,711 - scripts.sync_manager - INFO - No new changes to pull
2025-11-07 22:42:20,365 - scripts.sync_manager - INFO - Pulling from MySQL sync_table. Last sync: 2025-11-07T22:00:25.782736. Table: All, Full Pull: False
2025-11-07 22:42:20,414 - scripts.sync_manager - INFO - No new changes to pull
2025-11-07 22:43:19,713 - scripts.sync_manager - INFO - Pulling from MySQL sync_table. Last sync: 2025-11-07T22:00:25.782736. Table: All, Full Pull: False
2025-11-07 22:43:19,753 - scripts.sync_manager - INFO - No new changes to pull
2025-11-07 22:43:20,341 - scripts.sync_manager - INFO - Pulling from MySQL sync_table. Last sync: 2025-11-07T22:00:25.782736. Table: All, Full Pull: False
2025-11-07 22:43:20,396 - scripts.sync_manager - INFO - No new changes to pull
2025-11-07 22:44:19,640 - scripts.sync_manager - INFO - Pulling from MySQL sync_table. Last sync: 2025-11-07T22:00:25.782736. Table: All, Full Pull: False
2025-11-07 22:44:19,668 - scripts.sync_manager - INFO - No new changes to pull
2025-11-07 22:44:20,306 - scripts.sync_manager - INFO - Pulling from MySQL sync_table. Last sync: 2025-11-07T22:00:25.782736. Table: All, Full Pull: False
2025-11-07 22:44:20,335 - scripts.sync_manager - INFO - No new changes to pull
2025-11-07 22:45:19,754 - scripts.sync_manager - INFO - Pulling from MySQL sync_table. Last sync: 2025-11-07T22:00:25.782736. Table: All, Full Pull: False
2025-11-07 22:45:19,790 - scripts.sync_manager - INFO - No new changes to pull
2025-11-07 22:45:20,420 - scripts.sync_manager - INFO - Pulling from MySQL sync_table. Last sync: 2025-11-07T22:00:25.782736. Table: All, Full Pull: False
2025-11-07 22:45:20,467 - scripts.sync_manager - INFO - No new changes to pull
2025-11-07 22:45:28,801 - scripts.sync_manager - INFO - === Starting scheduled sync cycle ===
2025-11-07 22:45:28,804 - scripts.sync_manager - INFO - Step 1: Pushing pending logs to MySQL
2025-11-07 22:45:28,805 - scripts.sync_manager - INFO - No pending sync logs to process
2025-11-07 22:45:28,808 - scripts.sync_manager - INFO - Push result: {'status': 'success', 'message': 'No pending logs', 'processed': 0, 'failed': 0}
2025-11-07 22:45:28,808 - scripts.sync_manager - INFO - Step 2: Pulling remote changes from MySQL
2025-11-07 22:45:29,178 - scripts.sync_manager - INFO - Pulling from MySQL sync_table. Last sync: 2025-11-07T22:00:25.782736. Table: All, Full Pull: False
2025-11-07 22:45:29,214 - scripts.sync_manager - INFO - No new changes to pull
2025-11-07 22:45:29,393 - scripts.sync_manager - INFO - Pull result: {'status': 'success', 'message': 'No new entries', 'pulled': 0}
2025-11-07 22:45:29,418 - scripts.sync_manager - INFO - === Scheduled sync cycle completed successfully ===
2025-11-07 22:45:29,421 - scripts.sync_manager - INFO - No failed logs to retry
2025-11-07 22:45:33,078 - scripts.sync_manager - INFO - === Starting scheduled sync cycle ===
2025-11-07 22:45:33,078 - scripts.sync_manager - INFO - Step 1: Pushing pending logs to MySQL
2025-11-07 22:45:33,079 - scripts.sync_manager - INFO - No pending sync logs to process
2025-11-07 22:45:33,079 - scripts.sync_manager - INFO - Push result: {'status': 'success', 'message': 'No pending logs', 'processed': 0, 'failed': 0}
2025-11-07 22:45:33,079 - scripts.sync_manager - INFO - Step 2: Pulling remote changes from MySQL
2025-11-07 22:45:33,466 - scripts.sync_manager - INFO - Pulling from MySQL sync_table. Last sync: 2025-11-07T22:00:25.782736. Table: All, Full Pull: False
2025-11-07 22:45:33,498 - scripts.sync_manager - INFO - No new changes to pull
2025-11-07 22:45:33,687 - scripts.sync_manager - INFO - Pull result: {'status': 'success', 'message': 'No new entries', 'pulled': 0}
2025-11-07 22:45:33,714 - scripts.sync_manager - INFO - === Scheduled sync cycle completed successfully ===
2025-11-07 22:45:33,714 - scripts.sync_manager - INFO - No failed logs to retry
2025-11-07 22:46:19,657 - scripts.sync_manager - INFO - Pulling from MySQL sync_table. Last sync: 2025-11-07T22:00:25.782736. Table: All, Full Pull: False
2025-11-07 22:46:19,701 - scripts.sync_manager - INFO - No new changes to pull
2025-11-07 22:46:20,286 - scripts.sync_manager - INFO - Pulling from MySQL sync_table. Last sync: 2025-11-07T22:00:25.782736. Table: All, Full Pull: False
2025-11-07 22:46:20,333 - scripts.sync_manager - INFO - No new changes to pull
2025-11-07 22:47:19,670 - scripts.sync_manager - INFO - Pulling from MySQL sync_table. Last sync: 2025-11-07T22:00:25.782736. Table: All, Full Pull: False
2025-11-07 22:47:19,700 - scripts.sync_manager - INFO - No new changes to pull
2025-11-07 22:47:20,373 - scripts.sync_manager - INFO - Pulling from MySQL sync_table. Last sync: 2025-11-07T22:00:25.782736. Table: All, Full Pull: False
2025-11-07 22:47:20,401 - scripts.sync_manager - INFO - No new changes to pull
2025-11-07 22:48:29,640 - scripts.sync_manager - INFO - Pulling from MySQL sync_table. Last sync: 2025-11-07T22:00:25.782736. Table: All, Full Pull: False
2025-11-07 22:48:29,685 - scripts.sync_manager - INFO - No new changes to pull
2025-11-07 22:48:30,273 - scripts.sync_manager - INFO - Pulling from MySQL sync_table. Last sync: 2025-11-07T22:00:25.782736. Table: All, Full Pull: False
2025-11-07 22:48:30,321 - scripts.sync_manager - INFO - No new changes to pull
2025-11-07 22:49:29,661 - scripts.sync_manager - INFO - Pulling from MySQL sync_table. Last sync: 2025-11-07T22:00:25.782736. Table: All, Full Pull: False
2025-11-07 22:49:29,698 - scripts.sync_manager - INFO - No new changes to pull
2025-11-07 22:49:30,306 - scripts.sync_manager - INFO - Pulling from MySQL sync_table. Last sync: 2025-11-07T22:00:25.782736. Table: All, Full Pull: False
2025-11-07 22:49:30,345 - scripts.sync_manager - INFO - No new changes to pull
2025-11-07 22:50:19,325 - scripts.sync_manager - INFO - Pulling from MySQL sync_table. Last sync: 2025-11-07T22:00:25.782736. Table: All, Full Pull: False
2025-11-07 22:50:19,358 - scripts.sync_manager - INFO - No new changes to pull
2025-11-07 22:50:20,161 - scripts.sync_manager - INFO - Pulling from MySQL sync_table. Last sync: 2025-11-07T22:00:25.782736. Table: All, Full Pull: False
2025-11-07 22:50:20,197 - scripts.sync_manager - INFO - No new changes to pull
2025-11-07 22:50:22,329 - scripts.sync_manager - INFO - Pulling from MySQL sync_table. Last sync: 2025-11-07T22:00:25.782736. Table: All, Full Pull: False
2025-11-07 22:50:22,366 - scripts.sync_manager - INFO - No new changes to pull
2025-11-07 22:50:23,555 - scripts.sync_manager - INFO - Pulling from MySQL sync_table. Last sync: 2025-11-07T22:00:25.782736. Table: All, Full Pull: False
2025-11-07 22:50:23,590 - scripts.sync_manager - INFO - No new changes to pull
2025-11-07 22:53:36,817 - scripts.sync_manager - INFO - Starting background sync scheduler
2025-11-07 22:53:36,817 - scripts.sync_manager - INFO - Sync scheduler thread started
2025-11-07 22:53:36,817 - scripts.sync_manager - INFO - Background sync started successfully
2025-11-07 22:53:36,819 - scripts.sync_manager - INFO - Performing initial sync and immediate cleanup
2025-11-07 22:53:36,819 - scripts.sync_manager - INFO - Cleaning up logs older than 2025-10-08T22:53:36.819765
2025-11-07 22:53:37,066 - scripts.sync_manager - INFO - MySQL sync_table cleanup: 0 entries removed
2025-11-07 22:53:37,260 - scripts.sync_manager - INFO - === Starting scheduled sync cycle ===
2025-11-07 22:53:37,505 - scripts.sync_manager - INFO - Step 1: Pushing pending logs to MySQL
2025-11-07 22:53:37,923 - scripts.sync_manager - INFO - No pending sync logs to process
2025-11-07 22:53:37,924 - scripts.sync_manager - INFO - Push result: {'status': 'success', 'message': 'No pending logs', 'processed': 0, 'failed': 0}
2025-11-07 22:53:37,925 - scripts.sync_manager - INFO - Step 2: Pulling remote changes from MySQL
2025-11-07 22:53:38,033 - scripts.sync_manager - INFO - Pulling from MySQL sync_table. Last sync: 2025-11-07T22:00:25.782736. Table: All, Full Pull: False
2025-11-07 22:53:38,068 - scripts.sync_manager - INFO - No new changes to pull
2025-11-07 22:53:38,257 - scripts.sync_manager - INFO - Pull result: {'status': 'success', 'message': 'No new entries', 'pulled': 0}
2025-11-07 22:53:38,351 - scripts.sync_manager - INFO - === Scheduled sync cycle completed successfully ===
2025-11-07 22:54:02,052 - scripts.sync_manager - INFO - Starting background sync scheduler
2025-11-07 22:54:02,285 - scripts.sync_manager - INFO - Sync scheduler thread started
2025-11-07 22:54:02,285 - scripts.sync_manager - INFO - Background sync started successfully
2025-11-07 22:54:02,285 - scripts.sync_manager - INFO - Performing initial sync and immediate cleanup
2025-11-07 22:54:02,287 - scripts.sync_manager - INFO - Cleaning up logs older than 2025-10-08T22:54:02.287765
2025-11-07 22:54:02,473 - scripts.sync_manager - INFO - MySQL sync_table cleanup: 0 entries removed
2025-11-07 22:54:02,668 - scripts.sync_manager - INFO - === Starting scheduled sync cycle ===
2025-11-07 22:54:02,668 - scripts.sync_manager - INFO - Step 1: Pushing pending logs to MySQL
2025-11-07 22:54:02,670 - scripts.sync_manager - INFO - No pending sync logs to process
2025-11-07 22:54:02,670 - scripts.sync_manager - INFO - Push result: {'status': 'success', 'message': 'No pending logs', 'processed': 0, 'failed': 0}
2025-11-07 22:54:02,670 - scripts.sync_manager - INFO - Step 2: Pulling remote changes from MySQL
2025-11-07 22:54:02,787 - scripts.sync_manager - INFO - Pulling from MySQL sync_table. Last sync: 2025-11-07T22:00:25.782736. Table: All, Full Pull: False
2025-11-07 22:54:02,824 - scripts.sync_manager - INFO - No new changes to pull
2025-11-07 22:54:03,026 - scripts.sync_manager - INFO - Pull result: {'status': 'success', 'message': 'No new entries', 'pulled': 0}
2025-11-07 22:54:03,129 - scripts.sync_manager - INFO - === Scheduled sync cycle completed successfully ===
2025-11-07 22:57:18,324 - scripts.sync_manager - INFO - Pulling from MySQL sync_table. Last sync: 2025-11-07T22:00:25.782736. Table: All, Full Pull: False
2025-11-07 22:57:18,361 - scripts.sync_manager - INFO - No new changes to pull
2025-11-07 22:57:19,885 - scripts.sync_manager - INFO - Pulling from MySQL sync_table. Last sync: 2025-11-07T22:00:25.782736. Table: All, Full Pull: False
2025-11-07 22:57:19,919 - scripts.sync_manager - INFO - No new changes to pull
2025-11-07 22:57:43,425 - scripts.sync_manager - INFO - Background sync process stopped
2025-11-07 22:57:48,548 - scripts.sync_manager - INFO - Background sync process stopped
2025-11-07 23:22:32,686 - scripts.sync_manager - INFO - Starting background sync scheduler
2025-11-07 23:22:32,704 - scripts.sync_manager - INFO - Sync scheduler thread started
2025-11-07 23:22:32,704 - scripts.sync_manager - INFO - Background sync started successfully
2025-11-07 23:22:32,704 - scripts.sync_manager - INFO - Performing initial sync and immediate cleanup
2025-11-07 23:22:32,705 - scripts.sync_manager - INFO - Cleaning up logs older than 2025-10-08T23:22:32.705526
2025-11-07 23:22:32,893 - scripts.sync_manager - INFO - MySQL sync_table cleanup: 0 entries removed
2025-11-07 23:22:33,077 - scripts.sync_manager - INFO - === Starting scheduled sync cycle ===
2025-11-07 23:22:33,077 - scripts.sync_manager - INFO - Step 1: Pushing pending logs to MySQL
2025-11-07 23:22:33,092 - scripts.sync_manager - INFO - No pending sync logs to process
2025-11-07 23:22:33,092 - scripts.sync_manager - INFO - Push result: {'status': 'success', 'message': 'No pending logs', 'processed': 0, 'failed': 0}
2025-11-07 23:22:33,092 - scripts.sync_manager - INFO - Step 2: Pulling remote changes from MySQL
2025-11-07 23:22:33,201 - scripts.sync_manager - INFO - Pulling from MySQL sync_table. Last sync: 2025-11-07T22:00:25.782736. Table: All, Full Pull: False
2025-11-07 23:22:33,240 - scripts.sync_manager - INFO - No new changes to pull
2025-11-07 23:22:33,419 - scripts.sync_manager - INFO - Pull result: {'status': 'success', 'message': 'No new entries', 'pulled': 0}
2025-11-07 23:22:33,437 - scripts.sync_manager - INFO - === Scheduled sync cycle completed successfully ===
2025-11-07 23:22:37,424 - scripts.sync_manager - INFO - Starting background sync scheduler
2025-11-07 23:22:37,424 - scripts.sync_manager - INFO - Sync scheduler thread started
2025-11-07 23:22:37,424 - scripts.sync_manager - INFO - Background sync started successfully
2025-11-07 23:22:37,424 - scripts.sync_manager - INFO - Performing initial sync and immediate cleanup
2025-11-07 23:22:37,426 - scripts.sync_manager - INFO - Cleaning up logs older than 2025-10-08T23:22:37.426446
2025-11-07 23:22:37,607 - scripts.sync_manager - INFO - MySQL sync_table cleanup: 0 entries removed
2025-11-07 23:22:37,799 - scripts.sync_manager - INFO - === Starting scheduled sync cycle ===
2025-11-07 23:22:37,799 - scripts.sync_manager - INFO - Step 1: Pushing pending logs to MySQL
2025-11-07 23:22:37,801 - scripts.sync_manager - INFO - No pending sync logs to process
2025-11-07 23:22:37,801 - scripts.sync_manager - INFO - Push result: {'status': 'success', 'message': 'No pending logs', 'processed': 0, 'failed': 0}
2025-11-07 23:22:37,804 - scripts.sync_manager - INFO - Step 2: Pulling remote changes from MySQL
2025-11-07 23:22:37,913 - scripts.sync_manager - INFO - Pulling from MySQL sync_table. Last sync: 2025-11-07T22:00:25.782736. Table: All, Full Pull: False
2025-11-07 23:22:37,951 - scripts.sync_manager - INFO - No new changes to pull
2025-11-07 23:22:38,133 - scripts.sync_manager - INFO - Pull result: {'status': 'success', 'message': 'No new entries', 'pulled': 0}
2025-11-07 23:22:38,141 - scripts.sync_manager - INFO - === Scheduled sync cycle completed successfully ===
2025-11-07 23:23:29,737 - scripts.sync_manager - INFO - Pulling from MySQL sync_table. Last sync: 2025-11-07T22:00:25.782736. Table: All, Full Pull: False
2025-11-07 23:23:29,827 - scripts.sync_manager - INFO - No new changes to pull
2025-11-07 23:24:29,649 - scripts.sync_manager - INFO - Pulling from MySQL sync_table. Last sync: 2025-11-07T22:00:25.782736. Table: All, Full Pull: False
2025-11-07 23:24:29,687 - scripts.sync_manager - INFO - No new changes to pull
2025-11-07 23:24:57,975 - scripts.sync_manager - INFO - Pulling from MySQL sync_table. Last sync: 2025-11-07T22:00:25.782736. Table: All, Full Pull: False
2025-11-07 23:24:58,020 - scripts.sync_manager - INFO - No new changes to pull
2025-11-07 23:24:59,405 - scripts.sync_manager - INFO - Pulling from MySQL sync_table. Last sync: 2025-11-07T22:00:25.782736. Table: All, Full Pull: False
2025-11-07 23:24:59,439 - scripts.sync_manager - INFO - No new changes to pull
2025-11-07 23:25:03,779 - scripts.sync_manager - INFO - Pulling from MySQL sync_table. Last sync: 2025-11-07T22:00:25.782736. Table: All, Full Pull: False
2025-11-07 23:25:03,814 - scripts.sync_manager - INFO - No new changes to pull
2025-11-07 23:25:08,522 - scripts.sync_manager - INFO - Pulling from MySQL sync_table. Last sync: 2025-11-07T22:00:25.782736. Table: All, Full Pull: False
2025-11-07 23:25:08,561 - scripts.sync_manager - INFO - No new changes to pull
2025-11-07 23:25:14,380 - scripts.sync_manager - INFO - Pulling from MySQL sync_table. Last sync: 2025-11-07T22:00:25.782736. Table: All, Full Pull: False
2025-11-07 23:25:14,420 - scripts.sync_manager - INFO - No new changes to pull
