2025-10-30 14:10:39,119 - scripts.sync_manager - INFO - Starting background sync scheduler
2025-10-30 14:10:39,119 - scripts.sync_manager - INFO - Sync scheduler thread started
2025-10-30 14:10:39,120 - scripts.sync_manager - INFO - Background sync started successfully
2025-10-30 14:10:39,120 - scripts.sync_manager - INFO - Performing initial sync and immediate cleanup
2025-10-30 14:10:39,121 - scripts.sync_manager - INFO - Cleaning up logs older than 2025-09-30T14:10:39.121712
2025-10-30 14:10:39,358 - scripts.sync_manager - INFO - MySQL sync_table cleanup: 0 entries removed
2025-10-30 14:10:39,562 - scripts.sync_manager - INFO - === Starting scheduled sync cycle ===
2025-10-30 14:10:39,568 - scripts.sync_manager - INFO - Step 1: Pushing pending logs to MySQL
2025-10-30 14:10:39,587 - scripts.sync_manager - INFO - Processing 1 pending sync logs
2025-10-30 14:10:39,587 - scripts.sync_manager - INFO - Processing log ID 80: Products - UPDATE - c119a802-d484-4242-823f-2cabac974a46
2025-10-30 14:10:39,838 - scripts.sync_manager - INFO - UPDATE operation on Products for c119a802-d484-4242-823f-2cabac974a46 successful
2025-10-30 14:10:40,076 - scripts.sync_manager - INFO - Successfully processed log ID 80
2025-10-30 14:10:40,083 - scripts.sync_manager - INFO - Finished processing: 1 processed, 0 failed
2025-10-30 14:10:40,087 - scripts.sync_manager - INFO - Push result: {'status': 'success', 'message': 'Processed 1 logs, 0 failed', 'processed': 1, 'failed': 0}
2025-10-30 14:10:40,088 - scripts.sync_manager - INFO - Step 2: Pulling remote changes from MySQL
2025-10-30 14:10:40,554 - scripts.sync_manager - INFO - Pulling from MySQL sync_table. Last sync: 2025-10-28T06:00:02
2025-10-30 14:10:40,595 - scripts.sync_manager - INFO - No new remote changes to pull
2025-10-30 14:10:40,789 - scripts.sync_manager - INFO - Pull result: {'status': 'success', 'message': 'No new entries', 'pulled': 0}
2025-10-30 14:10:40,808 - scripts.sync_manager - INFO - === Scheduled sync cycle completed successfully ===
2025-10-30 14:10:44,422 - scripts.sync_manager - INFO - Starting background sync scheduler
2025-10-30 14:10:44,423 - scripts.sync_manager - INFO - Sync scheduler thread started
2025-10-30 14:10:44,423 - scripts.sync_manager - INFO - Background sync started successfully
2025-10-30 14:10:44,423 - scripts.sync_manager - INFO - Performing initial sync and immediate cleanup
2025-10-30 14:10:44,424 - scripts.sync_manager - INFO - Cleaning up logs older than 2025-09-30T14:10:44.423971
2025-10-30 14:10:44,653 - scripts.sync_manager - INFO - MySQL sync_table cleanup: 0 entries removed
2025-10-30 14:10:44,848 - scripts.sync_manager - INFO - === Starting scheduled sync cycle ===
2025-10-30 14:10:44,849 - scripts.sync_manager - INFO - Step 1: Pushing pending logs to MySQL
2025-10-30 14:10:44,863 - scripts.sync_manager - INFO - No pending sync logs to process
2025-10-30 14:10:44,864 - scripts.sync_manager - INFO - Push result: {'status': 'success', 'message': 'No pending logs', 'processed': 0, 'failed': 0}
2025-10-30 14:10:44,865 - scripts.sync_manager - INFO - Step 2: Pulling remote changes from MySQL
2025-10-30 14:10:44,989 - scripts.sync_manager - INFO - Pulling from MySQL sync_table. Last sync: 2025-10-28T06:00:02
2025-10-30 14:10:45,031 - scripts.sync_manager - INFO - No new remote changes to pull
2025-10-30 14:10:45,228 - scripts.sync_manager - INFO - Pull result: {'status': 'success', 'message': 'No new entries', 'pulled': 0}
2025-10-30 14:10:45,258 - scripts.sync_manager - INFO - === Scheduled sync cycle completed successfully ===
2025-10-30 14:19:01,325 - scripts.sync_manager - INFO - Starting background sync scheduler
2025-10-30 14:19:01,329 - scripts.sync_manager - INFO - Sync scheduler thread started
2025-10-30 14:19:01,329 - scripts.sync_manager - INFO - Background sync started successfully
2025-10-30 14:19:01,331 - scripts.sync_manager - INFO - Performing initial sync and immediate cleanup
2025-10-30 14:19:01,332 - scripts.sync_manager - INFO - Cleaning up logs older than 2025-09-30T14:19:01.332325
2025-10-30 14:19:01,568 - scripts.sync_manager - INFO - MySQL sync_table cleanup: 0 entries removed
2025-10-30 14:19:01,769 - scripts.sync_manager - INFO - === Starting scheduled sync cycle ===
2025-10-30 14:19:01,770 - scripts.sync_manager - INFO - Step 1: Pushing pending logs to MySQL
2025-10-30 14:19:01,787 - scripts.sync_manager - INFO - No pending sync logs to process
2025-10-30 14:19:01,791 - scripts.sync_manager - INFO - Push result: {'status': 'success', 'message': 'No pending logs', 'processed': 0, 'failed': 0}
2025-10-30 14:19:01,791 - scripts.sync_manager - INFO - Step 2: Pulling remote changes from MySQL
2025-10-30 14:19:01,919 - scripts.sync_manager - INFO - Pulling from MySQL sync_table. Last sync: 2025-10-28T06:00:02
2025-10-30 14:19:01,990 - scripts.sync_manager - INFO - No new remote changes to pull
2025-10-30 14:19:02,252 - scripts.sync_manager - INFO - Pull result: {'status': 'success', 'message': 'No new entries', 'pulled': 0}
2025-10-30 14:19:02,282 - scripts.sync_manager - INFO - === Scheduled sync cycle completed successfully ===
2025-10-30 14:19:02,767 - scripts.sync_manager - INFO - Logged CRUD operation: Products - UPDATE - c119a802-d484-4242-823f-2cabac974a46
2025-10-30 14:25:40,828 - scripts.sync_manager - INFO - === Starting scheduled sync cycle ===
2025-10-30 14:25:40,828 - scripts.sync_manager - INFO - Step 1: Pushing pending logs to MySQL
2025-10-30 14:25:40,832 - scripts.sync_manager - INFO - Processing 1 pending sync logs
2025-10-30 14:25:40,835 - scripts.sync_manager - INFO - Processing log ID 81: Products - UPDATE - c119a802-d484-4242-823f-2cabac974a46
2025-10-30 14:25:41,389 - scripts.sync_manager - INFO - UPDATE operation on Products for c119a802-d484-4242-823f-2cabac974a46 successful
2025-10-30 14:25:41,626 - scripts.sync_manager - INFO - Successfully processed log ID 81
2025-10-30 14:25:41,637 - scripts.sync_manager - INFO - Finished processing: 1 processed, 0 failed
2025-10-30 14:25:41,637 - scripts.sync_manager - INFO - Push result: {'status': 'success', 'message': 'Processed 1 logs, 0 failed', 'processed': 1, 'failed': 0}
2025-10-30 14:25:41,639 - scripts.sync_manager - INFO - Step 2: Pulling remote changes from MySQL
2025-10-30 14:25:42,082 - scripts.sync_manager - INFO - Pulling from MySQL sync_table. Last sync: 2025-10-28T06:00:02
2025-10-30 14:25:42,126 - scripts.sync_manager - INFO - No new remote changes to pull
2025-10-30 14:25:42,320 - scripts.sync_manager - INFO - Pull result: {'status': 'success', 'message': 'No new entries', 'pulled': 0}
2025-10-30 14:25:42,395 - scripts.sync_manager - INFO - === Scheduled sync cycle completed successfully ===
2025-10-30 14:25:42,427 - scripts.sync_manager - INFO - No failed logs to retry
2025-10-30 14:34:02,297 - scripts.sync_manager - INFO - === Starting scheduled sync cycle ===
2025-10-30 14:34:02,297 - scripts.sync_manager - INFO - Step 1: Pushing pending logs to MySQL
2025-10-30 14:34:02,302 - scripts.sync_manager - INFO - No pending sync logs to process
2025-10-30 14:34:02,303 - scripts.sync_manager - INFO - Push result: {'status': 'success', 'message': 'No pending logs', 'processed': 0, 'failed': 0}
2025-10-30 14:34:02,304 - scripts.sync_manager - INFO - Step 2: Pulling remote changes from MySQL
2025-10-30 14:34:02,729 - scripts.sync_manager - INFO - Pulling from MySQL sync_table. Last sync: 2025-10-28T06:00:02
2025-10-30 14:34:02,769 - scripts.sync_manager - INFO - No new remote changes to pull
2025-10-30 14:34:02,980 - scripts.sync_manager - INFO - Pull result: {'status': 'success', 'message': 'No new entries', 'pulled': 0}
2025-10-30 14:34:03,055 - scripts.sync_manager - INFO - === Scheduled sync cycle completed successfully ===
2025-10-30 14:34:03,058 - scripts.sync_manager - INFO - No failed logs to retry
2025-10-30 14:34:53,144 - scripts.sync_manager - INFO - Starting background sync scheduler
2025-10-30 14:34:53,239 - scripts.sync_manager - INFO - Sync scheduler thread started
2025-10-30 14:34:53,239 - scripts.sync_manager - INFO - Background sync started successfully
2025-10-30 14:34:53,243 - scripts.sync_manager - INFO - Performing initial sync and immediate cleanup
2025-10-30 14:34:53,243 - scripts.sync_manager - INFO - Cleaning up logs older than 2025-09-30T14:34:53.243307
2025-10-30 14:34:53,444 - scripts.sync_manager - INFO - MySQL sync_table cleanup: 0 entries removed
2025-10-30 14:34:53,694 - scripts.sync_manager - INFO - === Starting scheduled sync cycle ===
2025-10-30 14:34:53,695 - scripts.sync_manager - INFO - Step 1: Pushing pending logs to MySQL
2025-10-30 14:34:53,710 - scripts.sync_manager - INFO - No pending sync logs to process
2025-10-30 14:34:53,825 - scripts.sync_manager - INFO - Push result: {'status': 'success', 'message': 'No pending logs', 'processed': 0, 'failed': 0}
2025-10-30 14:34:53,964 - scripts.sync_manager - INFO - Step 2: Pulling remote changes from MySQL
2025-10-30 14:34:54,103 - scripts.sync_manager - INFO - Pulling from MySQL sync_table. Last sync: 2025-10-28T06:00:02
2025-10-30 14:34:54,197 - scripts.sync_manager - INFO - No new remote changes to pull
2025-10-30 14:34:54,614 - scripts.sync_manager - INFO - Pull result: {'status': 'success', 'message': 'No new entries', 'pulled': 0}
2025-10-30 14:34:54,769 - scripts.sync_manager - INFO - === Scheduled sync cycle completed successfully ===
2025-10-30 14:36:12,965 - scripts.sync_manager - INFO - Logged CRUD operation: Products - UPDATE - c119a802-d484-4242-823f-2cabac974a46
