2025-10-29 23:41:31,213 - scripts.sync_manager - INFO - Starting background sync scheduler
2025-10-29 23:41:31,215 - scripts.sync_manager - INFO - Sync scheduler thread started
2025-10-29 23:41:31,215 - scripts.sync_manager - INFO - Background sync started successfully
2025-10-29 23:41:31,215 - scripts.sync_manager - INFO - Performing initial sync and immediate cleanup
2025-10-29 23:41:31,215 - scripts.sync_manager - INFO - Cleaning up logs older than 2025-09-29T23:41:31.215809
2025-10-29 23:41:31,420 - scripts.sync_manager - INFO - MySQL sync_table cleanup: 3 entries removed
2025-10-29 23:41:31,607 - scripts.sync_manager - INFO - === Starting scheduled sync cycle ===
2025-10-29 23:41:31,608 - scripts.sync_manager - INFO - Step 1: Pushing pending logs to MySQL
2025-10-29 23:41:32,119 - scripts.sync_manager - INFO - Processing 1 pending sync logs
2025-10-29 23:41:32,121 - scripts.sync_manager - INFO - Processing log ID 79: SystemSettings - UPDATE - 1
2025-10-29 23:41:32,358 - scripts.sync_manager - INFO - UPDATE operation on SystemSettings for 1 successful
2025-10-29 23:41:32,585 - scripts.sync_manager - INFO - Successfully processed log ID 79
2025-10-29 23:41:32,594 - scripts.sync_manager - INFO - Finished processing: 1 processed, 0 failed
2025-10-29 23:41:32,595 - scripts.sync_manager - INFO - Push result: {'status': 'success', 'message': 'Processed 1 logs, 0 failed', 'processed': 1, 'failed': 0}
2025-10-29 23:41:32,595 - scripts.sync_manager - INFO - Step 2: Pulling remote changes from MySQL
2025-10-29 23:41:32,704 - scripts.sync_manager - INFO - Pulling from MySQL sync_table. Last sync: 2025-10-27T18:27:01.714813
2025-10-29 23:41:32,750 - scripts.sync_manager - INFO - Found 5 remote changes to apply
2025-10-29 23:41:32,750 - scripts.sync_manager - DEBUG - Applying: Bills -  - INV-998396
2025-10-29 23:41:32,750 - scripts.sync_manager - DEBUG - Applying  operation to local JSON file: E:\Siri-apps\billing-app\data\json\bills.json
2025-10-29 23:41:32,750 - scripts.sync_manager - INFO - Applied  to bills.json for record INV-998396
2025-10-29 23:41:32,789 - scripts.sync_manager - DEBUG - Applying: BillItems -  - INV-998396-0
2025-10-29 23:41:32,789 - scripts.sync_manager - WARNING - No local JSON file mapping found for table name: BillItems
2025-10-29 23:41:32,832 - scripts.sync_manager - DEBUG - Applying: Bills -  - INV-198899
2025-10-29 23:41:32,832 - scripts.sync_manager - DEBUG - Applying  operation to local JSON file: E:\Siri-apps\billing-app\data\json\bills.json
2025-10-29 23:41:32,836 - scripts.sync_manager - INFO - Applied  to bills.json for record INV-198899
2025-10-29 23:41:32,873 - scripts.sync_manager - DEBUG - Applying: BillItems -  - INV-198899-0
2025-10-29 23:41:32,875 - scripts.sync_manager - WARNING - No local JSON file mapping found for table name: BillItems
2025-10-29 23:41:32,914 - scripts.sync_manager - DEBUG - Applying: BillItems -  - INV-198899-1
2025-10-29 23:41:32,914 - scripts.sync_manager - WARNING - No local JSON file mapping found for table name: BillItems
2025-10-29 23:41:33,322 - scripts.sync_manager - INFO - Pull complete: 5 applied, 0 failed
2025-10-29 23:41:33,509 - scripts.sync_manager - INFO - Pull result: {'status': 'success', 'message': 'Applied 5/5 changes', 'pulled': 5, 'applied': 5, 'failed': 0}
2025-10-29 23:41:33,530 - scripts.sync_manager - INFO - === Scheduled sync cycle completed successfully ===
2025-10-29 23:41:36,048 - scripts.sync_manager - INFO - Starting background sync scheduler
2025-10-29 23:41:36,050 - scripts.sync_manager - INFO - Sync scheduler thread started
2025-10-29 23:41:36,050 - scripts.sync_manager - INFO - Background sync started successfully
2025-10-29 23:41:36,050 - scripts.sync_manager - INFO - Performing initial sync and immediate cleanup
2025-10-29 23:41:36,052 - scripts.sync_manager - INFO - Cleaning up logs older than 2025-09-29T23:41:36.052212
2025-10-29 23:41:37,335 - scripts.sync_manager - INFO - MySQL sync_table cleanup: 0 entries removed
2025-10-29 23:41:37,538 - scripts.sync_manager - INFO - === Starting scheduled sync cycle ===
2025-10-29 23:41:37,538 - scripts.sync_manager - INFO - Step 1: Pushing pending logs to MySQL
2025-10-29 23:41:37,551 - scripts.sync_manager - INFO - No pending sync logs to process
2025-10-29 23:41:37,554 - scripts.sync_manager - INFO - Push result: {'status': 'success', 'message': 'No pending logs', 'processed': 0, 'failed': 0}
2025-10-29 23:41:37,554 - scripts.sync_manager - INFO - Step 2: Pulling remote changes from MySQL
2025-10-29 23:41:37,662 - scripts.sync_manager - INFO - Pulling from MySQL sync_table. Last sync: 2025-10-28T06:00:02
2025-10-29 23:41:37,699 - scripts.sync_manager - INFO - No new remote changes to pull
2025-10-29 23:41:37,881 - scripts.sync_manager - INFO - Pull result: {'status': 'success', 'message': 'No new entries', 'pulled': 0}
2025-10-29 23:41:37,910 - scripts.sync_manager - INFO - === Scheduled sync cycle completed successfully ===
2025-10-29 23:45:33,730 - scripts.sync_manager - INFO - Logged CRUD operation: Products - UPDATE - c119a802-d484-4242-823f-2cabac974a46
