2025-12-16 17:32:46,510 - scripts.sync_manager - INFO - Logged CRUD operation: Products - UPDATE - 2e5788c4-5cab-4357-96fe-219ef7a7833d
2025-12-16 17:50:03,851 - scripts.sync_manager - INFO - Logged CRUD operation: Products - UPDATE - 2e5788c4-5cab-4357-96fe-219ef7a7833d
2025-12-16 17:51:44,536 - scripts.sync_manager - INFO - Logged CRUD operation: Products - UPDATE - 2e5788c4-5cab-4357-96fe-219ef7a7833d
2025-12-16 18:01:23,194 - scripts.sync_manager - INFO - Logged CRUD operation: Products - DELETE - 2e5788c4-5cab-4357-96fe-219ef7a7833d
2025-12-16 18:01:31,177 - scripts.sync_manager - INFO - Logged CRUD operation: Products - DELETE - 5f409f0b-1035-463b-bd4c-14f67f0916a8
2025-12-16 18:01:35,970 - scripts.sync_manager - INFO - Logged CRUD operation: Products - DELETE - c119a802-d484-4242-823f-2cabac974a46
2025-12-16 18:02:14,888 - scripts.sync_manager - INFO - Logged CRUD operation: Products - CREATE - 12c7c519-b7de-46aa-9205-21584098ec44
2025-12-16 18:03:10,055 - scripts.sync_manager - INFO - Logged CRUD operation: Products - UPDATE - d1cbae3f-b8c3-45a5-88d4-e173ff3571c1
2025-12-16 18:03:29,894 - scripts.sync_manager - INFO - Logged CRUD operation: Products - UPDATE - 12c7c519-b7de-46aa-9205-21584098ec44
2025-12-16 18:04:46,528 - scripts.sync_manager - INFO - Logged CRUD operation: Users - CREATE - 33f865d2-fac9-40a0-85e7-6af5cf566f76
2025-12-16 18:19:50,029 - scripts.sync_manager - INFO - Logged CRUD operation: Users - UPDATE - 33f865d2-fac9-40a0-85e7-6af5cf566f76
2025-12-16 18:22:45,106 - scripts.sync_manager - INFO - Logged CRUD operation: Users - UPDATE - 33f865d2-fac9-40a0-85e7-6af5cf566f76
2025-12-16 18:26:23,011 - scripts.sync_manager - INFO - Logged CRUD operation: Users - UPDATE - 33f865d2-fac9-40a0-85e7-6af5cf566f76
2025-12-16 18:29:32,013 - scripts.sync_manager - INFO - Logged CRUD operation: Users - UPDATE - 33f865d2-fac9-40a0-85e7-6af5cf566f76
2025-12-16 18:30:15,081 - scripts.sync_manager - INFO - Logged CRUD operation: Users - UPDATE - 33f865d2-fac9-40a0-85e7-6af5cf566f76
2025-12-16 18:38:29,951 - scripts.sync_manager - INFO - Logged CRUD operation: Users - UPDATE - 33f865d2-fac9-40a0-85e7-6af5cf566f76
2025-12-16 18:44:15,767 - scripts.sync_manager - INFO - Logged CRUD operation: Users - UPDATE - 33f865d2-fac9-40a0-85e7-6af5cf566f76
2025-12-16 18:45:03,871 - scripts.sync_manager - INFO - Logged CRUD operation: Users - DELETE - 33f865d2-fac9-40a0-85e7-6af5cf566f76
2025-12-16 19:34:16,666 - scripts.sync_manager - INFO - Logged CRUD operation: Stores - DELETE - STR-1758042415183
2025-12-16 19:34:26,784 - scripts.sync_manager - INFO - Logged CRUD operation: Stores - DELETE - STR-1761569064837
2025-12-16 19:34:36,138 - scripts.sync_manager - INFO - Logged CRUD operation: Stores - DELETE - STR-1762160885710
2025-12-16 19:41:37,199 - scripts.sync_manager - INFO - Logged CRUD operation: Stores - DELETE - store_1
2025-12-16 19:41:44,306 - scripts.sync_manager - INFO - Logged CRUD operation: Stores - DELETE - fb304b5a-bc11-46a6-919c-ce3157a066c0
