2025-11-29 00:10:44,971 - scripts.sync_manager - INFO - Starting background sync scheduler
2025-11-29 00:10:44,980 - scripts.sync_manager - INFO - Sync scheduler thread started
2025-11-29 00:10:44,981 - scripts.sync_manager - INFO - Performing initial sync and immediate cleanup
2025-11-29 00:10:44,981 - scripts.sync_manager - INFO - Cleaning up logs older than 2025-10-30T00:10:44.981126
2025-11-29 00:10:44,987 - scripts.sync_manager - INFO - Background sync started successfully
2025-11-29 00:10:49,475 - scripts.sync_manager - INFO - MySQL sync_table cleanup: 0 entries removed
2025-11-29 00:10:49,733 - scripts.sync_manager - INFO - === Starting scheduled sync cycle ===
2025-11-29 00:10:49,734 - scripts.sync_manager - INFO - Step 1: Pushing pending logs to MySQL
2025-11-29 00:10:49,738 - scripts.sync_manager - INFO - No pending sync logs to process
2025-11-29 00:10:49,738 - scripts.sync_manager - INFO - Push result: {'status': 'success', 'message': 'No pending logs', 'processed': 0, 'failed': 0}
2025-11-29 00:10:49,739 - scripts.sync_manager - INFO - Step 2: Pulling remote changes from MySQL
2025-11-29 00:10:49,891 - scripts.sync_manager - INFO - Pulling from MySQL sync_table. Last sync: 2025-11-28T18:26:43. Table: All, Full Pull: False
2025-11-29 00:10:50,046 - scripts.sync_manager - INFO - No new changes to pull
2025-11-29 00:10:50,299 - scripts.sync_manager - INFO - Pull result: {'status': 'success', 'message': 'No new entries', 'pulled': 0}
2025-11-29 00:10:50,320 - scripts.sync_manager - INFO - === Scheduled sync cycle completed successfully ===
2025-11-29 00:10:58,730 - scripts.sync_manager - INFO - Pulling from MySQL sync_table. Last sync: 2025-11-28T18:26:43. Table: All, Full Pull: False
2025-11-29 00:10:58,881 - scripts.sync_manager - INFO - No new changes to pull
2025-11-29 00:11:13,006 - scripts.sync_manager - INFO - Starting background sync scheduler
2025-11-29 00:11:13,018 - scripts.sync_manager - INFO - Sync scheduler thread started
2025-11-29 00:11:13,018 - scripts.sync_manager - INFO - Performing initial sync and immediate cleanup
2025-11-29 00:11:13,020 - scripts.sync_manager - INFO - Background sync started successfully
2025-11-29 00:11:13,020 - scripts.sync_manager - INFO - Cleaning up logs older than 2025-10-30T00:11:13.020583
2025-11-29 00:11:18,177 - scripts.sync_manager - INFO - MySQL sync_table cleanup: 0 entries removed
2025-11-29 00:11:18,431 - scripts.sync_manager - INFO - === Starting scheduled sync cycle ===
2025-11-29 00:11:18,431 - scripts.sync_manager - INFO - Step 1: Pushing pending logs to MySQL
2025-11-29 00:11:18,433 - scripts.sync_manager - INFO - No pending sync logs to process
2025-11-29 00:11:18,435 - scripts.sync_manager - INFO - Push result: {'status': 'success', 'message': 'No pending logs', 'processed': 0, 'failed': 0}
2025-11-29 00:11:18,435 - scripts.sync_manager - INFO - Step 2: Pulling remote changes from MySQL
2025-11-29 00:11:18,581 - scripts.sync_manager - INFO - Pulling from MySQL sync_table. Last sync: 2025-11-28T18:26:43. Table: All, Full Pull: False
2025-11-29 00:11:18,731 - scripts.sync_manager - INFO - No new changes to pull
2025-11-29 00:11:18,994 - scripts.sync_manager - INFO - Pull result: {'status': 'success', 'message': 'No new entries', 'pulled': 0}
2025-11-29 00:11:19,013 - scripts.sync_manager - INFO - === Scheduled sync cycle completed successfully ===
2025-11-29 00:11:50,769 - scripts.sync_manager - INFO - Starting background sync scheduler
2025-11-29 00:11:50,773 - scripts.sync_manager - INFO - Sync scheduler thread started
2025-11-29 00:11:50,773 - scripts.sync_manager - INFO - Background sync started successfully
2025-11-29 00:11:50,773 - scripts.sync_manager - INFO - Performing initial sync and immediate cleanup
2025-11-29 00:11:50,783 - scripts.sync_manager - INFO - Cleaning up logs older than 2025-10-30T00:11:50.783272
2025-11-29 00:11:54,887 - scripts.sync_manager - INFO - MySQL sync_table cleanup: 0 entries removed
2025-11-29 00:11:55,168 - scripts.sync_manager - INFO - === Starting scheduled sync cycle ===
2025-11-29 00:11:55,168 - scripts.sync_manager - INFO - Step 1: Pushing pending logs to MySQL
2025-11-29 00:11:55,176 - scripts.sync_manager - INFO - No pending sync logs to process
2025-11-29 00:11:55,176 - scripts.sync_manager - INFO - Push result: {'status': 'success', 'message': 'No pending logs', 'processed': 0, 'failed': 0}
2025-11-29 00:11:55,178 - scripts.sync_manager - INFO - Step 2: Pulling remote changes from MySQL
2025-11-29 00:11:55,338 - scripts.sync_manager - INFO - Pulling from MySQL sync_table. Last sync: 2025-11-28T18:26:43. Table: All, Full Pull: False
2025-11-29 00:11:55,497 - scripts.sync_manager - INFO - No new changes to pull
2025-11-29 00:11:55,783 - scripts.sync_manager - INFO - Pull result: {'status': 'success', 'message': 'No new entries', 'pulled': 0}
2025-11-29 00:11:55,807 - scripts.sync_manager - INFO - === Scheduled sync cycle completed successfully ===
2025-11-29 00:11:58,679 - scripts.sync_manager - INFO - Pulling from MySQL sync_table. Last sync: 2025-11-28T18:26:43. Table: All, Full Pull: False
2025-11-29 00:11:58,828 - scripts.sync_manager - INFO - No new changes to pull
2025-11-29 00:12:59,132 - scripts.sync_manager - INFO - Pulling from MySQL sync_table. Last sync: 2025-11-28T18:26:43. Table: All, Full Pull: False
2025-11-29 00:12:59,282 - scripts.sync_manager - INFO - No new changes to pull
2025-11-29 00:13:24,347 - scripts.sync_manager - INFO - Pulling from MySQL sync_table. Last sync: 2025-11-28T18:26:43. Table: All, Full Pull: False
2025-11-29 00:13:24,384 - scripts.sync_manager - INFO - No new changes to pull
2025-11-29 00:13:26,227 - scripts.sync_manager - INFO - Pulling from MySQL sync_table. Last sync: 2025-11-28T18:26:43. Table: All, Full Pull: False
2025-11-29 00:13:26,266 - scripts.sync_manager - INFO - No new changes to pull
2025-11-29 00:13:28,215 - scripts.sync_manager - INFO - Pulling from MySQL sync_table. Last sync: 2025-11-28T18:26:43. Table: All, Full Pull: False
2025-11-29 00:13:28,252 - scripts.sync_manager - INFO - No new changes to pull
2025-11-29 00:13:29,759 - scripts.sync_manager - INFO - Logged CRUD operation: Bills - DELETE - INV-244534
2025-11-29 00:13:32,634 - scripts.sync_manager - INFO - Pulling from MySQL sync_table. Last sync: 2025-11-28T18:26:43. Table: All, Full Pull: False
2025-11-29 00:13:32,672 - scripts.sync_manager - INFO - Found 2 changes to apply
2025-11-29 00:13:32,672 - scripts.sync_manager - DEBUG - Applying: BillItems - DELETE - 1762333253484935
2025-11-29 00:13:32,672 - scripts.sync_manager - DEBUG - Applying DELETE operation to local JSON file: E:\billing-app\billing-app\backend\data\json\billitems.json
2025-11-29 00:13:32,680 - scripts.sync_manager - INFO - Applied DELETE to billitems.json for record 1762333253484935
2025-11-29 00:13:32,718 - scripts.sync_manager - DEBUG - Applying: Bills - DELETE - INV-244534
2025-11-29 00:13:32,719 - scripts.sync_manager - DEBUG - Applying DELETE operation to local JSON file: E:\billing-app\billing-app\backend\data\json\bills.json
2025-11-29 00:13:32,720 - scripts.sync_manager - INFO - Applied DELETE to bills.json for record INV-244534
2025-11-29 00:13:32,795 - scripts.sync_manager - INFO - Pull complete: 2 applied, 0 failed
2025-11-29 00:13:37,642 - scripts.sync_manager - INFO - Pulling from MySQL sync_table. Last sync: 2025-11-28T18:43:28. Table: All, Full Pull: False
2025-11-29 00:13:37,680 - scripts.sync_manager - INFO - No new changes to pull
2025-11-29 00:13:42,648 - scripts.sync_manager - INFO - Pulling from MySQL sync_table. Last sync: 2025-11-28T18:43:28. Table: All, Full Pull: False
2025-11-29 00:13:42,698 - scripts.sync_manager - INFO - No new changes to pull
2025-11-29 00:13:47,631 - scripts.sync_manager - INFO - Pulling from MySQL sync_table. Last sync: 2025-11-28T18:43:28. Table: All, Full Pull: False
2025-11-29 00:13:47,668 - scripts.sync_manager - INFO - No new changes to pull
2025-11-29 00:13:52,646 - scripts.sync_manager - INFO - Pulling from MySQL sync_table. Last sync: 2025-11-28T18:43:28. Table: All, Full Pull: False
2025-11-29 00:13:52,691 - scripts.sync_manager - INFO - No new changes to pull
2025-11-29 00:13:57,642 - scripts.sync_manager - INFO - Pulling from MySQL sync_table. Last sync: 2025-11-28T18:43:28. Table: All, Full Pull: False
2025-11-29 00:13:57,683 - scripts.sync_manager - INFO - No new changes to pull
2025-11-29 00:14:02,651 - scripts.sync_manager - INFO - Pulling from MySQL sync_table. Last sync: 2025-11-28T18:43:28. Table: All, Full Pull: False
2025-11-29 00:14:02,694 - scripts.sync_manager - INFO - No new changes to pull
2025-11-29 00:14:07,666 - scripts.sync_manager - INFO - Pulling from MySQL sync_table. Last sync: 2025-11-28T18:43:28. Table: All, Full Pull: False
2025-11-29 00:14:07,710 - scripts.sync_manager - INFO - No new changes to pull
2025-11-29 00:14:12,631 - scripts.sync_manager - INFO - Pulling from MySQL sync_table. Last sync: 2025-11-28T18:43:28. Table: All, Full Pull: False
2025-11-29 00:14:12,679 - scripts.sync_manager - INFO - No new changes to pull
2025-11-29 00:14:17,649 - scripts.sync_manager - INFO - Pulling from MySQL sync_table. Last sync: 2025-11-28T18:43:28. Table: All, Full Pull: False
2025-11-29 00:14:17,691 - scripts.sync_manager - INFO - No new changes to pull
2025-11-29 00:14:22,640 - scripts.sync_manager - INFO - Pulling from MySQL sync_table. Last sync: 2025-11-28T18:43:28. Table: All, Full Pull: False
2025-11-29 00:14:22,680 - scripts.sync_manager - INFO - No new changes to pull
2025-11-29 00:14:27,645 - scripts.sync_manager - INFO - Pulling from MySQL sync_table. Last sync: 2025-11-28T18:43:28. Table: All, Full Pull: False
2025-11-29 00:14:27,691 - scripts.sync_manager - INFO - No new changes to pull
2025-11-29 00:14:32,664 - scripts.sync_manager - INFO - Pulling from MySQL sync_table. Last sync: 2025-11-28T18:43:28. Table: All, Full Pull: False
2025-11-29 00:14:32,705 - scripts.sync_manager - INFO - No new changes to pull
2025-11-29 00:14:37,664 - scripts.sync_manager - INFO - Pulling from MySQL sync_table. Last sync: 2025-11-28T18:43:28. Table: All, Full Pull: False
2025-11-29 00:14:37,702 - scripts.sync_manager - INFO - No new changes to pull
2025-11-29 00:14:42,664 - scripts.sync_manager - INFO - Pulling from MySQL sync_table. Last sync: 2025-11-28T18:43:28. Table: All, Full Pull: False
2025-11-29 00:14:42,720 - scripts.sync_manager - INFO - No new changes to pull
2025-11-29 00:14:47,630 - scripts.sync_manager - INFO - Pulling from MySQL sync_table. Last sync: 2025-11-28T18:43:28. Table: All, Full Pull: False
2025-11-29 00:14:47,668 - scripts.sync_manager - INFO - No new changes to pull
2025-11-29 00:14:52,649 - scripts.sync_manager - INFO - Pulling from MySQL sync_table. Last sync: 2025-11-28T18:43:28. Table: All, Full Pull: False
2025-11-29 00:14:52,683 - scripts.sync_manager - INFO - No new changes to pull
2025-11-29 00:14:58,649 - scripts.sync_manager - INFO - Pulling from MySQL sync_table. Last sync: 2025-11-28T18:43:28. Table: All, Full Pull: False
2025-11-29 00:14:58,687 - scripts.sync_manager - INFO - No new changes to pull
2025-11-29 00:15:59,387 - scripts.sync_manager - INFO - Pulling from MySQL sync_table. Last sync: 2025-11-28T18:43:28. Table: All, Full Pull: False
2025-11-29 00:15:59,434 - scripts.sync_manager - INFO - No new changes to pull
2025-11-29 00:16:42,864 - scripts.sync_manager - INFO - Starting background sync scheduler
2025-11-29 00:16:42,868 - scripts.sync_manager - INFO - Sync scheduler thread started
2025-11-29 00:16:42,868 - scripts.sync_manager - INFO - Background sync started successfully
2025-11-29 00:16:42,870 - scripts.sync_manager - INFO - Performing initial sync and immediate cleanup
2025-11-29 00:16:42,870 - scripts.sync_manager - INFO - Cleaning up logs older than 2025-10-30T00:16:42.870817
2025-11-29 00:16:46,662 - scripts.sync_manager - INFO - MySQL sync_table cleanup: 0 entries removed
2025-11-29 00:16:46,923 - scripts.sync_manager - INFO - === Starting scheduled sync cycle ===
2025-11-29 00:16:46,923 - scripts.sync_manager - INFO - Step 1: Pushing pending logs to MySQL
2025-11-29 00:16:46,940 - scripts.sync_manager - INFO - Processing 1 pending sync logs
2025-11-29 00:16:46,942 - scripts.sync_manager - INFO - Processing log ID 5: Bills - DELETE - INV-244534
2025-11-29 00:16:47,334 - scripts.sync_manager - ERROR - Error in database operation for Bills (ID: INV-244534): 1451 (23000): Cannot delete or update a parent row: a foreign key constraint fails (`u408450631_siri`.`Returns`, CONSTRAINT `Returns_ibfk_1` FOREIGN KEY (`bill_id`) REFERENCES `Bills` (`id`))
Traceback (most recent call last):
  File "E:\billing-app\billing-app\backend\scripts\sync_manager.py", line 626, in apply_change_to_mysql_db
    cursor.execute(f"DELETE FROM `{table_name}` WHERE `id` = %s", (record_id,))
  File "E:\billing-app\billing-app\backend\.venv\Lib\site-packages\mysql\connector\cursor.py", line 615, in execute
    self._handle_result(self._connection.cmd_query(stmt))
                        ^^^^^^^^^^^^^^^^^^^^^^^^^^^^^^^^
  File "E:\billing-app\billing-app\backend\.venv\Lib\site-packages\mysql\connector\connection.py", line 1046, in cmd_query
    result = self._handle_result(self._send_cmd(ServerCmd.QUERY, query))
             ^^^^^^^^^^^^^^^^^^^^^^^^^^^^^^^^^^^^^^^^^^^^^^^^^^^^^^^^^^^
  File "E:\billing-app\billing-app\backend\.venv\Lib\site-packages\mysql\connector\connection.py", line 824, in _handle_result
    raise get_exception(packet)
mysql.connector.errors.IntegrityError: 1451 (23000): Cannot delete or update a parent row: a foreign key constraint fails (`u408450631_siri`.`Returns`, CONSTRAINT `Returns_ibfk_1` FOREIGN KEY (`bill_id`) REFERENCES `Bills` (`id`))
2025-11-29 00:16:47,588 - scripts.sync_manager - WARNING - Failed to process log ID 5
2025-11-29 00:16:47,591 - scripts.sync_manager - INFO - Finished processing: 0 processed, 1 failed
2025-11-29 00:16:47,591 - scripts.sync_manager - INFO - Push result: {'status': 'success', 'message': 'Processed 0 logs, 1 failed', 'processed': 0, 'failed': 1}
2025-11-29 00:16:47,592 - scripts.sync_manager - INFO - Step 2: Pulling remote changes from MySQL
2025-11-29 00:16:47,740 - scripts.sync_manager - INFO - Pulling from MySQL sync_table. Last sync: 2025-11-28T18:43:28. Table: All, Full Pull: False
2025-11-29 00:16:47,894 - scripts.sync_manager - INFO - No new changes to pull
2025-11-29 00:16:48,149 - scripts.sync_manager - INFO - Pull result: {'status': 'success', 'message': 'No new entries', 'pulled': 0}
2025-11-29 00:16:48,173 - scripts.sync_manager - INFO - === Scheduled sync cycle completed successfully ===
2025-11-29 00:16:58,915 - scripts.sync_manager - INFO - Starting background sync scheduler
2025-11-29 00:16:59,044 - scripts.sync_manager - INFO - Sync scheduler thread started
2025-11-29 00:16:59,044 - scripts.sync_manager - INFO - Background sync started successfully
2025-11-29 00:16:59,060 - scripts.sync_manager - INFO - Performing initial sync and immediate cleanup
2025-11-29 00:16:59,071 - scripts.sync_manager - INFO - Cleaning up logs older than 2025-10-30T00:16:59.071108
2025-11-29 00:17:03,204 - scripts.sync_manager - INFO - MySQL sync_table cleanup: 0 entries removed
2025-11-29 00:17:06,081 - scripts.sync_manager - INFO - === Starting scheduled sync cycle ===
2025-11-29 00:17:06,081 - scripts.sync_manager - INFO - Step 1: Pushing pending logs to MySQL
2025-11-29 00:17:06,081 - scripts.sync_manager - INFO - No pending sync logs to process
2025-11-29 00:17:06,086 - scripts.sync_manager - INFO - Push result: {'status': 'success', 'message': 'No pending logs', 'processed': 0, 'failed': 0}
2025-11-29 00:17:06,086 - scripts.sync_manager - INFO - Step 2: Pulling remote changes from MySQL
2025-11-29 00:17:06,216 - scripts.sync_manager - INFO - Pulling from MySQL sync_table. Last sync: 2025-11-28T18:43:28. Table: All, Full Pull: False
2025-11-29 00:17:06,283 - scripts.sync_manager - INFO - Pulling from MySQL sync_table. Last sync: 2025-11-28T18:43:28. Table: All, Full Pull: False
2025-11-29 00:17:06,353 - scripts.sync_manager - INFO - No new changes to pull
2025-11-29 00:17:06,445 - scripts.sync_manager - INFO - No new changes to pull
2025-11-29 00:17:06,741 - scripts.sync_manager - INFO - Pull result: {'status': 'success', 'message': 'No new entries', 'pulled': 0}
2025-11-29 00:17:06,774 - scripts.sync_manager - INFO - === Scheduled sync cycle completed successfully ===
2025-11-29 00:17:59,124 - scripts.sync_manager - INFO - Pulling from MySQL sync_table. Last sync: 2025-11-28T18:43:28. Table: All, Full Pull: False
2025-11-29 00:17:59,270 - scripts.sync_manager - INFO - No new changes to pull
2025-11-29 00:18:48,499 - scripts.sync_manager - INFO - Pulling from MySQL sync_table. Last sync: 2025-11-28T18:43:28. Table: All, Full Pull: False
2025-11-29 00:18:48,541 - scripts.sync_manager - INFO - No new changes to pull
2025-11-29 00:18:52,839 - scripts.sync_manager - INFO - Pulling from MySQL sync_table. Last sync: 2025-11-28T18:43:28. Table: All, Full Pull: False
2025-11-29 00:18:52,890 - scripts.sync_manager - INFO - No new changes to pull
2025-11-29 00:18:57,187 - scripts.sync_manager - INFO - Pulling from MySQL sync_table. Last sync: 2025-11-28T18:43:28. Table: All, Full Pull: False
2025-11-29 00:18:57,227 - scripts.sync_manager - INFO - Pulling from MySQL sync_table. Last sync: 2025-11-28T18:43:28. Table: All, Full Pull: False
2025-11-29 00:18:57,231 - scripts.sync_manager - INFO - No new changes to pull
2025-11-29 00:18:57,273 - scripts.sync_manager - INFO - No new changes to pull
2025-11-29 00:18:58,896 - scripts.sync_manager - INFO - Logged CRUD operation: Bills - DELETE - INV-244534
2025-11-29 00:19:02,637 - scripts.sync_manager - INFO - Pulling from MySQL sync_table. Last sync: 2025-11-28T18:43:28. Table: All, Full Pull: False
2025-11-29 00:19:02,678 - scripts.sync_manager - INFO - Found 1 changes to apply
2025-11-29 00:19:02,678 - scripts.sync_manager - DEBUG - Applying: Bills - DELETE - INV-244534
2025-11-29 00:19:02,678 - scripts.sync_manager - DEBUG - Applying DELETE operation to local JSON file: E:\billing-app\billing-app\backend\data\json\bills.json
2025-11-29 00:19:02,678 - scripts.sync_manager - INFO - Applied DELETE to bills.json for record INV-244534
2025-11-29 00:19:02,758 - scripts.sync_manager - INFO - Pull complete: 1 applied, 0 failed
2025-11-29 00:19:07,656 - scripts.sync_manager - INFO - Pulling from MySQL sync_table. Last sync: 2025-11-28T18:48:57. Table: All, Full Pull: False
2025-11-29 00:19:07,694 - scripts.sync_manager - INFO - No new changes to pull
2025-11-29 00:19:12,650 - scripts.sync_manager - INFO - Pulling from MySQL sync_table. Last sync: 2025-11-28T18:48:57. Table: All, Full Pull: False
2025-11-29 00:19:12,685 - scripts.sync_manager - INFO - No new changes to pull
2025-11-29 00:19:17,621 - scripts.sync_manager - INFO - Pulling from MySQL sync_table. Last sync: 2025-11-28T18:48:57. Table: All, Full Pull: False
2025-11-29 00:19:17,657 - scripts.sync_manager - INFO - No new changes to pull
2025-11-29 00:19:22,651 - scripts.sync_manager - INFO - Pulling from MySQL sync_table. Last sync: 2025-11-28T18:48:57. Table: All, Full Pull: False
2025-11-29 00:19:22,687 - scripts.sync_manager - INFO - No new changes to pull
2025-11-29 00:19:27,641 - scripts.sync_manager - INFO - Pulling from MySQL sync_table. Last sync: 2025-11-28T18:48:57. Table: All, Full Pull: False
2025-11-29 00:19:27,681 - scripts.sync_manager - INFO - No new changes to pull
2025-11-29 00:19:32,659 - scripts.sync_manager - INFO - Pulling from MySQL sync_table. Last sync: 2025-11-28T18:48:57. Table: All, Full Pull: False
2025-11-29 00:19:32,697 - scripts.sync_manager - INFO - No new changes to pull
2025-11-29 00:19:37,661 - scripts.sync_manager - INFO - Pulling from MySQL sync_table. Last sync: 2025-11-28T18:48:57. Table: All, Full Pull: False
2025-11-29 00:19:37,700 - scripts.sync_manager - INFO - No new changes to pull
2025-11-29 00:19:42,723 - scripts.sync_manager - INFO - Pulling from MySQL sync_table. Last sync: 2025-11-28T18:48:57. Table: All, Full Pull: False
2025-11-29 00:19:42,762 - scripts.sync_manager - INFO - No new changes to pull
2025-11-29 00:19:47,645 - scripts.sync_manager - INFO - Pulling from MySQL sync_table. Last sync: 2025-11-28T18:48:57. Table: All, Full Pull: False
2025-11-29 00:19:47,680 - scripts.sync_manager - INFO - No new changes to pull
2025-11-29 00:19:52,638 - scripts.sync_manager - INFO - Pulling from MySQL sync_table. Last sync: 2025-11-28T18:48:57. Table: All, Full Pull: False
2025-11-29 00:19:52,691 - scripts.sync_manager - INFO - No new changes to pull
2025-11-29 00:19:57,655 - scripts.sync_manager - INFO - Pulling from MySQL sync_table. Last sync: 2025-11-28T18:48:57. Table: All, Full Pull: False
2025-11-29 00:19:57,703 - scripts.sync_manager - INFO - No new changes to pull
2025-11-29 00:20:02,639 - scripts.sync_manager - INFO - Pulling from MySQL sync_table. Last sync: 2025-11-28T18:48:57. Table: All, Full Pull: False
2025-11-29 00:20:02,683 - scripts.sync_manager - INFO - No new changes to pull
2025-11-29 00:20:07,640 - scripts.sync_manager - INFO - Pulling from MySQL sync_table. Last sync: 2025-11-28T18:48:57. Table: All, Full Pull: False
2025-11-29 00:20:07,691 - scripts.sync_manager - INFO - No new changes to pull
2025-11-29 00:20:12,639 - scripts.sync_manager - INFO - Pulling from MySQL sync_table. Last sync: 2025-11-28T18:48:57. Table: All, Full Pull: False
2025-11-29 00:20:12,691 - scripts.sync_manager - INFO - No new changes to pull
2025-11-29 00:20:59,133 - scripts.sync_manager - INFO - Pulling from MySQL sync_table. Last sync: 2025-11-28T18:48:57. Table: All, Full Pull: False
2025-11-29 00:20:59,165 - scripts.sync_manager - INFO - No new changes to pull
2025-11-29 00:21:02,576 - scripts.sync_manager - INFO - Pulling from MySQL sync_table. Last sync: 2025-11-28T18:48:57. Table: All, Full Pull: False
2025-11-29 00:21:02,616 - scripts.sync_manager - INFO - No new changes to pull
2025-11-29 00:21:11,987 - scripts.sync_manager - INFO - Background sync process stopped
