2025-09-15 21:47:43,520 - INFO - Sync Manager started.
2025-09-15 21:47:43,520 - INFO - Starting push operations...
2025-09-15 21:47:43,520 - INFO - No sync operations log found for pushing.
2025-09-15 21:47:43,520 - INFO - Starting pull operations...
2025-09-15 21:47:43,520 - INFO - Last sync timestamp: 1970-01-01T00:00:00+00:00
2025-09-15 21:47:45,137 - ERROR - Error during pull operations: 1054 (42S22): Unknown column 'timestamp' in 'WHERE'
2025-09-15 21:47:45,303 - INFO - Finished pull operations.
2025-09-15 21:47:45,303 - INFO - Sync Manager sleeping for 180 seconds...
2025-09-15 21:50:06,388 - INFO - Sync Manager started.
2025-09-15 21:50:06,388 - INFO - Starting push operations...
2025-09-15 21:50:06,389 - INFO - No sync operations log found for pushing.
2025-09-15 21:50:06,389 - INFO - Starting pull operations...
2025-09-15 21:50:06,390 - INFO - Last sync timestamp: 1970-01-01T00:00:00+00:00
2025-09-15 21:50:08,048 - ERROR - Error during pull operations: 1054 (42S22): Unknown column 'timestamp' in 'WHERE'
2025-09-15 21:50:08,212 - INFO - Finished pull operations.
2025-09-15 21:50:08,213 - INFO - Sync Manager sleeping for 180 seconds...
2025-09-15 21:50:45,314 - INFO - Starting push operations...
2025-09-15 21:50:45,315 - INFO - No sync operations log found for pushing.
2025-09-15 21:50:45,315 - INFO - Starting pull operations...
2025-09-15 21:50:45,315 - INFO - Last sync timestamp: 1970-01-01T00:00:00+00:00
2025-09-15 21:50:45,430 - ERROR - Error during pull operations: 1054 (42S22): Unknown column 'timestamp' in 'WHERE'
2025-09-15 21:50:45,590 - INFO - Finished pull operations.
2025-09-15 21:50:45,591 - INFO - Sync Manager sleeping for 180 seconds...
2025-09-15 21:51:23,137 - INFO - Sync Manager started.
2025-09-15 21:51:23,137 - INFO - Starting push operations...
2025-09-15 21:51:23,137 - INFO - No sync operations log found for pushing.
2025-09-15 21:51:23,137 - INFO - Starting pull operations...
2025-09-15 21:51:23,138 - INFO - Last sync timestamp: 1970-01-01T00:00:00+00:00
2025-09-15 21:51:24,637 - ERROR - Error during pull operations: 1054 (42S22): Unknown column 'timestamp' in 'WHERE'
2025-09-15 21:51:24,795 - INFO - Finished pull operations.
2025-09-15 21:51:24,795 - INFO - Sync Manager sleeping for 180 seconds...
2025-09-15 21:53:08,221 - INFO - Starting push operations...
2025-09-15 21:53:08,222 - INFO - No sync operations log found for pushing.
2025-09-15 21:53:08,223 - INFO - Starting pull operations...
2025-09-15 21:53:08,223 - INFO - Last sync timestamp: 1970-01-01T00:00:00+00:00
2025-09-15 21:53:08,356 - ERROR - Error during pull operations: 1054 (42S22): Unknown column 'timestamp' in 'WHERE'
2025-09-15 21:53:08,516 - INFO - Finished pull operations.
2025-09-15 21:53:08,517 - INFO - Sync Manager sleeping for 180 seconds...
2025-09-15 21:53:47,314 - INFO - Sync Manager started.
2025-09-15 21:53:47,315 - INFO - Starting push operations...
2025-09-15 21:53:47,315 - INFO - No sync operations log found for pushing.
2025-09-15 21:53:47,315 - INFO - Starting pull operations...
2025-09-15 21:53:47,315 - INFO - Last sync timestamp: 1970-01-01T00:00:00+00:00
2025-09-15 21:53:48,714 - ERROR - Error during pull operations: 1054 (42S22): Unknown column 'timestamp' in 'WHERE'
2025-09-15 21:53:48,901 - INFO - Finished pull operations.
2025-09-15 21:53:48,902 - INFO - Sync Manager sleeping for 180 seconds...
2025-09-15 21:53:50,563 - INFO - Sync Manager started.
2025-09-15 21:53:50,563 - INFO - Starting push operations...
2025-09-15 21:53:50,563 - INFO - No sync operations log found for pushing.
2025-09-15 21:53:50,564 - INFO - Starting pull operations...
2025-09-15 21:53:50,564 - INFO - Last sync timestamp: 1970-01-01T00:00:00+00:00
2025-09-15 21:53:52,185 - ERROR - Error during pull operations: 1054 (42S22): Unknown column 'timestamp' in 'WHERE'
2025-09-15 21:53:52,353 - INFO - Finished pull operations.
2025-09-15 21:53:52,363 - INFO - Sync Manager sleeping for 180 seconds...
2025-09-15 21:54:22,725 - INFO - Sync Manager started.
2025-09-15 21:54:22,727 - INFO - Starting push operations...
2025-09-15 21:54:22,727 - INFO - No sync operations log found for pushing.
2025-09-15 21:54:22,727 - INFO - Starting pull operations...
2025-09-15 21:54:22,728 - INFO - Last sync timestamp: 1970-01-01T00:00:00+00:00
2025-09-15 21:54:24,295 - ERROR - Error during pull operations: 1054 (42S22): Unknown column 'timestamp' in 'WHERE'
2025-09-15 21:54:24,492 - INFO - Finished pull operations.
2025-09-15 21:54:24,492 - INFO - Sync Manager sleeping for 180 seconds...
2025-09-15 21:58:13,507 - INFO - Starting push operations...
2025-09-15 21:58:13,517 - INFO - No sync operations log found for pushing.
2025-09-15 21:58:13,517 - INFO - Starting pull operations...
2025-09-15 21:58:13,517 - INFO - Last sync timestamp: 1970-01-01T00:00:00+00:00
2025-09-15 21:58:13,669 - ERROR - Error during pull operations: 1054 (42S22): Unknown column 'timestamp' in 'WHERE'
2025-09-15 21:58:13,869 - INFO - Finished pull operations.
2025-09-15 21:58:13,884 - INFO - Sync Manager sleeping for 180 seconds...
2025-09-15 21:58:16,976 - INFO - Starting push operations...
2025-09-15 21:58:16,982 - INFO - No sync operations log found for pushing.
2025-09-15 21:58:16,982 - INFO - Starting pull operations...
2025-09-15 21:58:16,983 - INFO - Last sync timestamp: 1970-01-01T00:00:00+00:00
2025-09-15 21:58:17,107 - ERROR - Error during pull operations: 1054 (42S22): Unknown column 'timestamp' in 'WHERE'
2025-09-15 21:58:17,271 - INFO - Finished pull operations.
2025-09-15 21:58:17,275 - INFO - Sync Manager sleeping for 180 seconds...
2025-09-15 21:58:49,093 - INFO - Starting push operations...
2025-09-15 21:58:49,103 - INFO - No sync operations log found for pushing.
2025-09-15 21:58:49,104 - INFO - Starting pull operations...
2025-09-15 21:58:49,104 - INFO - Last sync timestamp: 1970-01-01T00:00:00+00:00
2025-09-15 21:58:49,235 - ERROR - Error during pull operations: 1054 (42S22): Unknown column 'timestamp' in 'WHERE'
2025-09-15 21:58:49,400 - INFO - Finished pull operations.
2025-09-15 21:58:49,401 - INFO - Sync Manager sleeping for 180 seconds...
2025-09-15 21:59:18,653 - INFO - Sync Manager started.
2025-09-15 21:59:18,666 - INFO - Starting push operations...
2025-09-15 21:59:18,670 - INFO - No sync operations log found for pushing.
2025-09-15 21:59:18,687 - INFO - Starting pull operations...
2025-09-15 21:59:18,731 - INFO - Last sync timestamp: 1970-01-01T00:00:00+00:00
2025-09-15 21:59:20,669 - ERROR - Error during pull operations: 1054 (42S22): Unknown column 'timestamp' in 'WHERE'
2025-09-15 21:59:20,823 - INFO - Finished pull operations.
2025-09-15 21:59:20,824 - INFO - Sync Manager sleeping for 180 seconds...
2025-09-15 21:59:36,004 - INFO - Sync Manager started.
2025-09-15 21:59:36,004 - INFO - Starting push operations...
2025-09-15 21:59:36,005 - INFO - No sync operations log found for pushing.
2025-09-15 21:59:36,005 - INFO - Starting pull operations...
2025-09-15 21:59:36,006 - INFO - Last sync timestamp: 1970-01-01T00:00:00+00:00
2025-09-15 21:59:37,522 - ERROR - Error during pull operations: 1054 (42S22): Unknown column 'timestamp' in 'WHERE'
2025-09-15 21:59:37,680 - INFO - Finished pull operations.
2025-09-15 21:59:37,680 - INFO - Sync Manager sleeping for 180 seconds...
2025-09-15 22:01:13,899 - INFO - Starting push operations...
2025-09-15 22:01:13,905 - INFO - No sync operations log found for pushing.
2025-09-15 22:01:13,905 - INFO - Starting pull operations...
2025-09-15 22:01:13,906 - INFO - Last sync timestamp: 1970-01-01T00:00:00+00:00
2025-09-15 22:01:14,324 - ERROR - Error during pull operations: 1054 (42S22): Unknown column 'timestamp' in 'WHERE'
2025-09-15 22:01:14,492 - INFO - Finished pull operations.
2025-09-15 22:01:14,493 - INFO - Sync Manager sleeping for 180 seconds...
2025-09-15 22:01:17,286 - INFO - Starting push operations...
2025-09-15 22:01:17,318 - INFO - No sync operations log found for pushing.
2025-09-15 22:01:17,318 - INFO - Starting pull operations...
2025-09-15 22:01:17,320 - INFO - Last sync timestamp: 1970-01-01T00:00:00+00:00
2025-09-15 22:01:17,602 - INFO - Sync Manager started.
2025-09-15 22:01:17,602 - INFO - Starting push operations...
2025-09-15 22:01:17,602 - INFO - No sync operations log found for pushing.
2025-09-15 22:01:17,602 - INFO - Starting pull operations...
2025-09-15 22:01:17,603 - INFO - Last sync timestamp: 1970-01-01T00:00:00+00:00
2025-09-15 22:01:17,783 - ERROR - Error during pull operations: 1054 (42S22): Unknown column 'timestamp' in 'WHERE'
2025-09-15 22:01:17,951 - INFO - Finished pull operations.
2025-09-15 22:01:17,952 - INFO - Sync Manager sleeping for 180 seconds...
2025-09-15 22:01:19,085 - ERROR - Error during pull operations: 1054 (42S22): Unknown column 'timestamp' in 'WHERE'
2025-09-15 22:01:19,247 - INFO - Finished pull operations.
2025-09-15 22:01:19,247 - INFO - Sync Manager sleeping for 180 seconds...
2025-09-15 22:01:49,437 - INFO - Starting push operations...
2025-09-15 22:01:49,458 - INFO - No sync operations log found for pushing.
2025-09-15 22:01:49,458 - INFO - Starting pull operations...
2025-09-15 22:01:49,459 - INFO - Last sync timestamp: 1970-01-01T00:00:00+00:00
2025-09-15 22:01:49,940 - ERROR - Error during pull operations: 1054 (42S22): Unknown column 'timestamp' in 'WHERE'
2025-09-15 22:01:50,095 - INFO - Finished pull operations.
2025-09-15 22:01:50,098 - INFO - Sync Manager sleeping for 180 seconds...
2025-09-15 22:02:20,833 - INFO - Starting push operations...
2025-09-15 22:02:20,841 - INFO - No sync operations log found for pushing.
2025-09-15 22:02:20,842 - INFO - Starting pull operations...
2025-09-15 22:02:20,843 - INFO - Last sync timestamp: 1970-01-01T00:00:00+00:00
2025-09-15 22:02:21,006 - ERROR - Error during pull operations: 1054 (42S22): Unknown column 'timestamp' in 'WHERE'
2025-09-15 22:02:21,194 - INFO - Finished pull operations.
2025-09-15 22:02:21,195 - INFO - Sync Manager sleeping for 180 seconds...
2025-09-15 22:02:22,266 - INFO - Sync Manager started.
2025-09-15 22:02:22,267 - INFO - Starting push operations...
2025-09-15 22:02:22,267 - INFO - No sync operations log found for pushing.
2025-09-15 22:02:22,267 - INFO - Starting pull operations...
2025-09-15 22:02:22,268 - INFO - Last sync timestamp: 1970-01-01T00:00:00+00:00
2025-09-15 22:02:23,967 - ERROR - Error during pull operations: 1054 (42S22): Unknown column 'timestamp' in 'WHERE'
2025-09-15 22:02:24,155 - INFO - Finished pull operations.
2025-09-15 22:02:24,155 - INFO - Sync Manager sleeping for 180 seconds...
2025-09-15 22:02:37,695 - INFO - Starting push operations...
2025-09-15 22:02:37,699 - INFO - No sync operations log found for pushing.
2025-09-15 22:02:37,700 - INFO - Starting pull operations...
2025-09-15 22:02:37,700 - INFO - Last sync timestamp: 1970-01-01T00:00:00+00:00
2025-09-15 22:02:37,837 - ERROR - Error during pull operations: 1054 (42S22): Unknown column 'timestamp' in 'WHERE'
2025-09-15 22:02:37,993 - INFO - Finished pull operations.
2025-09-15 22:02:37,994 - INFO - Sync Manager sleeping for 180 seconds...
2025-09-15 22:02:42,423 - INFO - Sync Manager started.
2025-09-15 22:02:42,423 - INFO - Starting push operations...
2025-09-15 22:02:42,423 - INFO - No sync operations log found for pushing.
2025-09-15 22:02:42,423 - INFO - Starting pull operations...
2025-09-15 22:02:42,425 - INFO - Last sync timestamp: 1970-01-01T00:00:00+00:00
2025-09-15 22:02:44,185 - ERROR - Error during pull operations: 1054 (42S22): Unknown column 'timestamp' in 'WHERE'
2025-09-15 22:02:44,352 - INFO - Finished pull operations.
2025-09-15 22:02:44,352 - INFO - Sync Manager sleeping for 180 seconds...
2025-09-15 22:04:14,703 - INFO - Starting push operations...
2025-09-15 22:04:14,706 - INFO - No sync operations log found for pushing.
2025-09-15 22:04:14,707 - INFO - Starting pull operations...
2025-09-15 22:04:14,707 - INFO - Last sync timestamp: 1970-01-01T00:00:00+00:00
2025-09-15 22:04:15,165 - ERROR - Error during pull operations: 1054 (42S22): Unknown column 'timestamp' in 'WHERE'
2025-09-15 22:04:15,323 - INFO - Finished pull operations.
2025-09-15 22:04:15,323 - INFO - Sync Manager sleeping for 180 seconds...
2025-09-15 22:04:18,162 - INFO - Starting push operations...
2025-09-15 22:04:18,165 - INFO - No sync operations log found for pushing.
2025-09-15 22:04:18,165 - INFO - Starting pull operations...
2025-09-15 22:04:18,166 - INFO - Last sync timestamp: 1970-01-01T00:00:00+00:00
2025-09-15 22:04:18,592 - ERROR - Error during pull operations: 1054 (42S22): Unknown column 'timestamp' in 'WHERE'
2025-09-15 22:04:18,746 - INFO - Finished pull operations.
2025-09-15 22:04:18,747 - INFO - Sync Manager sleeping for 180 seconds...
2025-09-15 22:04:19,481 - INFO - Starting push operations...
2025-09-15 22:04:19,484 - INFO - No sync operations log found for pushing.
2025-09-15 22:04:19,484 - INFO - Starting pull operations...
2025-09-15 22:04:19,484 - INFO - Last sync timestamp: 1970-01-01T00:00:00+00:00
2025-09-15 22:04:19,705 - ERROR - Error during pull operations: 1054 (42S22): Unknown column 'timestamp' in 'WHERE'
2025-09-15 22:04:19,862 - INFO - Finished pull operations.
2025-09-15 22:04:19,863 - INFO - Sync Manager sleeping for 180 seconds...
2025-09-15 22:04:22,296 - INFO - Sync Manager started.
2025-09-15 22:04:22,304 - INFO - Starting push operations...
2025-09-15 22:04:22,305 - INFO - No sync operations log found for pushing.
2025-09-15 22:04:22,305 - INFO - Starting pull operations...
2025-09-15 22:04:22,311 - INFO - Last sync timestamp: 1970-01-01T00:00:00+00:00
2025-09-15 22:04:23,429 - ERROR - Error during pull operations: 1226 (42000): User 'u408450631_siri' has exceeded the 'max_user_connections' resource (current value: 50)
2025-09-15 22:04:23,430 - INFO - Finished pull operations.
2025-09-15 22:04:23,430 - INFO - Sync Manager sleeping for 180 seconds...
2025-09-15 22:04:50,312 - INFO - Starting push operations...
2025-09-15 22:04:50,318 - INFO - No sync operations log found for pushing.
2025-09-15 22:04:50,318 - INFO - Starting pull operations...
2025-09-15 22:04:50,318 - INFO - Last sync timestamp: 1970-01-01T00:00:00+00:00
2025-09-15 22:04:50,730 - ERROR - Error during pull operations: 1054 (42S22): Unknown column 'timestamp' in 'WHERE'
2025-09-15 22:04:50,904 - INFO - Finished pull operations.
2025-09-15 22:04:50,905 - INFO - Sync Manager sleeping for 180 seconds...
2025-09-15 22:05:16,352 - INFO - Sync Manager started.
2025-09-15 22:05:16,352 - INFO - Starting push operations...
2025-09-15 22:05:16,353 - INFO - No sync operations log found for pushing.
2025-09-15 22:05:16,353 - INFO - Starting pull operations...
2025-09-15 22:05:16,354 - INFO - Last sync timestamp: 1970-01-01T00:00:00+00:00
2025-09-15 22:05:16,996 - INFO - Sync Manager started.
2025-09-15 22:05:16,996 - INFO - Starting push operations...
2025-09-15 22:05:16,996 - INFO - No sync operations log found for pushing.
2025-09-15 22:05:16,996 - INFO - Starting pull operations...
2025-09-15 22:05:16,997 - INFO - Last sync timestamp: 1970-01-01T00:00:00+00:00
2025-09-15 22:05:17,875 - ERROR - Error during pull operations: 1054 (42S22): Unknown column 'timestamp' in 'WHERE'
2025-09-15 22:05:18,034 - INFO - Finished pull operations.
2025-09-15 22:05:18,035 - INFO - Sync Manager sleeping for 180 seconds...
2025-09-15 22:05:18,473 - ERROR - Error during pull operations: 1054 (42S22): Unknown column 'timestamp' in 'WHERE'
2025-09-15 22:05:18,632 - INFO - Finished pull operations.
2025-09-15 22:05:18,633 - INFO - Sync Manager sleeping for 180 seconds...
2025-09-15 22:08:18,063 - INFO - Starting push operations...
2025-09-15 22:08:18,090 - INFO - No sync operations log found for pushing.
2025-09-15 22:08:18,118 - INFO - Starting pull operations...
2025-09-15 22:08:18,123 - INFO - Last sync timestamp: 1970-01-01T00:00:00+00:00
2025-09-15 22:08:18,408 - ERROR - Error during pull operations: 1054 (42S22): Unknown column 'timestamp' in 'WHERE'
2025-09-15 22:08:18,644 - INFO - Starting push operations...
2025-09-15 22:08:18,645 - INFO - No sync operations log found for pushing.
2025-09-15 22:08:18,706 - INFO - Starting pull operations...
2025-09-15 22:08:18,715 - INFO - Finished pull operations.
2025-09-15 22:08:18,716 - INFO - Sync Manager sleeping for 180 seconds...
2025-09-15 22:08:18,719 - INFO - Last sync timestamp: 1970-01-01T00:00:00+00:00
2025-09-15 22:08:18,948 - ERROR - Error during pull operations: 1054 (42S22): Unknown column 'timestamp' in 'WHERE'
2025-09-15 22:08:19,187 - INFO - Finished pull operations.
2025-09-15 22:08:19,188 - INFO - Sync Manager sleeping for 180 seconds...
2025-09-15 22:11:18,727 - INFO - Starting push operations...
2025-09-15 22:11:18,732 - INFO - No sync operations log found for pushing.
2025-09-15 22:11:18,733 - INFO - Starting pull operations...
2025-09-15 22:11:18,733 - INFO - Last sync timestamp: 1970-01-01T00:00:00+00:00
2025-09-15 22:11:19,203 - INFO - Starting push operations...
2025-09-15 22:11:19,207 - INFO - No sync operations log found for pushing.
2025-09-15 22:11:19,208 - INFO - Starting pull operations...
2025-09-15 22:11:19,208 - INFO - Last sync timestamp: 1970-01-01T00:00:00+00:00
2025-09-15 22:11:19,424 - ERROR - Error during pull operations: 1054 (42S22): Unknown column 'timestamp' in 'WHERE'
2025-09-15 22:11:20,348 - INFO - Finished pull operations.
2025-09-15 22:11:20,349 - INFO - Sync Manager sleeping for 180 seconds...
2025-09-15 22:11:20,617 - ERROR - Error during pull operations: 1054 (42S22): Unknown column 'timestamp' in 'WHERE'
2025-09-15 22:11:20,908 - INFO - Finished pull operations.
2025-09-15 22:11:20,909 - INFO - Sync Manager sleeping for 180 seconds...
2025-09-15 22:13:31,503 - INFO - Sync Manager started.
2025-09-15 22:13:31,514 - INFO - Starting push operations...
2025-09-15 22:13:31,514 - INFO - No sync operations log found for pushing.
2025-09-15 22:13:31,536 - INFO - Starting pull operations...
2025-09-15 22:13:31,551 - INFO - Last sync timestamp: 1970-01-01T00:00:00+00:00
2025-09-15 22:13:33,764 - ERROR - Error during pull operations: 1054 (42S22): Unknown column 'timestamp' in 'WHERE'
2025-09-15 22:13:33,994 - INFO - Finished pull operations.
2025-09-15 22:13:34,004 - INFO - Sync Manager sleeping for 180 seconds...
2025-09-15 22:14:20,360 - INFO - Starting push operations...
2025-09-15 22:14:20,364 - INFO - No sync operations log found for pushing.
2025-09-15 22:14:20,364 - INFO - Starting pull operations...
2025-09-15 22:14:20,366 - INFO - Last sync timestamp: 1970-01-01T00:00:00+00:00
2025-09-15 22:14:20,879 - ERROR - Error during pull operations: 1054 (42S22): Unknown column 'timestamp' in 'WHERE'
2025-09-15 22:14:20,926 - INFO - Starting push operations...
2025-09-15 22:14:20,941 - INFO - No sync operations log found for pushing.
2025-09-15 22:14:20,941 - INFO - Starting pull operations...
2025-09-15 22:14:20,942 - INFO - Last sync timestamp: 1970-01-01T00:00:00+00:00
2025-09-15 22:14:21,043 - INFO - Finished pull operations.
2025-09-15 22:14:21,045 - INFO - Sync Manager sleeping for 180 seconds...
2025-09-15 22:14:21,480 - ERROR - Error during pull operations: 1054 (42S22): Unknown column 'timestamp' in 'WHERE'
2025-09-15 22:14:21,766 - INFO - Finished pull operations.
2025-09-15 22:14:21,766 - INFO - Sync Manager sleeping for 180 seconds...
2025-09-15 22:16:34,047 - INFO - Starting push operations...
2025-09-15 22:16:34,062 - INFO - No sync operations log found for pushing.
2025-09-15 22:16:34,063 - INFO - Starting pull operations...
2025-09-15 22:16:34,064 - INFO - Last sync timestamp: 1970-01-01T00:00:00+00:00
2025-09-15 22:16:34,237 - ERROR - Error during pull operations: 1054 (42S22): Unknown column 'timestamp' in 'WHERE'
2025-09-15 22:16:34,414 - INFO - Finished pull operations.
2025-09-15 22:16:34,414 - INFO - Sync Manager sleeping for 180 seconds...
2025-09-15 22:17:21,059 - INFO - Starting push operations...
2025-09-15 22:17:21,065 - INFO - No sync operations log found for pushing.
2025-09-15 22:17:21,065 - INFO - Starting pull operations...
2025-09-15 22:17:21,070 - INFO - Last sync timestamp: 1970-01-01T00:00:00+00:00
2025-09-15 22:17:21,489 - ERROR - Error during pull operations: 1054 (42S22): Unknown column 'timestamp' in 'WHERE'
2025-09-15 22:17:21,663 - INFO - Finished pull operations.
2025-09-15 22:17:21,664 - INFO - Sync Manager sleeping for 180 seconds...
2025-09-15 22:17:21,777 - INFO - Starting push operations...
2025-09-15 22:17:21,781 - INFO - No sync operations log found for pushing.
2025-09-15 22:17:21,781 - INFO - Starting pull operations...
2025-09-15 22:17:21,786 - INFO - Last sync timestamp: 1970-01-01T00:00:00+00:00
2025-09-15 22:17:22,206 - ERROR - Error during pull operations: 1054 (42S22): Unknown column 'timestamp' in 'WHERE'
2025-09-15 22:17:22,372 - INFO - Finished pull operations.
2025-09-15 22:17:22,373 - INFO - Sync Manager sleeping for 180 seconds...
2025-09-15 22:19:34,428 - INFO - Starting push operations...
2025-09-15 22:19:34,436 - INFO - No sync operations log found for pushing.
2025-09-15 22:19:34,437 - INFO - Starting pull operations...
2025-09-15 22:19:34,439 - INFO - Last sync timestamp: 1970-01-01T00:00:00+00:00
2025-09-15 22:19:35,068 - ERROR - Error during pull operations: 1054 (42S22): Unknown column 'timestamp' in 'WHERE'
2025-09-15 22:19:35,359 - INFO - Finished pull operations.
2025-09-15 22:19:35,361 - INFO - Sync Manager sleeping for 180 seconds...
2025-09-15 22:20:21,684 - INFO - Starting push operations...
2025-09-15 22:20:21,702 - INFO - No sync operations log found for pushing.
2025-09-15 22:20:21,702 - INFO - Starting pull operations...
2025-09-15 22:20:21,705 - INFO - Last sync timestamp: 1970-01-01T00:00:00+00:00
2025-09-15 22:20:22,402 - INFO - Starting push operations...
2025-09-15 22:20:22,406 - INFO - No sync operations log found for pushing.
2025-09-15 22:20:22,407 - INFO - Starting pull operations...
2025-09-15 22:20:22,407 - INFO - Last sync timestamp: 1970-01-01T00:00:00+00:00
2025-09-15 22:20:22,821 - ERROR - Error during pull operations: 1054 (42S22): Unknown column 'timestamp' in 'WHERE'
2025-09-15 22:20:23,119 - INFO - Finished pull operations.
2025-09-15 22:20:23,120 - INFO - Sync Manager sleeping for 180 seconds...
2025-09-15 22:20:23,285 - ERROR - Error during pull operations: 1054 (42S22): Unknown column 'timestamp' in 'WHERE'
2025-09-15 22:20:23,493 - INFO - Finished pull operations.
2025-09-15 22:20:23,494 - INFO - Sync Manager sleeping for 180 seconds...
2025-09-15 22:22:35,378 - INFO - Starting push operations...
2025-09-15 22:22:35,403 - INFO - No sync operations log found for pushing.
2025-09-15 22:22:35,405 - INFO - Starting pull operations...
2025-09-15 22:22:35,408 - INFO - Last sync timestamp: 1970-01-01T00:00:00+00:00
2025-09-15 22:22:36,168 - ERROR - Error during pull operations: 1054 (42S22): Unknown column 'timestamp' in 'WHERE'
2025-09-15 22:22:36,491 - INFO - Finished pull operations.
2025-09-15 22:22:36,491 - INFO - Sync Manager sleeping for 180 seconds...
2025-09-15 22:23:23,133 - INFO - Starting push operations...
2025-09-15 22:23:23,143 - INFO - No sync operations log found for pushing.
2025-09-15 22:23:23,143 - INFO - Starting pull operations...
2025-09-15 22:23:23,145 - INFO - Last sync timestamp: 1970-01-01T00:00:00+00:00
2025-09-15 22:23:23,502 - INFO - Starting push operations...
2025-09-15 22:23:23,507 - INFO - No sync operations log found for pushing.
2025-09-15 22:23:23,508 - INFO - Starting pull operations...
2025-09-15 22:23:23,510 - INFO - Last sync timestamp: 1970-01-01T00:00:00+00:00
2025-09-15 22:23:23,903 - ERROR - Error during pull operations: 1054 (42S22): Unknown column 'timestamp' in 'WHERE'
2025-09-15 22:23:24,239 - INFO - Finished pull operations.
2025-09-15 22:23:24,241 - INFO - Sync Manager sleeping for 180 seconds...
2025-09-15 22:23:24,403 - ERROR - Error during pull operations: 1054 (42S22): Unknown column 'timestamp' in 'WHERE'
2025-09-15 22:23:24,650 - INFO - Finished pull operations.
2025-09-15 22:23:24,650 - INFO - Sync Manager sleeping for 180 seconds...
2025-09-15 22:25:36,468 - INFO - Starting push operations...
2025-09-15 22:25:36,485 - INFO - No sync operations log found for pushing.
2025-09-15 22:25:36,485 - INFO - Starting pull operations...
2025-09-15 22:25:36,485 - INFO - Last sync timestamp: 1970-01-01T00:00:00+00:00
2025-09-15 22:25:37,599 - ERROR - Error during pull operations: 1054 (42S22): Unknown column 'timestamp' in 'WHERE'
2025-09-15 22:25:37,950 - INFO - Finished pull operations.
2025-09-15 22:25:37,951 - INFO - Sync Manager sleeping for 180 seconds...
2025-09-15 22:26:24,215 - INFO - Starting push operations...
2025-09-15 22:26:24,220 - INFO - No sync operations log found for pushing.
2025-09-15 22:26:24,220 - INFO - Starting pull operations...
2025-09-15 22:26:24,227 - INFO - Last sync timestamp: 1970-01-01T00:00:00+00:00
2025-09-15 22:26:24,625 - INFO - Starting push operations...
2025-09-15 22:26:24,629 - INFO - No sync operations log found for pushing.
2025-09-15 22:26:24,634 - INFO - Starting pull operations...
2025-09-15 22:26:24,635 - INFO - Last sync timestamp: 1970-01-01T00:00:00+00:00
2025-09-15 22:26:25,153 - ERROR - Error during pull operations: 1054 (42S22): Unknown column 'timestamp' in 'WHERE'
2025-09-15 22:26:25,481 - ERROR - Error during pull operations: 1054 (42S22): Unknown column 'timestamp' in 'WHERE'
2025-09-15 22:26:25,482 - INFO - Finished pull operations.
2025-09-15 22:26:25,482 - INFO - Sync Manager sleeping for 180 seconds...
2025-09-15 22:26:25,810 - INFO - Finished pull operations.
2025-09-15 22:26:25,812 - INFO - Sync Manager sleeping for 180 seconds...
2025-09-15 22:28:38,014 - INFO - Starting push operations...
2025-09-15 22:28:38,064 - INFO - No sync operations log found for pushing.
2025-09-15 22:28:38,064 - INFO - Starting pull operations...
2025-09-15 22:28:38,065 - INFO - Last sync timestamp: 1970-01-01T00:00:00+00:00
2025-09-15 22:28:38,911 - ERROR - Error during pull operations: 1054 (42S22): Unknown column 'timestamp' in 'WHERE'
2025-09-15 22:28:39,077 - INFO - Finished pull operations.
2025-09-15 22:28:39,077 - INFO - Sync Manager sleeping for 180 seconds...
2025-09-15 22:29:25,598 - INFO - Starting push operations...
2025-09-15 22:29:25,606 - INFO - No sync operations log found for pushing.
2025-09-15 22:29:25,606 - INFO - Starting pull operations...
2025-09-15 22:29:25,609 - INFO - Last sync timestamp: 1970-01-01T00:00:00+00:00
2025-09-15 22:29:25,826 - INFO - Starting push operations...
2025-09-15 22:29:25,835 - INFO - No sync operations log found for pushing.
2025-09-15 22:29:25,836 - INFO - Starting pull operations...
2025-09-15 22:29:25,837 - INFO - Last sync timestamp: 1970-01-01T00:00:00+00:00
2025-09-15 22:29:26,209 - ERROR - Error during pull operations: 1054 (42S22): Unknown column 'timestamp' in 'WHERE'
2025-09-15 22:29:26,386 - ERROR - Error during pull operations: 1054 (42S22): Unknown column 'timestamp' in 'WHERE'
2025-09-15 22:29:26,384 - INFO - Finished pull operations.
2025-09-15 22:29:26,388 - INFO - Sync Manager sleeping for 180 seconds...
2025-09-15 22:29:26,584 - INFO - Finished pull operations.
2025-09-15 22:29:26,584 - INFO - Sync Manager sleeping for 180 seconds...
2025-09-15 22:31:39,090 - INFO - Starting push operations...
2025-09-15 22:31:39,107 - INFO - No sync operations log found for pushing.
2025-09-15 22:31:39,107 - INFO - Starting pull operations...
2025-09-15 22:31:39,117 - INFO - Last sync timestamp: 1970-01-01T00:00:00+00:00
2025-09-15 22:31:39,558 - ERROR - Error during pull operations: 1054 (42S22): Unknown column 'timestamp' in 'WHERE'
2025-09-15 22:31:39,714 - INFO - Finished pull operations.
2025-09-15 22:31:39,717 - INFO - Sync Manager sleeping for 180 seconds...
2025-09-15 22:32:26,403 - INFO - Starting push operations...
2025-09-15 22:32:26,424 - INFO - No sync operations log found for pushing.
2025-09-15 22:32:26,424 - INFO - Starting pull operations...
2025-09-15 22:32:26,425 - INFO - Last sync timestamp: 1970-01-01T00:00:00+00:00
2025-09-15 22:32:26,605 - INFO - Starting push operations...
2025-09-15 22:32:26,618 - INFO - No sync operations log found for pushing.
2025-09-15 22:32:26,619 - INFO - Starting pull operations...
2025-09-15 22:32:26,622 - INFO - Last sync timestamp: 1970-01-01T00:00:00+00:00
2025-09-15 22:32:26,957 - ERROR - Error during pull operations: 1054 (42S22): Unknown column 'timestamp' in 'WHERE'
2025-09-15 22:32:27,148 - INFO - Finished pull operations.
2025-09-15 22:32:27,149 - INFO - Sync Manager sleeping for 180 seconds...
2025-09-15 22:32:27,203 - ERROR - Error during pull operations: 1054 (42S22): Unknown column 'timestamp' in 'WHERE'
2025-09-15 22:32:27,373 - INFO - Finished pull operations.
2025-09-15 22:32:27,373 - INFO - Sync Manager sleeping for 180 seconds...
2025-09-15 22:34:39,749 - INFO - Starting push operations...
2025-09-15 22:34:39,777 - INFO - No sync operations log found for pushing.
2025-09-15 22:34:39,777 - INFO - Starting pull operations...
2025-09-15 22:34:39,778 - INFO - Last sync timestamp: 1970-01-01T00:00:00+00:00
2025-09-15 22:34:40,538 - ERROR - Error during pull operations: 1054 (42S22): Unknown column 'timestamp' in 'WHERE'
2025-09-15 22:34:40,702 - INFO - Finished pull operations.
2025-09-15 22:34:40,702 - INFO - Sync Manager sleeping for 180 seconds...
2025-09-15 22:35:27,160 - INFO - Starting push operations...
2025-09-15 22:35:27,174 - INFO - No sync operations log found for pushing.
2025-09-15 22:35:27,175 - INFO - Starting pull operations...
2025-09-15 22:35:27,176 - INFO - Last sync timestamp: 1970-01-01T00:00:00+00:00
2025-09-15 22:35:27,396 - INFO - Starting push operations...
2025-09-15 22:35:27,404 - INFO - No sync operations log found for pushing.
2025-09-15 22:35:27,407 - INFO - Starting pull operations...
2025-09-15 22:35:27,408 - INFO - Last sync timestamp: 1970-01-01T00:00:00+00:00
2025-09-15 22:35:28,272 - ERROR - Error during pull operations: 1054 (42S22): Unknown column 'timestamp' in 'WHERE'
2025-09-15 22:35:28,272 - ERROR - Error during pull operations: 1054 (42S22): Unknown column 'timestamp' in 'WHERE'
2025-09-15 22:35:28,810 - INFO - Finished pull operations.
2025-09-15 22:35:28,810 - INFO - Sync Manager sleeping for 180 seconds...
2025-09-15 22:35:28,811 - INFO - Finished pull operations.
2025-09-15 22:35:28,811 - INFO - Sync Manager sleeping for 180 seconds...
2025-09-15 22:37:40,711 - INFO - Starting push operations...
2025-09-15 22:37:40,724 - INFO - No sync operations log found for pushing.
2025-09-15 22:37:40,724 - INFO - Starting pull operations...
2025-09-15 22:37:40,725 - INFO - Last sync timestamp: 1970-01-01T00:00:00+00:00
2025-09-15 22:37:41,193 - ERROR - Error during pull operations: 1054 (42S22): Unknown column 'timestamp' in 'WHERE'
2025-09-15 22:37:41,377 - INFO - Finished pull operations.
2025-09-15 22:37:41,378 - INFO - Sync Manager sleeping for 180 seconds...
2025-09-15 22:38:28,822 - INFO - Starting push operations...
2025-09-15 22:38:28,828 - INFO - No sync operations log found for pushing.
2025-09-15 22:38:28,828 - INFO - Starting pull operations...
2025-09-15 22:38:28,825 - INFO - Starting push operations...
2025-09-15 22:38:28,829 - INFO - Last sync timestamp: 1970-01-01T00:00:00+00:00
2025-09-15 22:38:28,831 - INFO - No sync operations log found for pushing.
2025-09-15 22:38:28,832 - INFO - Starting pull operations...
2025-09-15 22:38:28,833 - INFO - Last sync timestamp: 1970-01-01T00:00:00+00:00
2025-09-15 22:38:29,875 - ERROR - Error during pull operations: 1054 (42S22): Unknown column 'timestamp' in 'WHERE'
2025-09-15 22:38:29,882 - ERROR - Error during pull operations: 1054 (42S22): Unknown column 'timestamp' in 'WHERE'
2025-09-15 22:38:30,195 - INFO - Finished pull operations.
2025-09-15 22:38:30,195 - INFO - Sync Manager sleeping for 180 seconds...
2025-09-15 22:38:30,196 - INFO - Finished pull operations.
2025-09-15 22:38:30,197 - INFO - Sync Manager sleeping for 180 seconds...
2025-09-15 22:40:41,391 - INFO - Starting push operations...
2025-09-15 22:40:41,395 - INFO - No sync operations log found for pushing.
2025-09-15 22:40:41,396 - INFO - Starting pull operations...
2025-09-15 22:40:41,399 - INFO - Last sync timestamp: 1970-01-01T00:00:00+00:00
2025-09-15 22:40:41,972 - ERROR - Error during pull operations: 1054 (42S22): Unknown column 'timestamp' in 'WHERE'
2025-09-15 22:40:42,128 - INFO - Finished pull operations.
2025-09-15 22:40:42,129 - INFO - Sync Manager sleeping for 180 seconds...
2025-09-15 22:41:30,206 - INFO - Starting push operations...
2025-09-15 22:41:30,207 - INFO - Starting push operations...
2025-09-15 22:41:30,212 - INFO - No sync operations log found for pushing.
2025-09-15 22:41:30,213 - INFO - Starting pull operations...
2025-09-15 22:41:30,213 - INFO - No sync operations log found for pushing.
2025-09-15 22:41:30,213 - INFO - Last sync timestamp: 1970-01-01T00:00:00+00:00
2025-09-15 22:41:30,214 - INFO - Starting pull operations...
2025-09-15 22:41:30,214 - INFO - Last sync timestamp: 1970-01-01T00:00:00+00:00
2025-09-15 22:41:30,702 - ERROR - Error during pull operations: 1054 (42S22): Unknown column 'timestamp' in 'WHERE'
2025-09-15 22:41:30,744 - ERROR - Error during pull operations: 1054 (42S22): Unknown column 'timestamp' in 'WHERE'
2025-09-15 22:41:30,907 - INFO - Finished pull operations.
2025-09-15 22:41:30,907 - INFO - Sync Manager sleeping for 180 seconds...
2025-09-15 22:41:30,947 - INFO - Finished pull operations.
2025-09-15 22:41:30,948 - INFO - Sync Manager sleeping for 180 seconds...
2025-09-15 22:43:25,923 - INFO - Sync Manager started.
2025-09-15 22:43:25,924 - INFO - Starting push operations...
2025-09-15 22:43:25,924 - INFO - No sync operations log found for pushing.
2025-09-15 22:43:25,925 - INFO - Starting pull operations...
2025-09-15 22:43:25,926 - INFO - Last sync timestamp: 1970-01-01T00:00:00+00:00
2025-09-15 22:43:28,045 - ERROR - Error during pull operations: 1054 (42S22): Unknown column 'timestamp' in 'WHERE'
2025-09-15 22:43:28,198 - INFO - Finished pull operations.
2025-09-15 22:43:28,199 - INFO - Sync Manager sleeping for 180 seconds...
2025-09-15 22:43:42,150 - INFO - Starting push operations...
2025-09-15 22:43:42,167 - INFO - No sync operations log found for pushing.
2025-09-15 22:43:42,167 - INFO - Starting pull operations...
2025-09-15 22:43:42,173 - INFO - Last sync timestamp: 1970-01-01T00:00:00+00:00
2025-09-15 22:43:42,681 - ERROR - Error during pull operations: 1054 (42S22): Unknown column 'timestamp' in 'WHERE'
2025-09-15 22:43:42,855 - INFO - Finished pull operations.
2025-09-15 22:43:42,868 - INFO - Sync Manager sleeping for 180 seconds...
2025-09-15 22:44:30,905 - INFO - Starting push operations...
2025-09-15 22:44:30,908 - INFO - No sync operations log found for pushing.
2025-09-15 22:44:30,908 - INFO - Starting pull operations...
2025-09-15 22:44:30,909 - INFO - Last sync timestamp: 1970-01-01T00:00:00+00:00
2025-09-15 22:44:30,947 - INFO - Starting push operations...
2025-09-15 22:44:30,951 - INFO - No sync operations log found for pushing.
2025-09-15 22:44:30,953 - INFO - Starting pull operations...
2025-09-15 22:44:30,954 - INFO - Last sync timestamp: 1970-01-01T00:00:00+00:00
2025-09-15 22:44:31,669 - ERROR - Error during pull operations: 1054 (42S22): Unknown column 'timestamp' in 'WHERE'
2025-09-15 22:44:31,829 - ERROR - Error during pull operations: 1054 (42S22): Unknown column 'timestamp' in 'WHERE'
2025-09-15 22:44:32,075 - INFO - Finished pull operations.
2025-09-15 22:44:32,076 - INFO - Sync Manager sleeping for 180 seconds...
2025-09-15 22:44:32,160 - INFO - Finished pull operations.
2025-09-15 22:44:32,160 - INFO - Sync Manager sleeping for 180 seconds...
