2025-11-20 09:56:14,777 - scripts.sync_manager - INFO - Starting background sync scheduler
2025-11-20 09:56:14,777 - scripts.sync_manager - INFO - Sync scheduler thread started
2025-11-20 09:56:14,777 - scripts.sync_manager - INFO - Background sync started successfully
2025-11-20 09:56:14,777 - scripts.sync_manager - INFO - Performing initial sync and immediate cleanup
2025-11-20 09:56:14,789 - scripts.sync_manager - INFO - Cleaning up logs older than 2025-10-21T09:56:14.789986
2025-11-20 09:56:15,013 - scripts.sync_manager - INFO - MySQL sync_table cleanup: 0 entries removed
2025-11-20 09:56:15,215 - scripts.sync_manager - INFO - === Starting scheduled sync cycle ===
2025-11-20 09:56:15,215 - scripts.sync_manager - INFO - Step 1: Pushing pending logs to MySQL
2025-11-20 09:56:15,217 - scripts.sync_manager - INFO - Processing 2 pending sync logs
2025-11-20 09:56:15,217 - scripts.sync_manager - INFO - Processing log ID 3: batch - CREATE - 7fc3ebb4-1548-44c9-b563-e5ab65bf35d1
2025-11-20 09:56:15,462 - scripts.sync_manager - INFO - CREATE operation on batch for 7fc3ebb4-1548-44c9-b563-e5ab65bf35d1 successful
2025-11-20 09:56:15,682 - scripts.sync_manager - INFO - Successfully processed log ID 3
2025-11-20 09:56:15,682 - scripts.sync_manager - INFO - Processing log ID 4: Products - DELETE - 523193ea-dad1-406f-a449-67ab3ed6c5f9
2025-11-20 09:56:15,932 - scripts.sync_manager - INFO - DELETE operation on Products for 523193ea-dad1-406f-a449-67ab3ed6c5f9 successful
2025-11-20 09:56:16,168 - scripts.sync_manager - INFO - Successfully processed log ID 4
2025-11-20 09:56:16,171 - scripts.sync_manager - INFO - Finished processing: 2 processed, 0 failed
2025-11-20 09:56:16,171 - scripts.sync_manager - INFO - Push result: {'status': 'success', 'message': 'Processed 2 logs, 0 failed', 'processed': 2, 'failed': 0}
2025-11-20 09:56:16,171 - scripts.sync_manager - INFO - Step 2: Pulling remote changes from MySQL
2025-11-20 09:56:16,307 - scripts.sync_manager - INFO - Pulling from MySQL sync_table. Last sync: 2025-11-19T15:26:52.275692. Table: All, Full Pull: False
2025-11-20 09:56:16,348 - scripts.sync_manager - INFO - No new changes to pull
2025-11-20 09:56:16,532 - scripts.sync_manager - INFO - Pull result: {'status': 'success', 'message': 'No new entries', 'pulled': 0}
2025-11-20 09:56:16,558 - scripts.sync_manager - INFO - === Scheduled sync cycle completed successfully ===
2025-11-20 09:56:19,917 - scripts.sync_manager - INFO - Starting background sync scheduler
2025-11-20 09:56:19,917 - scripts.sync_manager - INFO - Sync scheduler thread started
2025-11-20 09:56:19,917 - scripts.sync_manager - INFO - Background sync started successfully
2025-11-20 09:56:19,917 - scripts.sync_manager - INFO - Performing initial sync and immediate cleanup
2025-11-20 09:56:19,917 - scripts.sync_manager - INFO - Cleaning up logs older than 2025-10-21T09:56:19.917171
2025-11-20 09:56:20,142 - scripts.sync_manager - INFO - MySQL sync_table cleanup: 0 entries removed
2025-11-20 09:56:20,342 - scripts.sync_manager - INFO - === Starting scheduled sync cycle ===
2025-11-20 09:56:20,342 - scripts.sync_manager - INFO - Step 1: Pushing pending logs to MySQL
2025-11-20 09:56:20,345 - scripts.sync_manager - INFO - No pending sync logs to process
2025-11-20 09:56:20,345 - scripts.sync_manager - INFO - Push result: {'status': 'success', 'message': 'No pending logs', 'processed': 0, 'failed': 0}
2025-11-20 09:56:20,345 - scripts.sync_manager - INFO - Step 2: Pulling remote changes from MySQL
2025-11-20 09:56:20,454 - scripts.sync_manager - INFO - Pulling from MySQL sync_table. Last sync: 2025-11-19T15:26:52.275692. Table: All, Full Pull: False
2025-11-20 09:56:20,491 - scripts.sync_manager - INFO - No new changes to pull
2025-11-20 09:56:20,675 - scripts.sync_manager - INFO - Pull result: {'status': 'success', 'message': 'No new entries', 'pulled': 0}
2025-11-20 09:56:20,687 - scripts.sync_manager - INFO - === Scheduled sync cycle completed successfully ===
2025-11-20 09:56:39,622 - scripts.sync_manager - INFO - Pulling from MySQL sync_table. Last sync: 2025-11-19T15:26:52.275692. Table: All, Full Pull: False
2025-11-20 09:56:39,657 - scripts.sync_manager - INFO - No new changes to pull
2025-11-20 09:56:41,407 - scripts.sync_manager - INFO - Pulling from MySQL sync_table. Last sync: 2025-11-19T15:26:52.275692. Table: All, Full Pull: False
2025-11-20 09:56:41,449 - scripts.sync_manager - INFO - No new changes to pull
2025-11-20 10:02:45,382 - scripts.sync_manager - INFO - Starting background sync scheduler
2025-11-20 10:02:45,382 - scripts.sync_manager - INFO - Sync scheduler thread started
2025-11-20 10:02:45,382 - scripts.sync_manager - INFO - Background sync started successfully
2025-11-20 10:02:45,382 - scripts.sync_manager - INFO - Performing initial sync and immediate cleanup
2025-11-20 10:02:45,384 - scripts.sync_manager - INFO - Cleaning up logs older than 2025-10-21T10:02:45.384041
2025-11-20 10:02:45,577 - scripts.sync_manager - INFO - MySQL sync_table cleanup: 0 entries removed
2025-11-20 10:02:45,782 - scripts.sync_manager - INFO - === Starting scheduled sync cycle ===
2025-11-20 10:02:45,782 - scripts.sync_manager - INFO - Step 1: Pushing pending logs to MySQL
2025-11-20 10:02:45,783 - scripts.sync_manager - INFO - No pending sync logs to process
2025-11-20 10:02:45,783 - scripts.sync_manager - INFO - Push result: {'status': 'success', 'message': 'No pending logs', 'processed': 0, 'failed': 0}
2025-11-20 10:02:45,783 - scripts.sync_manager - INFO - Step 2: Pulling remote changes from MySQL
2025-11-20 10:02:45,893 - scripts.sync_manager - INFO - Pulling from MySQL sync_table. Last sync: 2025-11-19T15:26:52.275692. Table: All, Full Pull: False
2025-11-20 10:02:45,934 - scripts.sync_manager - INFO - No new changes to pull
2025-11-20 10:02:46,134 - scripts.sync_manager - INFO - Pull result: {'status': 'success', 'message': 'No new entries', 'pulled': 0}
2025-11-20 10:02:46,151 - scripts.sync_manager - INFO - === Scheduled sync cycle completed successfully ===
2025-11-20 10:09:20,570 - scripts.sync_manager - INFO - Starting background sync scheduler
2025-11-20 10:09:20,570 - scripts.sync_manager - INFO - Sync scheduler thread started
2025-11-20 10:09:20,570 - scripts.sync_manager - INFO - Background sync started successfully
2025-11-20 10:09:20,570 - scripts.sync_manager - INFO - Performing initial sync and immediate cleanup
2025-11-20 10:09:20,570 - scripts.sync_manager - INFO - Cleaning up logs older than 2025-10-21T10:09:20.570562
2025-11-20 10:09:20,772 - scripts.sync_manager - INFO - MySQL sync_table cleanup: 0 entries removed
2025-11-20 10:09:20,962 - scripts.sync_manager - INFO - === Starting scheduled sync cycle ===
2025-11-20 10:09:20,963 - scripts.sync_manager - INFO - Step 1: Pushing pending logs to MySQL
2025-11-20 10:09:20,963 - scripts.sync_manager - INFO - No pending sync logs to process
2025-11-20 10:09:20,963 - scripts.sync_manager - INFO - Push result: {'status': 'success', 'message': 'No pending logs', 'processed': 0, 'failed': 0}
2025-11-20 10:09:20,963 - scripts.sync_manager - INFO - Step 2: Pulling remote changes from MySQL
2025-11-20 10:09:21,071 - scripts.sync_manager - INFO - Pulling from MySQL sync_table. Last sync: 2025-11-19T15:26:52.275692. Table: All, Full Pull: False
2025-11-20 10:09:21,107 - scripts.sync_manager - INFO - No new changes to pull
2025-11-20 10:09:21,287 - scripts.sync_manager - INFO - Pull result: {'status': 'success', 'message': 'No new entries', 'pulled': 0}
2025-11-20 10:09:21,302 - scripts.sync_manager - INFO - === Scheduled sync cycle completed successfully ===
2025-11-20 10:09:43,659 - scripts.sync_manager - INFO - Starting background sync scheduler
2025-11-20 10:09:43,661 - scripts.sync_manager - INFO - Sync scheduler thread started
2025-11-20 10:09:43,661 - scripts.sync_manager - INFO - Background sync started successfully
2025-11-20 10:09:43,661 - scripts.sync_manager - INFO - Performing initial sync and immediate cleanup
2025-11-20 10:09:43,663 - scripts.sync_manager - INFO - Cleaning up logs older than 2025-10-21T10:09:43.663373
2025-11-20 10:09:43,871 - scripts.sync_manager - INFO - MySQL sync_table cleanup: 0 entries removed
2025-11-20 10:09:44,141 - scripts.sync_manager - INFO - === Starting scheduled sync cycle ===
2025-11-20 10:09:44,242 - scripts.sync_manager - INFO - Step 1: Pushing pending logs to MySQL
2025-11-20 10:09:44,248 - scripts.sync_manager - INFO - No pending sync logs to process
2025-11-20 10:09:44,250 - scripts.sync_manager - INFO - Push result: {'status': 'success', 'message': 'No pending logs', 'processed': 0, 'failed': 0}
2025-11-20 10:09:44,250 - scripts.sync_manager - INFO - Step 2: Pulling remote changes from MySQL
2025-11-20 10:09:44,361 - scripts.sync_manager - INFO - Pulling from MySQL sync_table. Last sync: 2025-11-19T15:26:52.275692. Table: All, Full Pull: False
2025-11-20 10:09:44,520 - scripts.sync_manager - INFO - No new changes to pull
2025-11-20 10:09:44,904 - scripts.sync_manager - INFO - Pull result: {'status': 'success', 'message': 'No new entries', 'pulled': 0}
2025-11-20 10:09:44,924 - scripts.sync_manager - INFO - === Scheduled sync cycle completed successfully ===
2025-11-20 10:11:16,807 - scripts.sync_manager - INFO - === Starting scheduled sync cycle ===
2025-11-20 10:11:16,807 - scripts.sync_manager - INFO - Step 1: Pushing pending logs to MySQL
2025-11-20 10:11:16,809 - scripts.sync_manager - INFO - No pending sync logs to process
2025-11-20 10:11:16,809 - scripts.sync_manager - INFO - Push result: {'status': 'success', 'message': 'No pending logs', 'processed': 0, 'failed': 0}
2025-11-20 10:11:16,809 - scripts.sync_manager - INFO - Step 2: Pulling remote changes from MySQL
2025-11-20 10:11:17,237 - scripts.sync_manager - INFO - Pulling from MySQL sync_table. Last sync: 2025-11-19T15:26:52.275692. Table: All, Full Pull: False
2025-11-20 10:11:17,335 - scripts.sync_manager - INFO - No new changes to pull
2025-11-20 10:11:17,524 - scripts.sync_manager - INFO - Pull result: {'status': 'success', 'message': 'No new entries', 'pulled': 0}
2025-11-20 10:11:17,552 - scripts.sync_manager - INFO - === Scheduled sync cycle completed successfully ===
2025-11-20 10:11:17,553 - scripts.sync_manager - INFO - No failed logs to retry
2025-11-20 10:14:01,402 - scripts.sync_manager - INFO - Background sync process stopped
2025-11-20 10:14:06,469 - scripts.sync_manager - INFO - Background sync process stopped
