2025-10-27 15:23:37,258 - scripts.sync_manager - INFO - Starting background sync scheduler
2025-10-27 15:23:37,261 - scripts.sync_manager - INFO - Sync scheduler thread started
2025-10-27 15:23:37,261 - scripts.sync_manager - INFO - Background sync started successfully
2025-10-27 15:23:37,262 - scripts.sync_manager - INFO - Performing initial sync
2025-10-27 15:23:37,264 - scripts.sync_manager - INFO - === Starting scheduled sync cycle ===
2025-10-27 15:23:37,265 - scripts.sync_manager - INFO - Step 1: Pushing pending logs to MySQL
2025-10-27 15:23:37,269 - scripts.sync_manager - INFO - No pending sync logs to process
2025-10-27 15:23:37,273 - scripts.sync_manager - INFO - Push result: {'status': 'success', 'message': 'No pending logs', 'processed': 0, 'failed': 0}
2025-10-27 15:23:37,276 - scripts.sync_manager - INFO - Step 2: Pulling remote changes from MySQL
2025-10-27 15:23:37,380 - scripts.sync_manager - INFO - Pulling from MySQL sync_table. Last sync: Never
2025-10-27 15:23:37,623 - scripts.sync_manager - ERROR - Error pulling from MySQL sync_table: 1054 (42S22): Unknown column 'source' in 'WHERE'
Traceback (most recent call last):
  File "C:\Users\Dell\AppData\Local\Programs\Python\Python312\Lib\site-packages\mysql\connector\connection_cext.py", line 697, in cmd_query
    self._cmysql.query(
_mysql_connector.MySQLInterfaceError: Unknown column 'source' in 'WHERE'

The above exception was the direct cause of the following exception:

Traceback (most recent call last):
  File "E:\Siri-apps\billing-app\backend\scripts\sync_manager.py", line 211, in pull_from_mysql_sync_table
    cursor.execute(query)
  File "C:\Users\Dell\AppData\Local\Programs\Python\Python312\Lib\site-packages\mysql\connector\cursor_cext.py", line 372, in execute
    result = self._cnx.cmd_query(
             ^^^^^^^^^^^^^^^^^^^^
  File "C:\Users\Dell\AppData\Local\Programs\Python\Python312\Lib\site-packages\mysql\connector\opentelemetry\context_propagation.py", line 111, in wrapper
    result = method(cnx, *args, **kwargs)
             ^^^^^^^^^^^^^^^^^^^^^^^^^^^^
  File "C:\Users\Dell\AppData\Local\Programs\Python\Python312\Lib\site-packages\mysql\connector\connection_cext.py", line 705, in cmd_query
    raise get_mysql_exception(
mysql.connector.errors.ProgrammingError: 1054 (42S22): Unknown column 'source' in 'WHERE'
2025-10-27 15:23:37,629 - scripts.sync_manager - INFO - Pull result: {'status': 'error', 'message': "1054 (42S22): Unknown column 'source' in 'WHERE'"}
2025-10-27 15:23:37,636 - scripts.sync_manager - INFO - === Scheduled sync cycle completed successfully ===
2025-10-27 15:23:40,395 - scripts.sync_manager - INFO - Starting background sync scheduler
2025-10-27 15:23:40,396 - scripts.sync_manager - INFO - Sync scheduler thread started
2025-10-27 15:23:40,396 - scripts.sync_manager - INFO - Background sync started successfully
2025-10-27 15:23:40,396 - scripts.sync_manager - INFO - Performing initial sync
2025-10-27 15:23:40,397 - scripts.sync_manager - INFO - === Starting scheduled sync cycle ===
2025-10-27 15:23:40,397 - scripts.sync_manager - INFO - Step 1: Pushing pending logs to MySQL
2025-10-27 15:23:40,399 - scripts.sync_manager - INFO - No pending sync logs to process
2025-10-27 15:23:40,399 - scripts.sync_manager - INFO - Push result: {'status': 'success', 'message': 'No pending logs', 'processed': 0, 'failed': 0}
2025-10-27 15:23:40,400 - scripts.sync_manager - INFO - Step 2: Pulling remote changes from MySQL
2025-10-27 15:23:40,511 - scripts.sync_manager - INFO - Pulling from MySQL sync_table. Last sync: Never
2025-10-27 15:23:40,768 - scripts.sync_manager - ERROR - Error pulling from MySQL sync_table: 1054 (42S22): Unknown column 'source' in 'WHERE'
Traceback (most recent call last):
  File "C:\Users\Dell\AppData\Local\Programs\Python\Python312\Lib\site-packages\mysql\connector\connection_cext.py", line 697, in cmd_query
    self._cmysql.query(
_mysql_connector.MySQLInterfaceError: Unknown column 'source' in 'WHERE'

The above exception was the direct cause of the following exception:

Traceback (most recent call last):
  File "E:\Siri-apps\billing-app\backend\scripts\sync_manager.py", line 211, in pull_from_mysql_sync_table
    cursor.execute(query)
  File "C:\Users\Dell\AppData\Local\Programs\Python\Python312\Lib\site-packages\mysql\connector\cursor_cext.py", line 372, in execute
    result = self._cnx.cmd_query(
             ^^^^^^^^^^^^^^^^^^^^
  File "C:\Users\Dell\AppData\Local\Programs\Python\Python312\Lib\site-packages\mysql\connector\opentelemetry\context_propagation.py", line 111, in wrapper
    result = method(cnx, *args, **kwargs)
             ^^^^^^^^^^^^^^^^^^^^^^^^^^^^
  File "C:\Users\Dell\AppData\Local\Programs\Python\Python312\Lib\site-packages\mysql\connector\connection_cext.py", line 705, in cmd_query
    raise get_mysql_exception(
mysql.connector.errors.ProgrammingError: 1054 (42S22): Unknown column 'source' in 'WHERE'
2025-10-27 15:23:40,777 - scripts.sync_manager - INFO - Pull result: {'status': 'error', 'message': "1054 (42S22): Unknown column 'source' in 'WHERE'"}
2025-10-27 15:23:40,820 - scripts.sync_manager - INFO - === Scheduled sync cycle completed successfully ===
2025-10-27 15:26:40,823 - scripts.sync_manager - INFO - Sync scheduler thread stopped
2025-10-27 15:26:40,823 - scripts.sync_manager - INFO - Background sync process stopped
2025-10-27 15:26:45,946 - scripts.sync_manager - INFO - Background sync process stopped
2025-10-27 15:26:53,096 - scripts.sync_manager - INFO - Starting background sync scheduler
2025-10-27 15:26:53,099 - scripts.sync_manager - INFO - Sync scheduler thread started
2025-10-27 15:26:53,099 - scripts.sync_manager - INFO - Background sync started successfully
2025-10-27 15:26:53,100 - scripts.sync_manager - INFO - Performing initial sync
2025-10-27 15:26:53,103 - scripts.sync_manager - INFO - === Starting scheduled sync cycle ===
2025-10-27 15:26:53,104 - scripts.sync_manager - INFO - Step 1: Pushing pending logs to MySQL
2025-10-27 15:26:53,115 - scripts.sync_manager - INFO - No pending sync logs to process
2025-10-27 15:26:53,118 - scripts.sync_manager - INFO - Push result: {'status': 'success', 'message': 'No pending logs', 'processed': 0, 'failed': 0}
2025-10-27 15:26:53,118 - scripts.sync_manager - INFO - Step 2: Pulling remote changes from MySQL
2025-10-27 15:26:53,226 - scripts.sync_manager - INFO - Pulling from MySQL sync_table. Last sync: Never
2025-10-27 15:26:53,261 - scripts.sync_manager - INFO - No new remote changes to pull
2025-10-27 15:26:53,444 - scripts.sync_manager - INFO - Pull result: {'status': 'success', 'message': 'No new entries', 'pulled': 0}
2025-10-27 15:26:53,462 - scripts.sync_manager - INFO - === Scheduled sync cycle completed successfully ===
2025-10-27 15:26:56,228 - scripts.sync_manager - INFO - Starting background sync scheduler
2025-10-27 15:26:56,230 - scripts.sync_manager - INFO - Sync scheduler thread started
2025-10-27 15:26:56,231 - scripts.sync_manager - INFO - Background sync started successfully
2025-10-27 15:26:56,231 - scripts.sync_manager - INFO - Performing initial sync
2025-10-27 15:26:56,235 - scripts.sync_manager - INFO - === Starting scheduled sync cycle ===
2025-10-27 15:26:56,241 - scripts.sync_manager - INFO - Step 1: Pushing pending logs to MySQL
2025-10-27 15:26:56,245 - scripts.sync_manager - INFO - No pending sync logs to process
2025-10-27 15:26:56,246 - scripts.sync_manager - INFO - Push result: {'status': 'success', 'message': 'No pending logs', 'processed': 0, 'failed': 0}
2025-10-27 15:26:56,246 - scripts.sync_manager - INFO - Step 2: Pulling remote changes from MySQL
2025-10-27 15:26:56,354 - scripts.sync_manager - INFO - Pulling from MySQL sync_table. Last sync: Never
2025-10-27 15:26:56,390 - scripts.sync_manager - INFO - No new remote changes to pull
2025-10-27 15:26:56,568 - scripts.sync_manager - INFO - Pull result: {'status': 'success', 'message': 'No new entries', 'pulled': 0}
2025-10-27 15:26:56,599 - scripts.sync_manager - INFO - === Scheduled sync cycle completed successfully ===
2025-10-27 15:29:31,128 - scripts.sync_manager - INFO - Logged CRUD operation: Products - CREATE - 11b12da2-87ab-4a29-958b-560910cf0e9c
2025-10-27 15:40:35,846 - scripts.sync_manager - INFO - Starting background sync scheduler
2025-10-27 15:40:36,058 - scripts.sync_manager - INFO - Sync scheduler thread started
2025-10-27 15:40:36,058 - scripts.sync_manager - INFO - Background sync started successfully
2025-10-27 15:40:36,123 - scripts.sync_manager - INFO - Performing initial sync
2025-10-27 15:40:36,513 - scripts.sync_manager - INFO - === Starting scheduled sync cycle ===
2025-10-27 15:40:36,515 - scripts.sync_manager - INFO - Step 1: Pushing pending logs to MySQL
2025-10-27 15:40:36,664 - scripts.sync_manager - INFO - Processing 1 pending sync logs
2025-10-27 15:40:36,669 - scripts.sync_manager - INFO - Processing log ID 51: Products - CREATE - 11b12da2-87ab-4a29-958b-560910cf0e9c
2025-10-27 15:40:36,883 - scripts.sync_manager - INFO - CREATE operation on Products for 11b12da2-87ab-4a29-958b-560910cf0e9c successful
2025-10-27 15:40:37,454 - scripts.sync_manager - INFO - Successfully processed log ID 51
2025-10-27 15:40:37,525 - scripts.sync_manager - INFO - Finished processing: 1 processed, 0 failed
2025-10-27 15:40:37,852 - scripts.sync_manager - INFO - Push result: {'status': 'success', 'message': 'Processed 1 logs, 0 failed', 'processed': 1, 'failed': 0}
2025-10-27 15:40:38,022 - scripts.sync_manager - INFO - Step 2: Pulling remote changes from MySQL
2025-10-27 15:40:38,132 - scripts.sync_manager - INFO - Pulling from MySQL sync_table. Last sync: Never
2025-10-27 15:40:38,231 - scripts.sync_manager - INFO - No new remote changes to pull
2025-10-27 15:40:38,421 - scripts.sync_manager - INFO - Pull result: {'status': 'success', 'message': 'No new entries', 'pulled': 0}
2025-10-27 15:40:38,554 - scripts.sync_manager - INFO - === Scheduled sync cycle completed successfully ===
2025-10-27 15:41:43,135 - scripts.sync_manager - INFO - Logged CRUD operation: Products - DELETE - 11b12da2-87ab-4a29-958b-560910cf0e9c
2025-10-27 15:41:53,481 - scripts.sync_manager - INFO - === Starting scheduled sync cycle ===
2025-10-27 15:41:53,481 - scripts.sync_manager - INFO - Step 1: Pushing pending logs to MySQL
2025-10-27 15:41:53,516 - scripts.sync_manager - INFO - Processing 1 pending sync logs
2025-10-27 15:41:53,517 - scripts.sync_manager - INFO - Processing log ID 52: Products - DELETE - 11b12da2-87ab-4a29-958b-560910cf0e9c
2025-10-27 15:41:53,988 - scripts.sync_manager - INFO - DELETE operation on Products for 11b12da2-87ab-4a29-958b-560910cf0e9c successful
2025-10-27 15:41:54,193 - scripts.sync_manager - INFO - Successfully processed log ID 52
2025-10-27 15:41:54,200 - scripts.sync_manager - INFO - Finished processing: 1 processed, 0 failed
2025-10-27 15:41:54,200 - scripts.sync_manager - INFO - Push result: {'status': 'success', 'message': 'Processed 1 logs, 0 failed', 'processed': 1, 'failed': 0}
2025-10-27 15:41:54,200 - scripts.sync_manager - INFO - Step 2: Pulling remote changes from MySQL
2025-10-27 15:41:54,557 - scripts.sync_manager - INFO - Pulling from MySQL sync_table. Last sync: Never
2025-10-27 15:41:54,594 - scripts.sync_manager - INFO - No new remote changes to pull
2025-10-27 15:41:54,767 - scripts.sync_manager - INFO - Pull result: {'status': 'success', 'message': 'No new entries', 'pulled': 0}
2025-10-27 15:41:54,804 - scripts.sync_manager - INFO - === Scheduled sync cycle completed successfully ===
2025-10-27 15:41:54,825 - scripts.sync_manager - INFO - No failed logs to retry
2025-10-27 15:55:38,796 - scripts.sync_manager - INFO - === Starting scheduled sync cycle ===
2025-10-27 15:55:38,796 - scripts.sync_manager - INFO - Step 1: Pushing pending logs to MySQL
2025-10-27 15:55:38,800 - scripts.sync_manager - INFO - No pending sync logs to process
2025-10-27 15:55:38,800 - scripts.sync_manager - INFO - Push result: {'status': 'success', 'message': 'No pending logs', 'processed': 0, 'failed': 0}
2025-10-27 15:55:38,800 - scripts.sync_manager - INFO - Step 2: Pulling remote changes from MySQL
2025-10-27 15:55:39,170 - scripts.sync_manager - INFO - Pulling from MySQL sync_table. Last sync: Never
2025-10-27 15:55:39,212 - scripts.sync_manager - INFO - No new remote changes to pull
2025-10-27 15:55:39,388 - scripts.sync_manager - INFO - Pull result: {'status': 'success', 'message': 'No new entries', 'pulled': 0}
2025-10-27 15:55:39,447 - scripts.sync_manager - INFO - === Scheduled sync cycle completed successfully ===
2025-10-27 15:55:39,448 - scripts.sync_manager - INFO - No failed logs to retry
2025-10-27 15:56:54,843 - scripts.sync_manager - INFO - === Starting scheduled sync cycle ===
2025-10-27 15:56:54,843 - scripts.sync_manager - INFO - Step 1: Pushing pending logs to MySQL
2025-10-27 15:56:54,848 - scripts.sync_manager - INFO - No pending sync logs to process
2025-10-27 15:56:54,848 - scripts.sync_manager - INFO - Push result: {'status': 'success', 'message': 'No pending logs', 'processed': 0, 'failed': 0}
2025-10-27 15:56:54,850 - scripts.sync_manager - INFO - Step 2: Pulling remote changes from MySQL
2025-10-27 15:56:55,234 - scripts.sync_manager - INFO - Pulling from MySQL sync_table. Last sync: Never
2025-10-27 15:56:55,271 - scripts.sync_manager - INFO - No new remote changes to pull
2025-10-27 15:56:55,445 - scripts.sync_manager - INFO - Pull result: {'status': 'success', 'message': 'No new entries', 'pulled': 0}
2025-10-27 15:56:55,498 - scripts.sync_manager - INFO - === Scheduled sync cycle completed successfully ===
2025-10-27 15:56:55,499 - scripts.sync_manager - INFO - No failed logs to retry
2025-10-27 16:07:59,342 - scripts.sync_manager - INFO - Starting background sync scheduler
2025-10-27 16:07:59,399 - scripts.sync_manager - INFO - Sync scheduler thread started
2025-10-27 16:07:59,399 - scripts.sync_manager - INFO - Background sync started successfully
2025-10-27 16:07:59,401 - scripts.sync_manager - INFO - Performing initial sync
2025-10-27 16:07:59,589 - scripts.sync_manager - INFO - === Starting scheduled sync cycle ===
2025-10-27 16:07:59,644 - scripts.sync_manager - INFO - Step 1: Pushing pending logs to MySQL
2025-10-27 16:07:59,646 - scripts.sync_manager - INFO - No pending sync logs to process
2025-10-27 16:07:59,646 - scripts.sync_manager - INFO - Push result: {'status': 'success', 'message': 'No pending logs', 'processed': 0, 'failed': 0}
2025-10-27 16:07:59,646 - scripts.sync_manager - INFO - Step 2: Pulling remote changes from MySQL
2025-10-27 16:07:59,762 - scripts.sync_manager - INFO - Pulling from MySQL sync_table. Last sync: Never
2025-10-27 16:07:59,846 - scripts.sync_manager - INFO - No new remote changes to pull
2025-10-27 16:08:00,035 - scripts.sync_manager - INFO - Pull result: {'status': 'success', 'message': 'No new entries', 'pulled': 0}
2025-10-27 16:08:00,066 - scripts.sync_manager - INFO - === Scheduled sync cycle completed successfully ===
2025-10-27 16:08:16,248 - scripts.sync_manager - INFO - Starting background sync scheduler
2025-10-27 16:08:16,733 - scripts.sync_manager - INFO - Sync scheduler thread started
2025-10-27 16:08:16,733 - scripts.sync_manager - INFO - Background sync started successfully
2025-10-27 16:08:16,779 - scripts.sync_manager - INFO - Performing initial sync
2025-10-27 16:08:17,206 - scripts.sync_manager - INFO - === Starting scheduled sync cycle ===
2025-10-27 16:08:17,324 - scripts.sync_manager - INFO - Step 1: Pushing pending logs to MySQL
2025-10-27 16:08:17,325 - scripts.sync_manager - INFO - No pending sync logs to process
2025-10-27 16:08:17,325 - scripts.sync_manager - INFO - Push result: {'status': 'success', 'message': 'No pending logs', 'processed': 0, 'failed': 0}
2025-10-27 16:08:17,325 - scripts.sync_manager - INFO - Step 2: Pulling remote changes from MySQL
2025-10-27 16:08:17,438 - scripts.sync_manager - INFO - Pulling from MySQL sync_table. Last sync: Never
2025-10-27 16:08:17,510 - scripts.sync_manager - INFO - No new remote changes to pull
2025-10-27 16:08:17,798 - scripts.sync_manager - INFO - Pull result: {'status': 'success', 'message': 'No new entries', 'pulled': 0}
2025-10-27 16:08:18,044 - scripts.sync_manager - INFO - === Scheduled sync cycle completed successfully ===
2025-10-27 16:08:42,220 - scripts.sync_manager - INFO - Starting background sync scheduler
2025-10-27 16:08:42,268 - scripts.sync_manager - INFO - Sync scheduler thread started
2025-10-27 16:08:42,270 - scripts.sync_manager - INFO - Background sync started successfully
2025-10-27 16:08:42,270 - scripts.sync_manager - INFO - Performing initial sync
2025-10-27 16:08:42,272 - scripts.sync_manager - INFO - === Starting scheduled sync cycle ===
2025-10-27 16:08:42,276 - scripts.sync_manager - INFO - Step 1: Pushing pending logs to MySQL
2025-10-27 16:08:42,301 - scripts.sync_manager - INFO - No pending sync logs to process
2025-10-27 16:08:42,304 - scripts.sync_manager - INFO - Push result: {'status': 'success', 'message': 'No pending logs', 'processed': 0, 'failed': 0}
2025-10-27 16:08:42,312 - scripts.sync_manager - INFO - Step 2: Pulling remote changes from MySQL
2025-10-27 16:08:42,481 - scripts.sync_manager - INFO - Pulling from MySQL sync_table. Last sync: Never
2025-10-27 16:08:42,553 - scripts.sync_manager - INFO - No new remote changes to pull
2025-10-27 16:08:42,764 - scripts.sync_manager - INFO - Pull result: {'status': 'success', 'message': 'No new entries', 'pulled': 0}
2025-10-27 16:08:42,804 - scripts.sync_manager - INFO - === Scheduled sync cycle completed successfully ===
2025-10-27 16:10:45,949 - scripts.sync_manager - INFO - Logged CRUD operation: Products - FLUSH - all
2025-10-27 16:11:41,341 - scripts.sync_manager - INFO - Logged CRUD operation: Products - CREATE - 5e54a91e-51fb-47ce-8d7e-b411a50e0013
2025-10-27 16:11:55,523 - scripts.sync_manager - INFO - === Starting scheduled sync cycle ===
2025-10-27 16:11:55,523 - scripts.sync_manager - INFO - Step 1: Pushing pending logs to MySQL
2025-10-27 16:11:55,537 - scripts.sync_manager - INFO - Processing 2 pending sync logs
2025-10-27 16:11:55,537 - scripts.sync_manager - INFO - Processing log ID 53: Products - FLUSH - all
2025-10-27 16:11:56,152 - scripts.sync_manager - INFO - Successfully processed log ID 53
2025-10-27 16:11:56,153 - scripts.sync_manager - INFO - Processing log ID 54: Products - CREATE - 5e54a91e-51fb-47ce-8d7e-b411a50e0013
2025-10-27 16:11:56,630 - scripts.sync_manager - INFO - CREATE operation on Products for 5e54a91e-51fb-47ce-8d7e-b411a50e0013 successful
2025-10-27 16:11:56,847 - scripts.sync_manager - INFO - Successfully processed log ID 54
2025-10-27 16:11:56,852 - scripts.sync_manager - INFO - Finished processing: 2 processed, 0 failed
2025-10-27 16:11:56,853 - scripts.sync_manager - INFO - Push result: {'status': 'success', 'message': 'Processed 2 logs, 0 failed', 'processed': 2, 'failed': 0}
2025-10-27 16:11:56,853 - scripts.sync_manager - INFO - Step 2: Pulling remote changes from MySQL
2025-10-27 16:11:57,233 - scripts.sync_manager - INFO - Pulling from MySQL sync_table. Last sync: Never
2025-10-27 16:11:57,268 - scripts.sync_manager - INFO - No new remote changes to pull
2025-10-27 16:11:57,444 - scripts.sync_manager - INFO - Pull result: {'status': 'success', 'message': 'No new entries', 'pulled': 0}
2025-10-27 16:11:57,485 - scripts.sync_manager - INFO - === Scheduled sync cycle completed successfully ===
2025-10-27 16:11:57,499 - scripts.sync_manager - INFO - No failed logs to retry
2025-10-27 16:15:23,318 - scripts.sync_manager - INFO - Starting background sync scheduler
2025-10-27 16:15:23,345 - scripts.sync_manager - INFO - Sync scheduler thread started
2025-10-27 16:15:23,345 - scripts.sync_manager - INFO - Background sync started successfully
2025-10-27 16:15:23,345 - scripts.sync_manager - INFO - Performing initial sync
2025-10-27 16:15:23,347 - scripts.sync_manager - INFO - === Starting scheduled sync cycle ===
2025-10-27 16:15:23,349 - scripts.sync_manager - INFO - Step 1: Pushing pending logs to MySQL
2025-10-27 16:15:23,357 - scripts.sync_manager - INFO - No pending sync logs to process
2025-10-27 16:15:23,381 - scripts.sync_manager - INFO - Push result: {'status': 'success', 'message': 'No pending logs', 'processed': 0, 'failed': 0}
2025-10-27 16:15:23,491 - scripts.sync_manager - INFO - Step 2: Pulling remote changes from MySQL
2025-10-27 16:15:23,603 - scripts.sync_manager - INFO - Pulling from MySQL sync_table. Last sync: Never
2025-10-27 16:15:23,702 - scripts.sync_manager - INFO - No new remote changes to pull
2025-10-27 16:15:23,891 - scripts.sync_manager - INFO - Pull result: {'status': 'success', 'message': 'No new entries', 'pulled': 0}
2025-10-27 16:15:23,981 - scripts.sync_manager - INFO - === Scheduled sync cycle completed successfully ===
2025-10-27 16:16:07,492 - scripts.sync_manager - INFO - Logged CRUD operation: Products - DELETE - 5e54a91e-51fb-47ce-8d7e-b411a50e0013
2025-10-27 16:16:55,111 - scripts.sync_manager - INFO - Logged CRUD operation: Products - CREATE - 6af43709-5efe-480f-b695-4864215371dc
2025-10-27 16:17:46,983 - scripts.sync_manager - INFO - Starting background sync scheduler
2025-10-27 16:17:46,983 - scripts.sync_manager - INFO - Sync scheduler thread started
2025-10-27 16:17:46,983 - scripts.sync_manager - INFO - Background sync started successfully
2025-10-27 16:17:46,985 - scripts.sync_manager - INFO - Performing initial sync
2025-10-27 16:17:46,985 - scripts.sync_manager - INFO - === Starting scheduled sync cycle ===
2025-10-27 16:17:46,985 - scripts.sync_manager - INFO - Step 1: Pushing pending logs to MySQL
2025-10-27 16:17:47,000 - scripts.sync_manager - INFO - Processing 2 pending sync logs
2025-10-27 16:17:47,000 - scripts.sync_manager - INFO - Processing log ID 55: Products - DELETE - 5e54a91e-51fb-47ce-8d7e-b411a50e0013
2025-10-27 16:17:47,212 - scripts.sync_manager - INFO - DELETE operation on Products for 5e54a91e-51fb-47ce-8d7e-b411a50e0013 successful
2025-10-27 16:17:47,441 - scripts.sync_manager - INFO - Successfully processed log ID 55
2025-10-27 16:17:47,441 - scripts.sync_manager - INFO - Processing log ID 56: Products - CREATE - 6af43709-5efe-480f-b695-4864215371dc
2025-10-27 16:17:47,658 - scripts.sync_manager - INFO - CREATE operation on Products for 6af43709-5efe-480f-b695-4864215371dc successful
2025-10-27 16:17:47,875 - scripts.sync_manager - INFO - Successfully processed log ID 56
2025-10-27 16:17:47,890 - scripts.sync_manager - INFO - Finished processing: 2 processed, 0 failed
2025-10-27 16:17:47,892 - scripts.sync_manager - INFO - Push result: {'status': 'success', 'message': 'Processed 2 logs, 0 failed', 'processed': 2, 'failed': 0}
2025-10-27 16:17:47,892 - scripts.sync_manager - INFO - Step 2: Pulling remote changes from MySQL
2025-10-27 16:17:48,000 - scripts.sync_manager - INFO - Pulling from MySQL sync_table. Last sync: Never
2025-10-27 16:17:48,039 - scripts.sync_manager - INFO - No new remote changes to pull
2025-10-27 16:17:48,218 - scripts.sync_manager - INFO - Pull result: {'status': 'success', 'message': 'No new entries', 'pulled': 0}
2025-10-27 16:17:48,242 - scripts.sync_manager - INFO - === Scheduled sync cycle completed successfully ===
2025-10-27 16:19:24,720 - scripts.sync_manager - INFO - Logged CRUD operation: Products - CREATE - 30dc61d8-93fb-474c-a5ce-384ed8907e68
2025-10-27 16:26:57,515 - scripts.sync_manager - INFO - === Starting scheduled sync cycle ===
2025-10-27 16:26:57,516 - scripts.sync_manager - INFO - Step 1: Pushing pending logs to MySQL
2025-10-27 16:26:57,544 - scripts.sync_manager - INFO - Processing 1 pending sync logs
2025-10-27 16:26:57,544 - scripts.sync_manager - INFO - Processing log ID 57: Products - CREATE - 30dc61d8-93fb-474c-a5ce-384ed8907e68
2025-10-27 16:26:58,012 - scripts.sync_manager - INFO - CREATE operation on Products for 30dc61d8-93fb-474c-a5ce-384ed8907e68 successful
2025-10-27 16:26:58,237 - scripts.sync_manager - INFO - Successfully processed log ID 57
2025-10-27 16:26:58,254 - scripts.sync_manager - INFO - Finished processing: 1 processed, 0 failed
2025-10-27 16:26:58,254 - scripts.sync_manager - INFO - Push result: {'status': 'success', 'message': 'Processed 1 logs, 0 failed', 'processed': 1, 'failed': 0}
2025-10-27 16:26:58,258 - scripts.sync_manager - INFO - Step 2: Pulling remote changes from MySQL
2025-10-27 16:26:58,620 - scripts.sync_manager - INFO - Pulling from MySQL sync_table. Last sync: Never
2025-10-27 16:26:58,660 - scripts.sync_manager - INFO - No new remote changes to pull
2025-10-27 16:26:58,837 - scripts.sync_manager - INFO - Pull result: {'status': 'success', 'message': 'No new entries', 'pulled': 0}
2025-10-27 16:26:58,859 - scripts.sync_manager - INFO - === Scheduled sync cycle completed successfully ===
2025-10-27 16:26:58,873 - scripts.sync_manager - INFO - No failed logs to retry
2025-10-27 16:29:16,310 - scripts.sync_manager - INFO - Logged CRUD operation: Products - DELETE - 30dc61d8-93fb-474c-a5ce-384ed8907e68
2025-10-27 16:32:48,258 - scripts.sync_manager - INFO - === Starting scheduled sync cycle ===
2025-10-27 16:32:48,258 - scripts.sync_manager - INFO - Step 1: Pushing pending logs to MySQL
2025-10-27 16:32:48,312 - scripts.sync_manager - INFO - Processing 1 pending sync logs
2025-10-27 16:32:48,313 - scripts.sync_manager - INFO - Processing log ID 58: Products - DELETE - 30dc61d8-93fb-474c-a5ce-384ed8907e68
2025-10-27 16:32:48,802 - scripts.sync_manager - INFO - DELETE operation on Products for 30dc61d8-93fb-474c-a5ce-384ed8907e68 successful
2025-10-27 16:32:49,022 - scripts.sync_manager - INFO - Successfully processed log ID 58
2025-10-27 16:32:49,038 - scripts.sync_manager - INFO - Finished processing: 1 processed, 0 failed
2025-10-27 16:32:49,038 - scripts.sync_manager - INFO - Push result: {'status': 'success', 'message': 'Processed 1 logs, 0 failed', 'processed': 1, 'failed': 0}
2025-10-27 16:32:49,043 - scripts.sync_manager - INFO - Step 2: Pulling remote changes from MySQL
2025-10-27 16:32:49,448 - scripts.sync_manager - INFO - Pulling from MySQL sync_table. Last sync: Never
2025-10-27 16:32:49,486 - scripts.sync_manager - INFO - No new remote changes to pull
2025-10-27 16:32:49,676 - scripts.sync_manager - INFO - Pull result: {'status': 'success', 'message': 'No new entries', 'pulled': 0}
2025-10-27 16:32:49,696 - scripts.sync_manager - INFO - === Scheduled sync cycle completed successfully ===
2025-10-27 16:32:49,708 - scripts.sync_manager - INFO - No failed logs to retry
2025-10-27 16:41:58,890 - scripts.sync_manager - INFO - === Starting scheduled sync cycle ===
2025-10-27 16:41:58,890 - scripts.sync_manager - INFO - Step 1: Pushing pending logs to MySQL
2025-10-27 16:41:58,892 - scripts.sync_manager - INFO - No pending sync logs to process
2025-10-27 16:41:58,892 - scripts.sync_manager - INFO - Push result: {'status': 'success', 'message': 'No pending logs', 'processed': 0, 'failed': 0}
2025-10-27 16:41:58,892 - scripts.sync_manager - INFO - Step 2: Pulling remote changes from MySQL
2025-10-27 16:41:59,271 - scripts.sync_manager - INFO - Pulling from MySQL sync_table. Last sync: Never
2025-10-27 16:41:59,307 - scripts.sync_manager - INFO - No new remote changes to pull
2025-10-27 16:41:59,489 - scripts.sync_manager - INFO - Pull result: {'status': 'success', 'message': 'No new entries', 'pulled': 0}
2025-10-27 16:41:59,545 - scripts.sync_manager - INFO - === Scheduled sync cycle completed successfully ===
2025-10-27 16:41:59,547 - scripts.sync_manager - INFO - No failed logs to retry
2025-10-27 17:25:12,795 - scripts.sync_manager - INFO - Starting background sync scheduler
2025-10-27 17:25:12,817 - scripts.sync_manager - INFO - Sync scheduler thread started
2025-10-27 17:25:12,817 - scripts.sync_manager - INFO - Performing initial sync
2025-10-27 17:25:12,817 - scripts.sync_manager - INFO - Background sync started successfully
2025-10-27 17:25:12,817 - scripts.sync_manager - INFO - === Starting scheduled sync cycle ===
2025-10-27 17:25:12,817 - scripts.sync_manager - INFO - Step 1: Pushing pending logs to MySQL
2025-10-27 17:25:12,825 - scripts.sync_manager - INFO - No pending sync logs to process
2025-10-27 17:25:12,827 - scripts.sync_manager - INFO - Push result: {'status': 'success', 'message': 'No pending logs', 'processed': 0, 'failed': 0}
2025-10-27 17:25:12,827 - scripts.sync_manager - INFO - Step 2: Pulling remote changes from MySQL
2025-10-27 17:25:12,940 - scripts.sync_manager - INFO - Pulling from MySQL sync_table. Last sync: Never
2025-10-27 17:25:12,977 - scripts.sync_manager - INFO - No new remote changes to pull
2025-10-27 17:25:13,161 - scripts.sync_manager - INFO - Pull result: {'status': 'success', 'message': 'No new entries', 'pulled': 0}
2025-10-27 17:25:13,176 - scripts.sync_manager - INFO - === Scheduled sync cycle completed successfully ===
2025-10-27 17:25:16,847 - scripts.sync_manager - INFO - Starting background sync scheduler
2025-10-27 17:25:16,848 - scripts.sync_manager - INFO - Sync scheduler thread started
2025-10-27 17:25:16,849 - scripts.sync_manager - INFO - Background sync started successfully
2025-10-27 17:25:16,849 - scripts.sync_manager - INFO - Performing initial sync
2025-10-27 17:25:16,849 - scripts.sync_manager - INFO - === Starting scheduled sync cycle ===
2025-10-27 17:25:16,849 - scripts.sync_manager - INFO - Step 1: Pushing pending logs to MySQL
2025-10-27 17:25:16,852 - scripts.sync_manager - INFO - No pending sync logs to process
2025-10-27 17:25:16,853 - scripts.sync_manager - INFO - Push result: {'status': 'success', 'message': 'No pending logs', 'processed': 0, 'failed': 0}
2025-10-27 17:25:16,853 - scripts.sync_manager - INFO - Step 2: Pulling remote changes from MySQL
2025-10-27 17:25:16,958 - scripts.sync_manager - INFO - Pulling from MySQL sync_table. Last sync: Never
2025-10-27 17:25:16,996 - scripts.sync_manager - INFO - No new remote changes to pull
2025-10-27 17:25:17,176 - scripts.sync_manager - INFO - Pull result: {'status': 'success', 'message': 'No new entries', 'pulled': 0}
2025-10-27 17:25:17,234 - scripts.sync_manager - INFO - === Scheduled sync cycle completed successfully ===
2025-10-27 17:28:23,200 - scripts.sync_manager - INFO - Logged CRUD operation: Products - DELETE - 6af43709-5efe-480f-b695-4864215371dc
2025-10-27 17:29:57,435 - scripts.sync_manager - INFO - Background sync process stopped
2025-10-27 17:30:02,577 - scripts.sync_manager - INFO - Background sync process stopped
2025-10-27 17:31:45,723 - scripts.sync_manager - INFO - Starting background sync scheduler
2025-10-27 17:31:45,739 - scripts.sync_manager - INFO - Sync scheduler thread started
2025-10-27 17:31:45,739 - scripts.sync_manager - INFO - Background sync started successfully
2025-10-27 17:31:45,740 - scripts.sync_manager - INFO - Performing initial sync
2025-10-27 17:31:45,740 - scripts.sync_manager - INFO - === Starting scheduled sync cycle ===
2025-10-27 17:31:45,740 - scripts.sync_manager - INFO - Step 1: Pushing pending logs to MySQL
2025-10-27 17:31:45,760 - scripts.sync_manager - INFO - Processing 1 pending sync logs
2025-10-27 17:31:45,760 - scripts.sync_manager - INFO - Processing log ID 59: Products - DELETE - 6af43709-5efe-480f-b695-4864215371dc
2025-10-27 17:31:45,974 - scripts.sync_manager - INFO - DELETE operation on Products for 6af43709-5efe-480f-b695-4864215371dc successful
2025-10-27 17:31:46,186 - scripts.sync_manager - INFO - Successfully processed log ID 59
2025-10-27 17:31:46,190 - scripts.sync_manager - INFO - Finished processing: 1 processed, 0 failed
2025-10-27 17:31:46,190 - scripts.sync_manager - INFO - Push result: {'status': 'success', 'message': 'Processed 1 logs, 0 failed', 'processed': 1, 'failed': 0}
2025-10-27 17:31:46,191 - scripts.sync_manager - INFO - Step 2: Pulling remote changes from MySQL
2025-10-27 17:31:46,307 - scripts.sync_manager - INFO - Pulling from MySQL sync_table. Last sync: Never
2025-10-27 17:31:46,342 - scripts.sync_manager - INFO - No new remote changes to pull
2025-10-27 17:31:46,519 - scripts.sync_manager - INFO - Pull result: {'status': 'success', 'message': 'No new entries', 'pulled': 0}
2025-10-27 17:31:46,540 - scripts.sync_manager - INFO - === Scheduled sync cycle completed successfully ===
2025-10-27 17:31:49,229 - scripts.sync_manager - INFO - Starting background sync scheduler
2025-10-27 17:31:49,231 - scripts.sync_manager - INFO - Sync scheduler thread started
2025-10-27 17:31:49,231 - scripts.sync_manager - INFO - Background sync started successfully
2025-10-27 17:31:49,231 - scripts.sync_manager - INFO - Performing initial sync
2025-10-27 17:31:49,233 - scripts.sync_manager - INFO - === Starting scheduled sync cycle ===
2025-10-27 17:31:49,233 - scripts.sync_manager - INFO - Step 1: Pushing pending logs to MySQL
2025-10-27 17:31:49,248 - scripts.sync_manager - INFO - No pending sync logs to process
2025-10-27 17:31:49,248 - scripts.sync_manager - INFO - Push result: {'status': 'success', 'message': 'No pending logs', 'processed': 0, 'failed': 0}
2025-10-27 17:31:49,248 - scripts.sync_manager - INFO - Step 2: Pulling remote changes from MySQL
2025-10-27 17:31:49,349 - scripts.sync_manager - INFO - Pulling from MySQL sync_table. Last sync: Never
2025-10-27 17:31:49,394 - scripts.sync_manager - INFO - No new remote changes to pull
2025-10-27 17:31:49,572 - scripts.sync_manager - INFO - Pull result: {'status': 'success', 'message': 'No new entries', 'pulled': 0}
2025-10-27 17:31:49,593 - scripts.sync_manager - INFO - === Scheduled sync cycle completed successfully ===
2025-10-27 17:32:18,480 - scripts.sync_manager - INFO - Logged CRUD operation: Products - CREATE - 1f9a68b6-2cd5-4cb4-a8b5-88836cdef73c
2025-10-27 18:09:47,721 - scripts.sync_manager - INFO - Starting background sync scheduler
2025-10-27 18:09:47,721 - scripts.sync_manager - INFO - Sync scheduler thread started
2025-10-27 18:09:47,721 - scripts.sync_manager - INFO - Background sync started successfully
2025-10-27 18:09:47,721 - scripts.sync_manager - INFO - Performing initial sync
2025-10-27 18:09:47,739 - scripts.sync_manager - INFO - === Starting scheduled sync cycle ===
2025-10-27 18:09:47,740 - scripts.sync_manager - INFO - Step 1: Pushing pending logs to MySQL
2025-10-27 18:09:47,759 - scripts.sync_manager - INFO - Processing 1 pending sync logs
2025-10-27 18:09:47,759 - scripts.sync_manager - INFO - Processing log ID 60: Products - CREATE - 1f9a68b6-2cd5-4cb4-a8b5-88836cdef73c
2025-10-27 18:09:47,974 - scripts.sync_manager - INFO - CREATE operation on Products for 1f9a68b6-2cd5-4cb4-a8b5-88836cdef73c successful
2025-10-27 18:09:48,183 - scripts.sync_manager - INFO - Successfully processed log ID 60
2025-10-27 18:09:48,187 - scripts.sync_manager - INFO - Finished processing: 1 processed, 0 failed
2025-10-27 18:09:48,187 - scripts.sync_manager - INFO - Push result: {'status': 'success', 'message': 'Processed 1 logs, 0 failed', 'processed': 1, 'failed': 0}
2025-10-27 18:09:48,187 - scripts.sync_manager - INFO - Step 2: Pulling remote changes from MySQL
2025-10-27 18:09:48,289 - scripts.sync_manager - INFO - Pulling from MySQL sync_table. Last sync: Never
2025-10-27 18:09:48,327 - scripts.sync_manager - INFO - No new remote changes to pull
2025-10-27 18:09:48,502 - scripts.sync_manager - INFO - Pull result: {'status': 'success', 'message': 'No new entries', 'pulled': 0}
2025-10-27 18:09:48,532 - scripts.sync_manager - INFO - === Scheduled sync cycle completed successfully ===
2025-10-27 18:09:51,052 - scripts.sync_manager - INFO - Starting background sync scheduler
2025-10-27 18:09:51,058 - scripts.sync_manager - INFO - Sync scheduler thread started
2025-10-27 18:09:51,058 - scripts.sync_manager - INFO - Background sync started successfully
2025-10-27 18:09:51,058 - scripts.sync_manager - INFO - Performing initial sync
2025-10-27 18:09:51,058 - scripts.sync_manager - INFO - === Starting scheduled sync cycle ===
2025-10-27 18:09:51,062 - scripts.sync_manager - INFO - Step 1: Pushing pending logs to MySQL
2025-10-27 18:09:51,090 - scripts.sync_manager - INFO - No pending sync logs to process
2025-10-27 18:09:51,090 - scripts.sync_manager - INFO - Push result: {'status': 'success', 'message': 'No pending logs', 'processed': 0, 'failed': 0}
2025-10-27 18:09:51,090 - scripts.sync_manager - INFO - Step 2: Pulling remote changes from MySQL
2025-10-27 18:09:51,200 - scripts.sync_manager - INFO - Pulling from MySQL sync_table. Last sync: Never
2025-10-27 18:09:51,235 - scripts.sync_manager - INFO - No new remote changes to pull
2025-10-27 18:09:51,415 - scripts.sync_manager - INFO - Pull result: {'status': 'success', 'message': 'No new entries', 'pulled': 0}
2025-10-27 18:09:51,438 - scripts.sync_manager - INFO - === Scheduled sync cycle completed successfully ===
2025-10-27 18:12:52,280 - scripts.sync_manager - INFO - Logged CRUD operation: Users - CREATE - 8a743bb0-c443-46be-ae95-d83be20f7faf
2025-10-27 18:14:25,646 - scripts.sync_manager - INFO - Logged CRUD operation: Stores - CREATE - STR-1761569064837
2025-10-27 18:24:48,549 - scripts.sync_manager - INFO - === Starting scheduled sync cycle ===
2025-10-27 18:24:48,549 - scripts.sync_manager - INFO - Step 1: Pushing pending logs to MySQL
2025-10-27 18:24:48,565 - scripts.sync_manager - INFO - Processing 2 pending sync logs
2025-10-27 18:24:48,565 - scripts.sync_manager - INFO - Processing log ID 61: Users - CREATE - 8a743bb0-c443-46be-ae95-d83be20f7faf
2025-10-27 18:24:49,055 - scripts.sync_manager - INFO - CREATE operation on Users for 8a743bb0-c443-46be-ae95-d83be20f7faf successful
2025-10-27 18:24:49,271 - scripts.sync_manager - INFO - Successfully processed log ID 61
2025-10-27 18:24:49,271 - scripts.sync_manager - INFO - Processing log ID 62: Stores - CREATE - STR-1761569064837
2025-10-27 18:24:49,754 - scripts.sync_manager - INFO - CREATE operation on Stores for STR-1761569064837 successful
2025-10-27 18:24:49,977 - scripts.sync_manager - INFO - Successfully processed log ID 62
2025-10-27 18:24:49,977 - scripts.sync_manager - INFO - Finished processing: 2 processed, 0 failed
2025-10-27 18:24:49,977 - scripts.sync_manager - INFO - Push result: {'status': 'success', 'message': 'Processed 2 logs, 0 failed', 'processed': 2, 'failed': 0}
2025-10-27 18:24:49,987 - scripts.sync_manager - INFO - Step 2: Pulling remote changes from MySQL
2025-10-27 18:24:50,357 - scripts.sync_manager - INFO - Pulling from MySQL sync_table. Last sync: Never
2025-10-27 18:24:50,392 - scripts.sync_manager - INFO - No new remote changes to pull
2025-10-27 18:24:50,558 - scripts.sync_manager - INFO - Pull result: {'status': 'success', 'message': 'No new entries', 'pulled': 0}
2025-10-27 18:24:50,593 - scripts.sync_manager - INFO - === Scheduled sync cycle completed successfully ===
2025-10-27 18:24:50,596 - scripts.sync_manager - INFO - No failed logs to retry
2025-10-27 18:24:51,455 - scripts.sync_manager - INFO - === Starting scheduled sync cycle ===
2025-10-27 18:24:51,456 - scripts.sync_manager - INFO - Step 1: Pushing pending logs to MySQL
2025-10-27 18:24:51,458 - scripts.sync_manager - INFO - No pending sync logs to process
2025-10-27 18:24:51,458 - scripts.sync_manager - INFO - Push result: {'status': 'success', 'message': 'No pending logs', 'processed': 0, 'failed': 0}
2025-10-27 18:24:51,458 - scripts.sync_manager - INFO - Step 2: Pulling remote changes from MySQL
2025-10-27 18:24:51,840 - scripts.sync_manager - INFO - Pulling from MySQL sync_table. Last sync: Never
2025-10-27 18:24:51,877 - scripts.sync_manager - INFO - No new remote changes to pull
2025-10-27 18:24:52,058 - scripts.sync_manager - INFO - Pull result: {'status': 'success', 'message': 'No new entries', 'pulled': 0}
2025-10-27 18:24:52,077 - scripts.sync_manager - INFO - === Scheduled sync cycle completed successfully ===
2025-10-27 18:24:52,077 - scripts.sync_manager - INFO - No failed logs to retry
2025-10-27 18:26:58,798 - scripts.sync_manager - INFO - ================================================================================
2025-10-27 18:26:58,798 - scripts.sync_manager - INFO - === SYNC MANAGER INITIALIZATION ===
2025-10-27 18:26:58,798 - scripts.sync_manager - INFO - ================================================================================
2025-10-27 18:26:58,798 - scripts.sync_manager - INFO - Performing initial 30-day cleanup on startup...
2025-10-27 18:26:58,798 - scripts.sync_manager - INFO - ================================================================================
2025-10-27 18:26:58,798 - scripts.sync_manager - INFO - === CLEANUP OLD LOGS ===
2025-10-27 18:26:58,800 - scripts.sync_manager - INFO - Removing logs older than: 2025-09-27 18:26:58
2025-10-27 18:26:58,800 - scripts.sync_manager - DEBUG - Loaded JSON from: E:\Siri-apps\billing-app\data\json\local_sync_table.json
2025-10-27 18:26:58,805 - scripts.sync_manager - DEBUG - Saved JSON to: E:\Siri-apps\billing-app\data\json\local_sync_table.json
2025-10-27 18:27:00,320 - scripts.sync_manager - INFO - Found 660 logs to delete from MySQL
2025-10-27 18:27:00,575 - scripts.sync_manager - INFO - ================================================================================
2025-10-27 18:27:00,575 - scripts.sync_manager - INFO - Cleanup completed: {'status': 'success', 'local_cleaned': 0, 'mysql_cleaned': 660, 'cutoff_date': '2025-09-27T18:26:58.798368'}
2025-10-27 18:27:00,575 - scripts.sync_manager - INFO - ================================================================================
2025-10-27 18:27:00,575 - scripts.sync_manager - INFO - Created new sync manager instance
2025-10-27 18:27:01,068 - scripts.sync_manager - INFO - ================================================================================
2025-10-27 18:27:01,068 - scripts.sync_manager - INFO - === BACKGROUND SYNC STARTED ===
2025-10-27 18:27:01,068 - scripts.sync_manager - INFO - Schedule: Pull every 15 minutes, Cleanup daily at 02:00 AM
2025-10-27 18:27:01,074 - scripts.sync_manager - INFO - ================================================================================
2025-10-27 18:27:01,074 - scripts.sync_manager - INFO - Sync scheduler thread started
2025-10-27 18:27:01,074 - scripts.sync_manager - INFO - Background sync thread started successfully
2025-10-27 18:27:01,075 - scripts.sync_manager - INFO - Performing initial pull sync on startup...
2025-10-27 18:27:01,075 - scripts.sync_manager - INFO - 
================================================================================
2025-10-27 18:27:01,076 - scripts.sync_manager - INFO - === SCHEDULED PULL SYNC === 2025-10-27 18:27:01
2025-10-27 18:27:01,076 - scripts.sync_manager - INFO - ================================================================================
2025-10-27 18:27:01,184 - scripts.sync_manager - DEBUG - Loaded JSON from: E:\Siri-apps\billing-app\data\json\settings.json
2025-10-27 18:27:01,185 - scripts.sync_manager - INFO - ================================================================================
2025-10-27 18:27:01,185 - scripts.sync_manager - INFO - === PULL SYNC START ===
2025-10-27 18:27:01,185 - scripts.sync_manager - INFO - Last sync ID: None (first sync)
2025-10-27 18:27:01,224 - scripts.sync_manager - INFO - Found 14 new entries to process
2025-10-27 18:27:01,224 - scripts.sync_manager - INFO - --------------------------------------------------------------------------------
2025-10-27 18:27:01,224 - scripts.sync_manager - INFO - [1/14] Processing log ID 682:
2025-10-27 18:27:01,243 - scripts.sync_manager - INFO - [2/14] Processing log ID 683:
2025-10-27 18:27:01,257 - scripts.sync_manager - INFO - [3/14] Processing log ID 1024:
2025-10-27 18:27:01,265 - scripts.sync_manager - DEBUG - Applying CREATE operation to local JSON file: E:\Siri-apps\billing-app\data\json\products.json
2025-10-27 18:27:01,265 - scripts.sync_manager - DEBUG - Loaded JSON from: E:\Siri-apps\billing-app\data\json\products.json
2025-10-27 18:27:01,265 - scripts.sync_manager - DEBUG - Added new record: 11b12da2-87ab-4a29-958b-560910cf0e9c
2025-10-27 18:27:01,265 - scripts.sync_manager - DEBUG - Saved JSON to: E:\Siri-apps\billing-app\data\json\products.json
2025-10-27 18:27:01,265 - scripts.sync_manager - INFO - Applied CREATE to products.json for record 11b12da2-87ab-4a29-958b-560910cf0e9c
2025-10-27 18:27:01,270 - scripts.sync_manager - DEBUG - Loaded JSON from: E:\Siri-apps\billing-app\data\json\settings.json
2025-10-27 18:27:01,270 - scripts.sync_manager - DEBUG - Saved JSON to: E:\Siri-apps\billing-app\data\json\settings.json
2025-10-27 18:27:01,270 - scripts.sync_manager - INFO - Updated last_sync_id to: 1024
2025-10-27 18:27:01,273 - scripts.sync_manager - INFO - [4/14] Processing log ID 1025:
2025-10-27 18:27:01,285 - scripts.sync_manager - DEBUG - Applying DELETE operation to local JSON file: E:\Siri-apps\billing-app\data\json\products.json
2025-10-27 18:27:01,297 - scripts.sync_manager - DEBUG - Loaded JSON from: E:\Siri-apps\billing-app\data\json\products.json
2025-10-27 18:27:01,300 - scripts.sync_manager - DEBUG - Deleted record: 11b12da2-87ab-4a29-958b-560910cf0e9c
2025-10-27 18:27:01,300 - scripts.sync_manager - DEBUG - Saved JSON to: E:\Siri-apps\billing-app\data\json\products.json
2025-10-27 18:27:01,302 - scripts.sync_manager - INFO - Applied DELETE to products.json for record 11b12da2-87ab-4a29-958b-560910cf0e9c
2025-10-27 18:27:01,312 - scripts.sync_manager - DEBUG - Loaded JSON from: E:\Siri-apps\billing-app\data\json\settings.json
2025-10-27 18:27:01,312 - scripts.sync_manager - DEBUG - Saved JSON to: E:\Siri-apps\billing-app\data\json\settings.json
2025-10-27 18:27:01,312 - scripts.sync_manager - INFO - Updated last_sync_id to: 1025
2025-10-27 18:27:01,317 - scripts.sync_manager - INFO - [5/14] Processing log ID 1026:
2025-10-27 18:27:01,331 - scripts.sync_manager - DEBUG - Applying  operation to local JSON file: E:\Siri-apps\billing-app\data\json\products.json
2025-10-27 18:27:01,331 - scripts.sync_manager - DEBUG - Loaded JSON from: E:\Siri-apps\billing-app\data\json\products.json
2025-10-27 18:27:01,331 - scripts.sync_manager - DEBUG - Saved JSON to: E:\Siri-apps\billing-app\data\json\products.json
2025-10-27 18:27:01,331 - scripts.sync_manager - INFO - Applied  to products.json for record None
2025-10-27 18:27:01,346 - scripts.sync_manager - DEBUG - Loaded JSON from: E:\Siri-apps\billing-app\data\json\settings.json
2025-10-27 18:27:01,347 - scripts.sync_manager - DEBUG - Saved JSON to: E:\Siri-apps\billing-app\data\json\settings.json
2025-10-27 18:27:01,347 - scripts.sync_manager - INFO - Updated last_sync_id to: 1026
2025-10-27 18:27:01,350 - scripts.sync_manager - INFO - [6/14] Processing log ID 1027:
2025-10-27 18:27:01,357 - scripts.sync_manager - DEBUG - Applying CREATE operation to local JSON file: E:\Siri-apps\billing-app\data\json\products.json
2025-10-27 18:27:01,361 - scripts.sync_manager - DEBUG - Loaded JSON from: E:\Siri-apps\billing-app\data\json\products.json
2025-10-27 18:27:01,361 - scripts.sync_manager - DEBUG - Added new record: 5e54a91e-51fb-47ce-8d7e-b411a50e0013
2025-10-27 18:27:01,361 - scripts.sync_manager - DEBUG - Saved JSON to: E:\Siri-apps\billing-app\data\json\products.json
2025-10-27 18:27:01,361 - scripts.sync_manager - INFO - Applied CREATE to products.json for record 5e54a91e-51fb-47ce-8d7e-b411a50e0013
2025-10-27 18:27:01,372 - scripts.sync_manager - DEBUG - Loaded JSON from: E:\Siri-apps\billing-app\data\json\settings.json
2025-10-27 18:27:01,373 - scripts.sync_manager - DEBUG - Saved JSON to: E:\Siri-apps\billing-app\data\json\settings.json
2025-10-27 18:27:01,373 - scripts.sync_manager - INFO - Updated last_sync_id to: 1027
2025-10-27 18:27:01,380 - scripts.sync_manager - INFO - [7/14] Processing log ID 1028:
2025-10-27 18:27:01,404 - scripts.sync_manager - DEBUG - Applying DELETE operation to local JSON file: E:\Siri-apps\billing-app\data\json\products.json
2025-10-27 18:27:01,417 - scripts.sync_manager - DEBUG - Loaded JSON from: E:\Siri-apps\billing-app\data\json\products.json
2025-10-27 18:27:01,417 - scripts.sync_manager - DEBUG - Deleted record: 5e54a91e-51fb-47ce-8d7e-b411a50e0013
2025-10-27 18:27:01,419 - scripts.sync_manager - DEBUG - Saved JSON to: E:\Siri-apps\billing-app\data\json\products.json
2025-10-27 18:27:01,419 - scripts.sync_manager - INFO - Applied DELETE to products.json for record 5e54a91e-51fb-47ce-8d7e-b411a50e0013
2025-10-27 18:27:01,432 - scripts.sync_manager - DEBUG - Loaded JSON from: E:\Siri-apps\billing-app\data\json\settings.json
2025-10-27 18:27:01,436 - scripts.sync_manager - DEBUG - Saved JSON to: E:\Siri-apps\billing-app\data\json\settings.json
2025-10-27 18:27:01,436 - scripts.sync_manager - INFO - Updated last_sync_id to: 1028
2025-10-27 18:27:01,439 - scripts.sync_manager - INFO - [8/14] Processing log ID 1029:
2025-10-27 18:27:01,462 - scripts.sync_manager - DEBUG - Applying CREATE operation to local JSON file: E:\Siri-apps\billing-app\data\json\products.json
2025-10-27 18:27:01,464 - scripts.sync_manager - DEBUG - Loaded JSON from: E:\Siri-apps\billing-app\data\json\products.json
2025-10-27 18:27:01,464 - scripts.sync_manager - DEBUG - Added new record: 6af43709-5efe-480f-b695-4864215371dc
2025-10-27 18:27:01,465 - scripts.sync_manager - DEBUG - Saved JSON to: E:\Siri-apps\billing-app\data\json\products.json
2025-10-27 18:27:01,466 - scripts.sync_manager - INFO - Applied CREATE to products.json for record 6af43709-5efe-480f-b695-4864215371dc
2025-10-27 18:27:01,481 - scripts.sync_manager - DEBUG - Loaded JSON from: E:\Siri-apps\billing-app\data\json\settings.json
2025-10-27 18:27:01,482 - scripts.sync_manager - DEBUG - Saved JSON to: E:\Siri-apps\billing-app\data\json\settings.json
2025-10-27 18:27:01,483 - scripts.sync_manager - INFO - Updated last_sync_id to: 1029
2025-10-27 18:27:01,485 - scripts.sync_manager - INFO - [9/14] Processing log ID 1030:
2025-10-27 18:27:01,506 - scripts.sync_manager - DEBUG - Applying CREATE operation to local JSON file: E:\Siri-apps\billing-app\data\json\products.json
2025-10-27 18:27:01,519 - scripts.sync_manager - DEBUG - Loaded JSON from: E:\Siri-apps\billing-app\data\json\products.json
2025-10-27 18:27:01,519 - scripts.sync_manager - DEBUG - Added new record: 30dc61d8-93fb-474c-a5ce-384ed8907e68
2025-10-27 18:27:01,521 - scripts.sync_manager - DEBUG - Saved JSON to: E:\Siri-apps\billing-app\data\json\products.json
2025-10-27 18:27:01,521 - scripts.sync_manager - INFO - Applied CREATE to products.json for record 30dc61d8-93fb-474c-a5ce-384ed8907e68
2025-10-27 18:27:01,533 - scripts.sync_manager - DEBUG - Loaded JSON from: E:\Siri-apps\billing-app\data\json\settings.json
2025-10-27 18:27:01,533 - scripts.sync_manager - DEBUG - Saved JSON to: E:\Siri-apps\billing-app\data\json\settings.json
2025-10-27 18:27:01,535 - scripts.sync_manager - INFO - Updated last_sync_id to: 1030
2025-10-27 18:27:01,537 - scripts.sync_manager - INFO - [10/14] Processing log ID 1031:
2025-10-27 18:27:01,552 - scripts.sync_manager - DEBUG - Applying DELETE operation to local JSON file: E:\Siri-apps\billing-app\data\json\products.json
2025-10-27 18:27:01,564 - scripts.sync_manager - DEBUG - Loaded JSON from: E:\Siri-apps\billing-app\data\json\products.json
2025-10-27 18:27:01,564 - scripts.sync_manager - DEBUG - Deleted record: 30dc61d8-93fb-474c-a5ce-384ed8907e68
2025-10-27 18:27:01,564 - scripts.sync_manager - DEBUG - Saved JSON to: E:\Siri-apps\billing-app\data\json\products.json
2025-10-27 18:27:01,565 - scripts.sync_manager - INFO - Applied DELETE to products.json for record 30dc61d8-93fb-474c-a5ce-384ed8907e68
2025-10-27 18:27:01,575 - scripts.sync_manager - DEBUG - Loaded JSON from: E:\Siri-apps\billing-app\data\json\settings.json
2025-10-27 18:27:01,576 - scripts.sync_manager - DEBUG - Saved JSON to: E:\Siri-apps\billing-app\data\json\settings.json
2025-10-27 18:27:01,580 - scripts.sync_manager - INFO - Updated last_sync_id to: 1031
2025-10-27 18:27:01,583 - scripts.sync_manager - INFO - [11/14] Processing log ID 1032:
2025-10-27 18:27:01,599 - scripts.sync_manager - DEBUG - Applying DELETE operation to local JSON file: E:\Siri-apps\billing-app\data\json\products.json
2025-10-27 18:27:01,602 - scripts.sync_manager - DEBUG - Loaded JSON from: E:\Siri-apps\billing-app\data\json\products.json
2025-10-27 18:27:01,602 - scripts.sync_manager - DEBUG - Deleted record: 6af43709-5efe-480f-b695-4864215371dc
2025-10-27 18:27:01,603 - scripts.sync_manager - DEBUG - Saved JSON to: E:\Siri-apps\billing-app\data\json\products.json
2025-10-27 18:27:01,603 - scripts.sync_manager - INFO - Applied DELETE to products.json for record 6af43709-5efe-480f-b695-4864215371dc
2025-10-27 18:27:01,615 - scripts.sync_manager - DEBUG - Loaded JSON from: E:\Siri-apps\billing-app\data\json\settings.json
2025-10-27 18:27:01,616 - scripts.sync_manager - DEBUG - Saved JSON to: E:\Siri-apps\billing-app\data\json\settings.json
2025-10-27 18:27:01,616 - scripts.sync_manager - INFO - Updated last_sync_id to: 1032
2025-10-27 18:27:01,619 - scripts.sync_manager - INFO - [12/14] Processing log ID 1033:
2025-10-27 18:27:01,633 - scripts.sync_manager - DEBUG - Applying CREATE operation to local JSON file: E:\Siri-apps\billing-app\data\json\products.json
2025-10-27 18:27:01,635 - scripts.sync_manager - DEBUG - Loaded JSON from: E:\Siri-apps\billing-app\data\json\products.json
2025-10-27 18:27:01,635 - scripts.sync_manager - DEBUG - Updated existing record: 1f9a68b6-2cd5-4cb4-a8b5-88836cdef73c
2025-10-27 18:27:01,636 - scripts.sync_manager - DEBUG - Saved JSON to: E:\Siri-apps\billing-app\data\json\products.json
2025-10-27 18:27:01,636 - scripts.sync_manager - INFO - Applied CREATE to products.json for record 1f9a68b6-2cd5-4cb4-a8b5-88836cdef73c
2025-10-27 18:27:01,650 - scripts.sync_manager - DEBUG - Loaded JSON from: E:\Siri-apps\billing-app\data\json\settings.json
2025-10-27 18:27:01,651 - scripts.sync_manager - DEBUG - Saved JSON to: E:\Siri-apps\billing-app\data\json\settings.json
2025-10-27 18:27:01,651 - scripts.sync_manager - INFO - Updated last_sync_id to: 1033
2025-10-27 18:27:01,651 - scripts.sync_manager - INFO - [13/14] Processing log ID 1034:
2025-10-27 18:27:01,668 - scripts.sync_manager - DEBUG - Applying CREATE operation to local JSON file: E:\Siri-apps\billing-app\data\json\users.json
2025-10-27 18:27:01,668 - scripts.sync_manager - DEBUG - Loaded JSON from: E:\Siri-apps\billing-app\data\json\users.json
2025-10-27 18:27:01,669 - scripts.sync_manager - DEBUG - Updated existing record: 8a743bb0-c443-46be-ae95-d83be20f7faf
2025-10-27 18:27:01,669 - scripts.sync_manager - DEBUG - Saved JSON to: E:\Siri-apps\billing-app\data\json\users.json
2025-10-27 18:27:01,670 - scripts.sync_manager - INFO - Applied CREATE to users.json for record 8a743bb0-c443-46be-ae95-d83be20f7faf
2025-10-27 18:27:01,683 - scripts.sync_manager - DEBUG - Loaded JSON from: E:\Siri-apps\billing-app\data\json\settings.json
2025-10-27 18:27:01,685 - scripts.sync_manager - DEBUG - Saved JSON to: E:\Siri-apps\billing-app\data\json\settings.json
2025-10-27 18:27:01,685 - scripts.sync_manager - INFO - Updated last_sync_id to: 1034
2025-10-27 18:27:01,687 - scripts.sync_manager - INFO - [14/14] Processing log ID 1035:
2025-10-27 18:27:01,696 - scripts.sync_manager - DEBUG - Applying CREATE operation to local JSON file: E:\Siri-apps\billing-app\data\json\stores.json
2025-10-27 18:27:01,696 - scripts.sync_manager - DEBUG - Loaded JSON from: E:\Siri-apps\billing-app\data\json\stores.json
2025-10-27 18:27:01,698 - scripts.sync_manager - DEBUG - Updated existing record: STR-1761569064837
2025-10-27 18:27:01,698 - scripts.sync_manager - DEBUG - Saved JSON to: E:\Siri-apps\billing-app\data\json\stores.json
2025-10-27 18:27:01,698 - scripts.sync_manager - INFO - Applied CREATE to stores.json for record STR-1761569064837
2025-10-27 18:27:01,714 - scripts.sync_manager - DEBUG - Loaded JSON from: E:\Siri-apps\billing-app\data\json\settings.json
2025-10-27 18:27:01,715 - scripts.sync_manager - DEBUG - Saved JSON to: E:\Siri-apps\billing-app\data\json\settings.json
2025-10-27 18:27:01,716 - scripts.sync_manager - INFO - Updated last_sync_id to: 1035
2025-10-27 18:27:01,719 - scripts.sync_manager - INFO - --------------------------------------------------------------------------------
2025-10-27 18:27:01,719 - scripts.sync_manager - INFO - === PULL SYNC COMPLETE ===
2025-10-27 18:27:01,719 - scripts.sync_manager - INFO - Applied: 12/14
2025-10-27 18:27:01,719 - scripts.sync_manager - INFO - Failed: 2
2025-10-27 18:27:01,719 - scripts.sync_manager - WARNING - Failed log IDs: [682, 683]
2025-10-27 18:27:01,720 - scripts.sync_manager - INFO - ================================================================================
2025-10-27 18:27:01,894 - scripts.sync_manager - INFO - 
Sync result summary:
2025-10-27 18:27:01,894 - scripts.sync_manager - INFO -   Status: success
2025-10-27 18:27:01,894 - scripts.sync_manager - INFO -   Message: Applied 12/14 changes
2025-10-27 18:27:01,894 - scripts.sync_manager - INFO -   Pulled: 14
2025-10-27 18:27:01,894 - scripts.sync_manager - INFO -   Applied: 12
2025-10-27 18:27:01,894 - scripts.sync_manager - INFO -   Failed: 2
2025-10-27 18:27:01,913 - scripts.sync_manager - DEBUG - Loaded JSON from: E:\Siri-apps\billing-app\data\json\sync_logs.json
2025-10-27 18:27:01,916 - scripts.sync_manager - DEBUG - Saved JSON to: E:\Siri-apps\billing-app\data\json\sync_logs.json
2025-10-27 18:27:01,916 - scripts.sync_manager - INFO - ================================================================================

2025-10-27 18:27:17,153 - scripts.sync_manager - INFO - Starting background sync scheduler
2025-10-27 18:27:17,458 - scripts.sync_manager - INFO - Sync scheduler thread started
2025-10-27 18:27:17,458 - scripts.sync_manager - INFO - Performing initial sync
2025-10-27 18:27:17,458 - scripts.sync_manager - INFO - === Starting scheduled sync cycle ===
2025-10-27 18:27:17,458 - scripts.sync_manager - INFO - Step 1: Pushing pending logs to MySQL
2025-10-27 18:27:17,458 - scripts.sync_manager - INFO - Background sync started successfully
2025-10-27 18:27:17,505 - scripts.sync_manager - INFO - No pending sync logs to process
2025-10-27 18:27:17,505 - scripts.sync_manager - INFO - Push result: {'status': 'success', 'message': 'No pending logs', 'processed': 0, 'failed': 0}
2025-10-27 18:27:17,505 - scripts.sync_manager - INFO - Step 2: Pulling remote changes from MySQL
2025-10-27 18:27:17,626 - scripts.sync_manager - INFO - Pulling from MySQL sync_table. Last sync: 2025-10-27T18:27:01.714813
2025-10-27 18:27:17,663 - scripts.sync_manager - INFO - No new remote changes to pull
2025-10-27 18:27:17,834 - scripts.sync_manager - INFO - Pull result: {'status': 'success', 'message': 'No new entries', 'pulled': 0}
2025-10-27 18:27:17,860 - scripts.sync_manager - INFO - === Scheduled sync cycle completed successfully ===
2025-10-27 18:39:50,619 - scripts.sync_manager - INFO - === Starting scheduled sync cycle ===
2025-10-27 18:39:50,619 - scripts.sync_manager - INFO - Step 1: Pushing pending logs to MySQL
2025-10-27 18:39:50,623 - scripts.sync_manager - INFO - No pending sync logs to process
2025-10-27 18:39:50,623 - scripts.sync_manager - INFO - Push result: {'status': 'success', 'message': 'No pending logs', 'processed': 0, 'failed': 0}
2025-10-27 18:39:50,623 - scripts.sync_manager - INFO - Step 2: Pulling remote changes from MySQL
2025-10-27 18:39:50,996 - scripts.sync_manager - INFO - Pulling from MySQL sync_table. Last sync: 2025-10-27T18:27:01.714813
2025-10-27 18:39:51,036 - scripts.sync_manager - INFO - No new remote changes to pull
2025-10-27 18:39:51,218 - scripts.sync_manager - INFO - Pull result: {'status': 'success', 'message': 'No new entries', 'pulled': 0}
2025-10-27 18:39:51,265 - scripts.sync_manager - INFO - === Scheduled sync cycle completed successfully ===
2025-10-27 18:39:51,275 - scripts.sync_manager - INFO - No failed logs to retry
2025-10-27 18:42:17,877 - scripts.sync_manager - INFO - === Starting scheduled sync cycle ===
2025-10-27 18:42:17,877 - scripts.sync_manager - INFO - Step 1: Pushing pending logs to MySQL
2025-10-27 18:42:17,880 - scripts.sync_manager - INFO - No pending sync logs to process
2025-10-27 18:42:17,880 - scripts.sync_manager - INFO - Push result: {'status': 'success', 'message': 'No pending logs', 'processed': 0, 'failed': 0}
2025-10-27 18:42:17,881 - scripts.sync_manager - INFO - Step 2: Pulling remote changes from MySQL
2025-10-27 18:42:18,251 - scripts.sync_manager - INFO - Pulling from MySQL sync_table. Last sync: 2025-10-27T18:27:01.714813
2025-10-27 18:42:18,286 - scripts.sync_manager - INFO - No new remote changes to pull
2025-10-27 18:42:18,461 - scripts.sync_manager - INFO - Pull result: {'status': 'success', 'message': 'No new entries', 'pulled': 0}
2025-10-27 18:42:18,529 - scripts.sync_manager - INFO - === Scheduled sync cycle completed successfully ===
2025-10-27 18:42:18,531 - scripts.sync_manager - INFO - No failed logs to retry
2025-10-27 18:54:51,291 - scripts.sync_manager - INFO - === Starting scheduled sync cycle ===
2025-10-27 18:54:51,291 - scripts.sync_manager - INFO - Step 1: Pushing pending logs to MySQL
2025-10-27 18:54:51,295 - scripts.sync_manager - INFO - No pending sync logs to process
2025-10-27 18:54:51,297 - scripts.sync_manager - INFO - Push result: {'status': 'success', 'message': 'No pending logs', 'processed': 0, 'failed': 0}
2025-10-27 18:54:51,297 - scripts.sync_manager - INFO - Step 2: Pulling remote changes from MySQL
2025-10-27 18:54:51,671 - scripts.sync_manager - INFO - Pulling from MySQL sync_table. Last sync: 2025-10-27T18:27:01.714813
2025-10-27 18:54:51,697 - scripts.sync_manager - INFO - No new remote changes to pull
2025-10-27 18:54:51,887 - scripts.sync_manager - INFO - Pull result: {'status': 'success', 'message': 'No new entries', 'pulled': 0}
2025-10-27 18:54:51,937 - scripts.sync_manager - INFO - === Scheduled sync cycle completed successfully ===
2025-10-27 18:54:51,939 - scripts.sync_manager - INFO - No failed logs to retry
2025-10-27 18:57:18,546 - scripts.sync_manager - INFO - === Starting scheduled sync cycle ===
2025-10-27 18:57:18,546 - scripts.sync_manager - INFO - Step 1: Pushing pending logs to MySQL
2025-10-27 18:57:18,546 - scripts.sync_manager - INFO - No pending sync logs to process
2025-10-27 18:57:18,546 - scripts.sync_manager - INFO - Push result: {'status': 'success', 'message': 'No pending logs', 'processed': 0, 'failed': 0}
2025-10-27 18:57:18,546 - scripts.sync_manager - INFO - Step 2: Pulling remote changes from MySQL
2025-10-27 18:57:18,908 - scripts.sync_manager - INFO - Pulling from MySQL sync_table. Last sync: 2025-10-27T18:27:01.714813
2025-10-27 18:57:18,947 - scripts.sync_manager - INFO - No new remote changes to pull
2025-10-27 18:57:19,120 - scripts.sync_manager - INFO - Pull result: {'status': 'success', 'message': 'No new entries', 'pulled': 0}
2025-10-27 18:57:19,178 - scripts.sync_manager - INFO - === Scheduled sync cycle completed successfully ===
2025-10-27 18:57:19,178 - scripts.sync_manager - INFO - No failed logs to retry
2025-10-27 22:23:15,245 - scripts.sync_manager - INFO - Starting background sync scheduler
2025-10-27 22:23:15,245 - scripts.sync_manager - INFO - Sync scheduler thread started
2025-10-27 22:23:15,249 - scripts.sync_manager - INFO - Background sync started successfully
2025-10-27 22:23:15,249 - scripts.sync_manager - INFO - Performing initial sync and immediate cleanup
2025-10-27 22:23:15,250 - scripts.sync_manager - INFO - Cleaning up logs older than 2025-09-27T22:23:15.250574
2025-10-27 22:23:15,459 - scripts.sync_manager - INFO - MySQL sync_table cleanup: 0 entries removed
2025-10-27 22:23:15,643 - scripts.sync_manager - INFO - === Starting scheduled sync cycle ===
2025-10-27 22:23:15,643 - scripts.sync_manager - INFO - Step 1: Pushing pending logs to MySQL
2025-10-27 22:23:15,656 - scripts.sync_manager - INFO - No pending sync logs to process
2025-10-27 22:23:15,656 - scripts.sync_manager - INFO - Push result: {'status': 'success', 'message': 'No pending logs', 'processed': 0, 'failed': 0}
2025-10-27 22:23:15,656 - scripts.sync_manager - INFO - Step 2: Pulling remote changes from MySQL
2025-10-27 22:23:15,761 - scripts.sync_manager - INFO - Pulling from MySQL sync_table. Last sync: 2025-10-27T18:27:01.714813
2025-10-27 22:23:15,796 - scripts.sync_manager - INFO - No new remote changes to pull
2025-10-27 22:23:15,975 - scripts.sync_manager - INFO - Pull result: {'status': 'success', 'message': 'No new entries', 'pulled': 0}
2025-10-27 22:23:15,984 - scripts.sync_manager - INFO - === Scheduled sync cycle completed successfully ===
2025-10-27 22:23:18,398 - scripts.sync_manager - INFO - Starting background sync scheduler
2025-10-27 22:23:18,402 - scripts.sync_manager - INFO - Sync scheduler thread started
2025-10-27 22:23:18,402 - scripts.sync_manager - INFO - Background sync started successfully
2025-10-27 22:23:18,402 - scripts.sync_manager - INFO - Performing initial sync and immediate cleanup
2025-10-27 22:23:18,402 - scripts.sync_manager - INFO - Cleaning up logs older than 2025-09-27T22:23:18.402512
2025-10-27 22:23:18,602 - scripts.sync_manager - INFO - MySQL sync_table cleanup: 0 entries removed
2025-10-27 22:23:18,784 - scripts.sync_manager - INFO - === Starting scheduled sync cycle ===
2025-10-27 22:23:18,784 - scripts.sync_manager - INFO - Step 1: Pushing pending logs to MySQL
2025-10-27 22:23:18,811 - scripts.sync_manager - INFO - No pending sync logs to process
2025-10-27 22:23:18,811 - scripts.sync_manager - INFO - Push result: {'status': 'success', 'message': 'No pending logs', 'processed': 0, 'failed': 0}
2025-10-27 22:23:18,811 - scripts.sync_manager - INFO - Step 2: Pulling remote changes from MySQL
2025-10-27 22:23:18,918 - scripts.sync_manager - INFO - Pulling from MySQL sync_table. Last sync: 2025-10-27T18:27:01.714813
2025-10-27 22:23:18,954 - scripts.sync_manager - INFO - No new remote changes to pull
2025-10-27 22:23:19,130 - scripts.sync_manager - INFO - Pull result: {'status': 'success', 'message': 'No new entries', 'pulled': 0}
2025-10-27 22:23:19,172 - scripts.sync_manager - INFO - === Scheduled sync cycle completed successfully ===
2025-10-27 22:34:10,238 - scripts.sync_manager - INFO - Logged CRUD operation: Products - DELETE - 1f9a68b6-2cd5-4cb4-a8b5-88836cdef73c
2025-10-27 22:34:33,600 - scripts.sync_manager - INFO - Logged CRUD operation: Products - INSERT - 2f41c124-efb4-4aa4-9c85-b207b5e0bd2f
2025-10-27 22:34:33,643 - scripts.sync_manager - INFO - Logged CRUD operation: ProductBarcodes - INSERT - None
2025-10-27 22:36:10,345 - scripts.sync_manager - INFO - Starting background sync scheduler
2025-10-27 22:36:10,345 - scripts.sync_manager - INFO - Sync scheduler thread started
2025-10-27 22:36:10,345 - scripts.sync_manager - INFO - Background sync started successfully
2025-10-27 22:36:10,345 - scripts.sync_manager - INFO - Performing initial sync and immediate cleanup
2025-10-27 22:36:10,349 - scripts.sync_manager - INFO - Cleaning up logs older than 2025-09-27T22:36:10.349057
2025-10-27 22:36:10,555 - scripts.sync_manager - INFO - MySQL sync_table cleanup: 0 entries removed
2025-10-27 22:36:10,732 - scripts.sync_manager - INFO - === Starting scheduled sync cycle ===
2025-10-27 22:36:10,732 - scripts.sync_manager - INFO - Step 1: Pushing pending logs to MySQL
2025-10-27 22:36:10,746 - scripts.sync_manager - INFO - Processing 3 pending sync logs
2025-10-27 22:36:10,747 - scripts.sync_manager - INFO - Processing log ID 63: Products - DELETE - 1f9a68b6-2cd5-4cb4-a8b5-88836cdef73c
2025-10-27 22:36:10,961 - scripts.sync_manager - INFO - DELETE operation on Products for 1f9a68b6-2cd5-4cb4-a8b5-88836cdef73c successful
2025-10-27 22:36:11,177 - scripts.sync_manager - INFO - Successfully processed log ID 63
2025-10-27 22:36:11,177 - scripts.sync_manager - INFO - Processing log ID 64: Products - INSERT - 2f41c124-efb4-4aa4-9c85-b207b5e0bd2f
2025-10-27 22:36:11,530 - scripts.sync_manager - INFO - Successfully processed log ID 64
2025-10-27 22:36:11,532 - scripts.sync_manager - INFO - Processing log ID 65: ProductBarcodes - INSERT - None
2025-10-27 22:36:11,890 - scripts.sync_manager - INFO - Successfully processed log ID 65
2025-10-27 22:36:11,895 - scripts.sync_manager - INFO - Finished processing: 3 processed, 0 failed
2025-10-27 22:36:11,895 - scripts.sync_manager - INFO - Push result: {'status': 'success', 'message': 'Processed 3 logs, 0 failed', 'processed': 3, 'failed': 0}
2025-10-27 22:36:11,895 - scripts.sync_manager - INFO - Step 2: Pulling remote changes from MySQL
2025-10-27 22:36:12,005 - scripts.sync_manager - INFO - Pulling from MySQL sync_table. Last sync: 2025-10-27T18:27:01.714813
2025-10-27 22:36:12,043 - scripts.sync_manager - INFO - No new remote changes to pull
2025-10-27 22:36:12,223 - scripts.sync_manager - INFO - Pull result: {'status': 'success', 'message': 'No new entries', 'pulled': 0}
2025-10-27 22:36:12,241 - scripts.sync_manager - INFO - === Scheduled sync cycle completed successfully ===
2025-10-27 22:36:13,475 - scripts.sync_manager - INFO - Starting background sync scheduler
2025-10-27 22:36:13,478 - scripts.sync_manager - INFO - Sync scheduler thread started
2025-10-27 22:36:13,478 - scripts.sync_manager - INFO - Background sync started successfully
2025-10-27 22:36:13,478 - scripts.sync_manager - INFO - Performing initial sync and immediate cleanup
2025-10-27 22:36:13,479 - scripts.sync_manager - INFO - Cleaning up logs older than 2025-09-27T22:36:13.479394
2025-10-27 22:36:13,680 - scripts.sync_manager - INFO - MySQL sync_table cleanup: 0 entries removed
2025-10-27 22:36:13,862 - scripts.sync_manager - INFO - === Starting scheduled sync cycle ===
2025-10-27 22:36:13,864 - scripts.sync_manager - INFO - Step 1: Pushing pending logs to MySQL
2025-10-27 22:36:13,891 - scripts.sync_manager - INFO - No pending sync logs to process
2025-10-27 22:36:13,891 - scripts.sync_manager - INFO - Push result: {'status': 'success', 'message': 'No pending logs', 'processed': 0, 'failed': 0}
2025-10-27 22:36:13,893 - scripts.sync_manager - INFO - Step 2: Pulling remote changes from MySQL
2025-10-27 22:36:14,000 - scripts.sync_manager - INFO - Pulling from MySQL sync_table. Last sync: 2025-10-27T18:27:01.714813
2025-10-27 22:36:14,035 - scripts.sync_manager - INFO - No new remote changes to pull
2025-10-27 22:36:14,209 - scripts.sync_manager - INFO - Pull result: {'status': 'success', 'message': 'No new entries', 'pulled': 0}
2025-10-27 22:36:14,251 - scripts.sync_manager - INFO - === Scheduled sync cycle completed successfully ===
2025-10-27 22:36:49,589 - scripts.sync_manager - INFO - Logged CRUD operation: Products - DELETE - 2f41c124-efb4-4aa4-9c85-b207b5e0bd2f
2025-10-27 22:37:09,344 - scripts.sync_manager - INFO - Logged CRUD operation: Products - INSERT - 461267ad-b6b0-4eca-be31-d2fce3096f17
2025-10-27 22:37:09,391 - scripts.sync_manager - INFO - Logged CRUD operation: ProductBarcodes - INSERT - None
2025-10-27 22:45:38,376 - scripts.sync_manager - INFO - Starting background sync scheduler
2025-10-27 22:45:38,617 - scripts.sync_manager - INFO - Sync scheduler thread started
2025-10-27 22:45:38,619 - scripts.sync_manager - INFO - Background sync started successfully
2025-10-27 22:45:38,818 - scripts.sync_manager - INFO - Performing initial sync and immediate cleanup
2025-10-27 22:45:39,070 - scripts.sync_manager - INFO - Cleaning up logs older than 2025-09-27T22:45:39.069392
2025-10-27 22:45:39,272 - scripts.sync_manager - INFO - MySQL sync_table cleanup: 0 entries removed
2025-10-27 22:45:39,454 - scripts.sync_manager - INFO - === Starting scheduled sync cycle ===
2025-10-27 22:45:39,454 - scripts.sync_manager - INFO - Step 1: Pushing pending logs to MySQL
2025-10-27 22:45:39,474 - scripts.sync_manager - INFO - Processing 3 pending sync logs
2025-10-27 22:45:39,475 - scripts.sync_manager - INFO - Processing log ID 66: Products - DELETE - 2f41c124-efb4-4aa4-9c85-b207b5e0bd2f
2025-10-27 22:45:39,684 - scripts.sync_manager - INFO - DELETE operation on Products for 2f41c124-efb4-4aa4-9c85-b207b5e0bd2f successful
2025-10-27 22:45:39,915 - scripts.sync_manager - INFO - Successfully processed log ID 66
2025-10-27 22:45:39,915 - scripts.sync_manager - INFO - Processing log ID 67: Products - INSERT - 461267ad-b6b0-4eca-be31-d2fce3096f17
2025-10-27 22:45:40,292 - scripts.sync_manager - INFO - Successfully processed log ID 67
2025-10-27 22:45:40,292 - scripts.sync_manager - INFO - Processing log ID 68: ProductBarcodes - INSERT - None
2025-10-27 22:45:40,648 - scripts.sync_manager - INFO - Successfully processed log ID 68
2025-10-27 22:45:40,655 - scripts.sync_manager - INFO - Finished processing: 3 processed, 0 failed
2025-10-27 22:45:40,655 - scripts.sync_manager - INFO - Push result: {'status': 'success', 'message': 'Processed 3 logs, 0 failed', 'processed': 3, 'failed': 0}
2025-10-27 22:45:40,655 - scripts.sync_manager - INFO - Step 2: Pulling remote changes from MySQL
2025-10-27 22:45:40,760 - scripts.sync_manager - INFO - Pulling from MySQL sync_table. Last sync: 2025-10-27T18:27:01.714813
2025-10-27 22:45:40,796 - scripts.sync_manager - INFO - No new remote changes to pull
2025-10-27 22:45:40,984 - scripts.sync_manager - INFO - Pull result: {'status': 'success', 'message': 'No new entries', 'pulled': 0}
2025-10-27 22:45:41,010 - scripts.sync_manager - INFO - === Scheduled sync cycle completed successfully ===
2025-10-27 22:51:12,311 - scripts.sync_manager - INFO - === Starting scheduled sync cycle ===
2025-10-27 22:51:12,311 - scripts.sync_manager - INFO - Step 1: Pushing pending logs to MySQL
2025-10-27 22:51:12,313 - scripts.sync_manager - INFO - No pending sync logs to process
2025-10-27 22:51:12,313 - scripts.sync_manager - INFO - Push result: {'status': 'success', 'message': 'No pending logs', 'processed': 0, 'failed': 0}
2025-10-27 22:51:12,313 - scripts.sync_manager - INFO - Step 2: Pulling remote changes from MySQL
2025-10-27 22:51:12,687 - scripts.sync_manager - INFO - Pulling from MySQL sync_table. Last sync: 2025-10-27T18:27:01.714813
2025-10-27 22:51:12,725 - scripts.sync_manager - INFO - No new remote changes to pull
2025-10-27 22:51:12,902 - scripts.sync_manager - INFO - Pull result: {'status': 'success', 'message': 'No new entries', 'pulled': 0}
2025-10-27 22:51:12,924 - scripts.sync_manager - INFO - === Scheduled sync cycle completed successfully ===
2025-10-27 22:51:12,925 - scripts.sync_manager - INFO - No failed logs to retry
2025-10-27 22:57:53,680 - scripts.sync_manager - INFO - Logged CRUD operation: Products - DELETE - 461267ad-b6b0-4eca-be31-d2fce3096f17
2025-10-27 22:58:16,039 - scripts.sync_manager - INFO - Logged CRUD operation: Products - CREATE - c119a802-d484-4242-823f-2cabac974a46
2025-10-27 22:59:35,072 - scripts.sync_manager - INFO - Starting background sync scheduler
2025-10-27 22:59:35,075 - scripts.sync_manager - INFO - Sync scheduler thread started
2025-10-27 22:59:35,075 - scripts.sync_manager - INFO - Background sync started successfully
2025-10-27 22:59:35,075 - scripts.sync_manager - INFO - Performing initial sync and immediate cleanup
2025-10-27 22:59:35,077 - scripts.sync_manager - INFO - Cleaning up logs older than 2025-09-27T22:59:35.077888
2025-10-27 22:59:35,278 - scripts.sync_manager - INFO - MySQL sync_table cleanup: 0 entries removed
2025-10-27 22:59:35,463 - scripts.sync_manager - INFO - === Starting scheduled sync cycle ===
2025-10-27 22:59:35,463 - scripts.sync_manager - INFO - Step 1: Pushing pending logs to MySQL
2025-10-27 22:59:35,464 - scripts.sync_manager - INFO - Processing 2 pending sync logs
2025-10-27 22:59:35,464 - scripts.sync_manager - INFO - Processing log ID 69: Products - DELETE - 461267ad-b6b0-4eca-be31-d2fce3096f17
2025-10-27 22:59:35,686 - scripts.sync_manager - INFO - DELETE operation on Products for 461267ad-b6b0-4eca-be31-d2fce3096f17 successful
2025-10-27 22:59:35,895 - scripts.sync_manager - INFO - Successfully processed log ID 69
2025-10-27 22:59:35,895 - scripts.sync_manager - INFO - Processing log ID 70: Products - CREATE - c119a802-d484-4242-823f-2cabac974a46
2025-10-27 22:59:36,103 - scripts.sync_manager - INFO - CREATE operation on Products for c119a802-d484-4242-823f-2cabac974a46 successful
2025-10-27 22:59:36,313 - scripts.sync_manager - INFO - Successfully processed log ID 70
2025-10-27 22:59:36,318 - scripts.sync_manager - INFO - Finished processing: 2 processed, 0 failed
2025-10-27 22:59:36,320 - scripts.sync_manager - INFO - Push result: {'status': 'success', 'message': 'Processed 2 logs, 0 failed', 'processed': 2, 'failed': 0}
2025-10-27 22:59:36,320 - scripts.sync_manager - INFO - Step 2: Pulling remote changes from MySQL
2025-10-27 22:59:36,425 - scripts.sync_manager - INFO - Pulling from MySQL sync_table. Last sync: 2025-10-27T18:27:01.714813
2025-10-27 22:59:36,463 - scripts.sync_manager - INFO - No new remote changes to pull
2025-10-27 22:59:36,648 - scripts.sync_manager - INFO - Pull result: {'status': 'success', 'message': 'No new entries', 'pulled': 0}
2025-10-27 22:59:36,672 - scripts.sync_manager - INFO - === Scheduled sync cycle completed successfully ===
2025-10-27 23:05:04,884 - scripts.sync_manager - INFO - Starting background sync scheduler
2025-10-27 23:05:04,884 - scripts.sync_manager - INFO - Sync scheduler thread started
2025-10-27 23:05:04,884 - scripts.sync_manager - INFO - Background sync started successfully
2025-10-27 23:05:04,884 - scripts.sync_manager - INFO - Performing initial sync and immediate cleanup
2025-10-27 23:05:04,884 - scripts.sync_manager - INFO - Cleaning up logs older than 2025-09-27T23:05:04.884809
2025-10-27 23:05:05,068 - scripts.sync_manager - INFO - MySQL sync_table cleanup: 0 entries removed
2025-10-27 23:05:05,248 - scripts.sync_manager - INFO - === Starting scheduled sync cycle ===
2025-10-27 23:05:05,248 - scripts.sync_manager - INFO - Step 1: Pushing pending logs to MySQL
2025-10-27 23:05:05,260 - scripts.sync_manager - INFO - No pending sync logs to process
2025-10-27 23:05:05,261 - scripts.sync_manager - INFO - Push result: {'status': 'success', 'message': 'No pending logs', 'processed': 0, 'failed': 0}
2025-10-27 23:05:05,261 - scripts.sync_manager - INFO - Step 2: Pulling remote changes from MySQL
2025-10-27 23:05:05,366 - scripts.sync_manager - INFO - Pulling from MySQL sync_table. Last sync: 2025-10-27T18:27:01.714813
2025-10-27 23:05:05,402 - scripts.sync_manager - INFO - No new remote changes to pull
2025-10-27 23:05:05,577 - scripts.sync_manager - INFO - Pull result: {'status': 'success', 'message': 'No new entries', 'pulled': 0}
2025-10-27 23:05:05,587 - scripts.sync_manager - INFO - === Scheduled sync cycle completed successfully ===
2025-10-27 23:05:08,368 - scripts.sync_manager - INFO - Starting background sync scheduler
2025-10-27 23:05:08,371 - scripts.sync_manager - INFO - Sync scheduler thread started
2025-10-27 23:05:08,372 - scripts.sync_manager - INFO - Background sync started successfully
2025-10-27 23:05:08,372 - scripts.sync_manager - INFO - Performing initial sync and immediate cleanup
2025-10-27 23:05:08,374 - scripts.sync_manager - INFO - Cleaning up logs older than 2025-09-27T23:05:08.374133
2025-10-27 23:05:08,576 - scripts.sync_manager - INFO - MySQL sync_table cleanup: 0 entries removed
2025-10-27 23:05:08,753 - scripts.sync_manager - INFO - === Starting scheduled sync cycle ===
2025-10-27 23:05:08,754 - scripts.sync_manager - INFO - Step 1: Pushing pending logs to MySQL
2025-10-27 23:05:08,754 - scripts.sync_manager - INFO - No pending sync logs to process
2025-10-27 23:05:08,755 - scripts.sync_manager - INFO - Push result: {'status': 'success', 'message': 'No pending logs', 'processed': 0, 'failed': 0}
2025-10-27 23:05:08,755 - scripts.sync_manager - INFO - Step 2: Pulling remote changes from MySQL
2025-10-27 23:05:08,863 - scripts.sync_manager - INFO - Pulling from MySQL sync_table. Last sync: 2025-10-27T18:27:01.714813
2025-10-27 23:05:08,899 - scripts.sync_manager - INFO - No new remote changes to pull
2025-10-27 23:05:09,075 - scripts.sync_manager - INFO - Pull result: {'status': 'success', 'message': 'No new entries', 'pulled': 0}
2025-10-27 23:05:09,103 - scripts.sync_manager - INFO - === Scheduled sync cycle completed successfully ===
2025-10-27 23:05:40,006 - scripts.sync_manager - INFO - Logged CRUD operation: Products - CREATE - 5f409f0b-1035-463b-bd4c-14f67f0916a8
2025-10-27 23:07:47,175 - scripts.sync_manager - INFO - Logged CRUD operation: Users - CREATE - 551b67b7-cc13-4e0e-92ab-a76dcb7a3dc3
2025-10-27 23:08:48,404 - scripts.sync_manager - INFO - Logged CRUD operation: Stores - CREATE - STR-1761586727634
2025-10-27 23:10:02,136 - scripts.sync_manager - INFO - Pulling from MySQL sync_table. Last sync: 2025-10-27T18:27:01.714813
2025-10-27 23:10:02,173 - scripts.sync_manager - INFO - No new remote changes to pull
2025-10-27 23:10:02,519 - scripts.sync_manager - INFO - Pulling from MySQL sync_table. Last sync: 2025-10-27T18:27:01.714813
2025-10-27 23:10:02,556 - scripts.sync_manager - INFO - No new remote changes to pull
2025-10-27 23:11:02,145 - scripts.sync_manager - INFO - Pulling from MySQL sync_table. Last sync: 2025-10-27T18:27:01.714813
2025-10-27 23:11:02,184 - scripts.sync_manager - INFO - No new remote changes to pull
2025-10-27 23:11:56,876 - scripts.sync_manager - INFO - Logged CRUD operation: Products - UPDATE - 5f409f0b-1035-463b-bd4c-14f67f0916a8
2025-10-27 23:20:05,603 - scripts.sync_manager - INFO - === Starting scheduled sync cycle ===
2025-10-27 23:20:05,603 - scripts.sync_manager - INFO - Step 1: Pushing pending logs to MySQL
2025-10-27 23:20:05,609 - scripts.sync_manager - INFO - Processing 3 pending sync logs
2025-10-27 23:20:05,609 - scripts.sync_manager - INFO - Processing log ID 72: Users - CREATE - 551b67b7-cc13-4e0e-92ab-a76dcb7a3dc3
2025-10-27 23:20:06,087 - scripts.sync_manager - INFO - CREATE operation on Users for 551b67b7-cc13-4e0e-92ab-a76dcb7a3dc3 successful
2025-10-27 23:20:06,295 - scripts.sync_manager - INFO - Successfully processed log ID 72
2025-10-27 23:20:06,298 - scripts.sync_manager - INFO - Processing log ID 73: Stores - CREATE - STR-1761586727634
2025-10-27 23:20:06,803 - scripts.sync_manager - INFO - CREATE operation on Stores for STR-1761586727634 successful
2025-10-27 23:20:07,026 - scripts.sync_manager - INFO - Successfully processed log ID 73
2025-10-27 23:20:07,026 - scripts.sync_manager - INFO - Processing log ID 74: Products - UPDATE - 5f409f0b-1035-463b-bd4c-14f67f0916a8
2025-10-27 23:20:07,506 - scripts.sync_manager - INFO - UPDATE operation on Products for 5f409f0b-1035-463b-bd4c-14f67f0916a8 successful
2025-10-27 23:20:07,720 - scripts.sync_manager - INFO - Successfully processed log ID 74
2025-10-27 23:20:07,725 - scripts.sync_manager - INFO - Finished processing: 3 processed, 0 failed
2025-10-27 23:20:07,725 - scripts.sync_manager - INFO - Push result: {'status': 'success', 'message': 'Processed 3 logs, 0 failed', 'processed': 3, 'failed': 0}
2025-10-27 23:20:07,725 - scripts.sync_manager - INFO - Step 2: Pulling remote changes from MySQL
2025-10-27 23:20:08,086 - scripts.sync_manager - INFO - Pulling from MySQL sync_table. Last sync: 2025-10-27T18:27:01.714813
2025-10-27 23:20:08,122 - scripts.sync_manager - INFO - No new remote changes to pull
2025-10-27 23:20:08,298 - scripts.sync_manager - INFO - Pull result: {'status': 'success', 'message': 'No new entries', 'pulled': 0}
2025-10-27 23:20:08,321 - scripts.sync_manager - INFO - === Scheduled sync cycle completed successfully ===
2025-10-27 23:20:08,332 - scripts.sync_manager - INFO - No failed logs to retry
2025-10-27 23:20:09,121 - scripts.sync_manager - INFO - === Starting scheduled sync cycle ===
2025-10-27 23:20:09,121 - scripts.sync_manager - INFO - Step 1: Pushing pending logs to MySQL
2025-10-27 23:20:09,121 - scripts.sync_manager - INFO - No pending sync logs to process
2025-10-27 23:20:09,123 - scripts.sync_manager - INFO - Push result: {'status': 'success', 'message': 'No pending logs', 'processed': 0, 'failed': 0}
2025-10-27 23:20:09,123 - scripts.sync_manager - INFO - Step 2: Pulling remote changes from MySQL
2025-10-27 23:20:09,489 - scripts.sync_manager - INFO - Pulling from MySQL sync_table. Last sync: 2025-10-27T18:27:01.714813
2025-10-27 23:20:09,525 - scripts.sync_manager - INFO - No new remote changes to pull
2025-10-27 23:20:09,705 - scripts.sync_manager - INFO - Pull result: {'status': 'success', 'message': 'No new entries', 'pulled': 0}
2025-10-27 23:20:09,740 - scripts.sync_manager - INFO - === Scheduled sync cycle completed successfully ===
2025-10-27 23:20:09,743 - scripts.sync_manager - INFO - No failed logs to retry
2025-10-27 23:26:47,150 - scripts.sync_manager - INFO - Logged CRUD operation: Products - UPDATE - 5f409f0b-1035-463b-bd4c-14f67f0916a8
2025-10-27 23:26:48,720 - scripts.sync_manager - INFO - Logged CRUD operation: Bills - CREATE - 1761587806335
2025-10-27 23:28:09,763 - scripts.sync_manager - INFO - Logged CRUD operation: Products - UPDATE - 5f409f0b-1035-463b-bd4c-14f67f0916a8
2025-10-27 23:28:11,221 - scripts.sync_manager - INFO - Logged CRUD operation: Bills - DELETE - 1761587806335
2025-10-27 23:35:08,351 - scripts.sync_manager - INFO - === Starting scheduled sync cycle ===
2025-10-27 23:35:08,351 - scripts.sync_manager - INFO - Step 1: Pushing pending logs to MySQL
2025-10-27 23:35:08,356 - scripts.sync_manager - INFO - Processing 2 pending sync logs
2025-10-27 23:35:08,356 - scripts.sync_manager - INFO - Processing log ID 77: Products - UPDATE - 5f409f0b-1035-463b-bd4c-14f67f0916a8
2025-10-27 23:35:08,846 - scripts.sync_manager - INFO - UPDATE operation on Products for 5f409f0b-1035-463b-bd4c-14f67f0916a8 successful
2025-10-27 23:35:09,058 - scripts.sync_manager - INFO - Successfully processed log ID 77
2025-10-27 23:35:09,058 - scripts.sync_manager - INFO - Processing log ID 78: Bills - DELETE - 1761587806335
2025-10-27 23:35:09,531 - scripts.sync_manager - INFO - DELETE operation on Bills for 1761587806335 successful
2025-10-27 23:35:09,740 - scripts.sync_manager - INFO - Successfully processed log ID 78
2025-10-27 23:35:09,745 - scripts.sync_manager - INFO - Finished processing: 2 processed, 0 failed
2025-10-27 23:35:09,745 - scripts.sync_manager - INFO - Push result: {'status': 'success', 'message': 'Processed 2 logs, 0 failed', 'processed': 2, 'failed': 0}
2025-10-27 23:35:09,745 - scripts.sync_manager - INFO - Step 2: Pulling remote changes from MySQL
2025-10-27 23:35:09,758 - scripts.sync_manager - INFO - === Starting scheduled sync cycle ===
2025-10-27 23:35:09,758 - scripts.sync_manager - INFO - Step 1: Pushing pending logs to MySQL
2025-10-27 23:35:09,778 - scripts.sync_manager - INFO - No pending sync logs to process
2025-10-27 23:35:09,779 - scripts.sync_manager - INFO - Push result: {'status': 'success', 'message': 'No pending logs', 'processed': 0, 'failed': 0}
2025-10-27 23:35:09,779 - scripts.sync_manager - INFO - Step 2: Pulling remote changes from MySQL
2025-10-27 23:35:10,105 - scripts.sync_manager - INFO - Pulling from MySQL sync_table. Last sync: 2025-10-27T18:27:01.714813
2025-10-27 23:35:10,141 - scripts.sync_manager - INFO - Pulling from MySQL sync_table. Last sync: 2025-10-27T18:27:01.714813
2025-10-27 23:35:10,141 - scripts.sync_manager - INFO - No new remote changes to pull
2025-10-27 23:35:10,176 - scripts.sync_manager - INFO - No new remote changes to pull
2025-10-27 23:35:10,316 - scripts.sync_manager - INFO - Pull result: {'status': 'success', 'message': 'No new entries', 'pulled': 0}
2025-10-27 23:35:10,339 - scripts.sync_manager - INFO - === Scheduled sync cycle completed successfully ===
2025-10-27 23:35:10,341 - scripts.sync_manager - INFO - No failed logs to retry
2025-10-27 23:35:10,351 - scripts.sync_manager - INFO - Pull result: {'status': 'success', 'message': 'No new entries', 'pulled': 0}
2025-10-27 23:35:10,380 - scripts.sync_manager - INFO - === Scheduled sync cycle completed successfully ===
2025-10-27 23:35:10,384 - scripts.sync_manager - INFO - No failed logs to retry
2025-10-27 23:43:01,125 - scripts.sync_manager - INFO - Starting background sync scheduler
2025-10-27 23:43:01,168 - scripts.sync_manager - INFO - Sync scheduler thread started
2025-10-27 23:43:01,168 - scripts.sync_manager - INFO - Background sync started successfully
2025-10-27 23:43:01,170 - scripts.sync_manager - INFO - Performing initial sync and immediate cleanup
2025-10-27 23:43:01,176 - scripts.sync_manager - INFO - Cleaning up logs older than 2025-09-27T23:43:01.176152
2025-10-27 23:43:01,423 - scripts.sync_manager - INFO - MySQL sync_table cleanup: 0 entries removed
2025-10-27 23:43:01,769 - scripts.sync_manager - INFO - === Starting scheduled sync cycle ===
2025-10-27 23:43:02,071 - scripts.sync_manager - INFO - Step 1: Pushing pending logs to MySQL
2025-10-27 23:43:02,292 - scripts.sync_manager - INFO - No pending sync logs to process
2025-10-27 23:43:02,292 - scripts.sync_manager - INFO - Push result: {'status': 'success', 'message': 'No pending logs', 'processed': 0, 'failed': 0}
2025-10-27 23:43:02,293 - scripts.sync_manager - INFO - Step 2: Pulling remote changes from MySQL
2025-10-27 23:43:02,399 - scripts.sync_manager - INFO - Pulling from MySQL sync_table. Last sync: 2025-10-27T18:27:01.714813
2025-10-27 23:43:02,575 - scripts.sync_manager - INFO - No new remote changes to pull
2025-10-27 23:43:02,782 - scripts.sync_manager - INFO - Pull result: {'status': 'success', 'message': 'No new entries', 'pulled': 0}
2025-10-27 23:43:02,806 - scripts.sync_manager - INFO - === Scheduled sync cycle completed successfully ===
2025-10-27 23:45:54,358 - scripts.sync_manager - INFO - Logged CRUD operation: SystemSettings - UPDATE - 1
