2025-11-19 15:26:52,453 - scripts.sync_manager - INFO - Starting background sync scheduler
2025-11-19 15:26:52,464 - scripts.sync_manager - INFO - Sync scheduler thread started
2025-11-19 15:26:52,464 - scripts.sync_manager - INFO - Background sync started successfully
2025-11-19 15:26:52,464 - scripts.sync_manager - INFO - Performing initial sync and immediate cleanup
2025-11-19 15:26:52,466 - scripts.sync_manager - INFO - Cleaning up logs older than 2025-10-20T15:26:52.466047
2025-11-19 15:26:52,649 - scripts.sync_manager - INFO - MySQL sync_table cleanup: 0 entries removed
2025-11-19 15:26:52,826 - scripts.sync_manager - INFO - === Starting scheduled sync cycle ===
2025-11-19 15:26:52,828 - scripts.sync_manager - INFO - Step 1: Pushing pending logs to MySQL
2025-11-19 15:26:52,828 - scripts.sync_manager - INFO - No pending sync logs to process
2025-11-19 15:26:52,830 - scripts.sync_manager - INFO - Push result: {'status': 'success', 'message': 'No pending logs', 'processed': 0, 'failed': 0}
2025-11-19 15:26:52,830 - scripts.sync_manager - INFO - Step 2: Pulling remote changes from MySQL
2025-11-19 15:26:52,958 - scripts.sync_manager - INFO - Pulling from MySQL sync_table. Last sync: 2025-11-19T15:26:52.275692. Table: All, Full Pull: False
2025-11-19 15:26:52,993 - scripts.sync_manager - INFO - No new changes to pull
2025-11-19 15:26:53,199 - scripts.sync_manager - INFO - Pull result: {'status': 'success', 'message': 'No new entries', 'pulled': 0}
2025-11-19 15:26:53,199 - scripts.sync_manager - INFO - === Scheduled sync cycle completed successfully ===
2025-11-19 15:26:57,510 - scripts.sync_manager - INFO - Starting background sync scheduler
2025-11-19 15:26:57,510 - scripts.sync_manager - INFO - Sync scheduler thread started
2025-11-19 15:26:57,510 - scripts.sync_manager - INFO - Background sync started successfully
2025-11-19 15:26:57,510 - scripts.sync_manager - INFO - Performing initial sync and immediate cleanup
2025-11-19 15:26:57,513 - scripts.sync_manager - INFO - Cleaning up logs older than 2025-10-20T15:26:57.513561
2025-11-19 15:26:57,750 - scripts.sync_manager - INFO - MySQL sync_table cleanup: 0 entries removed
2025-11-19 15:26:57,986 - scripts.sync_manager - INFO - === Starting scheduled sync cycle ===
2025-11-19 15:26:57,986 - scripts.sync_manager - INFO - Step 1: Pushing pending logs to MySQL
2025-11-19 15:26:57,987 - scripts.sync_manager - INFO - No pending sync logs to process
2025-11-19 15:26:57,987 - scripts.sync_manager - INFO - Push result: {'status': 'success', 'message': 'No pending logs', 'processed': 0, 'failed': 0}
2025-11-19 15:26:57,987 - scripts.sync_manager - INFO - Step 2: Pulling remote changes from MySQL
2025-11-19 15:26:58,101 - scripts.sync_manager - INFO - Pulling from MySQL sync_table. Last sync: 2025-11-19T15:26:52.275692. Table: All, Full Pull: False
2025-11-19 15:26:58,138 - scripts.sync_manager - INFO - No new changes to pull
2025-11-19 15:26:58,322 - scripts.sync_manager - INFO - Pull result: {'status': 'success', 'message': 'No new entries', 'pulled': 0}
2025-11-19 15:26:58,337 - scripts.sync_manager - INFO - === Scheduled sync cycle completed successfully ===
2025-11-19 15:28:52,591 - scripts.sync_manager - INFO - Pulling from MySQL sync_table. Last sync: 2025-11-19T15:26:52.275692. Table: All, Full Pull: False
2025-11-19 15:28:52,633 - scripts.sync_manager - INFO - No new changes to pull
2025-11-19 15:28:54,205 - scripts.sync_manager - INFO - Pulling from MySQL sync_table. Last sync: 2025-11-19T15:26:52.275692. Table: All, Full Pull: False
2025-11-19 15:28:54,243 - scripts.sync_manager - INFO - No new changes to pull
2025-11-19 15:41:53,248 - scripts.sync_manager - INFO - === Starting scheduled sync cycle ===
2025-11-19 15:41:53,262 - scripts.sync_manager - INFO - Step 1: Pushing pending logs to MySQL
2025-11-19 15:41:53,264 - scripts.sync_manager - INFO - No pending sync logs to process
2025-11-19 15:41:53,265 - scripts.sync_manager - INFO - Push result: {'status': 'success', 'message': 'No pending logs', 'processed': 0, 'failed': 0}
2025-11-19 15:41:53,265 - scripts.sync_manager - INFO - Step 2: Pulling remote changes from MySQL
2025-11-19 15:41:53,640 - scripts.sync_manager - INFO - Pulling from MySQL sync_table. Last sync: 2025-11-19T15:26:52.275692. Table: All, Full Pull: False
2025-11-19 15:41:53,676 - scripts.sync_manager - INFO - No new changes to pull
2025-11-19 15:41:53,857 - scripts.sync_manager - INFO - Pull result: {'status': 'success', 'message': 'No new entries', 'pulled': 0}
2025-11-19 15:41:53,870 - scripts.sync_manager - INFO - === Scheduled sync cycle completed successfully ===
2025-11-19 15:41:53,871 - scripts.sync_manager - INFO - No failed logs to retry
2025-11-19 15:41:58,371 - scripts.sync_manager - INFO - === Starting scheduled sync cycle ===
2025-11-19 15:41:58,372 - scripts.sync_manager - INFO - Step 1: Pushing pending logs to MySQL
2025-11-19 15:41:58,372 - scripts.sync_manager - INFO - No pending sync logs to process
2025-11-19 15:41:58,372 - scripts.sync_manager - INFO - Push result: {'status': 'success', 'message': 'No pending logs', 'processed': 0, 'failed': 0}
2025-11-19 15:41:58,372 - scripts.sync_manager - INFO - Step 2: Pulling remote changes from MySQL
2025-11-19 15:41:58,766 - scripts.sync_manager - INFO - Pulling from MySQL sync_table. Last sync: 2025-11-19T15:26:52.275692. Table: All, Full Pull: False
2025-11-19 15:41:58,812 - scripts.sync_manager - INFO - No new changes to pull
2025-11-19 15:41:58,996 - scripts.sync_manager - INFO - Pull result: {'status': 'success', 'message': 'No new entries', 'pulled': 0}
2025-11-19 15:41:59,018 - scripts.sync_manager - INFO - === Scheduled sync cycle completed successfully ===
2025-11-19 15:41:59,019 - scripts.sync_manager - INFO - No failed logs to retry
2025-11-19 15:56:53,895 - scripts.sync_manager - INFO - === Starting scheduled sync cycle ===
2025-11-19 15:56:53,895 - scripts.sync_manager - INFO - Step 1: Pushing pending logs to MySQL
2025-11-19 15:56:53,895 - scripts.sync_manager - INFO - No pending sync logs to process
2025-11-19 15:56:53,895 - scripts.sync_manager - INFO - Push result: {'status': 'success', 'message': 'No pending logs', 'processed': 0, 'failed': 0}
2025-11-19 15:56:53,895 - scripts.sync_manager - INFO - Step 2: Pulling remote changes from MySQL
2025-11-19 15:56:54,295 - scripts.sync_manager - INFO - Pulling from MySQL sync_table. Last sync: 2025-11-19T15:26:52.275692. Table: All, Full Pull: False
2025-11-19 15:56:54,331 - scripts.sync_manager - INFO - No new changes to pull
2025-11-19 15:56:54,506 - scripts.sync_manager - INFO - Pull result: {'status': 'success', 'message': 'No new entries', 'pulled': 0}
2025-11-19 15:56:54,550 - scripts.sync_manager - INFO - === Scheduled sync cycle completed successfully ===
2025-11-19 15:56:54,550 - scripts.sync_manager - INFO - No failed logs to retry
2025-11-19 15:56:59,040 - scripts.sync_manager - INFO - === Starting scheduled sync cycle ===
2025-11-19 15:56:59,041 - scripts.sync_manager - INFO - Step 1: Pushing pending logs to MySQL
2025-11-19 15:56:59,043 - scripts.sync_manager - INFO - No pending sync logs to process
2025-11-19 15:56:59,043 - scripts.sync_manager - INFO - Push result: {'status': 'success', 'message': 'No pending logs', 'processed': 0, 'failed': 0}
2025-11-19 15:56:59,044 - scripts.sync_manager - INFO - Step 2: Pulling remote changes from MySQL
2025-11-19 15:56:59,438 - scripts.sync_manager - INFO - Pulling from MySQL sync_table. Last sync: 2025-11-19T15:26:52.275692. Table: All, Full Pull: False
2025-11-19 15:56:59,478 - scripts.sync_manager - INFO - No new changes to pull
2025-11-19 15:56:59,657 - scripts.sync_manager - INFO - Pull result: {'status': 'success', 'message': 'No new entries', 'pulled': 0}
2025-11-19 15:56:59,694 - scripts.sync_manager - INFO - === Scheduled sync cycle completed successfully ===
2025-11-19 15:56:59,694 - scripts.sync_manager - INFO - No failed logs to retry
2025-11-19 16:11:54,582 - scripts.sync_manager - INFO - === Starting scheduled sync cycle ===
2025-11-19 16:11:54,582 - scripts.sync_manager - INFO - Step 1: Pushing pending logs to MySQL
2025-11-19 16:11:54,582 - scripts.sync_manager - INFO - No pending sync logs to process
2025-11-19 16:11:54,582 - scripts.sync_manager - INFO - Push result: {'status': 'success', 'message': 'No pending logs', 'processed': 0, 'failed': 0}
2025-11-19 16:11:54,582 - scripts.sync_manager - INFO - Step 2: Pulling remote changes from MySQL
2025-11-19 16:11:54,978 - scripts.sync_manager - INFO - Pulling from MySQL sync_table. Last sync: 2025-11-19T15:26:52.275692. Table: All, Full Pull: False
2025-11-19 16:11:55,016 - scripts.sync_manager - INFO - No new changes to pull
2025-11-19 16:11:55,194 - scripts.sync_manager - INFO - Pull result: {'status': 'success', 'message': 'No new entries', 'pulled': 0}
2025-11-19 16:11:55,209 - scripts.sync_manager - INFO - === Scheduled sync cycle completed successfully ===
2025-11-19 16:11:55,209 - scripts.sync_manager - INFO - No failed logs to retry
2025-11-19 16:11:59,752 - scripts.sync_manager - INFO - === Starting scheduled sync cycle ===
2025-11-19 16:11:59,752 - scripts.sync_manager - INFO - Step 1: Pushing pending logs to MySQL
2025-11-19 16:11:59,752 - scripts.sync_manager - INFO - No pending sync logs to process
2025-11-19 16:11:59,752 - scripts.sync_manager - INFO - Push result: {'status': 'success', 'message': 'No pending logs', 'processed': 0, 'failed': 0}
2025-11-19 16:11:59,752 - scripts.sync_manager - INFO - Step 2: Pulling remote changes from MySQL
2025-11-19 16:12:00,184 - scripts.sync_manager - INFO - Pulling from MySQL sync_table. Last sync: 2025-11-19T15:26:52.275692. Table: All, Full Pull: False
2025-11-19 16:12:00,231 - scripts.sync_manager - INFO - No new changes to pull
2025-11-19 16:12:00,420 - scripts.sync_manager - INFO - Pull result: {'status': 'success', 'message': 'No new entries', 'pulled': 0}
2025-11-19 16:12:00,451 - scripts.sync_manager - INFO - === Scheduled sync cycle completed successfully ===
2025-11-19 16:12:00,451 - scripts.sync_manager - INFO - No failed logs to retry
2025-11-19 16:22:58,848 - scripts.sync_manager - INFO - Background sync process stopped
2025-11-19 16:23:03,950 - scripts.sync_manager - INFO - Background sync process stopped
2025-11-19 16:25:44,186 - scripts.sync_manager - INFO - Starting background sync scheduler
2025-11-19 16:25:44,186 - scripts.sync_manager - INFO - Sync scheduler thread started
2025-11-19 16:25:44,186 - scripts.sync_manager - INFO - Background sync started successfully
2025-11-19 16:25:44,186 - scripts.sync_manager - INFO - Performing initial sync and immediate cleanup
2025-11-19 16:25:44,186 - scripts.sync_manager - INFO - Cleaning up logs older than 2025-10-20T16:25:44.186132
2025-11-19 16:25:44,405 - scripts.sync_manager - INFO - MySQL sync_table cleanup: 0 entries removed
2025-11-19 16:25:44,609 - scripts.sync_manager - INFO - === Starting scheduled sync cycle ===
2025-11-19 16:25:44,609 - scripts.sync_manager - INFO - Step 1: Pushing pending logs to MySQL
2025-11-19 16:25:44,609 - scripts.sync_manager - INFO - No pending sync logs to process
2025-11-19 16:25:44,609 - scripts.sync_manager - INFO - Push result: {'status': 'success', 'message': 'No pending logs', 'processed': 0, 'failed': 0}
2025-11-19 16:25:44,609 - scripts.sync_manager - INFO - Step 2: Pulling remote changes from MySQL
2025-11-19 16:25:44,741 - scripts.sync_manager - INFO - Pulling from MySQL sync_table. Last sync: 2025-11-19T15:26:52.275692. Table: All, Full Pull: False
2025-11-19 16:25:44,784 - scripts.sync_manager - INFO - No new changes to pull
2025-11-19 16:25:44,986 - scripts.sync_manager - INFO - Pull result: {'status': 'success', 'message': 'No new entries', 'pulled': 0}
2025-11-19 16:25:45,003 - scripts.sync_manager - INFO - === Scheduled sync cycle completed successfully ===
2025-11-19 16:25:50,014 - scripts.sync_manager - INFO - Starting background sync scheduler
2025-11-19 16:25:50,016 - scripts.sync_manager - INFO - Sync scheduler thread started
2025-11-19 16:25:50,016 - scripts.sync_manager - INFO - Background sync started successfully
2025-11-19 16:25:50,018 - scripts.sync_manager - INFO - Performing initial sync and immediate cleanup
2025-11-19 16:25:50,019 - scripts.sync_manager - INFO - Cleaning up logs older than 2025-10-20T16:25:50.019085
2025-11-19 16:25:50,221 - scripts.sync_manager - INFO - MySQL sync_table cleanup: 0 entries removed
2025-11-19 16:25:50,419 - scripts.sync_manager - INFO - === Starting scheduled sync cycle ===
2025-11-19 16:25:50,419 - scripts.sync_manager - INFO - Step 1: Pushing pending logs to MySQL
2025-11-19 16:25:50,419 - scripts.sync_manager - INFO - No pending sync logs to process
2025-11-19 16:25:50,419 - scripts.sync_manager - INFO - Push result: {'status': 'success', 'message': 'No pending logs', 'processed': 0, 'failed': 0}
2025-11-19 16:25:50,419 - scripts.sync_manager - INFO - Step 2: Pulling remote changes from MySQL
2025-11-19 16:25:50,598 - scripts.sync_manager - INFO - Pulling from MySQL sync_table. Last sync: 2025-11-19T15:26:52.275692. Table: All, Full Pull: False
2025-11-19 16:25:50,656 - scripts.sync_manager - INFO - No new changes to pull
2025-11-19 16:25:50,936 - scripts.sync_manager - INFO - Pull result: {'status': 'success', 'message': 'No new entries', 'pulled': 0}
2025-11-19 16:25:50,953 - scripts.sync_manager - INFO - === Scheduled sync cycle completed successfully ===
2025-11-19 16:35:13,905 - scripts.sync_manager - INFO - Background sync process stopped
2025-11-19 16:35:15,025 - scripts.sync_manager - INFO - Sync scheduler thread stopped
2025-11-19 16:35:15,025 - scripts.sync_manager - INFO - Background sync process stopped
2025-11-19 17:20:46,012 - scripts.sync_manager - INFO - Starting background sync scheduler
2025-11-19 17:20:46,015 - scripts.sync_manager - INFO - Sync scheduler thread started
2025-11-19 17:20:46,015 - scripts.sync_manager - INFO - Background sync started successfully
2025-11-19 17:20:46,015 - scripts.sync_manager - INFO - Performing initial sync and immediate cleanup
2025-11-19 17:20:46,015 - scripts.sync_manager - INFO - Cleaning up logs older than 2025-10-20T17:20:46.015966
2025-11-19 17:20:46,337 - scripts.sync_manager - INFO - MySQL sync_table cleanup: 0 entries removed
2025-11-19 17:20:46,649 - scripts.sync_manager - INFO - === Starting scheduled sync cycle ===
2025-11-19 17:20:46,650 - scripts.sync_manager - INFO - Step 1: Pushing pending logs to MySQL
2025-11-19 17:20:46,651 - scripts.sync_manager - INFO - No pending sync logs to process
2025-11-19 17:20:46,651 - scripts.sync_manager - INFO - Push result: {'status': 'success', 'message': 'No pending logs', 'processed': 0, 'failed': 0}
2025-11-19 17:20:46,651 - scripts.sync_manager - INFO - Step 2: Pulling remote changes from MySQL
2025-11-19 17:20:46,781 - scripts.sync_manager - INFO - Pulling from MySQL sync_table. Last sync: 2025-11-19T15:26:52.275692. Table: All, Full Pull: False
2025-11-19 17:20:46,824 - scripts.sync_manager - INFO - No new changes to pull
2025-11-19 17:20:47,030 - scripts.sync_manager - INFO - Pull result: {'status': 'success', 'message': 'No new entries', 'pulled': 0}
2025-11-19 17:20:47,032 - scripts.sync_manager - INFO - === Scheduled sync cycle completed successfully ===
2025-11-19 17:20:52,874 - scripts.sync_manager - INFO - Starting background sync scheduler
2025-11-19 17:20:52,877 - scripts.sync_manager - INFO - Sync scheduler thread started
2025-11-19 17:20:52,877 - scripts.sync_manager - INFO - Background sync started successfully
2025-11-19 17:20:52,877 - scripts.sync_manager - INFO - Performing initial sync and immediate cleanup
2025-11-19 17:20:52,877 - scripts.sync_manager - INFO - Cleaning up logs older than 2025-10-20T17:20:52.877347
2025-11-19 17:20:53,084 - scripts.sync_manager - INFO - MySQL sync_table cleanup: 0 entries removed
2025-11-19 17:20:53,286 - scripts.sync_manager - INFO - === Starting scheduled sync cycle ===
2025-11-19 17:20:53,286 - scripts.sync_manager - INFO - Step 1: Pushing pending logs to MySQL
2025-11-19 17:20:53,286 - scripts.sync_manager - INFO - No pending sync logs to process
2025-11-19 17:20:53,286 - scripts.sync_manager - INFO - Push result: {'status': 'success', 'message': 'No pending logs', 'processed': 0, 'failed': 0}
2025-11-19 17:20:53,286 - scripts.sync_manager - INFO - Step 2: Pulling remote changes from MySQL
2025-11-19 17:20:53,419 - scripts.sync_manager - INFO - Pulling from MySQL sync_table. Last sync: 2025-11-19T15:26:52.275692. Table: All, Full Pull: False
2025-11-19 17:20:53,464 - scripts.sync_manager - INFO - No new changes to pull
2025-11-19 17:20:53,688 - scripts.sync_manager - INFO - Pull result: {'status': 'success', 'message': 'No new entries', 'pulled': 0}
2025-11-19 17:20:53,710 - scripts.sync_manager - INFO - === Scheduled sync cycle completed successfully ===
2025-11-19 17:21:21,111 - scripts.sync_manager - INFO - Pulling from MySQL sync_table. Last sync: 2025-11-19T15:26:52.275692. Table: All, Full Pull: False
2025-11-19 17:21:21,179 - scripts.sync_manager - INFO - No new changes to pull
2025-11-19 17:21:22,950 - scripts.sync_manager - INFO - Pulling from MySQL sync_table. Last sync: 2025-11-19T15:26:52.275692. Table: All, Full Pull: False
2025-11-19 17:21:22,991 - scripts.sync_manager - INFO - No new changes to pull
2025-11-19 17:35:10,369 - scripts.sync_manager - INFO - Background sync process stopped
2025-11-19 17:35:15,461 - scripts.sync_manager - INFO - Background sync process stopped
2025-11-19 17:35:31,477 - scripts.sync_manager - INFO - Starting background sync scheduler
2025-11-19 17:35:31,477 - scripts.sync_manager - INFO - Sync scheduler thread started
2025-11-19 17:35:31,487 - scripts.sync_manager - INFO - Background sync started successfully
2025-11-19 17:35:31,487 - scripts.sync_manager - INFO - Performing initial sync and immediate cleanup
2025-11-19 17:35:31,487 - scripts.sync_manager - INFO - Cleaning up logs older than 2025-10-20T17:35:31.487715
2025-11-19 17:35:31,699 - scripts.sync_manager - INFO - MySQL sync_table cleanup: 0 entries removed
2025-11-19 17:35:31,924 - scripts.sync_manager - INFO - === Starting scheduled sync cycle ===
2025-11-19 17:35:31,924 - scripts.sync_manager - INFO - Step 1: Pushing pending logs to MySQL
2025-11-19 17:35:31,925 - scripts.sync_manager - INFO - No pending sync logs to process
2025-11-19 17:35:31,925 - scripts.sync_manager - INFO - Push result: {'status': 'success', 'message': 'No pending logs', 'processed': 0, 'failed': 0}
2025-11-19 17:35:31,925 - scripts.sync_manager - INFO - Step 2: Pulling remote changes from MySQL
2025-11-19 17:35:32,047 - scripts.sync_manager - INFO - Pulling from MySQL sync_table. Last sync: 2025-11-19T15:26:52.275692. Table: All, Full Pull: False
2025-11-19 17:35:32,089 - scripts.sync_manager - INFO - No new changes to pull
2025-11-19 17:35:32,291 - scripts.sync_manager - INFO - Pull result: {'status': 'success', 'message': 'No new entries', 'pulled': 0}
2025-11-19 17:35:32,293 - scripts.sync_manager - INFO - === Scheduled sync cycle completed successfully ===
2025-11-19 17:35:37,274 - scripts.sync_manager - INFO - Starting background sync scheduler
2025-11-19 17:35:37,277 - scripts.sync_manager - INFO - Sync scheduler thread started
2025-11-19 17:35:37,277 - scripts.sync_manager - INFO - Background sync started successfully
2025-11-19 17:35:37,277 - scripts.sync_manager - INFO - Performing initial sync and immediate cleanup
2025-11-19 17:35:37,282 - scripts.sync_manager - INFO - Cleaning up logs older than 2025-10-20T17:35:37.277859
2025-11-19 17:35:37,497 - scripts.sync_manager - INFO - MySQL sync_table cleanup: 0 entries removed
2025-11-19 17:35:37,733 - scripts.sync_manager - INFO - === Starting scheduled sync cycle ===
2025-11-19 17:35:37,735 - scripts.sync_manager - INFO - Step 1: Pushing pending logs to MySQL
2025-11-19 17:35:37,738 - scripts.sync_manager - INFO - No pending sync logs to process
2025-11-19 17:35:37,738 - scripts.sync_manager - INFO - Push result: {'status': 'success', 'message': 'No pending logs', 'processed': 0, 'failed': 0}
2025-11-19 17:35:37,738 - scripts.sync_manager - INFO - Step 2: Pulling remote changes from MySQL
2025-11-19 17:35:37,863 - scripts.sync_manager - INFO - Pulling from MySQL sync_table. Last sync: 2025-11-19T15:26:52.275692. Table: All, Full Pull: False
2025-11-19 17:35:37,918 - scripts.sync_manager - INFO - No new changes to pull
2025-11-19 17:35:38,124 - scripts.sync_manager - INFO - Pull result: {'status': 'success', 'message': 'No new entries', 'pulled': 0}
2025-11-19 17:35:38,167 - scripts.sync_manager - INFO - === Scheduled sync cycle completed successfully ===
2025-11-19 17:37:02,456 - scripts.sync_manager - INFO - Pulling from MySQL sync_table. Last sync: 2025-11-19T15:26:52.275692. Table: All, Full Pull: False
2025-11-19 17:37:02,502 - scripts.sync_manager - INFO - No new changes to pull
2025-11-19 17:37:04,480 - scripts.sync_manager - INFO - Pulling from MySQL sync_table. Last sync: 2025-11-19T15:26:52.275692. Table: All, Full Pull: False
2025-11-19 17:37:04,518 - scripts.sync_manager - INFO - No new changes to pull
2025-11-19 17:37:35,322 - scripts.sync_manager - INFO - Logged CRUD operation: batch - CREATE - 6f69b01f-afa8-457d-b475-8402450ec9f4
2025-11-19 17:37:55,621 - scripts.sync_manager - INFO - Logged CRUD operation: Products - CREATE - dc8218a8-25a7-473c-9288-6b4daf6d6722
2025-11-19 17:38:37,316 - scripts.sync_manager - INFO - Logged CRUD operation: Products - DELETE - dc8218a8-25a7-473c-9288-6b4daf6d6722
2025-11-19 17:44:54,933 - scripts.sync_manager - INFO - Starting background sync scheduler
2025-11-19 17:44:54,933 - scripts.sync_manager - INFO - Sync scheduler thread started
2025-11-19 17:44:54,933 - scripts.sync_manager - INFO - Background sync started successfully
2025-11-19 17:44:54,933 - scripts.sync_manager - INFO - Performing initial sync and immediate cleanup
2025-11-19 17:44:54,933 - scripts.sync_manager - INFO - Cleaning up logs older than 2025-10-20T17:44:54.933052
2025-11-19 17:44:55,127 - scripts.sync_manager - INFO - MySQL sync_table cleanup: 0 entries removed
2025-11-19 17:44:55,315 - scripts.sync_manager - INFO - === Starting scheduled sync cycle ===
2025-11-19 17:44:55,315 - scripts.sync_manager - INFO - Step 1: Pushing pending logs to MySQL
2025-11-19 17:44:55,317 - scripts.sync_manager - INFO - Processing 2 pending sync logs
2025-11-19 17:44:55,317 - scripts.sync_manager - INFO - Processing log ID 1: batch - CREATE - 6f69b01f-afa8-457d-b475-8402450ec9f4
2025-11-19 17:44:55,544 - scripts.sync_manager - INFO - CREATE operation on batch for 6f69b01f-afa8-457d-b475-8402450ec9f4 successful
2025-11-19 17:44:55,763 - scripts.sync_manager - INFO - Successfully processed log ID 1
2025-11-19 17:44:55,763 - scripts.sync_manager - INFO - Processing log ID 2: Products - DELETE - dc8218a8-25a7-473c-9288-6b4daf6d6722
2025-11-19 17:44:55,985 - scripts.sync_manager - INFO - DELETE operation on Products for dc8218a8-25a7-473c-9288-6b4daf6d6722 successful
2025-11-19 17:44:56,208 - scripts.sync_manager - INFO - Successfully processed log ID 2
2025-11-19 17:44:56,210 - scripts.sync_manager - INFO - Finished processing: 2 processed, 0 failed
2025-11-19 17:44:56,210 - scripts.sync_manager - INFO - Push result: {'status': 'success', 'message': 'Processed 2 logs, 0 failed', 'processed': 2, 'failed': 0}
2025-11-19 17:44:56,210 - scripts.sync_manager - INFO - Step 2: Pulling remote changes from MySQL
2025-11-19 17:44:56,323 - scripts.sync_manager - INFO - Pulling from MySQL sync_table. Last sync: 2025-11-19T15:26:52.275692. Table: All, Full Pull: False
2025-11-19 17:44:56,359 - scripts.sync_manager - INFO - No new changes to pull
2025-11-19 17:44:56,543 - scripts.sync_manager - INFO - Pull result: {'status': 'success', 'message': 'No new entries', 'pulled': 0}
2025-11-19 17:44:56,564 - scripts.sync_manager - INFO - === Scheduled sync cycle completed successfully ===
2025-11-19 17:47:05,579 - scripts.sync_manager - INFO - Starting background sync scheduler
2025-11-19 17:47:05,579 - scripts.sync_manager - INFO - Sync scheduler thread started
2025-11-19 17:47:05,579 - scripts.sync_manager - INFO - Background sync started successfully
2025-11-19 17:47:05,579 - scripts.sync_manager - INFO - Performing initial sync and immediate cleanup
2025-11-19 17:47:05,579 - scripts.sync_manager - INFO - Cleaning up logs older than 2025-10-20T17:47:05.579885
2025-11-19 17:47:05,800 - scripts.sync_manager - INFO - MySQL sync_table cleanup: 0 entries removed
2025-11-19 17:47:05,996 - scripts.sync_manager - INFO - === Starting scheduled sync cycle ===
2025-11-19 17:47:05,996 - scripts.sync_manager - INFO - Step 1: Pushing pending logs to MySQL
2025-11-19 17:47:05,996 - scripts.sync_manager - INFO - No pending sync logs to process
2025-11-19 17:47:05,996 - scripts.sync_manager - INFO - Push result: {'status': 'success', 'message': 'No pending logs', 'processed': 0, 'failed': 0}
2025-11-19 17:47:05,996 - scripts.sync_manager - INFO - Step 2: Pulling remote changes from MySQL
2025-11-19 17:47:06,132 - scripts.sync_manager - INFO - Pulling from MySQL sync_table. Last sync: 2025-11-19T15:26:52.275692. Table: All, Full Pull: False
2025-11-19 17:47:06,183 - scripts.sync_manager - INFO - No new changes to pull
2025-11-19 17:47:06,582 - scripts.sync_manager - INFO - Pull result: {'status': 'success', 'message': 'No new entries', 'pulled': 0}
2025-11-19 17:47:06,603 - scripts.sync_manager - INFO - === Scheduled sync cycle completed successfully ===
2025-11-19 17:50:32,343 - scripts.sync_manager - INFO - === Starting scheduled sync cycle ===
2025-11-19 17:50:32,343 - scripts.sync_manager - INFO - Step 1: Pushing pending logs to MySQL
2025-11-19 17:50:32,343 - scripts.sync_manager - INFO - No pending sync logs to process
2025-11-19 17:50:32,343 - scripts.sync_manager - INFO - Push result: {'status': 'success', 'message': 'No pending logs', 'processed': 0, 'failed': 0}
2025-11-19 17:50:32,343 - scripts.sync_manager - INFO - Step 2: Pulling remote changes from MySQL
2025-11-19 17:50:32,768 - scripts.sync_manager - INFO - Pulling from MySQL sync_table. Last sync: 2025-11-19T15:26:52.275692. Table: All, Full Pull: False
2025-11-19 17:50:32,819 - scripts.sync_manager - INFO - No new changes to pull
2025-11-19 17:50:33,040 - scripts.sync_manager - INFO - Pull result: {'status': 'success', 'message': 'No new entries', 'pulled': 0}
2025-11-19 17:50:33,070 - scripts.sync_manager - INFO - === Scheduled sync cycle completed successfully ===
2025-11-19 17:50:33,070 - scripts.sync_manager - INFO - No failed logs to retry
2025-11-19 17:56:09,798 - scripts.sync_manager - INFO - Starting background sync scheduler
2025-11-19 17:56:09,857 - scripts.sync_manager - INFO - Sync scheduler thread started
2025-11-19 17:56:09,857 - scripts.sync_manager - INFO - Background sync started successfully
2025-11-19 17:56:09,860 - scripts.sync_manager - INFO - Performing initial sync and immediate cleanup
2025-11-19 17:56:09,860 - scripts.sync_manager - INFO - Cleaning up logs older than 2025-10-20T17:56:09.860744
2025-11-19 17:56:10,130 - scripts.sync_manager - INFO - MySQL sync_table cleanup: 0 entries removed
2025-11-19 17:56:10,339 - scripts.sync_manager - INFO - === Starting scheduled sync cycle ===
2025-11-19 17:56:10,339 - scripts.sync_manager - INFO - Step 1: Pushing pending logs to MySQL
2025-11-19 17:56:10,340 - scripts.sync_manager - INFO - No pending sync logs to process
2025-11-19 17:56:10,340 - scripts.sync_manager - INFO - Push result: {'status': 'success', 'message': 'No pending logs', 'processed': 0, 'failed': 0}
2025-11-19 17:56:10,340 - scripts.sync_manager - INFO - Step 2: Pulling remote changes from MySQL
2025-11-19 17:56:10,455 - scripts.sync_manager - INFO - Pulling from MySQL sync_table. Last sync: 2025-11-19T15:26:52.275692. Table: All, Full Pull: False
2025-11-19 17:56:10,493 - scripts.sync_manager - INFO - No new changes to pull
2025-11-19 17:56:10,704 - scripts.sync_manager - INFO - Pull result: {'status': 'success', 'message': 'No new entries', 'pulled': 0}
2025-11-19 17:56:10,721 - scripts.sync_manager - INFO - === Scheduled sync cycle completed successfully ===
2025-11-19 17:57:02,734 - scripts.sync_manager - INFO - Logged CRUD operation: batch - CREATE - 7fc3ebb4-1548-44c9-b563-e5ab65bf35d1
2025-11-19 17:57:36,468 - scripts.sync_manager - INFO - Logged CRUD operation: Products - CREATE - 523193ea-dad1-406f-a449-67ab3ed6c5f9
2025-11-19 17:58:02,651 - scripts.sync_manager - INFO - Logged CRUD operation: Products - DELETE - 523193ea-dad1-406f-a449-67ab3ed6c5f9
2025-11-19 17:59:01,941 - scripts.sync_manager - INFO - Pulling from MySQL sync_table. Last sync: 2025-11-19T15:26:52.275692. Table: All, Full Pull: False
2025-11-19 17:59:01,984 - scripts.sync_manager - INFO - No new changes to pull
2025-11-19 17:59:03,616 - scripts.sync_manager - INFO - Pulling from MySQL sync_table. Last sync: 2025-11-19T15:26:52.275692. Table: All, Full Pull: False
2025-11-19 17:59:03,667 - scripts.sync_manager - INFO - No new changes to pull
2025-11-19 17:59:06,939 - scripts.sync_manager - INFO - Pulling from MySQL sync_table. Last sync: 2025-11-19T15:26:52.275692. Table: All, Full Pull: False
2025-11-19 17:59:06,981 - scripts.sync_manager - INFO - No new changes to pull
2025-11-19 17:59:11,631 - scripts.sync_manager - INFO - Pulling from MySQL sync_table. Last sync: 2025-11-19T15:26:52.275692. Table: All, Full Pull: False
2025-11-19 17:59:11,670 - scripts.sync_manager - INFO - No new changes to pull
2025-11-19 17:59:17,148 - scripts.sync_manager - INFO - Pulling from MySQL sync_table. Last sync: 2025-11-19T15:26:52.275692. Table: All, Full Pull: False
2025-11-19 17:59:17,195 - scripts.sync_manager - INFO - No new changes to pull
2025-11-19 17:59:22,330 - scripts.sync_manager - INFO - Pulling from MySQL sync_table. Last sync: 2025-11-19T15:26:52.275692. Table: All, Full Pull: False
2025-11-19 17:59:22,378 - scripts.sync_manager - INFO - No new changes to pull
2025-11-19 17:59:27,326 - scripts.sync_manager - INFO - Pulling from MySQL sync_table. Last sync: 2025-11-19T15:26:52.275692. Table: All, Full Pull: False
2025-11-19 17:59:27,365 - scripts.sync_manager - INFO - No new changes to pull
2025-11-19 17:59:32,333 - scripts.sync_manager - INFO - Pulling from MySQL sync_table. Last sync: 2025-11-19T15:26:52.275692. Table: All, Full Pull: False
2025-11-19 17:59:32,381 - scripts.sync_manager - INFO - No new changes to pull
2025-11-19 17:59:37,348 - scripts.sync_manager - INFO - Pulling from MySQL sync_table. Last sync: 2025-11-19T15:26:52.275692. Table: All, Full Pull: False
2025-11-19 17:59:37,387 - scripts.sync_manager - INFO - No new changes to pull
2025-11-19 17:59:40,726 - scripts.sync_manager - INFO - Sync scheduler thread stopped
2025-11-19 17:59:40,727 - scripts.sync_manager - INFO - Background sync process stopped
2025-11-19 17:59:45,820 - scripts.sync_manager - INFO - Background sync process stopped
