2025-11-03 14:30:15,439 - scripts.sync_manager - INFO - Starting background sync scheduler
2025-11-03 14:30:15,440 - scripts.sync_manager - INFO - Sync scheduler thread started
2025-11-03 14:30:15,440 - scripts.sync_manager - INFO - Background sync started successfully
2025-11-03 14:30:15,440 - scripts.sync_manager - INFO - Performing initial sync and immediate cleanup
2025-11-03 14:30:15,441 - scripts.sync_manager - INFO - Cleaning up logs older than 2025-10-04T14:30:15.441736
2025-11-03 14:30:15,667 - scripts.sync_manager - INFO - MySQL sync_table cleanup: 0 entries removed
2025-11-03 14:30:15,856 - scripts.sync_manager - INFO - === Starting scheduled sync cycle ===
2025-11-03 14:30:15,856 - scripts.sync_manager - INFO - Step 1: Pushing pending logs to MySQL
2025-11-03 14:30:15,874 - scripts.sync_manager - INFO - No pending sync logs to process
2025-11-03 14:30:15,874 - scripts.sync_manager - INFO - Push result: {'status': 'success', 'message': 'No pending logs', 'processed': 0, 'failed': 0}
2025-11-03 14:30:15,875 - scripts.sync_manager - INFO - Step 2: Pulling remote changes from MySQL
2025-11-03 14:30:15,993 - scripts.sync_manager - INFO - Pulling from MySQL sync_table. Last sync: 2025-10-28T06:00:02
2025-11-03 14:30:16,035 - scripts.sync_manager - INFO - No new remote changes to pull
2025-11-03 14:30:16,219 - scripts.sync_manager - INFO - Pull result: {'status': 'success', 'message': 'No new entries', 'pulled': 0}
2025-11-03 14:30:16,246 - scripts.sync_manager - INFO - === Scheduled sync cycle completed successfully ===
2025-11-03 14:30:21,307 - scripts.sync_manager - INFO - Starting background sync scheduler
2025-11-03 14:30:21,308 - scripts.sync_manager - INFO - Sync scheduler thread started
2025-11-03 14:30:21,308 - scripts.sync_manager - INFO - Background sync started successfully
2025-11-03 14:30:21,308 - scripts.sync_manager - INFO - Performing initial sync and immediate cleanup
2025-11-03 14:30:21,309 - scripts.sync_manager - INFO - Cleaning up logs older than 2025-10-04T14:30:21.309395
2025-11-03 14:30:21,536 - scripts.sync_manager - INFO - MySQL sync_table cleanup: 0 entries removed
2025-11-03 14:30:21,724 - scripts.sync_manager - INFO - === Starting scheduled sync cycle ===
2025-11-03 14:30:21,724 - scripts.sync_manager - INFO - Step 1: Pushing pending logs to MySQL
2025-11-03 14:30:21,736 - scripts.sync_manager - INFO - No pending sync logs to process
2025-11-03 14:30:21,736 - scripts.sync_manager - INFO - Push result: {'status': 'success', 'message': 'No pending logs', 'processed': 0, 'failed': 0}
2025-11-03 14:30:21,736 - scripts.sync_manager - INFO - Step 2: Pulling remote changes from MySQL
2025-11-03 14:30:21,869 - scripts.sync_manager - INFO - Pulling from MySQL sync_table. Last sync: 2025-10-28T06:00:02
2025-11-03 14:30:21,900 - scripts.sync_manager - INFO - No new remote changes to pull
2025-11-03 14:30:22,098 - scripts.sync_manager - INFO - Pull result: {'status': 'success', 'message': 'No new entries', 'pulled': 0}
2025-11-03 14:30:22,122 - scripts.sync_manager - INFO - === Scheduled sync cycle completed successfully ===
2025-11-03 14:31:56,672 - scripts.sync_manager - INFO - Logged CRUD operation: Products - CREATE - 2e5788c4-5cab-4357-96fe-219ef7a7833d
2025-11-03 14:35:38,209 - scripts.sync_manager - INFO - Logged CRUD operation: Users - CREATE - 17dc8e96-f909-4479-ab78-453eda736bf1
2025-11-03 14:38:06,561 - scripts.sync_manager - INFO - Logged CRUD operation: Stores - CREATE - STR-1762160885710
2025-11-03 14:44:24,165 - scripts.sync_manager - INFO - Starting background sync scheduler
2025-11-03 14:44:24,167 - scripts.sync_manager - INFO - Sync scheduler thread started
2025-11-03 14:44:24,167 - scripts.sync_manager - INFO - Background sync started successfully
2025-11-03 14:44:24,167 - scripts.sync_manager - INFO - Performing initial sync and immediate cleanup
2025-11-03 14:44:24,170 - scripts.sync_manager - INFO - Cleaning up logs older than 2025-10-04T14:44:24.170431
2025-11-03 14:44:24,366 - scripts.sync_manager - INFO - MySQL sync_table cleanup: 0 entries removed
2025-11-03 14:44:24,542 - scripts.sync_manager - INFO - === Starting scheduled sync cycle ===
2025-11-03 14:44:24,542 - scripts.sync_manager - INFO - Step 1: Pushing pending logs to MySQL
2025-11-03 14:44:24,546 - scripts.sync_manager - INFO - Processing 3 pending sync logs
2025-11-03 14:44:24,549 - scripts.sync_manager - INFO - Processing log ID 94: Products - CREATE - 2e5788c4-5cab-4357-96fe-219ef7a7833d
2025-11-03 14:44:24,776 - scripts.sync_manager - INFO - CREATE operation on Products for 2e5788c4-5cab-4357-96fe-219ef7a7833d successful
2025-11-03 14:44:24,992 - scripts.sync_manager - INFO - Successfully processed log ID 94
2025-11-03 14:44:24,993 - scripts.sync_manager - INFO - Processing log ID 95: Users - CREATE - 17dc8e96-f909-4479-ab78-453eda736bf1
2025-11-03 14:44:25,205 - scripts.sync_manager - INFO - CREATE operation on Users for 17dc8e96-f909-4479-ab78-453eda736bf1 successful
2025-11-03 14:44:25,414 - scripts.sync_manager - INFO - Successfully processed log ID 95
2025-11-03 14:44:25,414 - scripts.sync_manager - INFO - Processing log ID 96: Stores - CREATE - STR-1762160885710
2025-11-03 14:44:25,630 - scripts.sync_manager - INFO - CREATE operation on Stores for STR-1762160885710 successful
2025-11-03 14:44:25,862 - scripts.sync_manager - INFO - Successfully processed log ID 96
2025-11-03 14:44:25,911 - scripts.sync_manager - INFO - Finished processing: 3 processed, 0 failed
2025-11-03 14:44:25,944 - scripts.sync_manager - INFO - Push result: {'status': 'success', 'message': 'Processed 3 logs, 0 failed', 'processed': 3, 'failed': 0}
2025-11-03 14:44:26,010 - scripts.sync_manager - INFO - Step 2: Pulling remote changes from MySQL
2025-11-03 14:44:26,162 - scripts.sync_manager - INFO - Pulling from MySQL sync_table. Last sync: 2025-10-28T06:00:02
2025-11-03 14:44:26,203 - scripts.sync_manager - INFO - No new remote changes to pull
2025-11-03 14:44:26,365 - scripts.sync_manager - INFO - Pull result: {'status': 'success', 'message': 'No new entries', 'pulled': 0}
2025-11-03 14:44:26,406 - scripts.sync_manager - INFO - === Scheduled sync cycle completed successfully ===
2025-11-03 14:45:16,324 - scripts.sync_manager - INFO - === Starting scheduled sync cycle ===
2025-11-03 14:45:16,326 - scripts.sync_manager - INFO - Step 1: Pushing pending logs to MySQL
2025-11-03 14:45:16,349 - scripts.sync_manager - INFO - No pending sync logs to process
2025-11-03 14:45:16,375 - scripts.sync_manager - INFO - Push result: {'status': 'success', 'message': 'No pending logs', 'processed': 0, 'failed': 0}
2025-11-03 14:45:16,375 - scripts.sync_manager - INFO - Step 2: Pulling remote changes from MySQL
2025-11-03 14:45:16,761 - scripts.sync_manager - INFO - Pulling from MySQL sync_table. Last sync: 2025-10-28T06:00:02
2025-11-03 14:45:16,841 - scripts.sync_manager - INFO - No new remote changes to pull
2025-11-03 14:45:17,282 - scripts.sync_manager - INFO - Pull result: {'status': 'success', 'message': 'No new entries', 'pulled': 0}
2025-11-03 14:45:17,410 - scripts.sync_manager - INFO - === Scheduled sync cycle completed successfully ===
2025-11-03 14:45:17,478 - scripts.sync_manager - INFO - No failed logs to retry
2025-11-03 14:45:18,566 - scripts.sync_manager - INFO - Starting background sync scheduler
2025-11-03 14:45:19,125 - scripts.sync_manager - INFO - Sync scheduler thread started
2025-11-03 14:45:19,125 - scripts.sync_manager - INFO - Background sync started successfully
2025-11-03 14:45:19,391 - scripts.sync_manager - INFO - Performing initial sync and immediate cleanup
2025-11-03 14:45:19,913 - scripts.sync_manager - INFO - Cleaning up logs older than 2025-10-04T14:45:19.913763
2025-11-03 14:45:20,134 - scripts.sync_manager - INFO - MySQL sync_table cleanup: 0 entries removed
2025-11-03 14:45:20,318 - scripts.sync_manager - INFO - === Starting scheduled sync cycle ===
2025-11-03 14:45:20,318 - scripts.sync_manager - INFO - Step 1: Pushing pending logs to MySQL
2025-11-03 14:45:20,337 - scripts.sync_manager - INFO - No pending sync logs to process
2025-11-03 14:45:20,338 - scripts.sync_manager - INFO - Push result: {'status': 'success', 'message': 'No pending logs', 'processed': 0, 'failed': 0}
2025-11-03 14:45:20,338 - scripts.sync_manager - INFO - Step 2: Pulling remote changes from MySQL
2025-11-03 14:45:20,453 - scripts.sync_manager - INFO - Pulling from MySQL sync_table. Last sync: 2025-10-28T06:00:02
2025-11-03 14:45:20,492 - scripts.sync_manager - INFO - No new remote changes to pull
2025-11-03 14:45:20,670 - scripts.sync_manager - INFO - Pull result: {'status': 'success', 'message': 'No new entries', 'pulled': 0}
2025-11-03 14:45:20,703 - scripts.sync_manager - INFO - === Scheduled sync cycle completed successfully ===
2025-11-03 14:45:44,796 - scripts.sync_manager - INFO - Starting background sync scheduler
2025-11-03 14:45:44,796 - scripts.sync_manager - INFO - Sync scheduler thread started
2025-11-03 14:45:44,796 - scripts.sync_manager - INFO - Background sync started successfully
2025-11-03 14:45:44,796 - scripts.sync_manager - INFO - Performing initial sync and immediate cleanup
2025-11-03 14:45:44,797 - scripts.sync_manager - INFO - Cleaning up logs older than 2025-10-04T14:45:44.796862
2025-11-03 14:45:45,002 - scripts.sync_manager - INFO - MySQL sync_table cleanup: 0 entries removed
2025-11-03 14:45:45,185 - scripts.sync_manager - INFO - === Starting scheduled sync cycle ===
2025-11-03 14:45:45,185 - scripts.sync_manager - INFO - Step 1: Pushing pending logs to MySQL
2025-11-03 14:45:45,202 - scripts.sync_manager - INFO - No pending sync logs to process
2025-11-03 14:45:45,202 - scripts.sync_manager - INFO - Push result: {'status': 'success', 'message': 'No pending logs', 'processed': 0, 'failed': 0}
2025-11-03 14:45:45,203 - scripts.sync_manager - INFO - Step 2: Pulling remote changes from MySQL
2025-11-03 14:45:45,307 - scripts.sync_manager - INFO - Pulling from MySQL sync_table. Last sync: 2025-10-28T06:00:02
2025-11-03 14:45:45,341 - scripts.sync_manager - INFO - No new remote changes to pull
2025-11-03 14:45:45,518 - scripts.sync_manager - INFO - Pull result: {'status': 'success', 'message': 'No new entries', 'pulled': 0}
2025-11-03 14:45:45,606 - scripts.sync_manager - INFO - === Scheduled sync cycle completed successfully ===
2025-11-03 14:48:02,028 - scripts.sync_manager - INFO - Starting background sync scheduler
2025-11-03 14:48:02,029 - scripts.sync_manager - INFO - Sync scheduler thread started
2025-11-03 14:48:02,029 - scripts.sync_manager - INFO - Background sync started successfully
2025-11-03 14:48:02,029 - scripts.sync_manager - INFO - Performing initial sync and immediate cleanup
2025-11-03 14:48:02,030 - scripts.sync_manager - INFO - Cleaning up logs older than 2025-10-04T14:48:02.030328
2025-11-03 14:48:02,224 - scripts.sync_manager - INFO - MySQL sync_table cleanup: 0 entries removed
2025-11-03 14:48:02,407 - scripts.sync_manager - INFO - === Starting scheduled sync cycle ===
2025-11-03 14:48:02,407 - scripts.sync_manager - INFO - Step 1: Pushing pending logs to MySQL
2025-11-03 14:48:02,409 - scripts.sync_manager - INFO - No pending sync logs to process
2025-11-03 14:48:02,409 - scripts.sync_manager - INFO - Push result: {'status': 'success', 'message': 'No pending logs', 'processed': 0, 'failed': 0}
2025-11-03 14:48:02,409 - scripts.sync_manager - INFO - Step 2: Pulling remote changes from MySQL
2025-11-03 14:48:02,517 - scripts.sync_manager - INFO - Pulling from MySQL sync_table. Last sync: 2025-10-28T06:00:02
2025-11-03 14:48:02,568 - scripts.sync_manager - INFO - Found 55 remote changes to apply
2025-11-03 14:48:02,568 - scripts.sync_manager - ERROR - Failed to apply entry 1064: Expecting value: line 1 column 1 (char 0)
Traceback (most recent call last):
  File "E:\Siri-apps\billing-app\backend\scripts\sync_manager.py", line 231, in pull_from_mysql_sync_table
    change_data = json.loads(entry['change_data'])
                  ^^^^^^^^^^^^^^^^^^^^^^^^^^^^^^^^
  File "C:\Users\Dell\AppData\Local\Programs\Python\Python312\Lib\json\__init__.py", line 346, in loads
    return _default_decoder.decode(s)
           ^^^^^^^^^^^^^^^^^^^^^^^^^^
  File "C:\Users\Dell\AppData\Local\Programs\Python\Python312\Lib\json\decoder.py", line 338, in decode
    obj, end = self.raw_decode(s, idx=_w(s, 0).end())
               ^^^^^^^^^^^^^^^^^^^^^^^^^^^^^^^^^^^^^^
  File "C:\Users\Dell\AppData\Local\Programs\Python\Python312\Lib\json\decoder.py", line 356, in raw_decode
    raise JSONDecodeError("Expecting value", s, err.value) from None
json.decoder.JSONDecodeError: Expecting value: line 1 column 1 (char 0)
2025-11-03 14:48:02,623 - scripts.sync_manager - ERROR - Failed to apply entry 1065: Expecting value: line 1 column 1 (char 0)
Traceback (most recent call last):
  File "E:\Siri-apps\billing-app\backend\scripts\sync_manager.py", line 231, in pull_from_mysql_sync_table
    change_data = json.loads(entry['change_data'])
                  ^^^^^^^^^^^^^^^^^^^^^^^^^^^^^^^^
  File "C:\Users\Dell\AppData\Local\Programs\Python\Python312\Lib\json\__init__.py", line 346, in loads
    return _default_decoder.decode(s)
           ^^^^^^^^^^^^^^^^^^^^^^^^^^
  File "C:\Users\Dell\AppData\Local\Programs\Python\Python312\Lib\json\decoder.py", line 338, in decode
    obj, end = self.raw_decode(s, idx=_w(s, 0).end())
               ^^^^^^^^^^^^^^^^^^^^^^^^^^^^^^^^^^^^^^
  File "C:\Users\Dell\AppData\Local\Programs\Python\Python312\Lib\json\decoder.py", line 356, in raw_decode
    raise JSONDecodeError("Expecting value", s, err.value) from None
json.decoder.JSONDecodeError: Expecting value: line 1 column 1 (char 0)
2025-11-03 14:48:02,656 - scripts.sync_manager - ERROR - Failed to apply entry 1066: Expecting value: line 1 column 1 (char 0)
Traceback (most recent call last):
  File "E:\Siri-apps\billing-app\backend\scripts\sync_manager.py", line 231, in pull_from_mysql_sync_table
    change_data = json.loads(entry['change_data'])
                  ^^^^^^^^^^^^^^^^^^^^^^^^^^^^^^^^
  File "C:\Users\Dell\AppData\Local\Programs\Python\Python312\Lib\json\__init__.py", line 346, in loads
    return _default_decoder.decode(s)
           ^^^^^^^^^^^^^^^^^^^^^^^^^^
  File "C:\Users\Dell\AppData\Local\Programs\Python\Python312\Lib\json\decoder.py", line 338, in decode
    obj, end = self.raw_decode(s, idx=_w(s, 0).end())
               ^^^^^^^^^^^^^^^^^^^^^^^^^^^^^^^^^^^^^^
  File "C:\Users\Dell\AppData\Local\Programs\Python\Python312\Lib\json\decoder.py", line 356, in raw_decode
    raise JSONDecodeError("Expecting value", s, err.value) from None
json.decoder.JSONDecodeError: Expecting value: line 1 column 1 (char 0)
2025-11-03 14:48:02,693 - scripts.sync_manager - ERROR - Failed to apply entry 1067: Expecting value: line 1 column 1 (char 0)
Traceback (most recent call last):
  File "E:\Siri-apps\billing-app\backend\scripts\sync_manager.py", line 231, in pull_from_mysql_sync_table
    change_data = json.loads(entry['change_data'])
                  ^^^^^^^^^^^^^^^^^^^^^^^^^^^^^^^^
  File "C:\Users\Dell\AppData\Local\Programs\Python\Python312\Lib\json\__init__.py", line 346, in loads
    return _default_decoder.decode(s)
           ^^^^^^^^^^^^^^^^^^^^^^^^^^
  File "C:\Users\Dell\AppData\Local\Programs\Python\Python312\Lib\json\decoder.py", line 338, in decode
    obj, end = self.raw_decode(s, idx=_w(s, 0).end())
               ^^^^^^^^^^^^^^^^^^^^^^^^^^^^^^^^^^^^^^
  File "C:\Users\Dell\AppData\Local\Programs\Python\Python312\Lib\json\decoder.py", line 356, in raw_decode
    raise JSONDecodeError("Expecting value", s, err.value) from None
json.decoder.JSONDecodeError: Expecting value: line 1 column 1 (char 0)
2025-11-03 14:48:02,723 - scripts.sync_manager - ERROR - Failed to apply entry 1068: Expecting value: line 1 column 1 (char 0)
Traceback (most recent call last):
  File "E:\Siri-apps\billing-app\backend\scripts\sync_manager.py", line 231, in pull_from_mysql_sync_table
    change_data = json.loads(entry['change_data'])
                  ^^^^^^^^^^^^^^^^^^^^^^^^^^^^^^^^
  File "C:\Users\Dell\AppData\Local\Programs\Python\Python312\Lib\json\__init__.py", line 346, in loads
    return _default_decoder.decode(s)
           ^^^^^^^^^^^^^^^^^^^^^^^^^^
  File "C:\Users\Dell\AppData\Local\Programs\Python\Python312\Lib\json\decoder.py", line 338, in decode
    obj, end = self.raw_decode(s, idx=_w(s, 0).end())
               ^^^^^^^^^^^^^^^^^^^^^^^^^^^^^^^^^^^^^^
  File "C:\Users\Dell\AppData\Local\Programs\Python\Python312\Lib\json\decoder.py", line 356, in raw_decode
    raise JSONDecodeError("Expecting value", s, err.value) from None
json.decoder.JSONDecodeError: Expecting value: line 1 column 1 (char 0)
2025-11-03 14:48:02,758 - scripts.sync_manager - DEBUG - Applying: Products - UPDATE - c119a802-d484-4242-823f-2cabac974a46
2025-11-03 14:48:02,758 - scripts.sync_manager - DEBUG - Applying UPDATE operation to local JSON file: E:\Siri-apps\billing-app\data\json\products.json
2025-11-03 14:48:02,758 - scripts.sync_manager - INFO - Applied UPDATE to products.json for record c119a802-d484-4242-823f-2cabac974a46
2025-11-03 14:48:02,802 - scripts.sync_manager - DEBUG - Applying: session_events - CREATE - 1
2025-11-03 14:48:02,802 - scripts.sync_manager - WARNING - No local JSON file mapping found for table name: session_events
2025-11-03 14:48:02,837 - scripts.sync_manager - DEBUG - Applying: session_events - CREATE - 1
2025-11-03 14:48:02,837 - scripts.sync_manager - WARNING - No local JSON file mapping found for table name: session_events
2025-11-03 14:48:02,871 - scripts.sync_manager - DEBUG - Applying: session_events - CREATE - c55868c9-b09f-4e53-a6fe-d16d7840ae99
2025-11-03 14:48:02,871 - scripts.sync_manager - WARNING - No local JSON file mapping found for table name: session_events
2025-11-03 14:48:02,909 - scripts.sync_manager - DEBUG - Applying: session_events - CREATE - c55868c9-b09f-4e53-a6fe-d16d7840ae99
2025-11-03 14:48:02,909 - scripts.sync_manager - WARNING - No local JSON file mapping found for table name: session_events
2025-11-03 14:48:02,943 - scripts.sync_manager - DEBUG - Applying: session_events - CREATE - c55868c9-b09f-4e53-a6fe-d16d7840ae99
2025-11-03 14:48:02,944 - scripts.sync_manager - WARNING - No local JSON file mapping found for table name: session_events
2025-11-03 14:48:02,978 - scripts.sync_manager - DEBUG - Applying: session_events - CREATE - c55868c9-b09f-4e53-a6fe-d16d7840ae99
2025-11-03 14:48:02,978 - scripts.sync_manager - WARNING - No local JSON file mapping found for table name: session_events
2025-11-03 14:48:03,013 - scripts.sync_manager - DEBUG - Applying: session_events - CREATE - c55868c9-b09f-4e53-a6fe-d16d7840ae99
2025-11-03 14:48:03,015 - scripts.sync_manager - WARNING - No local JSON file mapping found for table name: session_events
2025-11-03 14:48:03,049 - scripts.sync_manager - DEBUG - Applying: session_events - CREATE - e0d02ce4-d0c6-4132-b858-9dcc26434f20
2025-11-03 14:48:03,049 - scripts.sync_manager - WARNING - No local JSON file mapping found for table name: session_events
2025-11-03 14:48:03,083 - scripts.sync_manager - DEBUG - Applying: Products - UPDATE - c119a802-d484-4242-823f-2cabac974a46
2025-11-03 14:48:03,085 - scripts.sync_manager - DEBUG - Applying UPDATE operation to local JSON file: E:\Siri-apps\billing-app\data\json\products.json
2025-11-03 14:48:03,099 - scripts.sync_manager - INFO - Applied UPDATE to products.json for record c119a802-d484-4242-823f-2cabac974a46
2025-11-03 14:48:03,134 - scripts.sync_manager - DEBUG - Applying: Products - UPDATE - c119a802-d484-4242-823f-2cabac974a46
2025-11-03 14:48:03,135 - scripts.sync_manager - DEBUG - Applying UPDATE operation to local JSON file: E:\Siri-apps\billing-app\data\json\products.json
2025-11-03 14:48:03,150 - scripts.sync_manager - INFO - Applied UPDATE to products.json for record c119a802-d484-4242-823f-2cabac974a46
2025-11-03 14:48:03,185 - scripts.sync_manager - DEBUG - Applying: session_events - CREATE - 1
2025-11-03 14:48:03,186 - scripts.sync_manager - WARNING - No local JSON file mapping found for table name: session_events
2025-11-03 14:48:03,220 - scripts.sync_manager - DEBUG - Applying: session_events - CREATE - 1
2025-11-03 14:48:03,220 - scripts.sync_manager - WARNING - No local JSON file mapping found for table name: session_events
2025-11-03 14:48:03,259 - scripts.sync_manager - DEBUG - Applying: session_events - CREATE - 1
2025-11-03 14:48:03,260 - scripts.sync_manager - WARNING - No local JSON file mapping found for table name: session_events
2025-11-03 14:48:03,292 - scripts.sync_manager - DEBUG - Applying: session_events - CREATE - 1
2025-11-03 14:48:03,295 - scripts.sync_manager - WARNING - No local JSON file mapping found for table name: session_events
2025-11-03 14:48:03,332 - scripts.sync_manager - DEBUG - Applying: session_events - CREATE - 1
2025-11-03 14:48:03,332 - scripts.sync_manager - WARNING - No local JSON file mapping found for table name: session_events
2025-11-03 14:48:03,375 - scripts.sync_manager - DEBUG - Applying: session_events - CREATE - e0d02ce4-d0c6-4132-b858-9dcc26434f20
2025-11-03 14:48:03,375 - scripts.sync_manager - WARNING - No local JSON file mapping found for table name: session_events
2025-11-03 14:48:03,409 - scripts.sync_manager - DEBUG - Applying: session_events - CREATE - e0d02ce4-d0c6-4132-b858-9dcc26434f20
2025-11-03 14:48:03,409 - scripts.sync_manager - WARNING - No local JSON file mapping found for table name: session_events
2025-11-03 14:48:03,454 - scripts.sync_manager - DEBUG - Applying: session_events - CREATE - e0d02ce4-d0c6-4132-b858-9dcc26434f20
2025-11-03 14:48:03,454 - scripts.sync_manager - WARNING - No local JSON file mapping found for table name: session_events
2025-11-03 14:48:03,488 - scripts.sync_manager - DEBUG - Applying: session_events - CREATE - e0d02ce4-d0c6-4132-b858-9dcc26434f20
2025-11-03 14:48:03,490 - scripts.sync_manager - WARNING - No local JSON file mapping found for table name: session_events
2025-11-03 14:48:03,524 - scripts.sync_manager - DEBUG - Applying: session_events - CREATE - c55868c9-b09f-4e53-a6fe-d16d7840ae99
2025-11-03 14:48:03,524 - scripts.sync_manager - WARNING - No local JSON file mapping found for table name: session_events
2025-11-03 14:48:03,558 - scripts.sync_manager - DEBUG - Applying: session_events - CREATE - e0d02ce4-d0c6-4132-b858-9dcc26434f20
2025-11-03 14:48:03,561 - scripts.sync_manager - WARNING - No local JSON file mapping found for table name: session_events
2025-11-03 14:48:03,613 - scripts.sync_manager - DEBUG - Applying: session_events - CREATE - e0d02ce4-d0c6-4132-b858-9dcc26434f20
2025-11-03 14:48:03,616 - scripts.sync_manager - WARNING - No local JSON file mapping found for table name: session_events
2025-11-03 14:48:03,654 - scripts.sync_manager - DEBUG - Applying: session_events - CREATE - e0d02ce4-d0c6-4132-b858-9dcc26434f20
2025-11-03 14:48:03,655 - scripts.sync_manager - WARNING - No local JSON file mapping found for table name: session_events
2025-11-03 14:48:03,690 - scripts.sync_manager - DEBUG - Applying: Users - UPDATE - 8a743bb0-c443-46be-ae95-d83be20f7faf
2025-11-03 14:48:03,690 - scripts.sync_manager - DEBUG - Applying UPDATE operation to local JSON file: E:\Siri-apps\billing-app\data\json\users.json
2025-11-03 14:48:03,707 - scripts.sync_manager - INFO - Applied UPDATE to users.json for record 8a743bb0-c443-46be-ae95-d83be20f7faf
2025-11-03 14:48:03,742 - scripts.sync_manager - DEBUG - Applying: Users - UPDATE - 8a743bb0-c443-46be-ae95-d83be20f7faf
2025-11-03 14:48:03,742 - scripts.sync_manager - DEBUG - Applying UPDATE operation to local JSON file: E:\Siri-apps\billing-app\data\json\users.json
2025-11-03 14:48:03,759 - scripts.sync_manager - INFO - Applied UPDATE to users.json for record 8a743bb0-c443-46be-ae95-d83be20f7faf
2025-11-03 14:48:03,799 - scripts.sync_manager - DEBUG - Applying: Stores - DELETE - STR-1761586727634
2025-11-03 14:48:03,799 - scripts.sync_manager - DEBUG - Applying DELETE operation to local JSON file: E:\Siri-apps\billing-app\data\json\stores.json
2025-11-03 14:48:03,815 - scripts.sync_manager - INFO - Applied DELETE to stores.json for record STR-1761586727634
2025-11-03 14:48:03,844 - scripts.sync_manager - DEBUG - Applying: Users - DELETE - 551b67b7-cc13-4e0e-92ab-a76dcb7a3dc3
2025-11-03 14:48:03,844 - scripts.sync_manager - DEBUG - Applying DELETE operation to local JSON file: E:\Siri-apps\billing-app\data\json\users.json
2025-11-03 14:48:03,858 - scripts.sync_manager - INFO - Applied DELETE to users.json for record 551b67b7-cc13-4e0e-92ab-a76dcb7a3dc3
2025-11-03 14:48:03,893 - scripts.sync_manager - DEBUG - Applying: Users - DELETE - 8a743bb0-c443-46be-ae95-d83be20f7faf
2025-11-03 14:48:03,902 - scripts.sync_manager - DEBUG - Applying DELETE operation to local JSON file: E:\Siri-apps\billing-app\data\json\users.json
2025-11-03 14:48:03,907 - scripts.sync_manager - INFO - Applied DELETE to users.json for record 8a743bb0-c443-46be-ae95-d83be20f7faf
2025-11-03 14:48:03,944 - scripts.sync_manager - DEBUG - Applying: Users - DELETE - e0d02ce4-d0c6-4132-b858-9dcc26434f20
2025-11-03 14:48:03,944 - scripts.sync_manager - DEBUG - Applying DELETE operation to local JSON file: E:\Siri-apps\billing-app\data\json\users.json
2025-11-03 14:48:03,946 - scripts.sync_manager - INFO - Applied DELETE to users.json for record e0d02ce4-d0c6-4132-b858-9dcc26434f20
2025-11-03 14:48:03,988 - scripts.sync_manager - DEBUG - Applying: Users - CREATE - c9751c87-3e97-4966-b4a9-e3ab90cb4905
2025-11-03 14:48:03,990 - scripts.sync_manager - DEBUG - Applying CREATE operation to local JSON file: E:\Siri-apps\billing-app\data\json\users.json
2025-11-03 14:48:03,991 - scripts.sync_manager - INFO - Applied CREATE to users.json for record c9751c87-3e97-4966-b4a9-e3ab90cb4905
2025-11-03 14:48:04,028 - scripts.sync_manager - DEBUG - Applying: Users - UPDATE - c9751c87-3e97-4966-b4a9-e3ab90cb4905
2025-11-03 14:48:04,028 - scripts.sync_manager - DEBUG - Applying UPDATE operation to local JSON file: E:\Siri-apps\billing-app\data\json\users.json
2025-11-03 14:48:04,047 - scripts.sync_manager - INFO - Applied UPDATE to users.json for record c9751c87-3e97-4966-b4a9-e3ab90cb4905
2025-11-03 14:48:04,083 - scripts.sync_manager - DEBUG - Applying: Users - DELETE - c9751c87-3e97-4966-b4a9-e3ab90cb4905
2025-11-03 14:48:04,083 - scripts.sync_manager - DEBUG - Applying DELETE operation to local JSON file: E:\Siri-apps\billing-app\data\json\users.json
2025-11-03 14:48:04,099 - scripts.sync_manager - INFO - Applied DELETE to users.json for record c9751c87-3e97-4966-b4a9-e3ab90cb4905
2025-11-03 14:48:04,134 - scripts.sync_manager - DEBUG - Applying: Users - CREATE - 94ac1f3a-bb34-44ee-b68c-d96b3edef79d
2025-11-03 14:48:04,134 - scripts.sync_manager - DEBUG - Applying CREATE operation to local JSON file: E:\Siri-apps\billing-app\data\json\users.json
2025-11-03 14:48:04,138 - scripts.sync_manager - INFO - Applied CREATE to users.json for record 94ac1f3a-bb34-44ee-b68c-d96b3edef79d
2025-11-03 14:48:04,172 - scripts.sync_manager - DEBUG - Applying: Users - CREATE - 4fbbce4b-6c41-4964-99f5-1698a9aca500
2025-11-03 14:48:04,172 - scripts.sync_manager - DEBUG - Applying CREATE operation to local JSON file: E:\Siri-apps\billing-app\data\json\users.json
2025-11-03 14:48:04,176 - scripts.sync_manager - INFO - Applied CREATE to users.json for record 4fbbce4b-6c41-4964-99f5-1698a9aca500
2025-11-03 14:48:04,211 - scripts.sync_manager - DEBUG - Applying: Products - UPDATE - c119a802-d484-4242-823f-2cabac974a46
2025-11-03 14:48:04,211 - scripts.sync_manager - DEBUG - Applying UPDATE operation to local JSON file: E:\Siri-apps\billing-app\data\json\products.json
2025-11-03 14:48:04,212 - scripts.sync_manager - INFO - Applied UPDATE to products.json for record c119a802-d484-4242-823f-2cabac974a46
2025-11-03 14:48:04,248 - scripts.sync_manager - DEBUG - Applying: Bills - DELETE - INV-949780
2025-11-03 14:48:04,248 - scripts.sync_manager - DEBUG - Applying DELETE operation to local JSON file: E:\Siri-apps\billing-app\data\json\bills.json
2025-11-03 14:48:04,248 - scripts.sync_manager - INFO - Applied DELETE to bills.json for record INV-949780
2025-11-03 14:48:04,279 - scripts.sync_manager - DEBUG - Applying: session_events - CREATE - c55868c9-b09f-4e53-a6fe-d16d7840ae99
2025-11-03 14:48:04,279 - scripts.sync_manager - WARNING - No local JSON file mapping found for table name: session_events
2025-11-03 14:48:04,322 - scripts.sync_manager - DEBUG - Applying: session_events - CREATE - c55868c9-b09f-4e53-a6fe-d16d7840ae99
2025-11-03 14:48:04,322 - scripts.sync_manager - WARNING - No local JSON file mapping found for table name: session_events
2025-11-03 14:48:04,357 - scripts.sync_manager - DEBUG - Applying: session_events - CREATE - 94ac1f3a-bb34-44ee-b68c-d96b3edef79d
2025-11-03 14:48:04,357 - scripts.sync_manager - WARNING - No local JSON file mapping found for table name: session_events
2025-11-03 14:48:04,395 - scripts.sync_manager - DEBUG - Applying: session_events - CREATE - 94ac1f3a-bb34-44ee-b68c-d96b3edef79d
2025-11-03 14:48:04,395 - scripts.sync_manager - WARNING - No local JSON file mapping found for table name: session_events
2025-11-03 14:48:04,431 - scripts.sync_manager - DEBUG - Applying: Products - UPDATE - 5f409f0b-1035-463b-bd4c-14f67f0916a8
2025-11-03 14:48:04,431 - scripts.sync_manager - DEBUG - Applying UPDATE operation to local JSON file: E:\Siri-apps\billing-app\data\json\products.json
2025-11-03 14:48:04,447 - scripts.sync_manager - INFO - Applied UPDATE to products.json for record 5f409f0b-1035-463b-bd4c-14f67f0916a8
2025-11-03 14:48:04,482 - scripts.sync_manager - DEBUG - Applying: Products - UPDATE - c119a802-d484-4242-823f-2cabac974a46
2025-11-03 14:48:04,484 - scripts.sync_manager - DEBUG - Applying UPDATE operation to local JSON file: E:\Siri-apps\billing-app\data\json\products.json
2025-11-03 14:48:04,497 - scripts.sync_manager - INFO - Applied UPDATE to products.json for record c119a802-d484-4242-823f-2cabac974a46
2025-11-03 14:48:04,534 - scripts.sync_manager - DEBUG - Applying: Bills - CREATE - INV-295405
2025-11-03 14:48:04,534 - scripts.sync_manager - DEBUG - Applying CREATE operation to local JSON file: E:\Siri-apps\billing-app\data\json\bills.json
2025-11-03 14:48:04,535 - scripts.sync_manager - INFO - Applied CREATE to bills.json for record INV-295405
2025-11-03 14:48:04,572 - scripts.sync_manager - DEBUG - Applying: BillItems - CREATE - 1761993300761521
2025-11-03 14:48:04,572 - scripts.sync_manager - WARNING - No local JSON file mapping found for table name: BillItems
2025-11-03 14:48:04,612 - scripts.sync_manager - DEBUG - Applying: Notifications - CREATE - 1761993301217
2025-11-03 14:48:04,614 - scripts.sync_manager - DEBUG - Applying CREATE operation to local JSON file: E:\Siri-apps\billing-app\data\json\notifications.json
2025-11-03 14:48:04,614 - scripts.sync_manager - INFO - Applied CREATE to notifications.json for record 1761993301217
2025-11-03 14:48:04,649 - scripts.sync_manager - DEBUG - Applying: Products - CREATE - 2e5788c4-5cab-4357-96fe-219ef7a7833d
2025-11-03 14:48:04,650 - scripts.sync_manager - DEBUG - Applying CREATE operation to local JSON file: E:\Siri-apps\billing-app\data\json\products.json
2025-11-03 14:48:04,666 - scripts.sync_manager - INFO - Applied CREATE to products.json for record 2e5788c4-5cab-4357-96fe-219ef7a7833d
2025-11-03 14:48:04,719 - scripts.sync_manager - DEBUG - Applying: Productbarcodes - CREATE - 1762160513558784
2025-11-03 14:48:04,722 - scripts.sync_manager - WARNING - No local JSON file mapping found for table name: Productbarcodes
2025-11-03 14:48:04,758 - scripts.sync_manager - DEBUG - Applying: Users - CREATE - 17dc8e96-f909-4479-ab78-453eda736bf1
2025-11-03 14:48:04,758 - scripts.sync_manager - DEBUG - Applying CREATE operation to local JSON file: E:\Siri-apps\billing-app\data\json\users.json
2025-11-03 14:48:04,761 - scripts.sync_manager - INFO - Applied CREATE to users.json for record 17dc8e96-f909-4479-ab78-453eda736bf1
2025-11-03 14:48:04,796 - scripts.sync_manager - DEBUG - Applying: Stores - CREATE - STR-1762160885710
2025-11-03 14:48:04,800 - scripts.sync_manager - DEBUG - Applying CREATE operation to local JSON file: E:\Siri-apps\billing-app\data\json\stores.json
2025-11-03 14:48:04,814 - scripts.sync_manager - INFO - Applied CREATE to stores.json for record STR-1762160885710
2025-11-03 14:48:04,892 - scripts.sync_manager - INFO - Pull complete: 50 applied, 5 failed
2025-11-03 14:48:05,069 - scripts.sync_manager - INFO - Pull result: {'status': 'success', 'message': 'Applied 50/55 changes', 'pulled': 55, 'applied': 50, 'failed': 5}
2025-11-03 14:48:05,100 - scripts.sync_manager - INFO - === Scheduled sync cycle completed successfully ===
2025-11-03 14:51:05,642 - scripts.sync_manager - INFO - Starting background sync scheduler
2025-11-03 14:51:05,642 - scripts.sync_manager - INFO - Sync scheduler thread started
2025-11-03 14:51:05,642 - scripts.sync_manager - INFO - Background sync started successfully
2025-11-03 14:51:05,642 - scripts.sync_manager - INFO - Performing initial sync and immediate cleanup
2025-11-03 14:51:05,642 - scripts.sync_manager - INFO - Cleaning up logs older than 2025-10-04T14:51:05.642172
2025-11-03 14:51:05,849 - scripts.sync_manager - INFO - MySQL sync_table cleanup: 0 entries removed
2025-11-03 14:51:06,028 - scripts.sync_manager - INFO - === Starting scheduled sync cycle ===
2025-11-03 14:51:06,028 - scripts.sync_manager - INFO - Step 1: Pushing pending logs to MySQL
2025-11-03 14:51:06,033 - scripts.sync_manager - INFO - No pending sync logs to process
2025-11-03 14:51:06,033 - scripts.sync_manager - INFO - Push result: {'status': 'success', 'message': 'No pending logs', 'processed': 0, 'failed': 0}
2025-11-03 14:51:06,033 - scripts.sync_manager - INFO - Step 2: Pulling remote changes from MySQL
2025-11-03 14:51:06,145 - scripts.sync_manager - INFO - Pulling from MySQL sync_table. Last sync: 2025-11-03T09:08:05
2025-11-03 14:51:06,185 - scripts.sync_manager - INFO - No new remote changes to pull
2025-11-03 14:51:06,377 - scripts.sync_manager - INFO - Pull result: {'status': 'success', 'message': 'No new entries', 'pulled': 0}
2025-11-03 14:51:06,434 - scripts.sync_manager - INFO - === Scheduled sync cycle completed successfully ===
2025-11-03 14:53:26,494 - scripts.sync_manager - INFO - Starting background sync scheduler
2025-11-03 14:53:26,669 - scripts.sync_manager - INFO - Sync scheduler thread started
2025-11-03 14:53:26,669 - scripts.sync_manager - INFO - Background sync started successfully
2025-11-03 14:53:26,669 - scripts.sync_manager - INFO - Performing initial sync and immediate cleanup
2025-11-03 14:53:26,671 - scripts.sync_manager - INFO - Cleaning up logs older than 2025-10-04T14:53:26.671160
2025-11-03 14:53:26,875 - scripts.sync_manager - INFO - MySQL sync_table cleanup: 0 entries removed
2025-11-03 14:53:27,123 - scripts.sync_manager - INFO - === Starting scheduled sync cycle ===
2025-11-03 14:53:27,146 - scripts.sync_manager - INFO - Step 1: Pushing pending logs to MySQL
2025-11-03 14:53:27,163 - scripts.sync_manager - INFO - No pending sync logs to process
2025-11-03 14:53:27,175 - scripts.sync_manager - INFO - Push result: {'status': 'success', 'message': 'No pending logs', 'processed': 0, 'failed': 0}
2025-11-03 14:53:27,241 - scripts.sync_manager - INFO - Step 2: Pulling remote changes from MySQL
2025-11-03 14:53:27,453 - scripts.sync_manager - INFO - Pulling from MySQL sync_table. Last sync: 2025-11-03T09:08:05
2025-11-03 14:53:27,635 - scripts.sync_manager - INFO - No new remote changes to pull
2025-11-03 14:53:27,844 - scripts.sync_manager - INFO - Pull result: {'status': 'success', 'message': 'No new entries', 'pulled': 0}
2025-11-03 14:53:28,015 - scripts.sync_manager - INFO - === Scheduled sync cycle completed successfully ===
2025-11-03 14:54:41,090 - scripts.sync_manager - INFO - Starting background sync scheduler
2025-11-03 14:54:41,090 - scripts.sync_manager - INFO - Sync scheduler thread started
2025-11-03 14:54:41,090 - scripts.sync_manager - INFO - Background sync started successfully
2025-11-03 14:54:41,095 - scripts.sync_manager - INFO - Performing initial sync and immediate cleanup
2025-11-03 14:54:41,099 - scripts.sync_manager - INFO - Cleaning up logs older than 2025-10-04T14:54:41.099359
2025-11-03 14:54:41,291 - scripts.sync_manager - INFO - MySQL sync_table cleanup: 0 entries removed
2025-11-03 14:54:41,477 - scripts.sync_manager - INFO - === Starting scheduled sync cycle ===
2025-11-03 14:54:41,477 - scripts.sync_manager - INFO - Step 1: Pushing pending logs to MySQL
2025-11-03 14:54:41,479 - scripts.sync_manager - INFO - No pending sync logs to process
2025-11-03 14:54:41,480 - scripts.sync_manager - INFO - Push result: {'status': 'success', 'message': 'No pending logs', 'processed': 0, 'failed': 0}
2025-11-03 14:54:41,480 - scripts.sync_manager - INFO - Step 2: Pulling remote changes from MySQL
2025-11-03 14:54:41,584 - scripts.sync_manager - INFO - Pulling from MySQL sync_table. Last sync: 2025-11-03T09:08:05. Table: All, Full Pull: False
2025-11-03 14:54:41,620 - scripts.sync_manager - INFO - No new changes to pull
2025-11-03 14:54:41,801 - scripts.sync_manager - INFO - Pull result: {'status': 'success', 'message': 'No new entries', 'pulled': 0}
2025-11-03 14:54:41,851 - scripts.sync_manager - INFO - === Scheduled sync cycle completed successfully ===
2025-11-03 15:00:17,495 - scripts.sync_manager - INFO - === Starting scheduled sync cycle ===
2025-11-03 15:00:17,495 - scripts.sync_manager - INFO - Step 1: Pushing pending logs to MySQL
2025-11-03 15:00:17,495 - scripts.sync_manager - INFO - No pending sync logs to process
2025-11-03 15:00:17,495 - scripts.sync_manager - INFO - Push result: {'status': 'success', 'message': 'No pending logs', 'processed': 0, 'failed': 0}
2025-11-03 15:00:17,495 - scripts.sync_manager - INFO - Step 2: Pulling remote changes from MySQL
2025-11-03 15:00:17,901 - scripts.sync_manager - INFO - Pulling from MySQL sync_table. Last sync: 2025-11-03T09:08:05
2025-11-03 15:00:17,942 - scripts.sync_manager - INFO - No new remote changes to pull
2025-11-03 15:00:18,126 - scripts.sync_manager - INFO - Pull result: {'status': 'success', 'message': 'No new entries', 'pulled': 0}
2025-11-03 15:00:18,171 - scripts.sync_manager - INFO - === Scheduled sync cycle completed successfully ===
2025-11-03 15:00:18,171 - scripts.sync_manager - INFO - No failed logs to retry
2025-11-03 15:05:44,948 - scripts.sync_manager - INFO - Starting background sync scheduler
2025-11-03 15:05:44,948 - scripts.sync_manager - INFO - Sync scheduler thread started
2025-11-03 15:05:44,948 - scripts.sync_manager - INFO - Background sync started successfully
2025-11-03 15:05:44,948 - scripts.sync_manager - INFO - Performing initial sync and immediate cleanup
2025-11-03 15:05:44,957 - scripts.sync_manager - INFO - Cleaning up logs older than 2025-10-04T15:05:44.957927
2025-11-03 15:05:45,139 - scripts.sync_manager - INFO - MySQL sync_table cleanup: 0 entries removed
2025-11-03 15:05:45,317 - scripts.sync_manager - INFO - === Starting scheduled sync cycle ===
2025-11-03 15:05:45,317 - scripts.sync_manager - INFO - Step 1: Pushing pending logs to MySQL
2025-11-03 15:05:45,330 - scripts.sync_manager - INFO - No pending sync logs to process
2025-11-03 15:05:45,330 - scripts.sync_manager - INFO - Push result: {'status': 'success', 'message': 'No pending logs', 'processed': 0, 'failed': 0}
2025-11-03 15:05:45,330 - scripts.sync_manager - INFO - Step 2: Pulling remote changes from MySQL
2025-11-03 15:05:45,429 - scripts.sync_manager - INFO - Pulling from MySQL sync_table. Last sync: 2025-11-03T09:08:05. Table: All, Full Pull: False
2025-11-03 15:05:45,467 - scripts.sync_manager - INFO - No new changes to pull
2025-11-03 15:05:45,643 - scripts.sync_manager - INFO - Pull result: {'status': 'success', 'message': 'No new entries', 'pulled': 0}
2025-11-03 15:05:45,669 - scripts.sync_manager - INFO - === Scheduled sync cycle completed successfully ===
2025-11-03 15:07:06,766 - scripts.sync_manager - INFO - Starting background sync scheduler
2025-11-03 15:07:06,921 - scripts.sync_manager - INFO - Sync scheduler thread started
2025-11-03 15:07:06,922 - scripts.sync_manager - INFO - Performing initial sync and immediate cleanup
2025-11-03 15:07:06,922 - scripts.sync_manager - INFO - Cleaning up logs older than 2025-10-04T15:07:06.922598
2025-11-03 15:07:06,922 - scripts.sync_manager - INFO - Background sync started successfully
2025-11-03 15:07:07,131 - scripts.sync_manager - INFO - MySQL sync_table cleanup: 0 entries removed
2025-11-03 15:07:07,351 - scripts.sync_manager - INFO - === Starting scheduled sync cycle ===
2025-11-03 15:07:07,370 - scripts.sync_manager - INFO - Step 1: Pushing pending logs to MySQL
2025-11-03 15:07:07,391 - scripts.sync_manager - INFO - No pending sync logs to process
2025-11-03 15:07:07,406 - scripts.sync_manager - INFO - Push result: {'status': 'success', 'message': 'No pending logs', 'processed': 0, 'failed': 0}
2025-11-03 15:07:07,406 - scripts.sync_manager - INFO - Step 2: Pulling remote changes from MySQL
2025-11-03 15:07:07,524 - scripts.sync_manager - INFO - Pulling from MySQL sync_table. Last sync: 2025-11-03T09:08:05. Table: All, Full Pull: False
2025-11-03 15:07:07,561 - scripts.sync_manager - INFO - No new changes to pull
2025-11-03 15:07:07,738 - scripts.sync_manager - INFO - Pull result: {'status': 'success', 'message': 'No new entries', 'pulled': 0}
2025-11-03 15:07:07,774 - scripts.sync_manager - INFO - === Scheduled sync cycle completed successfully ===
2025-11-03 15:14:25,868 - scripts.sync_manager - INFO - Logged CRUD operation: Notifications - UPDATE - all
2025-11-03 15:15:18,192 - scripts.sync_manager - INFO - === Starting scheduled sync cycle ===
2025-11-03 15:15:18,192 - scripts.sync_manager - INFO - Step 1: Pushing pending logs to MySQL
2025-11-03 15:15:18,192 - scripts.sync_manager - INFO - Processing 1 pending sync logs
2025-11-03 15:15:18,199 - scripts.sync_manager - INFO - Processing log ID 97: Notifications - UPDATE - all
2025-11-03 15:15:18,676 - scripts.sync_manager - INFO - UPDATE operation on Notifications for all successful
2025-11-03 15:15:18,884 - scripts.sync_manager - INFO - Successfully processed log ID 97
2025-11-03 15:15:18,900 - scripts.sync_manager - INFO - Finished processing: 1 processed, 0 failed
2025-11-03 15:15:18,900 - scripts.sync_manager - INFO - Push result: {'status': 'success', 'message': 'Processed 1 logs, 0 failed', 'processed': 1, 'failed': 0}
2025-11-03 15:15:18,901 - scripts.sync_manager - INFO - Step 2: Pulling remote changes from MySQL
2025-11-03 15:15:19,266 - scripts.sync_manager - INFO - Pulling from MySQL sync_table. Last sync: 2025-11-03T09:08:05
2025-11-03 15:15:19,304 - scripts.sync_manager - INFO - No new remote changes to pull
2025-11-03 15:15:19,475 - scripts.sync_manager - INFO - Pull result: {'status': 'success', 'message': 'No new entries', 'pulled': 0}
2025-11-03 15:15:19,530 - scripts.sync_manager - INFO - === Scheduled sync cycle completed successfully ===
2025-11-03 15:15:19,531 - scripts.sync_manager - INFO - No failed logs to retry
2025-11-03 15:19:48,767 - scripts.sync_manager - INFO - Starting background sync scheduler
2025-11-03 15:19:48,794 - scripts.sync_manager - INFO - Sync scheduler thread started
2025-11-03 15:19:48,794 - scripts.sync_manager - INFO - Background sync started successfully
2025-11-03 15:19:48,794 - scripts.sync_manager - INFO - Performing initial sync and immediate cleanup
2025-11-03 15:19:48,796 - scripts.sync_manager - INFO - Cleaning up logs older than 2025-10-04T15:19:48.796910
2025-11-03 15:19:49,003 - scripts.sync_manager - INFO - MySQL sync_table cleanup: 0 entries removed
2025-11-03 15:19:49,211 - scripts.sync_manager - INFO - === Starting scheduled sync cycle ===
2025-11-03 15:19:49,212 - scripts.sync_manager - INFO - Step 1: Pushing pending logs to MySQL
2025-11-03 15:19:49,231 - scripts.sync_manager - INFO - No pending sync logs to process
2025-11-03 15:19:49,231 - scripts.sync_manager - INFO - Push result: {'status': 'success', 'message': 'No pending logs', 'processed': 0, 'failed': 0}
2025-11-03 15:19:49,231 - scripts.sync_manager - INFO - Step 2: Pulling remote changes from MySQL
2025-11-03 15:19:49,341 - scripts.sync_manager - INFO - Pulling from MySQL sync_table. Last sync: 2025-11-03T09:08:05. Table: All, Full Pull: False
2025-11-03 15:19:49,377 - scripts.sync_manager - INFO - Found 1 changes to apply
2025-11-03 15:19:49,379 - scripts.sync_manager - DEBUG - Applying: Notifications - UPDATE - all
2025-11-03 15:19:49,379 - scripts.sync_manager - DEBUG - Applying UPDATE operation to local JSON file: E:\Siri-apps\billing-app\data\json\notifications.json
2025-11-03 15:19:49,379 - scripts.sync_manager - INFO - Applied UPDATE to notifications.json for record None
2025-11-03 15:19:49,459 - scripts.sync_manager - INFO - Pull complete: 1 applied, 0 failed
2025-11-03 15:19:49,662 - scripts.sync_manager - INFO - Pull result: {'status': 'success', 'message': 'Applied 1/1 changes', 'pulled': 1, 'applied': 1, 'failed': 0}
2025-11-03 15:19:49,693 - scripts.sync_manager - INFO - === Scheduled sync cycle completed successfully ===
2025-11-03 15:20:30,554 - scripts.sync_manager - INFO - Starting background sync scheduler
2025-11-03 15:20:30,766 - scripts.sync_manager - INFO - Sync scheduler thread started
2025-11-03 15:20:30,766 - scripts.sync_manager - INFO - Performing initial sync and immediate cleanup
2025-11-03 15:20:30,766 - scripts.sync_manager - INFO - Cleaning up logs older than 2025-10-04T15:20:30.766728
2025-11-03 15:20:30,770 - scripts.sync_manager - INFO - Background sync started successfully
2025-11-03 15:20:30,959 - scripts.sync_manager - INFO - MySQL sync_table cleanup: 0 entries removed
2025-11-03 15:20:31,141 - scripts.sync_manager - INFO - === Starting scheduled sync cycle ===
2025-11-03 15:20:31,402 - scripts.sync_manager - INFO - Step 1: Pushing pending logs to MySQL
2025-11-03 15:20:31,461 - scripts.sync_manager - INFO - No pending sync logs to process
2025-11-03 15:20:31,461 - scripts.sync_manager - INFO - Push result: {'status': 'success', 'message': 'No pending logs', 'processed': 0, 'failed': 0}
2025-11-03 15:20:31,461 - scripts.sync_manager - INFO - Step 2: Pulling remote changes from MySQL
2025-11-03 15:20:31,571 - scripts.sync_manager - INFO - Pulling from MySQL sync_table. Last sync: 2025-11-03T09:44:24. Table: All, Full Pull: False
2025-11-03 15:20:31,610 - scripts.sync_manager - INFO - No new changes to pull
2025-11-03 15:20:31,815 - scripts.sync_manager - INFO - Pull result: {'status': 'success', 'message': 'No new entries', 'pulled': 0}
2025-11-03 15:20:31,903 - scripts.sync_manager - INFO - === Scheduled sync cycle completed successfully ===
2025-11-03 15:20:54,921 - scripts.sync_manager - INFO - Starting background sync scheduler
2025-11-03 15:20:54,941 - scripts.sync_manager - INFO - Sync scheduler thread started
2025-11-03 15:20:54,941 - scripts.sync_manager - INFO - Background sync started successfully
2025-11-03 15:20:54,943 - scripts.sync_manager - INFO - Performing initial sync and immediate cleanup
2025-11-03 15:20:54,945 - scripts.sync_manager - INFO - Cleaning up logs older than 2025-10-04T15:20:54.945609
2025-11-03 15:20:55,165 - scripts.sync_manager - INFO - MySQL sync_table cleanup: 0 entries removed
2025-11-03 15:20:55,408 - scripts.sync_manager - INFO - === Starting scheduled sync cycle ===
2025-11-03 15:20:55,581 - scripts.sync_manager - INFO - Step 1: Pushing pending logs to MySQL
2025-11-03 15:20:55,604 - scripts.sync_manager - INFO - No pending sync logs to process
2025-11-03 15:20:55,605 - scripts.sync_manager - INFO - Push result: {'status': 'success', 'message': 'No pending logs', 'processed': 0, 'failed': 0}
2025-11-03 15:20:55,605 - scripts.sync_manager - INFO - Step 2: Pulling remote changes from MySQL
2025-11-03 15:20:55,719 - scripts.sync_manager - INFO - Pulling from MySQL sync_table. Last sync: 2025-11-03T09:44:24. Table: All, Full Pull: False
2025-11-03 15:20:55,881 - scripts.sync_manager - INFO - No new changes to pull
2025-11-03 15:20:56,146 - scripts.sync_manager - INFO - Pull result: {'status': 'success', 'message': 'No new entries', 'pulled': 0}
2025-11-03 15:20:56,860 - scripts.sync_manager - INFO - === Scheduled sync cycle completed successfully ===
2025-11-03 15:24:44,018 - scripts.sync_manager - INFO - Starting background sync scheduler
2025-11-03 15:24:44,018 - scripts.sync_manager - INFO - Sync scheduler thread started
2025-11-03 15:24:44,018 - scripts.sync_manager - INFO - Background sync started successfully
2025-11-03 15:24:44,018 - scripts.sync_manager - INFO - Performing initial sync and immediate cleanup
2025-11-03 15:24:44,018 - scripts.sync_manager - INFO - Cleaning up logs older than 2025-10-04T15:24:44.018020
2025-11-03 15:24:44,228 - scripts.sync_manager - INFO - MySQL sync_table cleanup: 0 entries removed
2025-11-03 15:24:44,403 - scripts.sync_manager - INFO - === Starting scheduled sync cycle ===
2025-11-03 15:24:44,403 - scripts.sync_manager - INFO - Step 1: Pushing pending logs to MySQL
2025-11-03 15:24:44,422 - scripts.sync_manager - INFO - No pending sync logs to process
2025-11-03 15:24:44,422 - scripts.sync_manager - INFO - Push result: {'status': 'success', 'message': 'No pending logs', 'processed': 0, 'failed': 0}
2025-11-03 15:24:44,422 - scripts.sync_manager - INFO - Step 2: Pulling remote changes from MySQL
2025-11-03 15:24:44,529 - scripts.sync_manager - INFO - Pulling from MySQL sync_table. Last sync: 2025-11-03T09:44:24. Table: All, Full Pull: False
2025-11-03 15:24:44,569 - scripts.sync_manager - INFO - No new changes to pull
2025-11-03 15:24:44,752 - scripts.sync_manager - INFO - Pull result: {'status': 'success', 'message': 'No new entries', 'pulled': 0}
2025-11-03 15:24:44,783 - scripts.sync_manager - INFO - === Scheduled sync cycle completed successfully ===
2025-11-03 15:24:49,765 - scripts.sync_manager - INFO - Starting background sync scheduler
2025-11-03 15:24:49,765 - scripts.sync_manager - INFO - Sync scheduler thread started
2025-11-03 15:24:49,765 - scripts.sync_manager - INFO - Background sync started successfully
2025-11-03 15:24:49,765 - scripts.sync_manager - INFO - Performing initial sync and immediate cleanup
2025-11-03 15:24:49,766 - scripts.sync_manager - INFO - Cleaning up logs older than 2025-10-04T15:24:49.766783
2025-11-03 15:24:49,961 - scripts.sync_manager - INFO - MySQL sync_table cleanup: 0 entries removed
2025-11-03 15:24:50,145 - scripts.sync_manager - INFO - === Starting scheduled sync cycle ===
2025-11-03 15:24:50,145 - scripts.sync_manager - INFO - Step 1: Pushing pending logs to MySQL
2025-11-03 15:24:50,147 - scripts.sync_manager - INFO - No pending sync logs to process
2025-11-03 15:24:50,147 - scripts.sync_manager - INFO - Push result: {'status': 'success', 'message': 'No pending logs', 'processed': 0, 'failed': 0}
2025-11-03 15:24:50,147 - scripts.sync_manager - INFO - Step 2: Pulling remote changes from MySQL
2025-11-03 15:24:50,261 - scripts.sync_manager - INFO - Pulling from MySQL sync_table. Last sync: 2025-11-03T09:44:24. Table: All, Full Pull: False
2025-11-03 15:24:50,299 - scripts.sync_manager - INFO - No new changes to pull
2025-11-03 15:24:50,489 - scripts.sync_manager - INFO - Pull result: {'status': 'success', 'message': 'No new entries', 'pulled': 0}
2025-11-03 15:24:50,512 - scripts.sync_manager - INFO - === Scheduled sync cycle completed successfully ===
2025-11-03 15:27:11,570 - scripts.sync_manager - INFO - Pulling from MySQL sync_table. Last sync: 2025-11-03T09:44:24. Table: All, Full Pull: False
2025-11-03 15:27:11,605 - scripts.sync_manager - INFO - No new changes to pull
2025-11-03 15:29:41,386 - scripts.sync_manager - INFO - Background sync process stopped
2025-11-03 15:29:44,790 - scripts.sync_manager - INFO - Sync scheduler thread stopped
2025-11-03 15:29:44,790 - scripts.sync_manager - INFO - Background sync process stopped
2025-11-03 15:40:14,969 - scripts.sync_manager - INFO - Starting background sync scheduler
2025-11-03 15:40:14,970 - scripts.sync_manager - INFO - Sync scheduler thread started
2025-11-03 15:40:14,970 - scripts.sync_manager - INFO - Background sync started successfully
2025-11-03 15:40:14,970 - scripts.sync_manager - INFO - Performing initial sync and immediate cleanup
2025-11-03 15:40:14,970 - scripts.sync_manager - INFO - Cleaning up logs older than 2025-10-04T15:40:14.970612
2025-11-03 15:40:15,222 - scripts.sync_manager - INFO - MySQL sync_table cleanup: 0 entries removed
2025-11-03 15:40:15,420 - scripts.sync_manager - INFO - === Starting scheduled sync cycle ===
2025-11-03 15:40:15,420 - scripts.sync_manager - INFO - Step 1: Pushing pending logs to MySQL
2025-11-03 15:40:15,485 - scripts.sync_manager - INFO - No pending sync logs to process
2025-11-03 15:40:15,485 - scripts.sync_manager - INFO - Push result: {'status': 'success', 'message': 'No pending logs', 'processed': 0, 'failed': 0}
2025-11-03 15:40:15,486 - scripts.sync_manager - INFO - Step 2: Pulling remote changes from MySQL
2025-11-03 15:40:15,599 - scripts.sync_manager - INFO - Pulling from MySQL sync_table. Last sync: 2025-11-03T09:44:24. Table: All, Full Pull: False
2025-11-03 15:40:15,636 - scripts.sync_manager - INFO - No new changes to pull
2025-11-03 15:40:15,816 - scripts.sync_manager - INFO - Pull result: {'status': 'success', 'message': 'No new entries', 'pulled': 0}
2025-11-03 15:40:15,888 - scripts.sync_manager - INFO - === Scheduled sync cycle completed successfully ===
2025-11-03 15:40:20,654 - scripts.sync_manager - INFO - Starting background sync scheduler
2025-11-03 15:40:20,654 - scripts.sync_manager - INFO - Sync scheduler thread started
2025-11-03 15:40:20,654 - scripts.sync_manager - INFO - Background sync started successfully
2025-11-03 15:40:20,654 - scripts.sync_manager - INFO - Performing initial sync and immediate cleanup
2025-11-03 15:40:20,669 - scripts.sync_manager - INFO - Cleaning up logs older than 2025-10-04T15:40:20.669932
2025-11-03 15:40:20,876 - scripts.sync_manager - INFO - MySQL sync_table cleanup: 0 entries removed
2025-11-03 15:40:21,063 - scripts.sync_manager - INFO - === Starting scheduled sync cycle ===
2025-11-03 15:40:21,063 - scripts.sync_manager - INFO - Step 1: Pushing pending logs to MySQL
2025-11-03 15:40:21,065 - scripts.sync_manager - INFO - No pending sync logs to process
2025-11-03 15:40:21,065 - scripts.sync_manager - INFO - Push result: {'status': 'success', 'message': 'No pending logs', 'processed': 0, 'failed': 0}
2025-11-03 15:40:21,066 - scripts.sync_manager - INFO - Step 2: Pulling remote changes from MySQL
2025-11-03 15:40:21,168 - scripts.sync_manager - INFO - Pulling from MySQL sync_table. Last sync: 2025-11-03T09:44:24. Table: All, Full Pull: False
2025-11-03 15:40:21,217 - scripts.sync_manager - INFO - No new changes to pull
2025-11-03 15:40:21,401 - scripts.sync_manager - INFO - Pull result: {'status': 'success', 'message': 'No new entries', 'pulled': 0}
2025-11-03 15:40:21,424 - scripts.sync_manager - INFO - === Scheduled sync cycle completed successfully ===
2025-11-03 15:40:28,135 - scripts.sync_manager - INFO - Pulling from MySQL sync_table. Last sync: 2025-11-03T09:44:24. Table: All, Full Pull: False
2025-11-03 15:40:28,178 - scripts.sync_manager - INFO - No new changes to pull
2025-11-03 15:41:04,985 - scripts.sync_manager - INFO - Background sync process stopped
2025-11-03 15:41:10,094 - scripts.sync_manager - INFO - Background sync process stopped
