2025-11-05 22:55:12,115 - scripts.sync_manager - INFO - Created directory: E:\Siri-apps\billing-app\backend\data\json
2025-11-05 22:55:17,946 - scripts.sync_manager - INFO - Starting background sync scheduler
2025-11-05 22:55:17,946 - scripts.sync_manager - INFO - Sync scheduler thread started
2025-11-05 22:55:17,946 - scripts.sync_manager - INFO - Background sync started successfully
2025-11-05 22:55:17,946 - scripts.sync_manager - INFO - Performing initial sync and immediate cleanup
2025-11-05 22:55:17,946 - scripts.sync_manager - INFO - Cleaning up logs older than 2025-10-06T22:55:17.946183
2025-11-05 22:55:18,138 - scripts.sync_manager - INFO - MySQL sync_table cleanup: 0 entries removed
2025-11-05 22:55:18,325 - scripts.sync_manager - INFO - === Starting scheduled sync cycle ===
2025-11-05 22:55:18,325 - scripts.sync_manager - INFO - Step 1: Pushing pending logs to MySQL
2025-11-05 22:55:18,325 - scripts.sync_manager - INFO - No pending sync logs to process
2025-11-05 22:55:18,326 - scripts.sync_manager - INFO - Push result: {'status': 'success', 'message': 'No pending logs', 'processed': 0, 'failed': 0}
2025-11-05 22:55:18,326 - scripts.sync_manager - INFO - Step 2: Pulling remote changes from MySQL
2025-11-05 22:55:18,448 - scripts.sync_manager - INFO - Pulling from MySQL sync_table. Last sync: 2025-11-05T22:55:17.755169. Table: All, Full Pull: False
2025-11-05 22:55:18,489 - scripts.sync_manager - INFO - No new changes to pull
2025-11-05 22:55:18,670 - scripts.sync_manager - INFO - Pull result: {'status': 'success', 'message': 'No new entries', 'pulled': 0}
2025-11-05 22:55:18,673 - scripts.sync_manager - INFO - === Scheduled sync cycle completed successfully ===
2025-11-05 22:55:23,335 - scripts.sync_manager - INFO - Starting background sync scheduler
2025-11-05 22:55:23,335 - scripts.sync_manager - INFO - Sync scheduler thread started
2025-11-05 22:55:23,337 - scripts.sync_manager - INFO - Background sync started successfully
2025-11-05 22:55:23,337 - scripts.sync_manager - INFO - Performing initial sync and immediate cleanup
2025-11-05 22:55:23,337 - scripts.sync_manager - INFO - Cleaning up logs older than 2025-10-06T22:55:23.337015
2025-11-05 22:55:23,519 - scripts.sync_manager - INFO - MySQL sync_table cleanup: 0 entries removed
2025-11-05 22:55:23,698 - scripts.sync_manager - INFO - === Starting scheduled sync cycle ===
2025-11-05 22:55:23,698 - scripts.sync_manager - INFO - Step 1: Pushing pending logs to MySQL
2025-11-05 22:55:23,698 - scripts.sync_manager - INFO - No pending sync logs to process
2025-11-05 22:55:23,698 - scripts.sync_manager - INFO - Push result: {'status': 'success', 'message': 'No pending logs', 'processed': 0, 'failed': 0}
2025-11-05 22:55:23,698 - scripts.sync_manager - INFO - Step 2: Pulling remote changes from MySQL
2025-11-05 22:55:23,808 - scripts.sync_manager - INFO - Pulling from MySQL sync_table. Last sync: 2025-11-05T22:55:17.755169. Table: All, Full Pull: False
2025-11-05 22:55:23,843 - scripts.sync_manager - INFO - No new changes to pull
2025-11-05 22:55:24,014 - scripts.sync_manager - INFO - Pull result: {'status': 'success', 'message': 'No new entries', 'pulled': 0}
2025-11-05 22:55:24,030 - scripts.sync_manager - INFO - === Scheduled sync cycle completed successfully ===
2025-11-05 22:58:19,149 - scripts.sync_manager - INFO - Background sync process stopped
2025-11-05 22:58:24,232 - scripts.sync_manager - INFO - Background sync process stopped
