2025-07-30T06:32:48.365Z - New product created: ering (ID: 1753857168362)
2025-07-30T10:22:31.207Z - Product deleted: necklace (ID: 1753869541137)
2025-07-30T10:22:49.477Z - New product created: necklace (ID: 1753870969476)
2025-08-10T13:57:07.570Z - New product created: red bangles (ID: 1754834227568)
2025-08-10T13:58:51.382Z - Product updated: red bangles (ID: 1754834227568)
2025-08-10T14:03:23.374Z - Product deleted: red bangles (ID: 1754834227568)
2025-08-10T14:05:50.398Z - New product created: blue diamond rings (ID: 1754834750396)
2025-08-10T14:09:13.741Z - Product deleted: blue diamond rings (ID: 1754834750396)
2025-08-10T14:09:37.952Z - New product created: blue diamond rings (ID: 1754834977951)
2025-08-10T14:23:03.254Z - Product deleted: blue diamond rings (ID: 1754834977951)
2025-08-10T14:27:18.856Z - New product created: blue diamond rings (ID: 1754836038854)
2025-08-10T14:27:53.634Z - Product deleted: blue diamond rings (ID: 1754836038854)
2025-08-10T14:37:03.922Z - New product created: blue diamond rings (ID: 1754836623918)
2025-08-10T14:37:35.858Z - Product deleted: blue diamond rings (ID: 1754836623918)
2025-08-10T14:41:33.467Z - New product created: blue diamond rings (ID: 1754836893464)
2025-08-10T14:42:08.204Z - Product deleted: blue diamond rings (ID: 1754836893464)
2025-08-10T14:57:36.943Z - New product created: blue diamond rings (ID: 1754837856936)
2025-08-10T14:57:56.596Z - Product deleted: blue diamond rings (ID: 1754837856936)
2025-08-12T12:15:04.232Z - Stock updated for product 1753870969476: new stock 49
2025-08-12T12:15:04.232Z - Stock updated for product 1753857168362: new stock 58
2025-08-12T12:15:04.232Z - Stock updated for product 1753777414835: new stock 128
2025-08-12T12:15:11.817Z - Product updated: necklace (ID: 1753870969476)
2025-08-12T12:15:12.416Z - Product updated: ering (ID: 1753857168362)
2025-08-12T12:15:13.060Z - Product updated: ring (ID: 1753777414835)
2025-08-12T13:13:28.962Z - Stock updated for product 1753777414835: new stock 127
2025-08-12T13:13:28.963Z - Stock updated for product 1753857168362: new stock 57
2025-08-12T13:13:28.963Z - Stock updated for product 1753870969476: new stock 47
2025-08-12T13:13:32.298Z - Product updated: ring (ID: 1753777414835)
2025-08-12T13:13:34.560Z - Product updated: necklace (ID: 1753870969476)
2025-08-12T13:16:23.193Z - Stock updated for product 1753777414835: new stock 126
2025-08-12T13:16:23.193Z - Stock updated for product 1753857168362: new stock 56
2025-08-12T13:16:23.193Z - Stock updated for product 1753870969476: new stock 46
2025-08-12T13:16:24.557Z - Product updated: ring (ID: 1753777414835)
2025-08-12T13:16:25.028Z - Product updated: ering (ID: 1753857168362)
2025-08-12T13:16:25.314Z - Product updated: necklace (ID: 1753870969476)
