2025-11-05 17:16:38,587 - scripts.sync_manager - INFO - Starting background sync scheduler
2025-11-05 17:16:38,587 - scripts.sync_manager - INFO - Sync scheduler thread started
2025-11-05 17:16:38,587 - scripts.sync_manager - INFO - Background sync started successfully
2025-11-05 17:16:38,587 - scripts.sync_manager - INFO - Performing initial sync and immediate cleanup
2025-11-05 17:16:38,587 - scripts.sync_manager - INFO - Cleaning up logs older than 2025-10-06T17:16:38.587784
2025-11-05 17:16:38,863 - scripts.sync_manager - INFO - MySQL sync_table cleanup: 0 entries removed
2025-11-05 17:16:39,042 - scripts.sync_manager - INFO - === Starting scheduled sync cycle ===
2025-11-05 17:16:39,042 - scripts.sync_manager - INFO - Step 1: Pushing pending logs to MySQL
2025-11-05 17:16:39,047 - scripts.sync_manager - INFO - No pending sync logs to process
2025-11-05 17:16:39,047 - scripts.sync_manager - INFO - Push result: {'status': 'success', 'message': 'No pending logs', 'processed': 0, 'failed': 0}
2025-11-05 17:16:39,047 - scripts.sync_manager - INFO - Step 2: Pulling remote changes from MySQL
2025-11-05 17:16:39,528 - scripts.sync_manager - INFO - Pulling from MySQL sync_table. Last sync: Never. Table: All, Full Pull: False
2025-11-05 17:16:39,575 - scripts.sync_manager - INFO - Found 34 changes to apply
2025-11-05 17:16:39,575 - scripts.sync_manager - DEBUG - Applying: session_events - CREATE - c55868c9-b09f-4e53-a6fe-d16d7840ae99
2025-11-05 17:16:39,575 - scripts.sync_manager - WARNING - No local JSON file mapping found for table name: session_events
2025-11-05 17:16:39,622 - scripts.sync_manager - DEBUG - Applying: session_events - CREATE - 94ac1f3a-bb34-44ee-b68c-d96b3edef79d
2025-11-05 17:16:39,622 - scripts.sync_manager - WARNING - No local JSON file mapping found for table name: session_events
2025-11-05 17:16:39,662 - scripts.sync_manager - DEBUG - Applying: session_events - CREATE - 94ac1f3a-bb34-44ee-b68c-d96b3edef79d
2025-11-05 17:16:39,663 - scripts.sync_manager - WARNING - No local JSON file mapping found for table name: session_events
2025-11-05 17:16:39,701 - scripts.sync_manager - DEBUG - Applying: session_events - CREATE - 94ac1f3a-bb34-44ee-b68c-d96b3edef79d
2025-11-05 17:16:39,701 - scripts.sync_manager - WARNING - No local JSON file mapping found for table name: session_events
2025-11-05 17:16:39,742 - scripts.sync_manager - DEBUG - Applying: session_events - CREATE - 94ac1f3a-bb34-44ee-b68c-d96b3edef79d
2025-11-05 17:16:39,742 - scripts.sync_manager - WARNING - No local JSON file mapping found for table name: session_events
2025-11-05 17:16:39,782 - scripts.sync_manager - DEBUG - Applying: session_events - CREATE - 94ac1f3a-bb34-44ee-b68c-d96b3edef79d
2025-11-05 17:16:39,782 - scripts.sync_manager - WARNING - No local JSON file mapping found for table name: session_events
2025-11-05 17:16:39,822 - scripts.sync_manager - DEBUG - Applying: session_events - CREATE - 94ac1f3a-bb34-44ee-b68c-d96b3edef79d
2025-11-05 17:16:39,822 - scripts.sync_manager - WARNING - No local JSON file mapping found for table name: session_events
2025-11-05 17:16:39,857 - scripts.sync_manager - DEBUG - Applying: session_events - CREATE - 94ac1f3a-bb34-44ee-b68c-d96b3edef79d
2025-11-05 17:16:39,857 - scripts.sync_manager - WARNING - No local JSON file mapping found for table name: session_events
2025-11-05 17:16:39,900 - scripts.sync_manager - DEBUG - Applying: session_events - CREATE - 94ac1f3a-bb34-44ee-b68c-d96b3edef79d
2025-11-05 17:16:39,900 - scripts.sync_manager - WARNING - No local JSON file mapping found for table name: session_events
2025-11-05 17:16:58,407 - scripts.sync_manager - INFO - Starting background sync scheduler
2025-11-05 17:16:58,409 - scripts.sync_manager - INFO - Sync scheduler thread started
2025-11-05 17:16:58,409 - scripts.sync_manager - INFO - Performing initial sync and immediate cleanup
2025-11-05 17:16:58,409 - scripts.sync_manager - INFO - Background sync started successfully
2025-11-05 17:16:58,409 - scripts.sync_manager - INFO - Cleaning up logs older than 2025-10-06T17:16:58.409723
2025-11-05 17:16:58,601 - scripts.sync_manager - INFO - MySQL sync_table cleanup: 0 entries removed
2025-11-05 17:16:58,788 - scripts.sync_manager - INFO - === Starting scheduled sync cycle ===
2025-11-05 17:16:58,788 - scripts.sync_manager - INFO - Step 1: Pushing pending logs to MySQL
2025-11-05 17:16:58,788 - scripts.sync_manager - INFO - No pending sync logs to process
2025-11-05 17:16:58,788 - scripts.sync_manager - INFO - Push result: {'status': 'success', 'message': 'No pending logs', 'processed': 0, 'failed': 0}
2025-11-05 17:16:58,789 - scripts.sync_manager - INFO - Step 2: Pulling remote changes from MySQL
2025-11-05 17:16:58,918 - scripts.sync_manager - INFO - Pulling from MySQL sync_table. Last sync: Never. Table: All, Full Pull: False
2025-11-05 17:16:59,018 - scripts.sync_manager - INFO - Found 34 changes to apply
2025-11-05 17:16:59,019 - scripts.sync_manager - DEBUG - Applying: session_events - CREATE - c55868c9-b09f-4e53-a6fe-d16d7840ae99
2025-11-05 17:16:59,019 - scripts.sync_manager - WARNING - No local JSON file mapping found for table name: session_events
2025-11-05 17:16:59,057 - scripts.sync_manager - DEBUG - Applying: session_events - CREATE - 94ac1f3a-bb34-44ee-b68c-d96b3edef79d
2025-11-05 17:16:59,057 - scripts.sync_manager - WARNING - No local JSON file mapping found for table name: session_events
2025-11-05 17:16:59,097 - scripts.sync_manager - DEBUG - Applying: session_events - CREATE - 94ac1f3a-bb34-44ee-b68c-d96b3edef79d
2025-11-05 17:16:59,098 - scripts.sync_manager - WARNING - No local JSON file mapping found for table name: session_events
2025-11-05 17:16:59,136 - scripts.sync_manager - DEBUG - Applying: session_events - CREATE - 94ac1f3a-bb34-44ee-b68c-d96b3edef79d
2025-11-05 17:16:59,136 - scripts.sync_manager - WARNING - No local JSON file mapping found for table name: session_events
2025-11-05 17:16:59,177 - scripts.sync_manager - DEBUG - Applying: session_events - CREATE - 94ac1f3a-bb34-44ee-b68c-d96b3edef79d
2025-11-05 17:16:59,177 - scripts.sync_manager - WARNING - No local JSON file mapping found for table name: session_events
2025-11-05 17:16:59,219 - scripts.sync_manager - DEBUG - Applying: session_events - CREATE - 94ac1f3a-bb34-44ee-b68c-d96b3edef79d
2025-11-05 17:16:59,219 - scripts.sync_manager - WARNING - No local JSON file mapping found for table name: session_events
2025-11-05 17:16:59,258 - scripts.sync_manager - DEBUG - Applying: session_events - CREATE - 94ac1f3a-bb34-44ee-b68c-d96b3edef79d
2025-11-05 17:16:59,260 - scripts.sync_manager - WARNING - No local JSON file mapping found for table name: session_events
2025-11-05 17:16:59,299 - scripts.sync_manager - DEBUG - Applying: session_events - CREATE - 94ac1f3a-bb34-44ee-b68c-d96b3edef79d
2025-11-05 17:16:59,299 - scripts.sync_manager - WARNING - No local JSON file mapping found for table name: session_events
2025-11-05 17:16:59,337 - scripts.sync_manager - DEBUG - Applying: session_events - CREATE - 94ac1f3a-bb34-44ee-b68c-d96b3edef79d
2025-11-05 17:16:59,337 - scripts.sync_manager - WARNING - No local JSON file mapping found for table name: session_events
2025-11-05 17:16:59,374 - scripts.sync_manager - DEBUG - Applying: session_events - CREATE - 94ac1f3a-bb34-44ee-b68c-d96b3edef79d
2025-11-05 17:16:59,377 - scripts.sync_manager - WARNING - No local JSON file mapping found for table name: session_events
2025-11-05 17:16:59,415 - scripts.sync_manager - DEBUG - Applying: session_events - CREATE - 94ac1f3a-bb34-44ee-b68c-d96b3edef79d
2025-11-05 17:16:59,416 - scripts.sync_manager - WARNING - No local JSON file mapping found for table name: session_events
2025-11-05 17:16:59,454 - scripts.sync_manager - DEBUG - Applying: session_events - CREATE - 94ac1f3a-bb34-44ee-b68c-d96b3edef79d
2025-11-05 17:16:59,454 - scripts.sync_manager - WARNING - No local JSON file mapping found for table name: session_events
2025-11-05 17:16:59,494 - scripts.sync_manager - DEBUG - Applying: Products - UPDATE - 2e5788c4-5cab-4357-96fe-219ef7a7833d
2025-11-05 17:16:59,494 - scripts.sync_manager - DEBUG - Applying UPDATE operation to local JSON file: E:\Siri-apps\billing-app\src-tauri\data\json\products.json
2025-11-05 17:16:59,559 - scripts.sync_manager - INFO - Applied UPDATE to products.json for record 2e5788c4-5cab-4357-96fe-219ef7a7833d
2025-11-05 17:16:59,598 - scripts.sync_manager - DEBUG - Applying: Products - UPDATE - 5f409f0b-1035-463b-bd4c-14f67f0916a8
2025-11-05 17:16:59,598 - scripts.sync_manager - DEBUG - Applying UPDATE operation to local JSON file: E:\Siri-apps\billing-app\src-tauri\data\json\products.json
2025-11-05 17:16:59,636 - scripts.sync_manager - INFO - Applied UPDATE to products.json for record 5f409f0b-1035-463b-bd4c-14f67f0916a8
