2025-10-26 17:56:07,236 - scripts.sync_manager - DEBUG - Directory already exists: E:\Siri-apps\billing-app\src-tauri\data\json
2025-10-26 17:56:07,238 - scripts.sync_manager - DEBUG - Directory already exists: E:\Siri-apps\billing-app\src-tauri\data\json
2025-10-26 17:56:07,238 - scripts.sync_manager - DEBUG - Directory already exists: E:\Siri-apps\billing-app\src-tauri\data\json
2025-10-26 17:56:07,238 - scripts.sync_manager - DEBUG - Directory already exists: E:\Siri-apps\billing-app\src-tauri\data\json
2025-10-26 17:56:21,650 - scripts.sync_manager - DEBUG - Directory already exists: E:\Siri-apps\billing-app\src-tauri\data\json
2025-10-26 17:56:21,650 - scripts.sync_manager - DEBUG - Directory already exists: E:\Siri-apps\billing-app\src-tauri\data\json
2025-10-26 17:56:21,652 - scripts.sync_manager - DEBUG - Directory already exists: E:\Siri-apps\billing-app\src-tauri\data\json
2025-10-26 17:56:21,652 - scripts.sync_manager - DEBUG - Directory already exists: E:\Siri-apps\billing-app\src-tauri\data\json
2025-10-26 17:56:23,537 - scripts.sync_manager - INFO - Starting background sync scheduler setup.
2025-10-26 17:56:23,538 - scripts.sync_manager - DEBUG - Scheduled tasks: scheduled_sync (15min), retry_failed_logs (15min), cleanup_old_logs (daily 02:00), _cleanup_log_files (daily 02:00).
2025-10-26 17:56:23,540 - scripts.sync_manager - INFO - Background sync scheduler thread started.
2025-10-26 17:56:23,540 - scripts.sync_manager - INFO - Background sync process started.
2025-10-26 17:56:23,541 - scripts.sync_manager - INFO - Performing initial scheduled sync run.
2025-10-26 17:56:23,541 - scripts.sync_manager - INFO - Initiating scheduled sync operation.
2025-10-26 17:56:23,541 - scripts.sync_manager - INFO - No pending sync logs to process.
2025-10-26 17:56:23,541 - scripts.sync_manager - INFO - Push sync result: {'status': 'success', 'message': 'No pending logs', 'processed': 0, 'failed': 0}
2025-10-26 17:56:23,646 - scripts.sync_manager - INFO - Starting pull from MySQL sync_table. Last sync timestamp: None (fetching last 1 day)
2025-10-26 17:56:23,689 - scripts.sync_manager - INFO - No new entries found in MySQL sync_table.
2025-10-26 17:56:23,864 - scripts.sync_manager - INFO - Pull sync result: {'status': 'success', 'message': 'No new entries', 'pulled': 0}
2025-10-26 17:56:23,885 - scripts.sync_manager - INFO - Logged sync event: scheduled_sync - completed
2025-10-26 17:56:23,885 - scripts.sync_manager - INFO - Scheduled sync operation completed successfully.
2025-10-26 19:20:50,867 - scripts.sync_manager - DEBUG - Directory already exists: E:\Siri-apps\billing-app\src-tauri\data\json
2025-10-26 19:20:50,868 - scripts.sync_manager - DEBUG - Directory already exists: E:\Siri-apps\billing-app\src-tauri\data\json
2025-10-26 19:20:50,868 - scripts.sync_manager - DEBUG - Directory already exists: E:\Siri-apps\billing-app\src-tauri\data\json
2025-10-26 19:20:50,869 - scripts.sync_manager - DEBUG - Directory already exists: E:\Siri-apps\billing-app\src-tauri\data\json
2025-10-26 19:20:52,666 - scripts.sync_manager - INFO - Starting background sync scheduler setup.
2025-10-26 19:20:52,666 - scripts.sync_manager - DEBUG - Scheduled tasks: scheduled_sync (15min), retry_failed_logs (15min), cleanup_old_logs (daily 02:00), _cleanup_log_files (daily 02:00).
2025-10-26 19:20:52,666 - scripts.sync_manager - INFO - Background sync scheduler thread started.
2025-10-26 19:20:52,666 - scripts.sync_manager - INFO - Performing initial scheduled sync run.
2025-10-26 19:20:52,666 - scripts.sync_manager - INFO - Initiating scheduled sync operation.
2025-10-26 19:20:52,666 - scripts.sync_manager - INFO - Background sync process started.
2025-10-26 19:20:52,666 - scripts.sync_manager - INFO - No pending sync logs to process.
2025-10-26 19:20:52,666 - scripts.sync_manager - INFO - Push sync result: {'status': 'success', 'message': 'No pending logs', 'processed': 0, 'failed': 0}
2025-10-26 19:20:52,904 - scripts.sync_manager - INFO - Starting pull from MySQL sync_table. Last sync timestamp: None (fetching last 1 day)
2025-10-26 19:20:52,943 - scripts.sync_manager - INFO - No new entries found in MySQL sync_table.
2025-10-26 19:20:53,122 - scripts.sync_manager - INFO - Pull sync result: {'status': 'success', 'message': 'No new entries', 'pulled': 0}
2025-10-26 19:20:53,127 - scripts.sync_manager - INFO - Logged sync event: scheduled_sync - completed
2025-10-26 19:20:53,127 - scripts.sync_manager - INFO - Scheduled sync operation completed successfully.
2025-10-26 22:33:02,011 - scripts.sync_manager - DEBUG - Directory already exists: E:\Siri-apps\billing-app\src-tauri\data\json
2025-10-26 22:33:02,026 - scripts.sync_manager - DEBUG - Directory already exists: E:\Siri-apps\billing-app\src-tauri\data\json
2025-10-26 22:33:02,026 - scripts.sync_manager - DEBUG - Directory already exists: E:\Siri-apps\billing-app\src-tauri\data\json
2025-10-26 22:33:02,026 - scripts.sync_manager - DEBUG - Directory already exists: E:\Siri-apps\billing-app\src-tauri\data\json
2025-10-26 22:33:03,986 - scripts.sync_manager - INFO - Starting background sync scheduler setup.
2025-10-26 22:33:03,987 - scripts.sync_manager - DEBUG - Scheduled tasks: scheduled_sync (15min), retry_failed_logs (15min), cleanup_old_logs (daily 02:00), _cleanup_log_files (daily 02:00).
2025-10-26 22:33:03,989 - scripts.sync_manager - INFO - Background sync scheduler thread started.
2025-10-26 22:33:03,989 - scripts.sync_manager - INFO - Background sync process started.
2025-10-26 22:33:03,989 - scripts.sync_manager - INFO - Performing initial scheduled sync run.
2025-10-26 22:33:03,990 - scripts.sync_manager - INFO - Initiating scheduled sync operation.
2025-10-26 22:33:03,990 - scripts.sync_manager - INFO - No pending sync logs to process.
2025-10-26 22:33:03,990 - scripts.sync_manager - INFO - Push sync result: {'status': 'success', 'message': 'No pending logs', 'processed': 0, 'failed': 0}
2025-10-26 22:33:04,118 - scripts.sync_manager - INFO - Starting pull from MySQL sync_table. Last sync timestamp: None (fetching last 1 day)
2025-10-26 22:33:04,146 - scripts.sync_manager - INFO - No new entries found in MySQL sync_table.
2025-10-26 22:33:04,342 - scripts.sync_manager - INFO - Pull sync result: {'status': 'success', 'message': 'No new entries', 'pulled': 0}
2025-10-26 22:33:04,385 - scripts.sync_manager - INFO - Logged sync event: scheduled_sync - completed
2025-10-26 22:33:04,385 - scripts.sync_manager - INFO - Scheduled sync operation completed successfully.
2025-10-26 22:33:15,125 - scripts.sync_manager - DEBUG - Directory already exists: E:\Siri-apps\billing-app\src-tauri\data\json
2025-10-26 22:33:15,127 - scripts.sync_manager - DEBUG - Directory already exists: E:\Siri-apps\billing-app\src-tauri\data\json
2025-10-26 22:33:15,127 - scripts.sync_manager - DEBUG - Directory already exists: E:\Siri-apps\billing-app\src-tauri\data\json
2025-10-26 22:33:15,127 - scripts.sync_manager - DEBUG - Directory already exists: E:\Siri-apps\billing-app\src-tauri\data\json
2025-10-26 22:33:16,992 - scripts.sync_manager - INFO - Starting background sync scheduler setup.
2025-10-26 22:33:16,992 - scripts.sync_manager - DEBUG - Scheduled tasks: scheduled_sync (15min), retry_failed_logs (15min), cleanup_old_logs (daily 02:00), _cleanup_log_files (daily 02:00).
2025-10-26 22:33:16,996 - scripts.sync_manager - INFO - Background sync scheduler thread started.
2025-10-26 22:33:16,996 - scripts.sync_manager - INFO - Background sync process started.
2025-10-26 22:33:16,996 - scripts.sync_manager - INFO - Performing initial scheduled sync run.
2025-10-26 22:33:16,998 - scripts.sync_manager - INFO - Initiating scheduled sync operation.
2025-10-26 22:33:16,998 - scripts.sync_manager - INFO - No pending sync logs to process.
2025-10-26 22:33:16,998 - scripts.sync_manager - INFO - Push sync result: {'status': 'success', 'message': 'No pending logs', 'processed': 0, 'failed': 0}
2025-10-26 22:33:17,107 - scripts.sync_manager - INFO - Starting pull from MySQL sync_table. Last sync timestamp: None (fetching last 1 day)
2025-10-26 22:33:17,144 - scripts.sync_manager - INFO - No new entries found in MySQL sync_table.
2025-10-26 22:33:17,316 - scripts.sync_manager - INFO - Pull sync result: {'status': 'success', 'message': 'No new entries', 'pulled': 0}
2025-10-26 22:33:17,321 - scripts.sync_manager - INFO - Logged sync event: scheduled_sync - completed
2025-10-26 22:33:17,321 - scripts.sync_manager - INFO - Scheduled sync operation completed successfully.
2025-10-26 22:33:28,232 - scripts.sync_manager - DEBUG - Directory already exists: E:\Siri-apps\billing-app\src-tauri\data\json
2025-10-26 22:33:28,232 - scripts.sync_manager - DEBUG - Directory already exists: E:\Siri-apps\billing-app\src-tauri\data\json
2025-10-26 22:33:28,232 - scripts.sync_manager - DEBUG - Directory already exists: E:\Siri-apps\billing-app\src-tauri\data\json
2025-10-26 22:33:28,232 - scripts.sync_manager - DEBUG - Directory already exists: E:\Siri-apps\billing-app\src-tauri\data\json
2025-10-26 22:33:30,109 - scripts.sync_manager - INFO - Starting background sync scheduler setup.
2025-10-26 22:33:30,109 - scripts.sync_manager - DEBUG - Scheduled tasks: scheduled_sync (15min), retry_failed_logs (15min), cleanup_old_logs (daily 02:00), _cleanup_log_files (daily 02:00).
2025-10-26 22:33:30,109 - scripts.sync_manager - INFO - Background sync scheduler thread started.
2025-10-26 22:33:30,109 - scripts.sync_manager - INFO - Performing initial scheduled sync run.
2025-10-26 22:33:30,109 - scripts.sync_manager - INFO - Background sync process started.
2025-10-26 22:33:30,109 - scripts.sync_manager - INFO - Initiating scheduled sync operation.
2025-10-26 22:33:30,109 - scripts.sync_manager - INFO - No pending sync logs to process.
2025-10-26 22:33:30,109 - scripts.sync_manager - INFO - Push sync result: {'status': 'success', 'message': 'No pending logs', 'processed': 0, 'failed': 0}
2025-10-26 22:33:30,236 - scripts.sync_manager - INFO - Starting pull from MySQL sync_table. Last sync timestamp: None (fetching last 1 day)
2025-10-26 22:33:30,276 - scripts.sync_manager - INFO - No new entries found in MySQL sync_table.
2025-10-26 22:33:30,453 - scripts.sync_manager - INFO - Pull sync result: {'status': 'success', 'message': 'No new entries', 'pulled': 0}
2025-10-26 22:33:30,458 - scripts.sync_manager - INFO - Logged sync event: scheduled_sync - completed
2025-10-26 22:33:30,460 - scripts.sync_manager - INFO - Scheduled sync operation completed successfully.
